2023-12-05 20:48:45,888 [INFO] NvicIntPanel:101 - NVIC parent = com.st.microxplorer.plugins.ip.nvic.MultiNvicIntPanel[,0,0,0x0,invalid,layout=javax.swing.BoxLayout,alignmentX=0.0,alignmentY=0.0,border=,flags=9,maximumSize=,minimumSize=,preferredSize=]
2023-12-05 20:48:55,261 [INFO] NvicIntPanel:101 - NVIC parent = com.st.microxplorer.plugins.ip.nvic.MultiNvicIntPanel[,0,0,0x0,invalid,layout=javax.swing.BoxLayout,alignmentX=0.0,alignmentY=0.0,border=,flags=9,maximumSize=,minimumSize=,preferredSize=]
2023-12-05 20:48:59,116 [INFO] NvicIntPanel:101 - NVIC parent = com.st.microxplorer.plugins.ip.nvic.MultiNvicIntPanel[,0,0,0x0,invalid,layout=javax.swing.BoxLayout,alignmentX=0.0,alignmentY=0.0,border=,flags=9,maximumSize=,minimumSize=,preferredSize=]
2023-12-05 20:49:02,791 [INFO] NvicIntPanel:101 - NVIC parent = com.st.microxplorer.plugins.ip.nvic.MultiNvicIntPanel[,0,0,0x0,invalid,layout=javax.swing.BoxLayout,alignmentX=0.0,alignmentY=0.0,border=,flags=9,maximumSize=,minimumSize=,preferredSize=]
2023-12-05 20:49:04,744 [INFO] NvicIntPanel:101 - NVIC parent = com.st.microxplorer.plugins.ip.nvic.MultiNvicIntPanel[,0,0,0x0,invalid,layout=javax.swing.BoxLayout,alignmentX=0.0,alignmentY=0.0,border=,flags=9,maximumSize=,minimumSize=,preferredSize=]
2023-12-05 20:49:11,522 [INFO] UtilMem:75 - End SaveConfig() Used Memory: 815807584 Bytes (1073741824)
2023-12-05 20:49:11,612 [INFO] UtilMem:75 - End SaveConfig() Used Memory: 829499376 Bytes (1073741824)
2023-12-05 20:49:12,225 [INFO] UtilMem:75 - End SaveConfig() Used Memory: 626953464 Bytes (1073741824)
2023-12-05 20:49:12,518 [INFO] BlockDiagram:2759 - set Specific Code input for plugin: NVIC
2023-12-05 20:49:12,518 [INFO] BlockDiagram:2759 - set Specific Code input for plugin: USART
2023-12-05 20:49:12,518 [INFO] BlockDiagram:2759 - set Specific Code input for plugin: DMA
2023-12-05 20:49:12,518 [INFO] BlockDiagram:2759 - set Specific Code input for plugin: TIM1_8F1
2023-12-05 20:49:12,519 [INFO] BlockDiagram:2759 - set Specific Code input for plugin: SYS
2023-12-05 20:49:12,519 [INFO] BlockDiagram:2759 - set Specific Code input for plugin: GPIO
2023-12-05 20:49:12,520 [INFO] BlockDiagram:2759 - set Specific Code input for plugin: RCC
2023-12-05 20:49:12,523 [INFO] CodeGenerator:799 - code generatio: config db path: D:\ST\STM32CubeIDE_1.13.2\STM32CubeIDE\plugins\com.st.stm32cube.common.mx_6.9.2.202309101412\\db\
2023-12-05 20:49:12,613 [INFO] CodeEngine:255 - oldGeneratedFile, D:\STM\SG90\MXTmpFiles\license.tmp_save
2023-12-05 20:49:12,681 [INFO] CodeEngine:279 - Generated code: D:\STM\SG90\MXTmpFiles\license.tmp
2023-12-05 20:49:12,698 [INFO] CodeEngine:255 - oldGeneratedFile, D:\STM\SG90\Core\Src\gpio.c_save
2023-12-05 20:49:12,749 [INFO] CodeEngine:279 - Generated code: D:\STM\SG90\Core\Src\gpio.c
2023-12-05 20:49:12,761 [INFO] CodeEngine:255 - oldGeneratedFile, D:\STM\SG90\Core\Inc\gpio.h_save
2023-12-05 20:49:12,811 [INFO] CodeEngine:279 - Generated code: D:\STM\SG90\Core\Inc\gpio.h
2023-12-05 20:49:12,943 [INFO] CodeEngine:255 - oldGeneratedFile, D:\STM\SG90\Core\Src\dma.c_save
2023-12-05 20:49:12,993 [INFO] CodeEngine:279 - Generated code: D:\STM\SG90\Core\Src\dma.c
2023-12-05 20:49:12,996 [INFO] CodeEngine:255 - oldGeneratedFile, D:\STM\SG90\Core\Inc\dma.h_save
2023-12-05 20:49:13,044 [INFO] CodeEngine:279 - Generated code: D:\STM\SG90\Core\Inc\dma.h
2023-12-05 20:49:13,055 [INFO] CodeEngine:255 - oldGeneratedFile, D:\STM\SG90\Core\Src\tim.c_save
2023-12-05 20:49:13,158 [INFO] CodeEngine:279 - Generated code: D:\STM\SG90\Core\Src\tim.c
2023-12-05 20:49:13,165 [INFO] CodeEngine:255 - oldGeneratedFile, D:\STM\SG90\Core\Inc\tim.h_save
2023-12-05 20:49:13,211 [INFO] CodeEngine:279 - Generated code: D:\STM\SG90\Core\Inc\tim.h
2023-12-05 20:49:13,219 [INFO] CodeEngine:255 - oldGeneratedFile, D:\STM\SG90\Core\Src\usart.c_save
2023-12-05 20:49:13,283 [INFO] CodeEngine:279 - Generated code: D:\STM\SG90\Core\Src\usart.c
2023-12-05 20:49:13,286 [INFO] CodeEngine:255 - oldGeneratedFile, D:\STM\SG90\Core\Inc\usart.h_save
2023-12-05 20:49:13,328 [INFO] CodeEngine:279 - Generated code: D:\STM\SG90\Core\Inc\usart.h
2023-12-05 20:49:13,340 [INFO] CodeEngine:255 - oldGeneratedFile, D:\STM\SG90\Core\Src\stm32f1xx_it.c_save
2023-12-05 20:49:13,477 [INFO] CodeEngine:279 - Generated code: D:\STM\SG90\Core\Src\stm32f1xx_it.c
2023-12-05 20:49:13,491 [INFO] CodeEngine:255 - oldGeneratedFile, D:\STM\SG90\Core\Inc\stm32f1xx_it.h_save
2023-12-05 20:49:13,563 [INFO] CodeEngine:279 - Generated code: D:\STM\SG90\Core\Inc\stm32f1xx_it.h
2023-12-05 20:49:13,575 [INFO] CodeEngine:255 - oldGeneratedFile, D:\STM\SG90\Core\Src\stm32f1xx_hal_msp.c_save
2023-12-05 20:49:13,649 [INFO] CodeEngine:279 - Generated code: D:\STM\SG90\Core\Src\stm32f1xx_hal_msp.c
2023-12-05 20:49:13,655 [INFO] CodeEngine:255 - oldGeneratedFile, D:\STM\SG90\MXTmpFiles\system.tmp_save
2023-12-05 20:49:13,696 [INFO] CodeEngine:279 - Generated code: D:\STM\SG90\MXTmpFiles\system.tmp
2023-12-05 20:49:13,703 [INFO] CodeEngine:311 - oldGeneratedFile, D:\STM\SG90\Core\Inc\stm32f1xx_hal_conf.h_save
2023-12-05 20:49:13,747 [INFO] CodeEngine:335 - Generated code: D:\STM\SG90\Core\Inc\stm32f1xx_hal_conf.h
2023-12-05 20:49:13,764 [INFO] CodeEngine:255 - oldGeneratedFile, D:\STM\SG90\Core\Inc\main.h_save
2023-12-05 20:49:13,823 [INFO] CodeEngine:279 - Generated code: D:\STM\SG90\Core\Inc\main.h
2023-12-05 20:49:13,827 [INFO] CodeEngine:255 - oldGeneratedFile, D:\STM\SG90\Core\Src\main.c_save
2023-12-05 20:49:13,901 [INFO] CodeEngine:279 - Generated code: D:\STM\SG90\Core\Src\main.c
2023-12-05 20:49:14,311 [INFO] ProjectBuilder:3064 - Time for Copy HAL[1] : 174mS.
2023-12-05 20:49:14,315 [INFO] ProjectBuilder:4404 - Project Generator version: 4.1.0
2023-12-05 20:49:14,502 [INFO] ConfigFileManager:1457 - The Die is : DIE410
2023-12-05 20:49:15,627 [INFO] ProjectBuilder:4626 - Time for Generating toolchain IDE Files: 1312mS.
2023-12-05 20:49:15,628 [INFO] ProjectBuilder:2935 - Time for Copy CMSIS : 1mS.
2023-12-05 20:49:15,630 [INFO] ProjectBuilder:2935 - Time for Copy CMSIS : 0mS.
