2023-12-05 21:25:51,316 [ERROR] ConfigurationRetriever:142 - IOException on connection: Read timed out
2023-12-05 21:25:55,484 [ERROR] ConfigurationRetriever:142 - IOException on connection: Read timed out
2023-12-05 21:39:24,543 [INFO] UtilMem:75 - End SaveConfig() Used Memory: 914427224 Bytes (1073741824)
2023-12-05 21:39:24,625 [INFO] UtilMem:75 - End SaveConfig() Used Memory: 937051696 Bytes (1073741824)
2023-12-05 21:39:25,192 [INFO] UtilMem:75 - End SaveConfig() Used Memory: 614062312 Bytes (1073741824)
2023-12-05 21:39:25,528 [INFO] BlockDiagram:2759 - set Specific Code input for plugin: NVIC
2023-12-05 21:39:25,529 [INFO] BlockDiagram:2759 - set Specific Code input for plugin: USART
2023-12-05 21:39:25,529 [INFO] BlockDiagram:2759 - set Specific Code input for plugin: DMA
2023-12-05 21:39:25,529 [INFO] BlockDiagram:2759 - set Specific Code input for plugin: TIM1_8F1
2023-12-05 21:39:25,529 [INFO] BlockDiagram:2759 - set Specific Code input for plugin: SYS
2023-12-05 21:39:25,529 [INFO] BlockDiagram:2759 - set Specific Code input for plugin: GPIO
2023-12-05 21:39:25,529 [INFO] BlockDiagram:2759 - set Specific Code input for plugin: RCC
2023-12-05 21:39:25,531 [INFO] CodeGenerator:799 - code generatio: config db path: D:\ST\STM32CubeIDE_1.13.2\STM32CubeIDE\plugins\com.st.stm32cube.common.mx_6.9.2.202309101412\\db\
2023-12-05 21:39:25,539 [INFO] Argument:319 - Argument : hdmavalue: null
2023-12-05 21:39:25,540 [INFO] Argument:321 - 	 sub Args: 
2023-12-05 21:39:25,540 [INFO] Argument:319 - Argument : Instancevalue: DMA1_Channel5
2023-12-05 21:39:25,540 [INFO] Argument:329 - Argument : Instancevalue: DMA1_Channel5
2023-12-05 21:39:25,540 [INFO] Argument:319 - Argument : Initvalue: null
2023-12-05 21:39:25,541 [INFO] Argument:321 - 	 sub Args: 
2023-12-05 21:39:25,541 [INFO] Argument:319 - Argument : Directionvalue: DMA_PERIPH_TO_MEMORY
2023-12-05 21:39:25,541 [INFO] Argument:329 - Argument : Directionvalue: DMA_PERIPH_TO_MEMORY
2023-12-05 21:39:25,541 [INFO] Argument:319 - Argument : PeriphIncvalue: DMA_PINC_DISABLE
2023-12-05 21:39:25,541 [INFO] Argument:329 - Argument : PeriphIncvalue: DMA_PINC_DISABLE
2023-12-05 21:39:25,541 [INFO] Argument:319 - Argument : MemIncvalue: DMA_MINC_ENABLE
2023-12-05 21:39:25,541 [INFO] Argument:329 - Argument : MemIncvalue: DMA_MINC_ENABLE
2023-12-05 21:39:25,541 [INFO] Argument:319 - Argument : PeriphDataAlignmentvalue: DMA_PDATAALIGN_BYTE
2023-12-05 21:39:25,541 [INFO] Argument:329 - Argument : PeriphDataAlignmentvalue: DMA_PDATAALIGN_BYTE
2023-12-05 21:39:25,541 [INFO] Argument:319 - Argument : MemDataAlignmentvalue: DMA_MDATAALIGN_BYTE
2023-12-05 21:39:25,541 [INFO] Argument:329 - Argument : MemDataAlignmentvalue: DMA_MDATAALIGN_BYTE
2023-12-05 21:39:25,541 [INFO] Argument:319 - Argument : Modevalue: DMA_NORMAL
2023-12-05 21:39:25,541 [INFO] Argument:329 - Argument : Modevalue: DMA_NORMAL
2023-12-05 21:39:25,541 [INFO] Argument:319 - Argument : Priorityvalue: DMA_PRIORITY_LOW
2023-12-05 21:39:25,542 [INFO] Argument:329 - Argument : Priorityvalue: DMA_PRIORITY_LOW
2023-12-05 21:39:25,542 [INFO] Argument:319 - Argument : Lockvalue: null
2023-12-05 21:39:25,542 [INFO] Argument:329 - Argument : Lockvalue: null
2023-12-05 21:39:25,542 [INFO] Argument:319 - Argument : Statevalue: null
2023-12-05 21:39:25,542 [INFO] Argument:329 - Argument : Statevalue: null
2023-12-05 21:39:25,542 [INFO] Argument:319 - Argument : Parentvalue: null
2023-12-05 21:39:25,542 [INFO] Argument:329 - Argument : Parentvalue: null
2023-12-05 21:39:25,542 [INFO] Argument:319 - Argument : XferCpltCallbackvalue: null
2023-12-05 21:39:25,542 [INFO] Argument:329 - Argument : XferCpltCallbackvalue: null
2023-12-05 21:39:25,542 [INFO] Argument:319 - Argument : XferHalfCpltCallbackvalue: null
2023-12-05 21:39:25,542 [INFO] Argument:329 - Argument : XferHalfCpltCallbackvalue: null
2023-12-05 21:39:25,542 [INFO] Argument:319 - Argument : XferErrorCallbackvalue: null
2023-12-05 21:39:25,542 [INFO] Argument:329 - Argument : XferErrorCallbackvalue: null
2023-12-05 21:39:25,542 [INFO] Argument:319 - Argument : ErrorCodevalue: null
2023-12-05 21:39:25,542 [INFO] Argument:329 - Argument : ErrorCodevalue: null
2023-12-05 21:39:25,543 [INFO] Argument:319 - Argument : hdmavalue: null
2023-12-05 21:39:25,543 [INFO] Argument:321 - 	 sub Args: 
2023-12-05 21:39:25,543 [INFO] Argument:319 - Argument : Instancevalue: DMA1_Channel4
2023-12-05 21:39:25,543 [INFO] Argument:329 - Argument : Instancevalue: DMA1_Channel4
2023-12-05 21:39:25,543 [INFO] Argument:319 - Argument : Initvalue: null
2023-12-05 21:39:25,543 [INFO] Argument:321 - 	 sub Args: 
2023-12-05 21:39:25,544 [INFO] Argument:319 - Argument : Directionvalue: DMA_MEMORY_TO_PERIPH
2023-12-05 21:39:25,544 [INFO] Argument:329 - Argument : Directionvalue: DMA_MEMORY_TO_PERIPH
2023-12-05 21:39:25,544 [INFO] Argument:319 - Argument : PeriphIncvalue: DMA_PINC_DISABLE
2023-12-05 21:39:25,544 [INFO] Argument:329 - Argument : PeriphIncvalue: DMA_PINC_DISABLE
2023-12-05 21:39:25,544 [INFO] Argument:319 - Argument : MemIncvalue: DMA_MINC_ENABLE
2023-12-05 21:39:25,544 [INFO] Argument:329 - Argument : MemIncvalue: DMA_MINC_ENABLE
2023-12-05 21:39:25,544 [INFO] Argument:319 - Argument : PeriphDataAlignmentvalue: DMA_PDATAALIGN_BYTE
2023-12-05 21:39:25,544 [INFO] Argument:329 - Argument : PeriphDataAlignmentvalue: DMA_PDATAALIGN_BYTE
2023-12-05 21:39:25,544 [INFO] Argument:319 - Argument : MemDataAlignmentvalue: DMA_MDATAALIGN_BYTE
2023-12-05 21:39:25,544 [INFO] Argument:329 - Argument : MemDataAlignmentvalue: DMA_MDATAALIGN_BYTE
2023-12-05 21:39:25,544 [INFO] Argument:319 - Argument : Modevalue: DMA_NORMAL
2023-12-05 21:39:25,544 [INFO] Argument:329 - Argument : Modevalue: DMA_NORMAL
2023-12-05 21:39:25,544 [INFO] Argument:319 - Argument : Priorityvalue: DMA_PRIORITY_LOW
2023-12-05 21:39:25,544 [INFO] Argument:329 - Argument : Priorityvalue: DMA_PRIORITY_LOW
2023-12-05 21:39:25,544 [INFO] Argument:319 - Argument : Lockvalue: null
2023-12-05 21:39:25,544 [INFO] Argument:329 - Argument : Lockvalue: null
2023-12-05 21:39:25,544 [INFO] Argument:319 - Argument : Statevalue: null
2023-12-05 21:39:25,544 [INFO] Argument:329 - Argument : Statevalue: null
2023-12-05 21:39:25,544 [INFO] Argument:319 - Argument : Parentvalue: null
2023-12-05 21:39:25,544 [INFO] Argument:329 - Argument : Parentvalue: null
2023-12-05 21:39:25,544 [INFO] Argument:319 - Argument : XferCpltCallbackvalue: null
2023-12-05 21:39:25,544 [INFO] Argument:329 - Argument : XferCpltCallbackvalue: null
2023-12-05 21:39:25,544 [INFO] Argument:319 - Argument : XferHalfCpltCallbackvalue: null
2023-12-05 21:39:25,544 [INFO] Argument:329 - Argument : XferHalfCpltCallbackvalue: null
2023-12-05 21:39:25,544 [INFO] Argument:319 - Argument : XferErrorCallbackvalue: null
2023-12-05 21:39:25,544 [INFO] Argument:329 - Argument : XferErrorCallbackvalue: null
2023-12-05 21:39:25,544 [INFO] Argument:319 - Argument : ErrorCodevalue: null
2023-12-05 21:39:25,545 [INFO] Argument:329 - Argument : ErrorCodevalue: null
2023-12-05 21:39:25,625 [INFO] CodeEngine:255 - oldGeneratedFile, D:\STM\SG90\MXTmpFiles\license.tmp_save
2023-12-05 21:39:25,687 [INFO] CodeEngine:279 - Generated code: D:\STM\SG90\MXTmpFiles\license.tmp
2023-12-05 21:39:25,713 [INFO] CodeEngine:255 - oldGeneratedFile, D:\STM\SG90\Core\Src\gpio.c_save
2023-12-05 21:39:25,766 [INFO] CodeEngine:279 - Generated code: D:\STM\SG90\Core\Src\gpio.c
2023-12-05 21:39:25,771 [INFO] CodeEngine:255 - oldGeneratedFile, D:\STM\SG90\Core\Inc\gpio.h_save
2023-12-05 21:39:25,822 [INFO] CodeEngine:279 - Generated code: D:\STM\SG90\Core\Inc\gpio.h
2023-12-05 21:39:25,902 [INFO] CodeEngine:255 - oldGeneratedFile, D:\STM\SG90\Core\Src\dma.c_save
2023-12-05 21:39:25,945 [INFO] CodeEngine:279 - Generated code: D:\STM\SG90\Core\Src\dma.c
2023-12-05 21:39:25,949 [INFO] CodeEngine:255 - oldGeneratedFile, D:\STM\SG90\Core\Inc\dma.h_save
2023-12-05 21:39:25,992 [INFO] CodeEngine:279 - Generated code: D:\STM\SG90\Core\Inc\dma.h
2023-12-05 21:39:26,005 [INFO] CodeEngine:255 - oldGeneratedFile, D:\STM\SG90\Core\Src\tim.c_save
2023-12-05 21:39:26,123 [INFO] CodeEngine:279 - Generated code: D:\STM\SG90\Core\Src\tim.c
2023-12-05 21:39:26,129 [INFO] CodeEngine:255 - oldGeneratedFile, D:\STM\SG90\Core\Inc\tim.h_save
2023-12-05 21:39:26,172 [INFO] CodeEngine:279 - Generated code: D:\STM\SG90\Core\Inc\tim.h
2023-12-05 21:39:26,180 [INFO] CodeEngine:255 - oldGeneratedFile, D:\STM\SG90\Core\Src\usart.c_save
2023-12-05 21:39:26,252 [INFO] CodeEngine:279 - Generated code: D:\STM\SG90\Core\Src\usart.c
2023-12-05 21:39:26,257 [INFO] CodeEngine:255 - oldGeneratedFile, D:\STM\SG90\Core\Inc\usart.h_save
2023-12-05 21:39:26,340 [INFO] CodeEngine:279 - Generated code: D:\STM\SG90\Core\Inc\usart.h
2023-12-05 21:39:26,349 [INFO] CodeEngine:255 - oldGeneratedFile, D:\STM\SG90\Core\Src\stm32f1xx_it.c_save
2023-12-05 21:39:26,460 [INFO] CodeEngine:279 - Generated code: D:\STM\SG90\Core\Src\stm32f1xx_it.c
2023-12-05 21:39:26,465 [INFO] CodeEngine:255 - oldGeneratedFile, D:\STM\SG90\Core\Inc\stm32f1xx_it.h_save
2023-12-05 21:39:26,504 [INFO] CodeEngine:279 - Generated code: D:\STM\SG90\Core\Inc\stm32f1xx_it.h
2023-12-05 21:39:26,513 [INFO] CodeEngine:255 - oldGeneratedFile, D:\STM\SG90\Core\Src\stm32f1xx_hal_msp.c_save
2023-12-05 21:39:26,586 [INFO] CodeEngine:279 - Generated code: D:\STM\SG90\Core\Src\stm32f1xx_hal_msp.c
2023-12-05 21:39:26,591 [INFO] CodeEngine:255 - oldGeneratedFile, D:\STM\SG90\MXTmpFiles\system.tmp_save
2023-12-05 21:39:26,652 [INFO] CodeEngine:279 - Generated code: D:\STM\SG90\MXTmpFiles\system.tmp
2023-12-05 21:39:26,663 [INFO] CodeEngine:311 - oldGeneratedFile, D:\STM\SG90\Core\Inc\stm32f1xx_hal_conf.h_save
2023-12-05 21:39:26,723 [INFO] CodeEngine:335 - Generated code: D:\STM\SG90\Core\Inc\stm32f1xx_hal_conf.h
2023-12-05 21:39:26,740 [INFO] CodeEngine:255 - oldGeneratedFile, D:\STM\SG90\Core\Inc\main.h_save
2023-12-05 21:39:26,792 [INFO] CodeEngine:279 - Generated code: D:\STM\SG90\Core\Inc\main.h
2023-12-05 21:39:26,800 [INFO] CodeEngine:255 - oldGeneratedFile, D:\STM\SG90\Core\Src\main.c_save
2023-12-05 21:39:26,876 [INFO] CodeEngine:279 - Generated code: D:\STM\SG90\Core\Src\main.c
2023-12-05 21:39:27,331 [INFO] ProjectBuilder:3064 - Time for Copy HAL[1] : 172mS.
2023-12-05 21:39:27,334 [INFO] ProjectBuilder:4404 - Project Generator version: 4.1.0
2023-12-05 21:39:27,452 [INFO] ConfigFileManager:1457 - The Die is : DIE410
2023-12-05 21:39:28,515 [INFO] ProjectBuilder:4626 - Time for Generating toolchain IDE Files: 1181mS.
2023-12-05 21:39:28,517 [INFO] ProjectBuilder:2935 - Time for Copy CMSIS : 0mS.
2023-12-05 21:39:28,518 [INFO] ProjectBuilder:2935 - Time for Copy CMSIS : 0mS.
