2023-12-07 21:39:06,877 [INFO] Activator:176 - 


2023-12-07 21:39:06,882 [INFO] Activator:177 - !SESSION log4j initialized
2023-12-07 21:39:10,647 [INFO] LogOutputStream:77 - [STDOUT_REDIRECT] 
2023-12-07 21:39:10,874 [ERROR] ConfigurationRetriever:142 - IOException on connection: sw-center.st.com
2023-12-07 21:39:10,874 [ERROR] ConfigurationRetriever:142 - IOException on connection: sw-center.st.com
2023-12-07 21:39:10,875 [ERROR] ConfigurationRetriever:142 - IOException on connection: sw-center.st.com
2023-12-07 21:39:12,348 [INFO] ApplicationProperties:184 - Using Application install path: D:\ST\STM32CubeIDE_1.13.2\STM32CubeIDE\plugins\com.st.stm32cube.common.mx_6.9.2.202309101412
2023-12-07 21:39:12,360 [INFO] DbMcusXml:78 - Set database path to: D:\ST\STM32CubeIDE_1.13.2\STM32CubeIDE\plugins\com.st.stm32cube.common.mx_6.9.2.202309101412\\db\/mcu/
2023-12-07 21:39:12,360 [INFO] ApiDb:274 - Set plugin database path to: D:\ST\STM32CubeIDE_1.13.2\STM32CubeIDE\plugins\com.st.stm32cube.common.mx_6.9.2.202309101412\\db\/plugins/boardmanager/
2023-12-07 21:39:12,360 [WARN] ApiDb:259 - Overriding images path with different value:  => D:\ST\STM32CubeIDE_1.13.2\STM32CubeIDE\plugins\com.st.stm32cube.common.mx_6.9.2.202309101412\\db\/plugins/mcufinder/images/
2023-12-07 21:39:12,370 [INFO] ApiDb:250 - Set database path to: C:\Users\lenovo\.stmcufinder\plugins\mcufinder//mcu/
2023-12-07 21:39:12,370 [INFO] DbMcusAds:125 - Set database path to: C:\Users\lenovo\.stmcufinder\plugins\mcufinder//mcu/
2023-12-07 21:39:12,372 [INFO] CrossReferenceDbSqlite:203 - Set database path to: C:\Users\lenovo\.stmcufinder\plugins\mcufinder//mcu/cs/
2023-12-07 21:39:12,434 [INFO] RulesReader:64 - Compatibility file has been processed (293 Rules)
2023-12-07 21:39:12,496 [INFO] DbMcusXml:78 - Set database path to: D:\ST\STM32CubeIDE_1.13.2\STM32CubeIDE\plugins\com.st.stm32cube.common.mx_6.9.2.202309101412\\db\/mcu/
2023-12-07 21:39:12,496 [INFO] ApiDb:274 - Set plugin database path to: D:\ST\STM32CubeIDE_1.13.2\STM32CubeIDE\plugins\com.st.stm32cube.common.mx_6.9.2.202309101412\\db\/plugins/boardmanager/
2023-12-07 21:39:12,496 [INFO] ApiDb:261 - Set plugin images path to: D:\ST\STM32CubeIDE_1.13.2\STM32CubeIDE\plugins\com.st.stm32cube.common.mx_6.9.2.202309101412\\db\/plugins/mcufinder/images/
2023-12-07 21:39:12,496 [WARN] DbFile:41 - Overriding database path with different value: C:\Users\lenovo\.stmcufinder\plugins\mcufinder/ => C:\Users\lenovo\.stmcufinder\plugins\mcufinder
2023-12-07 21:39:12,496 [INFO] ApiDb:250 - Set database path to: C:\Users\lenovo\.stmcufinder\plugins\mcufinder//mcu/
2023-12-07 21:39:12,496 [WARN] DbFile:41 - Overriding database path with different value: C:\Users\lenovo\.stmcufinder\plugins\mcufinder/ => C:\Users\lenovo\.stmcufinder\plugins\mcufinder
2023-12-07 21:39:12,496 [INFO] DbMcusAds:125 - Set database path to: C:\Users\lenovo\.stmcufinder\plugins\mcufinder//mcu/
2023-12-07 21:39:12,496 [WARN] DbFile:41 - Overriding database path with different value: C:\Users\lenovo\.stmcufinder\plugins\mcufinder/ => C:\Users\lenovo\.stmcufinder\plugins\mcufinder
2023-12-07 21:39:12,496 [WARN] DbFile:41 - Overriding database path with different value: C:\Users\lenovo\.stmcufinder\plugins\mcufinder/ => C:\Users\lenovo\.stmcufinder\plugins\mcufinder
2023-12-07 21:39:12,496 [INFO] CrossReferenceDbSqlite:203 - Set database path to: C:\Users\lenovo\.stmcufinder\plugins\mcufinder//mcu/cs/
2023-12-07 21:39:12,553 [INFO] MainPanel:262 - HeapMemory: 268435456
2023-12-07 21:39:12,627 [INFO] DbMcusXml:78 - Set database path to: D:\ST\STM32CubeIDE_1.13.2\STM32CubeIDE\plugins\com.st.stm32cube.common.mx_6.9.2.202309101412\\db\/mcu/
2023-12-07 21:39:12,627 [INFO] ApiDb:274 - Set plugin database path to: D:\ST\STM32CubeIDE_1.13.2\STM32CubeIDE\plugins\com.st.stm32cube.common.mx_6.9.2.202309101412\\db\/plugins/boardmanager/
2023-12-07 21:39:12,627 [INFO] ApiDb:261 - Set plugin images path to: D:\ST\STM32CubeIDE_1.13.2\STM32CubeIDE\plugins\com.st.stm32cube.common.mx_6.9.2.202309101412\\db\/plugins/mcufinder/images/
2023-12-07 21:39:12,627 [WARN] DbFile:41 - Overriding database path with different value: C:\Users\lenovo\.stmcufinder\plugins\mcufinder/ => C:\Users\lenovo\.stmcufinder\plugins\mcufinder
2023-12-07 21:39:12,627 [INFO] ApiDb:250 - Set database path to: C:\Users\lenovo\.stmcufinder\plugins\mcufinder//mcu/
2023-12-07 21:39:12,627 [WARN] DbFile:41 - Overriding database path with different value: C:\Users\lenovo\.stmcufinder\plugins\mcufinder/ => C:\Users\lenovo\.stmcufinder\plugins\mcufinder
2023-12-07 21:39:12,627 [INFO] DbMcusAds:125 - Set database path to: C:\Users\lenovo\.stmcufinder\plugins\mcufinder//mcu/
2023-12-07 21:39:12,627 [WARN] DbFile:41 - Overriding database path with different value: C:\Users\lenovo\.stmcufinder\plugins\mcufinder/ => C:\Users\lenovo\.stmcufinder\plugins\mcufinder
2023-12-07 21:39:12,627 [WARN] DbFile:41 - Overriding database path with different value: C:\Users\lenovo\.stmcufinder\plugins\mcufinder/ => C:\Users\lenovo\.stmcufinder\plugins\mcufinder
2023-12-07 21:39:12,627 [INFO] CrossReferenceDbSqlite:203 - Set database path to: C:\Users\lenovo\.stmcufinder\plugins\mcufinder//mcu/cs/
2023-12-07 21:39:12,640 [INFO] ApplicationProperties:184 - Using Application install path: D:\ST\STM32CubeIDE_1.13.2\STM32CubeIDE\plugins\com.st.stm32cube.common.mx_6.9.2.202309101412
2023-12-07 21:39:12,641 [INFO] PluginManage:196 - Search for loadable plugins [exclusion list=, ]
2023-12-07 21:39:12,643 [INFO] PluginManage:310 - Check plugin analytics
2023-12-07 21:39:12,753 [INFO] AnalyticsPlugin:253 - Accepted Software Licenses: 
2023-12-07 21:39:12,754 [INFO] AnalyticsPlugin:255 - Accepted CMSIS Pack Licenses: 
2023-12-07 21:39:12,754 [INFO] AnalyticsPlugin:257 - Accepted Firmware Licenses: 
2023-12-07 21:39:12,756 [INFO] PluginManage:359 - Loaded plugin analytics (category:tool,tabindex:-1)
2023-12-07 21:39:12,757 [ERROR] ConfigurationRetriever:142 - IOException on connection: sw-center.st.com
2023-12-07 21:39:12,757 [ERROR] ConfigurationRetriever:142 - IOException on connection: sw-center.st.com
2023-12-07 21:39:12,757 [ERROR] ConfigurationRetriever:142 - IOException on connection: sw-center.st.com
2023-12-07 21:39:12,757 [INFO] PluginManage:310 - Check plugin cadmodel
2023-12-07 21:39:12,763 [INFO] CADModel:105 - Init CAD model plugin
2023-12-07 21:39:12,763 [INFO] PluginManage:359 - Loaded plugin cadmodel (category:power,tabindex:5)
2023-12-07 21:39:12,763 [INFO] PluginManage:310 - Check plugin clock
2023-12-07 21:39:12,772 [INFO] PluginManage:359 - Loaded plugin clock (category:base,tabindex:2)
2023-12-07 21:39:12,772 [INFO] PluginManage:310 - Check plugin ddr
2023-12-07 21:39:12,775 [INFO] PluginManage:359 - Loaded plugin ddr (category:tool,tabindex:6)
2023-12-07 21:39:12,775 [INFO] PluginManage:310 - Check plugin filemanager
2023-12-07 21:39:12,867 [INFO] PluginManage:359 - Loaded plugin filemanager (category:base,tabindex:10)
2023-12-07 21:39:12,868 [INFO] PluginManage:310 - Check plugin ipmanager
2023-12-07 21:39:12,873 [INFO] PluginManage:359 - Loaded plugin ipmanager (category:base,tabindex:5)
2023-12-07 21:39:12,873 [INFO] PluginManage:310 - Check plugin lpbam
2023-12-07 21:39:12,880 [INFO] PluginManage:359 - Loaded plugin lpbam (category:base,tabindex:0)
2023-12-07 21:39:12,880 [INFO] PluginManage:310 - Check plugin memorymap
2023-12-07 21:39:12,889 [INFO] PluginManage:359 - Loaded plugin memorymap (category:base,tabindex:4)
2023-12-07 21:39:12,889 [INFO] PluginManage:310 - Check plugin pinoutandconfiguration
2023-12-07 21:39:12,896 [INFO] PluginManage:359 - Loaded plugin pinoutandconfiguration (category:base,tabindex:1)
2023-12-07 21:39:12,896 [INFO] PluginManage:310 - Check plugin pinoutconfig
2023-12-07 21:39:12,954 [WARN] SupportedApi:132 - Cannot load RTOS API schema: s4s-elt-must-match.1: The content of 'definitions' must match (annotation?, (simpleType | complexType)?, (unique | key | keyref)*)). A problem was found starting at: attribute.
2023-12-07 21:39:13,034 [INFO] PluginManage:359 - Loaded plugin pinoutconfig (category:base,tabindex:0)
2023-12-07 21:39:13,034 [INFO] PluginManage:310 - Check plugin power
2023-12-07 21:39:13,041 [INFO] PluginManage:359 - Loaded plugin power (category:power,tabindex:4)
2023-12-07 21:39:13,041 [INFO] PluginManage:310 - Check plugin projectmanager
2023-12-07 21:39:13,048 [INFO] PluginManage:359 - Loaded plugin projectmanager (category:projectmanager,tabindex:3)
2023-12-07 21:39:13,048 [INFO] PluginManage:310 - Check plugin thirdparty
2023-12-07 21:39:13,126 [INFO] PluginManage:359 - Loaded plugin thirdparty (category:base,tabindex:-1)
2023-12-07 21:39:13,126 [WARN] IntegrityCheckThread:84 - waiting for thirdparty lock release [integrity check]
2023-12-07 21:39:13,126 [INFO] PluginManage:310 - Check plugin tools
2023-12-07 21:39:13,126 [INFO] IntegrityCheckThread:86 - entering critical section [integrity check]
2023-12-07 21:39:13,126 [INFO] ThirdPartyUpdaterWithRetryManager:70 - Updater plugin not ready yet. [1/15]
2023-12-07 21:39:13,128 [INFO] PluginManage:359 - Loaded plugin tools (category:base,tabindex:7)
2023-12-07 21:39:13,128 [INFO] PluginManage:310 - Check plugin tutovideos
2023-12-07 21:39:13,238 [INFO] PluginManage:359 - Loaded plugin tutovideos (category:base,tabindex:-1)
2023-12-07 21:39:13,238 [INFO] PluginManage:310 - Check plugin updater
2023-12-07 21:39:13,246 [INFO] PluginManage:359 - Loaded plugin updater (category:base,tabindex:12)
2023-12-07 21:39:13,246 [INFO] PluginManage:310 - Check plugin userauth
2023-12-07 21:39:13,250 [INFO] UserAuth:113 - Init User Auth plugin
2023-12-07 21:39:13,250 [INFO] PluginManage:359 - Loaded plugin userauth (category:base,tabindex:14)
2023-12-07 21:39:13,250 [INFO] PluginManage:283 - PluginManage : Loaded plugins [17]
2023-12-07 21:39:13,394 [INFO] PinOutPanel:1499 - setPackage(No Configuration,No Configuration)
2023-12-07 21:39:13,467 [INFO] CADModel:165 - CPN selected for project level
2023-12-07 21:39:13,467 [INFO] CADModel:114 - Register for checkConnection events
2023-12-07 21:39:13,478 [INFO] IPUIPlugin:80 - create IPUIPlugin
2023-12-07 21:39:13,478 [INFO] PluginManager:220 - loadIPPluginJar : add adc
2023-12-07 21:39:13,480 [INFO] IPUIPlugin:80 - create IPUIPlugin
2023-12-07 21:39:13,480 [INFO] PluginManager:220 - loadIPPluginJar : add aes
2023-12-07 21:39:13,481 [INFO] IPUIPlugin:80 - create IPUIPlugin
2023-12-07 21:39:13,481 [INFO] PluginManager:220 - loadIPPluginJar : add can
2023-12-07 21:39:13,482 [INFO] IPUIPlugin:80 - create IPUIPlugin
2023-12-07 21:39:13,482 [INFO] PluginManager:220 - loadIPPluginJar : add comp
2023-12-07 21:39:13,483 [INFO] IPUIPlugin:80 - create IPUIPlugin
2023-12-07 21:39:13,483 [INFO] PluginManager:220 - loadIPPluginJar : add cryp
2023-12-07 21:39:13,484 [INFO] IPUIPlugin:80 - create IPUIPlugin
2023-12-07 21:39:13,484 [INFO] PluginManager:220 - loadIPPluginJar : add dfsdm
2023-12-07 21:39:13,487 [INFO] IPUIPlugin:80 - create IPUIPlugin
2023-12-07 21:39:13,488 [INFO] PluginManager:220 - loadIPPluginJar : add dma
2023-12-07 21:39:13,490 [INFO] IPUIPlugin:80 - create IPUIPlugin
2023-12-07 21:39:13,490 [INFO] PluginManager:220 - loadIPPluginJar : add dma3
2023-12-07 21:39:13,491 [INFO] IPUIPlugin:80 - create IPUIPlugin
2023-12-07 21:39:13,491 [INFO] PluginManager:220 - loadIPPluginJar : add fatfs
2023-12-07 21:39:13,493 [INFO] IPUIPlugin:80 - create IPUIPlugin
2023-12-07 21:39:13,493 [INFO] PluginManager:220 - loadIPPluginJar : add fmc
2023-12-07 21:39:13,495 [INFO] IPUIPlugin:80 - create IPUIPlugin
2023-12-07 21:39:13,495 [INFO] PluginManager:220 - loadIPPluginJar : add freertos
2023-12-07 21:39:13,496 [INFO] IPUIPlugin:80 - create IPUIPlugin
2023-12-07 21:39:13,496 [INFO] PluginManager:220 - loadIPPluginJar : add genericplugin
2023-12-07 21:39:13,498 [INFO] IPUIPlugin:80 - create IPUIPlugin
2023-12-07 21:39:13,498 [INFO] PluginManager:220 - loadIPPluginJar : add gfxmmu
2023-12-07 21:39:13,500 [INFO] IPUIPlugin:80 - create IPUIPlugin
2023-12-07 21:39:13,500 [INFO] PluginManager:220 - loadIPPluginJar : add gic
2023-12-07 21:39:13,502 [INFO] IPUIPlugin:80 - create IPUIPlugin
2023-12-07 21:39:13,502 [INFO] PluginManager:220 - loadIPPluginJar : add gpio
2023-12-07 21:39:13,503 [INFO] IPUIPlugin:80 - create IPUIPlugin
2023-12-07 21:39:13,503 [INFO] PluginManager:220 - loadIPPluginJar : add gtzc
2023-12-07 21:39:13,504 [INFO] IPUIPlugin:80 - create IPUIPlugin
2023-12-07 21:39:13,504 [INFO] PluginManager:220 - loadIPPluginJar : add hash
2023-12-07 21:39:13,506 [INFO] IPUIPlugin:80 - create IPUIPlugin
2023-12-07 21:39:13,506 [INFO] PluginManager:220 - loadIPPluginJar : add i2c
2023-12-07 21:39:13,507 [INFO] IPUIPlugin:80 - create IPUIPlugin
2023-12-07 21:39:13,507 [INFO] PluginManager:220 - loadIPPluginJar : add i2s
2023-12-07 21:39:13,508 [INFO] IPUIPlugin:80 - create IPUIPlugin
2023-12-07 21:39:13,508 [INFO] PluginManager:220 - loadIPPluginJar : add i3c
2023-12-07 21:39:13,510 [INFO] IPUIPlugin:80 - create IPUIPlugin
2023-12-07 21:39:13,510 [INFO] PluginManager:220 - loadIPPluginJar : add ipddr
2023-12-07 21:39:13,514 [INFO] IPUIPlugin:80 - create IPUIPlugin
2023-12-07 21:39:13,514 [INFO] PluginManager:220 - loadIPPluginJar : add linkedlist
2023-12-07 21:39:13,516 [INFO] IPUIPlugin:80 - create IPUIPlugin
2023-12-07 21:39:13,516 [INFO] PluginManager:220 - loadIPPluginJar : add lorawan
2023-12-07 21:39:13,517 [INFO] IPUIPlugin:80 - create IPUIPlugin
2023-12-07 21:39:13,517 [INFO] PluginManager:220 - loadIPPluginJar : add ltdc
2023-12-07 21:39:13,521 [INFO] IPUIPlugin:80 - create IPUIPlugin
2023-12-07 21:39:13,521 [INFO] PluginManager:220 - loadIPPluginJar : add mdma
2023-12-07 21:39:13,522 [INFO] IPUIPlugin:80 - create IPUIPlugin
2023-12-07 21:39:13,522 [INFO] PluginManager:220 - loadIPPluginJar : add nvic
2023-12-07 21:39:13,524 [INFO] IPUIPlugin:80 - create IPUIPlugin
2023-12-07 21:39:13,524 [INFO] PluginManager:220 - loadIPPluginJar : add opamp
2023-12-07 21:39:13,525 [INFO] IPUIPlugin:80 - create IPUIPlugin
2023-12-07 21:39:13,525 [INFO] PluginManager:220 - loadIPPluginJar : add openamp
2023-12-07 21:39:13,527 [INFO] IPUIPlugin:80 - create IPUIPlugin
2023-12-07 21:39:13,527 [INFO] PluginManager:220 - loadIPPluginJar : add pdm2pcm
2023-12-07 21:39:13,530 [INFO] IPUIPlugin:80 - create IPUIPlugin
2023-12-07 21:39:13,531 [INFO] PluginManager:220 - loadIPPluginJar : add plateformsettings
2023-12-07 21:39:13,532 [INFO] IPUIPlugin:80 - create IPUIPlugin
2023-12-07 21:39:13,532 [INFO] PluginManager:220 - loadIPPluginJar : add quadspi
2023-12-07 21:39:13,534 [INFO] IPUIPlugin:80 - create IPUIPlugin
2023-12-07 21:39:13,534 [INFO] PluginManager:220 - loadIPPluginJar : add resmgrutility
2023-12-07 21:39:13,535 [INFO] IPUIPlugin:80 - create IPUIPlugin
2023-12-07 21:39:13,535 [INFO] PluginManager:220 - loadIPPluginJar : add sai
2023-12-07 21:39:13,536 [INFO] IPUIPlugin:80 - create IPUIPlugin
2023-12-07 21:39:13,536 [INFO] PluginManager:220 - loadIPPluginJar : add spi
2023-12-07 21:39:13,538 [INFO] IPUIPlugin:80 - create IPUIPlugin
2023-12-07 21:39:13,539 [INFO] PluginManager:220 - loadIPPluginJar : add stm32_wpan
2023-12-07 21:39:13,539 [INFO] IPUIPlugin:80 - create IPUIPlugin
2023-12-07 21:39:13,540 [INFO] PluginManager:220 - loadIPPluginJar : add tim
2023-12-07 21:39:13,541 [INFO] IPUIPlugin:80 - create IPUIPlugin
2023-12-07 21:39:13,541 [INFO] PluginManager:220 - loadIPPluginJar : add touchsensing
2023-12-07 21:39:13,542 [INFO] IPUIPlugin:80 - create IPUIPlugin
2023-12-07 21:39:13,542 [INFO] PluginManager:220 - loadIPPluginJar : add tracer_emb
2023-12-07 21:39:13,543 [INFO] IPUIPlugin:80 - create IPUIPlugin
2023-12-07 21:39:13,543 [INFO] PluginManager:220 - loadIPPluginJar : add ts
2023-12-07 21:39:13,544 [INFO] IPUIPlugin:80 - create IPUIPlugin
2023-12-07 21:39:13,544 [INFO] PluginManager:220 - loadIPPluginJar : add tsc
2023-12-07 21:39:13,545 [INFO] IPUIPlugin:80 - create IPUIPlugin
2023-12-07 21:39:13,546 [INFO] PluginManager:220 - loadIPPluginJar : add ucpd
2023-12-07 21:39:13,547 [INFO] IPUIPlugin:80 - create IPUIPlugin
2023-12-07 21:39:13,547 [INFO] PluginManager:220 - loadIPPluginJar : add usart
2023-12-07 21:39:13,548 [INFO] IPUIPlugin:80 - create IPUIPlugin
2023-12-07 21:39:13,548 [INFO] PluginManager:220 - loadIPPluginJar : add usbx
2023-12-07 21:39:13,651 [INFO] CADModel:165 - CPN selected for project level
2023-12-07 21:39:13,651 [INFO] CADModel:114 - Register for checkConnection events
2023-12-07 21:39:13,651 [FATAL] Updater:308 - Updater called before beeing initialized
2023-12-07 21:39:13,651 [ERROR] CADModel:125 - Updater not yet initialized, retry later 
2023-12-07 21:39:13,744 [INFO] CADModel:165 - CPN selected for project level
2023-12-07 21:39:13,744 [INFO] CADModel:114 - Register for checkConnection events
2023-12-07 21:39:13,744 [FATAL] Updater:308 - Updater called before beeing initialized
2023-12-07 21:39:13,744 [ERROR] CADModel:125 - Updater not yet initialized, retry later 
2023-12-07 21:39:13,748 [FATAL] Updater:308 - Updater called before beeing initialized
2023-12-07 21:39:13,811 [FATAL] Updater:308 - Updater called before beeing initialized
2023-12-07 21:39:13,816 [INFO] DbMcusAds:53 - JSON generation date=Wed Nov 29 18:52:38 CST 2023 (1701255158764)
2023-12-07 21:39:13,816 [FATAL] Updater:308 - Updater called before beeing initialized
2023-12-07 21:39:13,842 [WARN] DetailPanel:346 - Failed to get advertising image, set to default
2023-12-07 21:39:13,907 [FATAL] Updater:308 - Updater called before beeing initialized
2023-12-07 21:39:13,908 [FATAL] Updater:308 - Updater called before beeing initialized
2023-12-07 21:39:13,908 [FATAL] Updater:308 - Updater called before beeing initialized
2023-12-07 21:39:13,908 [WARN] DetailPanel:346 - Failed to get advertising image, set to default
2023-12-07 21:39:13,909 [FATAL] Updater:308 - Updater called before beeing initialized
2023-12-07 21:39:13,934 [ERROR] Updater:1120 - MainUpdater not yet initialized. External WinMGr cannot be set.
2023-12-07 21:39:13,935 [INFO] Updater:1056 - Updater Version found : 6.9.2
2023-12-07 21:39:13,947 [INFO] ApplicationProperties:184 - Using Application install path: D:\ST\STM32CubeIDE_1.13.2\STM32CubeIDE\plugins\com.st.stm32cube.common.mx_6.9.2.202309101412
2023-12-07 21:39:14,005 [ERROR] ServerAccessManage:1146 - Warning during Server Connection :  Unknown host sw-center.st.com
2023-12-07 21:39:14,010 [INFO] MainUpdater:2868 - connection check result : 22
2023-12-07 21:39:14,010 [INFO] MainUpdater:285 - Updater Check For Update Now.
2023-12-07 21:39:14,011 [INFO] MicroXplorer:498 - Change Database Version : DB.6.0.92
2023-12-07 21:39:14,023 [INFO] McuFinderGlobals:63 - Set McuFinder mode to 2 (CubeIDE integrated)
2023-12-07 21:39:14,162 [INFO] CheckServerUpdateThread:120 - End of CheckServer Thread
2023-12-07 21:39:16,279 [WARN] PackLoader:240 - Cannot read IP mode file for STMicroelectronics.X-CUBE-SMBUS.2.1.0
2023-12-07 21:39:16,298 [WARN] PackLoader:240 - Cannot read IP mode file for STMicroelectronics.X-CUBE-AZRTOS-F7.1.1.0
2023-12-07 21:39:16,303 [WARN] PackLoader:240 - Cannot read IP mode file for STMicroelectronics.FP-SNS-MOTENV1.4.3.2
2023-12-07 21:39:16,307 [WARN] PackLoader:240 - Cannot read IP mode file for STMicroelectronics.FP-SNS-FLIGHT1.5.0.2
2023-12-07 21:39:16,313 [WARN] PackLoader:240 - Cannot read IP mode file for STMicroelectronics.X-CUBE-DISPLAY.3.0.0
2023-12-07 21:39:16,326 [WARN] PackLoader:240 - Cannot read IP mode file for STMicroelectronics.X-CUBE-BLE1.7.0.0
2023-12-07 21:39:16,330 [WARN] PackLoader:240 - Cannot read IP mode file for emotas.I-CUBE-CANOPEN.1.3.0
2023-12-07 21:39:16,336 [WARN] PackLoader:240 - Cannot read IP mode file for STMicroelectronics.X-CUBE-TOUCHGFX.4.22.1
2023-12-07 21:39:16,338 [WARN] PackLoader:240 - Cannot read IP mode file for STMicroelectronics.FP-SNS-SMARTAG2.1.2.0
2023-12-07 21:39:16,345 [INFO] LogOutputStream:77 - [STDOUT_REDIRECT] 1 : Invalid condition id : UX_CORESTACK_Condition cause : null
2023-12-07 21:39:16,346 [INFO] LogOutputStream:77 - [STDOUT_REDIRECT] 1 : Invalid condition id : UX_CORESTACK_Condition cause : null
2023-12-07 21:39:16,347 [INFO] LogOutputStream:77 - [STDOUT_REDIRECT] 1 : Invalid condition id : UX_CORESTACK_Condition cause : null
2023-12-07 21:39:16,348 [INFO] LogOutputStream:77 - [STDOUT_REDIRECT] 1 : Invalid condition id : UX_CORESTACK_Condition cause : null
2023-12-07 21:39:16,349 [INFO] LogOutputStream:77 - [STDOUT_REDIRECT] 1 : Invalid condition id : UX_CORESTACK_Condition cause : null
2023-12-07 21:39:16,351 [WARN] PackLoader:240 - Cannot read IP mode file for STMicroelectronics.X-CUBE-AZRTOS-WL.2.0.0
2023-12-07 21:39:16,360 [WARN] PackLoader:240 - Cannot read IP mode file for WES.I-CUBE-Cesium.1.3.0
2023-12-07 21:39:16,363 [WARN] PackLoader:240 - Cannot read IP mode file for STMicroelectronics.X-CUBE-BLE2.3.3.0
2023-12-07 21:39:16,367 [WARN] PackLoader:240 - Cannot read IP mode file for STMicroelectronics.X-CUBE-ALGOBUILD.1.3.0
2023-12-07 21:39:16,376 [WARN] PackLoader:240 - Cannot read IP mode file for STMicroelectronics.X-CUBE-AZRTOS-G0.1.1.0
2023-12-07 21:39:16,380 [WARN] PackLoader:240 - Cannot read IP mode file for STMicroelectronics.X-CUBE-NFC4.3.0.0
2023-12-07 21:39:16,386 [WARN] PackLoader:240 - Cannot read IP mode file for STMicroelectronics.X-CUBE-BLEMGR.3.0.0
2023-12-07 21:39:16,389 [WARN] PackLoader:240 - Cannot read IP mode file for STMicroelectronics.FP-ATR-SIGFOX1.3.2.0
2023-12-07 21:39:16,408 [WARN] PackLoader:240 - Cannot read IP mode file for SEGGER.I-CUBE-embOS.1.3.1
2023-12-07 21:39:16,451 [WARN] PackLoader:240 - Cannot read IP mode file for STMicroelectronics.X-CUBE-GNSS1.6.0.0
2023-12-07 21:39:16,473 [WARN] PackLoader:240 - Cannot read IP mode file for STMicroelectronics.X-CUBE-AZRTOS-F4.1.1.0
2023-12-07 21:39:16,479 [WARN] PackLoader:240 - Cannot read IP mode file for wolfSSL.I-CUBE-wolfSSL.5.6.3
2023-12-07 21:39:16,489 [WARN] PackLoader:240 - Cannot read IP mode file for STMicroelectronics.X-CUBE-AZRTOS-L5.2.0.0
2023-12-07 21:39:16,511 [WARN] PackLoader:240 - Cannot read IP mode file for STMicroelectronics.X-CUBE-MEMS1.9.6.0
2023-12-07 21:39:16,584 [WARN] PackLoader:240 - Cannot read IP mode file for STMicroelectronics.X-CUBE-EEPRMA1.4.2.0
2023-12-07 21:39:16,589 [WARN] PackLoader:240 - Cannot read IP mode file for ITTIA_DB.I-CUBE-ITTIADB.8.8.0
2023-12-07 21:39:16,593 [WARN] PackLoader:240 - Cannot read IP mode file for STMicroelectronics.X-CUBE-BLEMGR.2.0.0
2023-12-07 21:39:16,606 [WARN] ConditionMgr:438 - getConditionDescription Invalid condition id : UX DEVICE CLASS RTOS Condition cause : null
2023-12-07 21:39:16,606 [WARN] ConditionMgr:438 - getConditionDescription Invalid condition id : UX DEVICE CLASS RTOS Condition cause : null
2023-12-07 21:39:16,607 [WARN] PackLoader:240 - Cannot read IP mode file for STMicroelectronics.X-CUBE-AZRTOS-H7.3.1.0
2023-12-07 21:39:16,607 [WARN] ConditionMgr:1039 - genDependencies : Invalid condition id : UX DEVICE CLASS RTOS Condition cause : null
2023-12-07 21:39:16,607 [WARN] ConditionMgr:1039 - genDependencies : Invalid condition id : UX DEVICE CLASS RTOS Condition cause : null
2023-12-07 21:39:16,608 [WARN] ConditionMgr:1039 - genDependencies : Invalid condition id : UX DEVICE CLASS RTOS Condition cause : null
2023-12-07 21:39:16,608 [WARN] ConditionMgr:1039 - genDependencies : Invalid condition id : UX DEVICE CLASS RTOS Condition cause : null
2023-12-07 21:39:16,608 [WARN] ConditionMgr:1039 - genDependencies : Invalid condition id : UX DEVICE CLASS RTOS Condition cause : null
2023-12-07 21:39:16,612 [WARN] PackLoader:240 - Cannot read IP mode file for STMicroelectronics.X-CUBE-NFC7.1.0.1
2023-12-07 21:39:16,617 [WARN] PackLoader:240 - Cannot read IP mode file for STMicroelectronics.X-CUBE-NFC6.3.0.0
2023-12-07 21:39:16,620 [WARN] PackLoader:240 - Cannot read IP mode file for STMicroelectronics.X-CUBE-EEPRMA1.4.1.0
2023-12-07 21:39:16,624 [WARN] PackLoader:240 - Cannot read IP mode file for STMicroelectronics.X-CUBE-AI.8.1.0
2023-12-07 21:39:16,636 [WARN] ConditionMgr:438 - getConditionDescription Invalid condition id : LAN8742 Phy interface Condition cause : null
2023-12-07 21:39:16,636 [WARN] PackLoader:240 - Cannot read IP mode file for STMicroelectronics.X-CUBE-AZRTOS-L4.2.0.0
2023-12-07 21:39:16,636 [WARN] ConditionMgr:1039 - genDependencies : Invalid condition id : LAN8742 Phy interface Condition cause : null
2023-12-07 21:39:16,638 [WARN] ConditionMgr:1039 - genDependencies : Invalid condition id : LAN8742 Phy interface Condition cause : null
2023-12-07 21:39:16,638 [WARN] ConditionMgr:1039 - genDependencies : Invalid condition id : LAN8742 Phy interface Condition cause : null
2023-12-07 21:39:16,643 [WARN] PackLoader:240 - Cannot read IP mode file for STMicroelectronics.X-CUBE-SFXS2LP1.4.0.0
2023-12-07 21:39:16,646 [WARN] PackLoader:240 - Cannot read IP mode file for STMicroelectronics.X-CUBE-ISPU.1.1.0
2023-12-07 21:39:16,655 [WARN] ConditionMgr:438 - getConditionDescription Invalid condition id : UX DEVICE CLASS RTOS Condition cause : null
2023-12-07 21:39:16,655 [WARN] ConditionMgr:438 - getConditionDescription Invalid condition id : UX DEVICE CLASS RTOS Condition cause : null
2023-12-07 21:39:16,656 [WARN] PackLoader:240 - Cannot read IP mode file for STMicroelectronics.X-CUBE-AZRTOS-WB.2.0.0
2023-12-07 21:39:16,657 [WARN] ConditionMgr:1039 - genDependencies : Invalid condition id : UX DEVICE CLASS RTOS Condition cause : null
2023-12-07 21:39:16,657 [WARN] ConditionMgr:1039 - genDependencies : Invalid condition id : UX DEVICE CLASS RTOS Condition cause : null
2023-12-07 21:39:16,657 [WARN] ConditionMgr:1039 - genDependencies : Invalid condition id : UX DEVICE CLASS RTOS Condition cause : null
2023-12-07 21:39:16,657 [WARN] ConditionMgr:1039 - genDependencies : Invalid condition id : UX DEVICE CLASS RTOS Condition cause : null
2023-12-07 21:39:16,657 [WARN] ConditionMgr:1039 - genDependencies : Invalid condition id : UX DEVICE CLASS RTOS Condition cause : null
2023-12-07 21:39:16,664 [WARN] PackLoader:240 - Cannot read IP mode file for STMicroelectronics.X-CUBE-SUBG2.5.0.0
2023-12-07 21:39:16,674 [WARN] PackLoader:240 - Cannot read IP mode file for STMicroelectronics.X-CUBE-TOF1.3.3.1
2023-12-07 21:39:16,686 [WARN] PackLoader:240 - Cannot read IP mode file for STMicroelectronics.X-CUBE-AZRTOS-G4.2.0.0
2023-12-07 21:39:16,702 [WARN] PackLoader:240 - Cannot read IP mode file for Infineon.AIROC-Wi-Fi-Bluetooth-STM32.1.5.1
2023-12-07 21:39:16,710 [WARN] PackLoader:240 - Cannot read IP mode file for STMicroelectronics.FP-SNS-MOTENVWB1.1.3.0
2023-12-07 21:39:16,713 [WARN] PackLoader:240 - Cannot read IP mode file for STMicroelectronics.FP-SNS-MOTENVWB1.1.3.1
2023-12-07 21:39:16,720 [WARN] PackLoader:240 - Cannot read IP mode file for STMicroelectronics.X-CUBE-ISPU.2.0.0
2023-12-07 21:39:16,736 [WARN] PackLoader:240 - Cannot read IP mode file for STMicroelectronics.X-CUBE-MEMS1.10.0.0
2023-12-07 21:39:16,802 [WARN] PackLoader:240 - Cannot read IP mode file for STMicroelectronics.X-CUBE-FREERTOS.1.1.0
2023-12-07 21:39:16,806 [WARN] PackLoader:240 - Cannot read IP mode file for portGmbH.I-Cube-SoM-uGOAL.1.1.0
2023-12-07 21:39:16,809 [WARN] PackLoader:240 - Cannot read IP mode file for STMicroelectronics.X-CUBE-ALS.1.0.1
2023-12-07 21:39:16,812 [WARN] PackLoader:240 - Cannot read IP mode file for STMicroelectronics.FP-ATR-ASTRA1.2.0.0
2023-12-07 21:39:16,817 [WARN] PackLoader:240 - Cannot read IP mode file for STMicroelectronics.X-CUBE-TOF1.3.4.0
2023-12-07 21:39:16,828 [WARN] PackLoader:240 - Cannot read IP mode file for STMicroelectronics.X-CUBE-AZRTOS-H7.3.2.0
2023-12-07 21:39:16,830 [INFO] ThirdParty:978 - Integrity check success = true
2023-12-07 21:39:16,830 [INFO] IntegrityCheckThread:100 - exiting critical section [integrity check]
2023-12-07 21:39:16,830 [INFO] IntegrityCheckThread:103 - End integrity checks thread
2023-12-07 21:39:34,545 [ERROR] LogOutputStream:75 - [STDERR_REDIRECT] SLF4J: Failed to load class "org.slf4j.impl.StaticLoggerBinder".
2023-12-07 21:39:34,546 [ERROR] LogOutputStream:75 - [STDERR_REDIRECT] SLF4J: Defaulting to no-operation (NOP) logger implementation
2023-12-07 21:39:34,546 [ERROR] LogOutputStream:75 - [STDERR_REDIRECT] SLF4J: See http://www.slf4j.org/codes.html#StaticLoggerBinder for further details.
2023-12-07 21:59:21,173 [INFO] Activator:176 - 


2023-12-07 21:59:21,174 [INFO] Activator:177 - !SESSION log4j initialized
2023-12-07 21:59:28,827 [INFO] LogOutputStream:77 - [STDOUT_REDIRECT] 
2023-12-07 21:59:30,610 [INFO] ApplicationProperties:184 - Using Application install path: D:\ST\STM32CubeIDE_1.13.2\STM32CubeIDE\plugins\com.st.stm32cube.common.mx_6.9.2.202309101412
2023-12-07 21:59:30,625 [INFO] DbMcusXml:78 - Set database path to: D:\ST\STM32CubeIDE_1.13.2\STM32CubeIDE\plugins\com.st.stm32cube.common.mx_6.9.2.202309101412\\db\/mcu/
2023-12-07 21:59:30,625 [INFO] ApiDb:274 - Set plugin database path to: D:\ST\STM32CubeIDE_1.13.2\STM32CubeIDE\plugins\com.st.stm32cube.common.mx_6.9.2.202309101412\\db\/plugins/boardmanager/
2023-12-07 21:59:30,626 [WARN] ApiDb:259 - Overriding images path with different value:  => D:\ST\STM32CubeIDE_1.13.2\STM32CubeIDE\plugins\com.st.stm32cube.common.mx_6.9.2.202309101412\\db\/plugins/mcufinder/images/
2023-12-07 21:59:30,634 [INFO] ApiDb:250 - Set database path to: C:\Users\lenovo\.stmcufinder\plugins\mcufinder//mcu/
2023-12-07 21:59:30,635 [INFO] DbMcusAds:125 - Set database path to: C:\Users\lenovo\.stmcufinder\plugins\mcufinder//mcu/
2023-12-07 21:59:30,637 [INFO] CrossReferenceDbSqlite:203 - Set database path to: C:\Users\lenovo\.stmcufinder\plugins\mcufinder//mcu/cs/
2023-12-07 21:59:30,783 [INFO] RulesReader:64 - Compatibility file has been processed (293 Rules)
2023-12-07 21:59:30,944 [INFO] DbMcusXml:78 - Set database path to: D:\ST\STM32CubeIDE_1.13.2\STM32CubeIDE\plugins\com.st.stm32cube.common.mx_6.9.2.202309101412\\db\/mcu/
2023-12-07 21:59:30,944 [INFO] ApiDb:274 - Set plugin database path to: D:\ST\STM32CubeIDE_1.13.2\STM32CubeIDE\plugins\com.st.stm32cube.common.mx_6.9.2.202309101412\\db\/plugins/boardmanager/
2023-12-07 21:59:30,944 [INFO] ApiDb:261 - Set plugin images path to: D:\ST\STM32CubeIDE_1.13.2\STM32CubeIDE\plugins\com.st.stm32cube.common.mx_6.9.2.202309101412\\db\/plugins/mcufinder/images/
2023-12-07 21:59:30,944 [WARN] DbFile:41 - Overriding database path with different value: C:\Users\lenovo\.stmcufinder\plugins\mcufinder/ => C:\Users\lenovo\.stmcufinder\plugins\mcufinder
2023-12-07 21:59:30,944 [INFO] ApiDb:250 - Set database path to: C:\Users\lenovo\.stmcufinder\plugins\mcufinder//mcu/
2023-12-07 21:59:30,945 [WARN] DbFile:41 - Overriding database path with different value: C:\Users\lenovo\.stmcufinder\plugins\mcufinder/ => C:\Users\lenovo\.stmcufinder\plugins\mcufinder
2023-12-07 21:59:30,945 [INFO] DbMcusAds:125 - Set database path to: C:\Users\lenovo\.stmcufinder\plugins\mcufinder//mcu/
2023-12-07 21:59:30,945 [WARN] DbFile:41 - Overriding database path with different value: C:\Users\lenovo\.stmcufinder\plugins\mcufinder/ => C:\Users\lenovo\.stmcufinder\plugins\mcufinder
2023-12-07 21:59:30,945 [WARN] DbFile:41 - Overriding database path with different value: C:\Users\lenovo\.stmcufinder\plugins\mcufinder/ => C:\Users\lenovo\.stmcufinder\plugins\mcufinder
2023-12-07 21:59:30,945 [INFO] CrossReferenceDbSqlite:203 - Set database path to: C:\Users\lenovo\.stmcufinder\plugins\mcufinder//mcu/cs/
2023-12-07 21:59:31,029 [INFO] MainPanel:262 - HeapMemory: 268435456
2023-12-07 21:59:31,091 [INFO] DbMcusXml:78 - Set database path to: D:\ST\STM32CubeIDE_1.13.2\STM32CubeIDE\plugins\com.st.stm32cube.common.mx_6.9.2.202309101412\\db\/mcu/
2023-12-07 21:59:31,091 [INFO] ApiDb:274 - Set plugin database path to: D:\ST\STM32CubeIDE_1.13.2\STM32CubeIDE\plugins\com.st.stm32cube.common.mx_6.9.2.202309101412\\db\/plugins/boardmanager/
2023-12-07 21:59:31,091 [INFO] ApiDb:261 - Set plugin images path to: D:\ST\STM32CubeIDE_1.13.2\STM32CubeIDE\plugins\com.st.stm32cube.common.mx_6.9.2.202309101412\\db\/plugins/mcufinder/images/
2023-12-07 21:59:31,092 [WARN] DbFile:41 - Overriding database path with different value: C:\Users\lenovo\.stmcufinder\plugins\mcufinder/ => C:\Users\lenovo\.stmcufinder\plugins\mcufinder
2023-12-07 21:59:31,092 [INFO] ApiDb:250 - Set database path to: C:\Users\lenovo\.stmcufinder\plugins\mcufinder//mcu/
2023-12-07 21:59:31,092 [WARN] DbFile:41 - Overriding database path with different value: C:\Users\lenovo\.stmcufinder\plugins\mcufinder/ => C:\Users\lenovo\.stmcufinder\plugins\mcufinder
2023-12-07 21:59:31,092 [INFO] DbMcusAds:125 - Set database path to: C:\Users\lenovo\.stmcufinder\plugins\mcufinder//mcu/
2023-12-07 21:59:31,092 [WARN] DbFile:41 - Overriding database path with different value: C:\Users\lenovo\.stmcufinder\plugins\mcufinder/ => C:\Users\lenovo\.stmcufinder\plugins\mcufinder
2023-12-07 21:59:31,092 [WARN] DbFile:41 - Overriding database path with different value: C:\Users\lenovo\.stmcufinder\plugins\mcufinder/ => C:\Users\lenovo\.stmcufinder\plugins\mcufinder
2023-12-07 21:59:31,092 [INFO] CrossReferenceDbSqlite:203 - Set database path to: C:\Users\lenovo\.stmcufinder\plugins\mcufinder//mcu/cs/
2023-12-07 21:59:31,109 [INFO] ApplicationProperties:184 - Using Application install path: D:\ST\STM32CubeIDE_1.13.2\STM32CubeIDE\plugins\com.st.stm32cube.common.mx_6.9.2.202309101412
2023-12-07 21:59:31,110 [INFO] PluginManage:196 - Search for loadable plugins [exclusion list=, ]
2023-12-07 21:59:31,111 [INFO] PluginManage:310 - Check plugin analytics
2023-12-07 21:59:31,254 [INFO] AnalyticsPlugin:253 - Accepted Software Licenses: 
2023-12-07 21:59:31,254 [INFO] AnalyticsPlugin:255 - Accepted CMSIS Pack Licenses: 
2023-12-07 21:59:31,254 [INFO] AnalyticsPlugin:257 - Accepted Firmware Licenses: 
2023-12-07 21:59:31,259 [INFO] PluginManage:359 - Loaded plugin analytics (category:tool,tabindex:-1)
2023-12-07 21:59:31,260 [INFO] PluginManage:310 - Check plugin cadmodel
2023-12-07 21:59:31,267 [INFO] CADModel:105 - Init CAD model plugin
2023-12-07 21:59:31,267 [INFO] PluginManage:359 - Loaded plugin cadmodel (category:power,tabindex:5)
2023-12-07 21:59:31,267 [INFO] PluginManage:310 - Check plugin clock
2023-12-07 21:59:31,278 [INFO] PluginManage:359 - Loaded plugin clock (category:base,tabindex:2)
2023-12-07 21:59:31,279 [INFO] PluginManage:310 - Check plugin ddr
2023-12-07 21:59:31,280 [INFO] PluginManage:359 - Loaded plugin ddr (category:tool,tabindex:6)
2023-12-07 21:59:31,281 [INFO] PluginManage:310 - Check plugin filemanager
2023-12-07 21:59:31,403 [INFO] PluginManage:359 - Loaded plugin filemanager (category:base,tabindex:10)
2023-12-07 21:59:31,403 [INFO] PluginManage:310 - Check plugin ipmanager
2023-12-07 21:59:31,411 [INFO] PluginManage:359 - Loaded plugin ipmanager (category:base,tabindex:5)
2023-12-07 21:59:31,411 [INFO] PluginManage:310 - Check plugin lpbam
2023-12-07 21:59:31,419 [INFO] PluginManage:359 - Loaded plugin lpbam (category:base,tabindex:0)
2023-12-07 21:59:31,419 [INFO] PluginManage:310 - Check plugin memorymap
2023-12-07 21:59:31,430 [INFO] PluginManage:359 - Loaded plugin memorymap (category:base,tabindex:4)
2023-12-07 21:59:31,430 [INFO] PluginManage:310 - Check plugin pinoutandconfiguration
2023-12-07 21:59:31,435 [INFO] PluginManage:359 - Loaded plugin pinoutandconfiguration (category:base,tabindex:1)
2023-12-07 21:59:31,435 [INFO] PluginManage:310 - Check plugin pinoutconfig
2023-12-07 21:59:31,514 [WARN] SupportedApi:132 - Cannot load RTOS API schema: s4s-elt-must-match.1: The content of 'definitions' must match (annotation?, (simpleType | complexType)?, (unique | key | keyref)*)). A problem was found starting at: attribute.
2023-12-07 21:59:31,618 [INFO] PluginManage:359 - Loaded plugin pinoutconfig (category:base,tabindex:0)
2023-12-07 21:59:31,619 [INFO] PluginManage:310 - Check plugin power
2023-12-07 21:59:31,625 [INFO] PluginManage:359 - Loaded plugin power (category:power,tabindex:4)
2023-12-07 21:59:31,626 [INFO] PluginManage:310 - Check plugin projectmanager
2023-12-07 21:59:31,639 [INFO] PluginManage:359 - Loaded plugin projectmanager (category:projectmanager,tabindex:3)
2023-12-07 21:59:31,639 [INFO] PluginManage:310 - Check plugin thirdparty
2023-12-07 21:59:31,744 [INFO] PluginManage:359 - Loaded plugin thirdparty (category:base,tabindex:-1)
2023-12-07 21:59:31,745 [INFO] PluginManage:310 - Check plugin tools
2023-12-07 21:59:31,744 [WARN] IntegrityCheckThread:84 - waiting for thirdparty lock release [integrity check]
2023-12-07 21:59:31,745 [INFO] IntegrityCheckThread:86 - entering critical section [integrity check]
2023-12-07 21:59:31,745 [INFO] ThirdPartyUpdaterWithRetryManager:70 - Updater plugin not ready yet. [1/15]
2023-12-07 21:59:31,747 [INFO] PluginManage:359 - Loaded plugin tools (category:base,tabindex:7)
2023-12-07 21:59:31,747 [INFO] PluginManage:310 - Check plugin tutovideos
2023-12-07 21:59:31,900 [INFO] PluginManage:359 - Loaded plugin tutovideos (category:base,tabindex:-1)
2023-12-07 21:59:31,900 [INFO] PluginManage:310 - Check plugin updater
2023-12-07 21:59:31,909 [INFO] PluginManage:359 - Loaded plugin updater (category:base,tabindex:12)
2023-12-07 21:59:31,909 [INFO] PluginManage:310 - Check plugin userauth
2023-12-07 21:59:31,913 [INFO] UserAuth:113 - Init User Auth plugin
2023-12-07 21:59:31,913 [INFO] PluginManage:359 - Loaded plugin userauth (category:base,tabindex:14)
2023-12-07 21:59:31,914 [INFO] PluginManage:283 - PluginManage : Loaded plugins [17]
2023-12-07 21:59:32,196 [INFO] PinOutPanel:1499 - setPackage(No Configuration,No Configuration)
2023-12-07 21:59:32,320 [INFO] CADModel:165 - CPN selected for project level
2023-12-07 21:59:32,320 [INFO] CADModel:114 - Register for checkConnection events
2023-12-07 21:59:32,333 [INFO] IPUIPlugin:80 - create IPUIPlugin
2023-12-07 21:59:32,333 [INFO] PluginManager:220 - loadIPPluginJar : add adc
2023-12-07 21:59:32,336 [INFO] IPUIPlugin:80 - create IPUIPlugin
2023-12-07 21:59:32,336 [INFO] PluginManager:220 - loadIPPluginJar : add aes
2023-12-07 21:59:32,337 [INFO] IPUIPlugin:80 - create IPUIPlugin
2023-12-07 21:59:32,338 [INFO] PluginManager:220 - loadIPPluginJar : add can
2023-12-07 21:59:32,339 [INFO] IPUIPlugin:80 - create IPUIPlugin
2023-12-07 21:59:32,339 [INFO] PluginManager:220 - loadIPPluginJar : add comp
2023-12-07 21:59:32,341 [INFO] IPUIPlugin:80 - create IPUIPlugin
2023-12-07 21:59:32,341 [INFO] PluginManager:220 - loadIPPluginJar : add cryp
2023-12-07 21:59:32,342 [INFO] IPUIPlugin:80 - create IPUIPlugin
2023-12-07 21:59:32,342 [INFO] PluginManager:220 - loadIPPluginJar : add dfsdm
2023-12-07 21:59:32,347 [INFO] IPUIPlugin:80 - create IPUIPlugin
2023-12-07 21:59:32,348 [INFO] PluginManager:220 - loadIPPluginJar : add dma
2023-12-07 21:59:32,350 [INFO] IPUIPlugin:80 - create IPUIPlugin
2023-12-07 21:59:32,350 [INFO] PluginManager:220 - loadIPPluginJar : add dma3
2023-12-07 21:59:32,351 [INFO] IPUIPlugin:80 - create IPUIPlugin
2023-12-07 21:59:32,351 [INFO] PluginManager:220 - loadIPPluginJar : add fatfs
2023-12-07 21:59:32,354 [INFO] IPUIPlugin:80 - create IPUIPlugin
2023-12-07 21:59:32,355 [INFO] PluginManager:220 - loadIPPluginJar : add fmc
2023-12-07 21:59:32,359 [INFO] IPUIPlugin:80 - create IPUIPlugin
2023-12-07 21:59:32,359 [INFO] PluginManager:220 - loadIPPluginJar : add freertos
2023-12-07 21:59:32,360 [INFO] IPUIPlugin:80 - create IPUIPlugin
2023-12-07 21:59:32,360 [INFO] PluginManager:220 - loadIPPluginJar : add genericplugin
2023-12-07 21:59:32,361 [INFO] IPUIPlugin:80 - create IPUIPlugin
2023-12-07 21:59:32,361 [INFO] PluginManager:220 - loadIPPluginJar : add gfxmmu
2023-12-07 21:59:32,365 [INFO] IPUIPlugin:80 - create IPUIPlugin
2023-12-07 21:59:32,365 [INFO] PluginManager:220 - loadIPPluginJar : add gic
2023-12-07 21:59:32,370 [INFO] IPUIPlugin:80 - create IPUIPlugin
2023-12-07 21:59:32,370 [INFO] PluginManager:220 - loadIPPluginJar : add gpio
2023-12-07 21:59:32,372 [INFO] IPUIPlugin:80 - create IPUIPlugin
2023-12-07 21:59:32,372 [INFO] PluginManager:220 - loadIPPluginJar : add gtzc
2023-12-07 21:59:32,373 [INFO] IPUIPlugin:80 - create IPUIPlugin
2023-12-07 21:59:32,373 [INFO] PluginManager:220 - loadIPPluginJar : add hash
2023-12-07 21:59:32,375 [INFO] IPUIPlugin:80 - create IPUIPlugin
2023-12-07 21:59:32,375 [INFO] PluginManager:220 - loadIPPluginJar : add i2c
2023-12-07 21:59:32,377 [INFO] IPUIPlugin:80 - create IPUIPlugin
2023-12-07 21:59:32,377 [INFO] PluginManager:220 - loadIPPluginJar : add i2s
2023-12-07 21:59:32,379 [INFO] IPUIPlugin:80 - create IPUIPlugin
2023-12-07 21:59:32,379 [INFO] PluginManager:220 - loadIPPluginJar : add i3c
2023-12-07 21:59:32,381 [INFO] IPUIPlugin:80 - create IPUIPlugin
2023-12-07 21:59:32,381 [INFO] PluginManager:220 - loadIPPluginJar : add ipddr
2023-12-07 21:59:32,387 [INFO] IPUIPlugin:80 - create IPUIPlugin
2023-12-07 21:59:32,388 [INFO] PluginManager:220 - loadIPPluginJar : add linkedlist
2023-12-07 21:59:32,390 [INFO] IPUIPlugin:80 - create IPUIPlugin
2023-12-07 21:59:32,390 [INFO] PluginManager:220 - loadIPPluginJar : add lorawan
2023-12-07 21:59:32,391 [INFO] IPUIPlugin:80 - create IPUIPlugin
2023-12-07 21:59:32,391 [INFO] PluginManager:220 - loadIPPluginJar : add ltdc
2023-12-07 21:59:32,395 [INFO] IPUIPlugin:80 - create IPUIPlugin
2023-12-07 21:59:32,397 [INFO] PluginManager:220 - loadIPPluginJar : add mdma
2023-12-07 21:59:32,399 [INFO] IPUIPlugin:80 - create IPUIPlugin
2023-12-07 21:59:32,399 [INFO] PluginManager:220 - loadIPPluginJar : add nvic
2023-12-07 21:59:32,402 [INFO] IPUIPlugin:80 - create IPUIPlugin
2023-12-07 21:59:32,402 [INFO] PluginManager:220 - loadIPPluginJar : add opamp
2023-12-07 21:59:32,404 [INFO] IPUIPlugin:80 - create IPUIPlugin
2023-12-07 21:59:32,404 [INFO] PluginManager:220 - loadIPPluginJar : add openamp
2023-12-07 21:59:32,408 [INFO] IPUIPlugin:80 - create IPUIPlugin
2023-12-07 21:59:32,408 [INFO] PluginManager:220 - loadIPPluginJar : add pdm2pcm
2023-12-07 21:59:32,413 [INFO] IPUIPlugin:80 - create IPUIPlugin
2023-12-07 21:59:32,415 [INFO] PluginManager:220 - loadIPPluginJar : add plateformsettings
2023-12-07 21:59:32,416 [INFO] IPUIPlugin:80 - create IPUIPlugin
2023-12-07 21:59:32,416 [INFO] PluginManager:220 - loadIPPluginJar : add quadspi
2023-12-07 21:59:32,419 [INFO] IPUIPlugin:80 - create IPUIPlugin
2023-12-07 21:59:32,419 [INFO] PluginManager:220 - loadIPPluginJar : add resmgrutility
2023-12-07 21:59:32,421 [INFO] IPUIPlugin:80 - create IPUIPlugin
2023-12-07 21:59:32,421 [INFO] PluginManager:220 - loadIPPluginJar : add sai
2023-12-07 21:59:32,423 [INFO] IPUIPlugin:80 - create IPUIPlugin
2023-12-07 21:59:32,423 [INFO] PluginManager:220 - loadIPPluginJar : add spi
2023-12-07 21:59:32,427 [INFO] IPUIPlugin:80 - create IPUIPlugin
2023-12-07 21:59:32,427 [INFO] PluginManager:220 - loadIPPluginJar : add stm32_wpan
2023-12-07 21:59:32,428 [INFO] IPUIPlugin:80 - create IPUIPlugin
2023-12-07 21:59:32,429 [INFO] PluginManager:220 - loadIPPluginJar : add tim
2023-12-07 21:59:32,430 [INFO] IPUIPlugin:80 - create IPUIPlugin
2023-12-07 21:59:32,430 [INFO] PluginManager:220 - loadIPPluginJar : add touchsensing
2023-12-07 21:59:32,432 [INFO] IPUIPlugin:80 - create IPUIPlugin
2023-12-07 21:59:32,432 [INFO] PluginManager:220 - loadIPPluginJar : add tracer_emb
2023-12-07 21:59:32,433 [INFO] IPUIPlugin:80 - create IPUIPlugin
2023-12-07 21:59:32,433 [INFO] PluginManager:220 - loadIPPluginJar : add ts
2023-12-07 21:59:32,434 [INFO] IPUIPlugin:80 - create IPUIPlugin
2023-12-07 21:59:32,434 [INFO] PluginManager:220 - loadIPPluginJar : add tsc
2023-12-07 21:59:32,435 [INFO] IPUIPlugin:80 - create IPUIPlugin
2023-12-07 21:59:32,437 [INFO] PluginManager:220 - loadIPPluginJar : add ucpd
2023-12-07 21:59:32,439 [INFO] IPUIPlugin:80 - create IPUIPlugin
2023-12-07 21:59:32,439 [INFO] PluginManager:220 - loadIPPluginJar : add usart
2023-12-07 21:59:32,441 [INFO] IPUIPlugin:80 - create IPUIPlugin
2023-12-07 21:59:32,441 [INFO] PluginManager:220 - loadIPPluginJar : add usbx
2023-12-07 21:59:32,580 [INFO] CADModel:165 - CPN selected for project level
2023-12-07 21:59:32,580 [INFO] CADModel:114 - Register for checkConnection events
2023-12-07 21:59:32,580 [FATAL] Updater:308 - Updater called before beeing initialized
2023-12-07 21:59:32,580 [ERROR] CADModel:125 - Updater not yet initialized, retry later 
2023-12-07 21:59:32,710 [INFO] CADModel:165 - CPN selected for project level
2023-12-07 21:59:32,710 [INFO] CADModel:114 - Register for checkConnection events
2023-12-07 21:59:32,710 [FATAL] Updater:308 - Updater called before beeing initialized
2023-12-07 21:59:32,710 [ERROR] CADModel:125 - Updater not yet initialized, retry later 
2023-12-07 21:59:32,714 [FATAL] Updater:308 - Updater called before beeing initialized
2023-12-07 21:59:32,843 [FATAL] Updater:308 - Updater called before beeing initialized
2023-12-07 21:59:32,851 [INFO] DbMcusAds:53 - JSON generation date=Wed Nov 29 18:52:38 CST 2023 (1701255158764)
2023-12-07 21:59:32,851 [FATAL] Updater:308 - Updater called before beeing initialized
2023-12-07 21:59:32,891 [WARN] DetailPanel:346 - Failed to get advertising image, set to default
2023-12-07 21:59:32,985 [FATAL] Updater:308 - Updater called before beeing initialized
2023-12-07 21:59:32,987 [FATAL] Updater:308 - Updater called before beeing initialized
2023-12-07 21:59:32,987 [FATAL] Updater:308 - Updater called before beeing initialized
2023-12-07 21:59:32,987 [WARN] DetailPanel:346 - Failed to get advertising image, set to default
2023-12-07 21:59:32,988 [FATAL] Updater:308 - Updater called before beeing initialized
2023-12-07 21:59:33,031 [ERROR] Updater:1120 - MainUpdater not yet initialized. External WinMGr cannot be set.
2023-12-07 21:59:33,033 [INFO] Updater:1056 - Updater Version found : 6.9.2
2023-12-07 21:59:33,051 [INFO] ApplicationProperties:184 - Using Application install path: D:\ST\STM32CubeIDE_1.13.2\STM32CubeIDE\plugins\com.st.stm32cube.common.mx_6.9.2.202309101412
2023-12-07 21:59:33,255 [INFO] MainUpdater:2868 - connection check result : 10
2023-12-07 21:59:33,257 [INFO] MainUpdater:285 - Updater Check For Update Now.
2023-12-07 21:59:33,257 [INFO] MicroXplorer:498 - Change Database Version : DB.6.0.92
2023-12-07 21:59:33,262 [INFO] McuFinderGlobals:63 - Set McuFinder mode to 2 (CubeIDE integrated)
2023-12-07 21:59:33,429 [INFO] CheckServerUpdateThread:120 - End of CheckServer Thread
2023-12-07 21:59:34,994 [WARN] PackLoader:240 - Cannot read IP mode file for STMicroelectronics.X-CUBE-SMBUS.2.1.0
2023-12-07 21:59:35,023 [WARN] PackLoader:240 - Cannot read IP mode file for STMicroelectronics.X-CUBE-AZRTOS-F7.1.1.0
2023-12-07 21:59:35,032 [WARN] PackLoader:240 - Cannot read IP mode file for STMicroelectronics.FP-SNS-MOTENV1.4.3.2
2023-12-07 21:59:35,039 [WARN] PackLoader:240 - Cannot read IP mode file for STMicroelectronics.FP-SNS-FLIGHT1.5.0.2
2023-12-07 21:59:35,048 [WARN] PackLoader:240 - Cannot read IP mode file for STMicroelectronics.X-CUBE-DISPLAY.3.0.0
2023-12-07 21:59:35,065 [WARN] PackLoader:240 - Cannot read IP mode file for STMicroelectronics.X-CUBE-BLE1.7.0.0
2023-12-07 21:59:35,073 [WARN] PackLoader:240 - Cannot read IP mode file for emotas.I-CUBE-CANOPEN.1.3.0
2023-12-07 21:59:35,083 [WARN] PackLoader:240 - Cannot read IP mode file for STMicroelectronics.X-CUBE-TOUCHGFX.4.22.1
2023-12-07 21:59:35,089 [WARN] PackLoader:240 - Cannot read IP mode file for STMicroelectronics.FP-SNS-SMARTAG2.1.2.0
2023-12-07 21:59:35,105 [INFO] LogOutputStream:77 - [STDOUT_REDIRECT] 1 : Invalid condition id : UX_CORESTACK_Condition cause : null
2023-12-07 21:59:35,107 [INFO] LogOutputStream:77 - [STDOUT_REDIRECT] 1 : Invalid condition id : UX_CORESTACK_Condition cause : null
2023-12-07 21:59:35,108 [INFO] LogOutputStream:77 - [STDOUT_REDIRECT] 1 : Invalid condition id : UX_CORESTACK_Condition cause : null
2023-12-07 21:59:35,110 [INFO] LogOutputStream:77 - [STDOUT_REDIRECT] 1 : Invalid condition id : UX_CORESTACK_Condition cause : null
2023-12-07 21:59:35,111 [INFO] LogOutputStream:77 - [STDOUT_REDIRECT] 1 : Invalid condition id : UX_CORESTACK_Condition cause : null
2023-12-07 21:59:35,114 [WARN] PackLoader:240 - Cannot read IP mode file for STMicroelectronics.X-CUBE-AZRTOS-WL.2.0.0
2023-12-07 21:59:35,128 [WARN] PackLoader:240 - Cannot read IP mode file for WES.I-CUBE-Cesium.1.3.0
2023-12-07 21:59:35,134 [WARN] PackLoader:240 - Cannot read IP mode file for STMicroelectronics.X-CUBE-BLE2.3.3.0
2023-12-07 21:59:35,141 [WARN] PackLoader:240 - Cannot read IP mode file for STMicroelectronics.X-CUBE-ALGOBUILD.1.3.0
2023-12-07 21:59:35,154 [WARN] PackLoader:240 - Cannot read IP mode file for STMicroelectronics.X-CUBE-AZRTOS-G0.1.1.0
2023-12-07 21:59:35,160 [WARN] PackLoader:240 - Cannot read IP mode file for STMicroelectronics.X-CUBE-NFC4.3.0.0
2023-12-07 21:59:35,168 [WARN] PackLoader:240 - Cannot read IP mode file for STMicroelectronics.X-CUBE-BLEMGR.3.0.0
2023-12-07 21:59:35,178 [WARN] PackLoader:240 - Cannot read IP mode file for STMicroelectronics.FP-ATR-SIGFOX1.3.2.0
2023-12-07 21:59:35,211 [WARN] PackLoader:240 - Cannot read IP mode file for SEGGER.I-CUBE-embOS.1.3.1
2023-12-07 21:59:35,243 [WARN] PackLoader:240 - Cannot read IP mode file for STMicroelectronics.X-CUBE-GNSS1.6.0.0
2023-12-07 21:59:35,256 [WARN] PackLoader:240 - Cannot read IP mode file for STMicroelectronics.X-CUBE-AZRTOS-F4.1.1.0
2023-12-07 21:59:35,261 [WARN] PackLoader:240 - Cannot read IP mode file for wolfSSL.I-CUBE-wolfSSL.5.6.3
2023-12-07 21:59:35,272 [WARN] PackLoader:240 - Cannot read IP mode file for STMicroelectronics.X-CUBE-AZRTOS-L5.2.0.0
2023-12-07 21:59:35,305 [WARN] PackLoader:240 - Cannot read IP mode file for STMicroelectronics.X-CUBE-MEMS1.9.6.0
2023-12-07 21:59:35,442 [WARN] PackLoader:240 - Cannot read IP mode file for STMicroelectronics.X-CUBE-EEPRMA1.4.2.0
2023-12-07 21:59:35,447 [WARN] PackLoader:240 - Cannot read IP mode file for ITTIA_DB.I-CUBE-ITTIADB.8.8.0
2023-12-07 21:59:35,452 [WARN] PackLoader:240 - Cannot read IP mode file for STMicroelectronics.X-CUBE-BLEMGR.2.0.0
2023-12-07 21:59:35,462 [WARN] ConditionMgr:438 - getConditionDescription Invalid condition id : UX DEVICE CLASS RTOS Condition cause : null
2023-12-07 21:59:35,462 [WARN] ConditionMgr:438 - getConditionDescription Invalid condition id : UX DEVICE CLASS RTOS Condition cause : null
2023-12-07 21:59:35,464 [WARN] PackLoader:240 - Cannot read IP mode file for STMicroelectronics.X-CUBE-AZRTOS-H7.3.1.0
2023-12-07 21:59:35,465 [WARN] ConditionMgr:1039 - genDependencies : Invalid condition id : UX DEVICE CLASS RTOS Condition cause : null
2023-12-07 21:59:35,465 [WARN] ConditionMgr:1039 - genDependencies : Invalid condition id : UX DEVICE CLASS RTOS Condition cause : null
2023-12-07 21:59:35,465 [WARN] ConditionMgr:1039 - genDependencies : Invalid condition id : UX DEVICE CLASS RTOS Condition cause : null
2023-12-07 21:59:35,465 [WARN] ConditionMgr:1039 - genDependencies : Invalid condition id : UX DEVICE CLASS RTOS Condition cause : null
2023-12-07 21:59:35,465 [WARN] ConditionMgr:1039 - genDependencies : Invalid condition id : UX DEVICE CLASS RTOS Condition cause : null
2023-12-07 21:59:35,471 [WARN] PackLoader:240 - Cannot read IP mode file for STMicroelectronics.X-CUBE-NFC7.1.0.1
2023-12-07 21:59:35,477 [WARN] PackLoader:240 - Cannot read IP mode file for STMicroelectronics.X-CUBE-NFC6.3.0.0
2023-12-07 21:59:35,484 [WARN] PackLoader:240 - Cannot read IP mode file for STMicroelectronics.X-CUBE-EEPRMA1.4.1.0
2023-12-07 21:59:35,493 [WARN] PackLoader:240 - Cannot read IP mode file for STMicroelectronics.X-CUBE-AI.8.1.0
2023-12-07 21:59:35,505 [WARN] ConditionMgr:438 - getConditionDescription Invalid condition id : LAN8742 Phy interface Condition cause : null
2023-12-07 21:59:35,506 [WARN] PackLoader:240 - Cannot read IP mode file for STMicroelectronics.X-CUBE-AZRTOS-L4.2.0.0
2023-12-07 21:59:35,508 [WARN] ConditionMgr:1039 - genDependencies : Invalid condition id : LAN8742 Phy interface Condition cause : null
2023-12-07 21:59:35,508 [WARN] ConditionMgr:1039 - genDependencies : Invalid condition id : LAN8742 Phy interface Condition cause : null
2023-12-07 21:59:35,508 [WARN] ConditionMgr:1039 - genDependencies : Invalid condition id : LAN8742 Phy interface Condition cause : null
2023-12-07 21:59:35,516 [WARN] PackLoader:240 - Cannot read IP mode file for STMicroelectronics.X-CUBE-SFXS2LP1.4.0.0
2023-12-07 21:59:35,521 [WARN] PackLoader:240 - Cannot read IP mode file for STMicroelectronics.X-CUBE-ISPU.1.1.0
2023-12-07 21:59:35,529 [WARN] ConditionMgr:438 - getConditionDescription Invalid condition id : UX DEVICE CLASS RTOS Condition cause : null
2023-12-07 21:59:35,530 [WARN] ConditionMgr:438 - getConditionDescription Invalid condition id : UX DEVICE CLASS RTOS Condition cause : null
2023-12-07 21:59:35,531 [WARN] PackLoader:240 - Cannot read IP mode file for STMicroelectronics.X-CUBE-AZRTOS-WB.2.0.0
2023-12-07 21:59:35,532 [WARN] ConditionMgr:1039 - genDependencies : Invalid condition id : UX DEVICE CLASS RTOS Condition cause : null
2023-12-07 21:59:35,532 [WARN] ConditionMgr:1039 - genDependencies : Invalid condition id : UX DEVICE CLASS RTOS Condition cause : null
2023-12-07 21:59:35,532 [WARN] ConditionMgr:1039 - genDependencies : Invalid condition id : UX DEVICE CLASS RTOS Condition cause : null
2023-12-07 21:59:35,538 [WARN] ConditionMgr:1039 - genDependencies : Invalid condition id : UX DEVICE CLASS RTOS Condition cause : null
2023-12-07 21:59:35,538 [WARN] ConditionMgr:1039 - genDependencies : Invalid condition id : UX DEVICE CLASS RTOS Condition cause : null
2023-12-07 21:59:35,545 [WARN] PackLoader:240 - Cannot read IP mode file for STMicroelectronics.X-CUBE-SUBG2.5.0.0
2023-12-07 21:59:35,557 [WARN] PackLoader:240 - Cannot read IP mode file for STMicroelectronics.X-CUBE-TOF1.3.3.1
2023-12-07 21:59:35,571 [WARN] PackLoader:240 - Cannot read IP mode file for STMicroelectronics.X-CUBE-AZRTOS-G4.2.0.0
2023-12-07 21:59:35,582 [WARN] PackLoader:240 - Cannot read IP mode file for Infineon.AIROC-Wi-Fi-Bluetooth-STM32.1.5.1
2023-12-07 21:59:35,588 [WARN] PackLoader:240 - Cannot read IP mode file for STMicroelectronics.FP-SNS-MOTENVWB1.1.3.0
2023-12-07 21:59:35,592 [WARN] PackLoader:240 - Cannot read IP mode file for STMicroelectronics.FP-SNS-MOTENVWB1.1.3.1
2023-12-07 21:59:35,596 [WARN] PackLoader:240 - Cannot read IP mode file for STMicroelectronics.X-CUBE-ISPU.2.0.0
2023-12-07 21:59:35,620 [WARN] PackLoader:240 - Cannot read IP mode file for STMicroelectronics.X-CUBE-MEMS1.10.0.0
2023-12-07 21:59:35,692 [WARN] PackLoader:240 - Cannot read IP mode file for STMicroelectronics.X-CUBE-FREERTOS.1.1.0
2023-12-07 21:59:35,699 [WARN] PackLoader:240 - Cannot read IP mode file for portGmbH.I-Cube-SoM-uGOAL.1.1.0
2023-12-07 21:59:35,709 [WARN] PackLoader:240 - Cannot read IP mode file for STMicroelectronics.X-CUBE-ALS.1.0.1
2023-12-07 21:59:35,727 [WARN] PackLoader:240 - Cannot read IP mode file for STMicroelectronics.FP-ATR-ASTRA1.2.0.0
2023-12-07 21:59:35,741 [WARN] PackLoader:240 - Cannot read IP mode file for STMicroelectronics.X-CUBE-TOF1.3.4.0
2023-12-07 21:59:35,758 [WARN] PackLoader:240 - Cannot read IP mode file for STMicroelectronics.X-CUBE-AZRTOS-H7.3.2.0
2023-12-07 21:59:35,760 [INFO] ThirdParty:978 - Integrity check success = true
2023-12-07 21:59:35,760 [INFO] IntegrityCheckThread:100 - exiting critical section [integrity check]
2023-12-07 21:59:35,760 [INFO] IntegrityCheckThread:103 - End integrity checks thread
2023-12-07 21:59:54,298 [ERROR] LogOutputStream:75 - [STDERR_REDIRECT] SLF4J: Failed to load class "org.slf4j.impl.StaticLoggerBinder".
2023-12-07 21:59:54,298 [ERROR] LogOutputStream:75 - [STDERR_REDIRECT] SLF4J: Defaulting to no-operation (NOP) logger implementation
2023-12-07 21:59:54,299 [ERROR] LogOutputStream:75 - [STDERR_REDIRECT] SLF4J: See http://www.slf4j.org/codes.html#StaticLoggerBinder for further details.
2023-12-07 22:33:49,530 [INFO] McuFinderGlobals:63 - Set McuFinder mode to 2 (CubeIDE integrated)
2023-12-07 22:33:49,534 [INFO] MainUpdater:2868 - connection check result : 10
2023-12-07 22:33:49,535 [INFO] MainUpdater:2868 - connection check result : 10
2023-12-07 22:33:50,119 [INFO] MicroXplorer:468 - Change Database Path : 
2023-12-07 22:33:50,119 [INFO] MicroXplorer:498 - Change Database Version : DB.6.0.92
2023-12-07 22:33:50,124 [WARN] ThirdParty:871 - waiting for thirdparty lock release [close project]
2023-12-07 22:33:50,124 [INFO] ThirdParty:873 - entering critical section [close project]
2023-12-07 22:33:50,126 [INFO] ThirdParty:883 - exiting critical section [close project]
2023-12-07 22:33:50,128 [INFO] PinOutPanel:1499 - setPackage(No Configuration,No Configuration)
2023-12-07 22:33:50,143 [INFO] UtilMem:75 - Begin LoadConfig() Used Memory: 524272072 Bytes (969932800)
2023-12-07 22:33:50,145 [INFO] MicroXplorer:468 - Change Database Path : 
2023-12-07 22:33:50,145 [INFO] MicroXplorer:498 - Change Database Version : DB.6.0.92
2023-12-07 22:33:50,145 [INFO] OpenFileManager:308 - Change cursor
2023-12-07 22:33:50,173 [INFO] Mcu:1946 - Initializing MCU STM32F103C(8-B)Tx STM32F103C8Tx STM32F103C8T6
2023-12-07 22:33:51,028 [INFO] Context:659 - Trying to add GPIOservice into a context  which must be forbidden
2023-12-07 22:33:51,389 [INFO] RtosManager:555 - Registered RTOS mode: class=CMSIS, group=RTOS, mode=CMSIS_V1, owner=FREERTOS
2023-12-07 22:33:51,389 [INFO] RtosManager:555 - Registered RTOS mode: class=CMSIS, group=RTOS2, mode=CMSIS_V2, owner=FREERTOS
2023-12-07 22:33:51,389 [INFO] RtosManager:555 - Registered RTOS mode: class=RTOS, group=Core, mode=CMSIS_V1, owner=FREERTOS
2023-12-07 22:33:51,389 [INFO] RtosManager:555 - Registered RTOS mode: class=RTOS, group=Core, mode=CMSIS_V2, owner=FREERTOS
2023-12-07 22:33:51,390 [WARN] ModelIntegratedComponent:184 - Missing modes for component STMicroelectronics:FreeRTOS:0.0.1:STMicroelectronics:RTOS:FreeRTOS:Core:::10.2.0:
2023-12-07 22:33:51,402 [WARN] ModelIntegratedComponent:63 - No mode defined for component null
2023-12-07 22:33:51,402 [WARN] ModelIntegratedComponent:63 - No mode defined for component null
2023-12-07 22:33:51,403 [WARN] ModelIntegratedComponent:63 - No mode defined for component null
2023-12-07 22:33:51,403 [WARN] ModelIntegratedComponent:63 - No mode defined for component null
2023-12-07 22:33:51,403 [WARN] ModelIntegratedComponent:63 - No mode defined for component null
2023-12-07 22:33:51,403 [WARN] ModelIntegratedComponent:63 - No mode defined for component null
2023-12-07 22:33:51,403 [WARN] ModelIntegratedComponent:63 - No mode defined for component null
2023-12-07 22:33:51,403 [WARN] ModelIntegratedComponent:63 - No mode defined for component null
2023-12-07 22:33:51,403 [WARN] ModelIntegratedComponent:63 - No mode defined for component null
2023-12-07 22:33:51,403 [WARN] ModelIntegratedComponent:63 - No mode defined for component null
2023-12-07 22:33:51,403 [WARN] ModelIntegratedComponent:63 - No mode defined for component null
2023-12-07 22:33:51,403 [WARN] ModelIntegratedComponent:63 - No mode defined for component null
2023-12-07 22:33:51,403 [WARN] ModelIntegratedComponent:63 - No mode defined for component null
2023-12-07 22:33:51,403 [WARN] ModelIntegratedComponent:63 - No mode defined for component null
2023-12-07 22:33:51,403 [WARN] ModelIntegratedComponent:63 - No mode defined for component null
2023-12-07 22:33:51,403 [WARN] ModelIntegratedComponent:63 - No mode defined for component null
2023-12-07 22:33:51,403 [WARN] ModelIntegratedComponent:63 - No mode defined for component null
2023-12-07 22:33:51,403 [WARN] ModelIntegratedComponent:63 - No mode defined for component null
2023-12-07 22:33:51,403 [WARN] ModelIntegratedComponent:63 - No mode defined for component null
2023-12-07 22:33:51,403 [WARN] ModelIntegratedComponent:63 - No mode defined for component null
2023-12-07 22:33:51,403 [WARN] ModelIntegratedComponent:63 - No mode defined for component null
2023-12-07 22:33:51,403 [WARN] ModelIntegratedComponent:63 - No mode defined for component null
2023-12-07 22:33:51,403 [WARN] ModelIntegratedComponent:63 - No mode defined for component null
2023-12-07 22:33:51,403 [WARN] ModelIntegratedComponent:63 - No mode defined for component null
2023-12-07 22:33:51,403 [WARN] ModelIntegratedComponent:63 - No mode defined for component null
2023-12-07 22:33:51,403 [WARN] ModelIntegratedComponent:63 - No mode defined for component null
2023-12-07 22:33:51,403 [WARN] ModelIntegratedComponent:63 - No mode defined for component null
2023-12-07 22:33:51,403 [WARN] ModelIntegratedComponent:63 - No mode defined for component null
2023-12-07 22:33:51,403 [WARN] ModelIntegratedComponent:63 - No mode defined for component null
2023-12-07 22:33:51,403 [WARN] ModelIntegratedComponent:63 - No mode defined for component null
2023-12-07 22:33:51,403 [WARN] ModelIntegratedComponent:63 - No mode defined for component null
2023-12-07 22:33:51,403 [WARN] ModelIntegratedComponent:63 - No mode defined for component null
2023-12-07 22:33:51,403 [WARN] ModelIntegratedComponent:63 - No mode defined for component null
2023-12-07 22:33:51,471 [INFO] ThirdPartyModel:298 - Start build external matchings
2023-12-07 22:33:51,975 [INFO] ThirdPartyModel:316 - End build external matchings
2023-12-07 22:33:51,987 [INFO] ImportTextPane:194 - (OptionalMessage_ERROR) IP (RCC) : Parameter (ADCFreqValue) has invalid value (36000000)
2023-12-07 22:33:51,987 [INFO] ImportTextPane:194 - (OptionalMessage_ERROR) IP (RCC) : Invalid parameter (FamilyName)
2023-12-07 22:33:51,987 [INFO] ImportTextPane:194 - (OptionalMessage_ERROR) IP (RCC) : Parameter (MCOFreq_Value) has invalid value (72000000)
2023-12-07 22:33:51,988 [INFO] ImportTextPane:194 - (OptionalMessage_ERROR) IP (RCC) : Parameter (USBFreq_Value) has invalid value (72000000)
2023-12-07 22:33:52,169 [INFO] UtilMem:75 - End LoadConfig() Used Memory: 596070976 Bytes (1073741824)
2023-12-07 22:33:52,912 [INFO] ApiDb:581 - Connected to CubeFinder SQLite database (C:\Users\lenovo\.stmcufinder\plugins\mcufinder\mcu\cube-finder-db.db)
2023-12-07 22:33:53,027 [INFO] ApiDb:668 - CubeFinder database Data Model version=2.1
2023-12-07 22:33:53,028 [INFO] ApiDb:669 - CubeFinder database Configuration version=3.0.39
2023-12-07 22:33:53,032 [INFO] ApiDb:670 - CubeFinder database generation date=2023-11-06 (1699269565)
2023-12-07 22:33:53,032 [INFO] ApiDb:671 - CubeFinder database FW Pack versions=[FP-ATR-ASTRA1_V2.0.0, FP-SNS-FLIGHT1_V5.0.1, FP-SNS-FLIGHT1_V5.0.2, FP-SNS-MOTENV1_V4.3.1, FP-SNS-MOTENV1_V4.3.2, FP-SNS-MOTENVWB1_V1.3.0, FP-SNS-SMARTAG2_V1.2.0, STM32Cube_FW_C0_V1.1.0, STM32Cube_FW_F4_V1.28.0, STM32Cube_FW_F7_V1.17.0, STM32Cube_FW_G0_V1.6.1, STM32Cube_FW_G4_V1.5.1, STM32Cube_FW_H5_V0.5.1, STM32Cube_FW_H5_V1.1.1, STM32Cube_FW_H5_V1.2.0RC2, STM32Cube_FW_H7_V1.11.0, STM32Cube_FW_L0_V1.12.2, STM32Cube_FW_L5_V1.5.0, STM32Cube_FW_U5_V1.3.0RC4, STM32Cube_FW_U5_V1.4.0, STM32Cube_FW_WBA_V1.0.0RC1, STM32Cube_FW_WBA_V1.1.0RC1, STM32Cube_FW_WBA_V1.2.0, STM32Cube_FW_WBA_V1.2.0RC2, STM32Cube_FW_WB_V1.15.0RC1, STM32Cube_FW_WB_V1.16.0, STM32Cube_FW_WB_V1.16.0RC2, STM32Cube_FW_WB_V1.18.0, STM32Cube_FW_WL_V1.3.0, X-CUBE-ALGOBUILD_V1.3.0, X-CUBE-ALS_V1.0.1, X-CUBE-AZRTOS-F4_V1.1.0, X-CUBE-AZRTOS-F7_V1.1.0, X-CUBE-AZRTOS-G0_V1.1.0, X-CUBE-AZRTOS-G4_V2.0.0, X-CUBE-AZRTOS-H7_V3.1.0, X-CUBE-AZRTOS-L4_V1.0.0, X-CUBE-AZRTOS-L4_V2.0.0, X-CUBE-AZRTOS-L5_V1.1.0, X-CUBE-AZRTOS-WB_V2.0.0, X-CUBE-AZRTOS-WL_V2.0.0, X-CUBE-BLE1_V7.0.0, X-CUBE-BLE2_V3.3.0, X-CUBE-BLEMGR_V2.0.0, X-CUBE-EEPRMA1_V4.1.0, X-CUBE-EEPRMA1_V4.2.0, X-CUBE-FREERTOS_V1.1.0, X-CUBE-GNSS1_V6.0.0, X-CUBE-MEMS1_V10.0.0, X-CUBE-MEMS1_V9.1.0, X-CUBE-MEMS1_V9.4.0, X-CUBE-MEMS1_V9.6.0, X-CUBE-NFC4_V3.0.0, X-CUBE-NFC7_V1.0.1, X-CUBE-SFXS2LP1_V4.0.0, X-CUBE-SUBG2_V5.0.0, X-CUBE-TOF1_V3.3.1]
2023-12-07 22:33:55,127 [INFO] ApiDb:240 - Found 323 in-development CPN: [B-G473E-ZEST1S, B-WB1M-WPAN1, B-WL5M-SUBG1, NUCLEO-C031C6, NUCLEO-H503RB, NUCLEO-H563ZI, NUCLEO-U545RE-Q, NUCLEO-U5A5ZJ-Q, NUCLEO-WBA52CG, STEVAL-PROTEUS1, STEVAL-SMARTAG2, STEVAL-STWINBX1, STM320518-EVAL, STM32C0116-DK, STM32C011D6Y3TR, STM32C011D6Y6TR, STM32C011F4P3, STM32C011F4P6, STM32C011F4U3, STM32C011F4U6TR, STM32C011F6P3, STM32C011F6P6, STM32C011F6U3, STM32C011F6U6TR, STM32C011J4M3, STM32C011J4M6, STM32C011J6M3, STM32C011J6M6, STM32C0316-DK, STM32C031C4T3, STM32C031C4T6, STM32C031C4U3, STM32C031C4U6, STM32C031C6T3, STM32C031C6T6, STM32C031C6U3, STM32C031C6U6, STM32C031F4P3, STM32C031F4P6, STM32C031F6P3, STM32C031F6P6, STM32C031G4U3, STM32C031G4U6, STM32C031G6U3, STM32C031G6U6, STM32C031K4T3, STM32C031K4T6, STM32C031K4U3, STM32C031K4U6, STM32C031K6T3, STM32C031K6T6, STM32C031K6U3, STM32C031K6U6, STM32G071K8TXN, STM32G071K8UXN, STM32G081GBU6N, STM32G081KBT6N, STM32G081KBUXN, STM32G0B1CCT6N, STM32G0B1KCT6, STM32G0B1NEY6TR, STM32G0B1RCT6N, STM32G0C1CCT6, STM32G0C1CCT6N, STM32G0C1CCU6N, STM32G0C1CET6N, STM32G0C1CEU6N, STM32G0C1KCT6, STM32G0C1NEY6TR, STM32G0C1RCI6N, STM32G0C1RCT6N, STM32G0C1REI6N, STM32G0C1RET6N, STM32G0C1VCI6, STM32G0C1VEI6, STM32G471CCT6, STM32G471CCU6, STM32G471CET3, STM32G471CET6, STM32G471CEU3, STM32G471CEU6, STM32G471MCT6, STM32G471MET3, STM32G471MET6, STM32G471MEY6TR, STM32G471QCT6, STM32G471QET3, STM32G471RCT6, STM32G471RET3, STM32G471RET6, STM32G471VCH6, STM32G471VCI6, STM32G471VCT6, STM32G471VEH3, STM32G471VEH6, STM32G471VEI3, STM32G471VEI6, STM32G471VET3, STM32G471VET6, STM32G474CCT6, STM32H503CBT6, STM32H503CBU6, STM32H503EBY6TR, STM32H503KBU6, STM32H503RBT6, STM32H562AGI6, STM32H562AII6, STM32H562IGK6, STM32H562IGT6, STM32H562IIK6, STM32H562IIT6, STM32H562RGT6, STM32H562RGV6, STM32H562RIT6, STM32H562RIV6, STM32H562VGT6, STM32H562VIT6, STM32H562ZGT6, STM32H562ZIT6, STM32H563AGI6, STM32H563AII3Q, STM32H563AII6, STM32H563IGK6, STM32H563IGT6, STM32H563IIK3Q, STM32H563IIK6, STM32H563IIT3Q, STM32H563IIT6, STM32H563MIY3QTR, STM32H563RGT6, STM32H563RGV6, STM32H563RIT6, STM32H563RIV6, STM32H563VGT6, STM32H563VIT3Q, STM32H563VIT6, STM32H563ZGT6, STM32H563ZIT3Q, STM32H563ZIT6, STM32H573AII3Q, STM32H573AII6, STM32H573I-DK, STM32H573IIK3Q, STM32H573IIK6, STM32H573IIT3Q, STM32H573IIT6, STM32H573MIY3QTR, STM32H573RIT6, STM32H573RIV6, STM32H573VIT3Q, STM32H573VIT6, STM32H573ZIT3Q, STM32H573ZIT6, STM32L4R5QGI6STR, STM32MP131AAE3, STM32MP131AAF3, STM32MP131AAG3, STM32MP131CAE3, STM32MP131CAF3, STM32MP131CAG3, STM32MP131DAE7, STM32MP131DAF7, STM32MP131DAG7, STM32MP131FAE7, STM32MP131FAF7, STM32MP131FAG7, STM32MP133AAE3, STM32MP133AAF3, STM32MP133AAG3, STM32MP133CAE3, STM32MP133CAF3, STM32MP133CAG3, STM32MP133DAE7, STM32MP133DAF7, STM32MP133DAG7, STM32MP133FAE7, STM32MP133FAF7, STM32MP133FAG7, STM32MP135AAE3, STM32MP135AAF3, STM32MP135AAG3, STM32MP135CAE3, STM32MP135CAF3, STM32MP135CAG3, STM32MP135DAE7, STM32MP135DAF7, STM32MP135DAG7, STM32MP135F-DK, STM32MP135FAE7, STM32MP135FAF7, STM32MP135FAF7T, STM32MP135FAF7U, STM32MP135FAG7, STM32U535CBT6, STM32U535CBT6Q, STM32U535CBU6, STM32U535CBU6Q, STM32U535CCT6, STM32U535CCT6Q, STM32U535CCU6, STM32U535CCU6Q, STM32U535CET6, STM32U535CET6Q, STM32U535CEU6, STM32U535CEU6Q, STM32U535JEY6QTR, STM32U535NCY6QTR, STM32U535NEY6QTR, STM32U535RBI6, STM32U535RBI6Q, STM32U535RBT6, STM32U535RBT6Q, STM32U535RCI6, STM32U535RCI6Q, STM32U535RCT6, STM32U535RCT6Q, STM32U535REI6, STM32U535REI6Q, STM32U535RET6, STM32U535RET6Q, STM32U535VCI6, STM32U535VCI6Q, STM32U535VCT6, STM32U535VCT6Q, STM32U535VEI6, STM32U535VEI6Q, STM32U535VET6, STM32U535VET6Q, STM32U545CET6, STM32U545CET6Q, STM32U545CEU6, STM32U545CEU6Q, STM32U545JEY6QTR, STM32U545NEY6QTR, STM32U545REI6, STM32U545REI6Q, STM32U545RET6, STM32U545RET6Q, STM32U545VEI6, STM32U545VEI6Q, STM32U545VET6, STM32U545VET6Q, STM32U595AIH6, STM32U595AIH6Q, STM32U595AJH6, STM32U595AJH6Q, STM32U595QII6, STM32U595QII6Q, STM32U595QJI6, STM32U595QJI6Q, STM32U595RIT6, STM32U595RIT6Q, STM32U595RJT6, STM32U595RJT6Q, STM32U595VIT6, STM32U595VIT6Q, STM32U595VJT6, STM32U595VJT6Q, STM32U595ZIT6, STM32U595ZIT6Q, STM32U595ZIY6QTR, STM32U595ZJT6, STM32U595ZJT6Q, STM32U595ZJY6QTR, STM32U599BJY6QTR, STM32U599NIH6Q, STM32U599NJH6Q, STM32U599VIT6Q, STM32U599VJT6, STM32U599VJT6Q, STM32U599ZIT6Q, STM32U599ZIY6QTR, STM32U599ZJT6Q, STM32U599ZJY6QTR, STM32U5A5AJH6, STM32U5A5AJH6Q, STM32U5A5QJI6, STM32U5A5QJI6Q, STM32U5A5RJT6, STM32U5A5RJT6Q, STM32U5A5VJT6, STM32U5A5VJT6Q, STM32U5A5ZJT6, STM32U5A5ZJT6Q, STM32U5A5ZJY6QTR, STM32U5A9BJY6QTR, STM32U5A9J-DK, STM32U5A9NJH6Q, STM32U5A9VJT6Q, STM32U5A9ZJT6Q, STM32U5A9ZJY6QTR, STM32U5F7VIT6, STM32U5F7VIT6Q, STM32U5F7VJT6, STM32U5F7VJT6Q, STM32U5F9BJY6QTR, STM32U5F9NJH6Q, STM32U5F9VIT6Q, STM32U5F9VJT6Q, STM32U5F9ZIJ6QTR, STM32U5F9ZIT6Q, STM32U5F9ZJJ6QTR, STM32U5F9ZJT6Q, STM32U5G7VJT6, STM32U5G7VJT6Q, STM32U5G9BJY6QTR, STM32U5G9J-DK1, STM32U5G9J-DK2, STM32U5G9NJH6Q, STM32U5G9VJT6Q, STM32U5G9ZJJ6QTR, STM32U5G9ZJT6Q, STM32WB1MMCH6, STM32WBA52CEU6, STM32WBA52CEU6T, STM32WBA52CGU6, STM32WBA52CGU6T, STM32WBA52KEU6, STM32WBA52KEU6T, STM32WBA52KGU6, STM32WBA52KGU6T, STM32WL5MOCH6, STM32WL5MOCH6TR]
2023-12-07 22:33:55,130 [INFO] DbMcus:217 - Found 3882 MCUs, 3882 are supported
2023-12-07 22:33:55,131 [INFO] ApiDb:423 - Load user favorites file C:\Users\lenovo/.stm32cubeide/favorites.mcus.txt: 1 item(s)
2023-12-07 22:33:55,131 [INFO] ApiDb:427 - User favorites MCUs=[STM32F103C8T6]
2023-12-07 22:33:55,131 [INFO] DbMcus:223 - Set 1 / 1 favorites MCUs
2023-12-07 22:33:55,465 [WARN] ThirdParty:833 - waiting for thirdparty lock release [change project]
2023-12-07 22:33:55,465 [INFO] ThirdParty:835 - entering critical section [change project]
2023-12-07 22:33:55,465 [INFO] ThirdParty:1030 - CMSIS Pack Vendor :STMicroelectronics X-CUBE-ISPU 1.1.0
2023-12-07 22:33:55,466 [INFO] ThirdParty:1030 - CMSIS Pack Vendor :STMicroelectronics USBPD 4.1
2023-12-07 22:33:55,466 [INFO] ThirdParty:1030 - CMSIS Pack Vendor :STMicroelectronics X-CUBE-GNSS1 6.0.0
2023-12-07 22:33:55,466 [INFO] ThirdParty:1030 - CMSIS Pack Vendor :STMicroelectronics USB_HOST 2.0.0
2023-12-07 22:33:55,466 [INFO] ThirdParty:1030 - CMSIS Pack Vendor :STMicroelectronics X-CUBE-AZRTOS-F4 1.1.0
2023-12-07 22:33:55,466 [INFO] ThirdParty:1030 - CMSIS Pack Vendor :STMicroelectronics LIBJPEG 8.0.0
2023-12-07 22:33:55,466 [INFO] ThirdParty:1030 - CMSIS Pack Vendor :wolfSSL I-CUBE-wolfSSL 5.6.3
2023-12-07 22:33:55,466 [INFO] ThirdParty:1030 - CMSIS Pack Vendor :STMicroelectronics X-CUBE-SMBUS 2.1.0
2023-12-07 22:33:55,466 [INFO] ThirdParty:1030 - CMSIS Pack Vendor :STMicroelectronics USB_DEVICE 3.0.0
2023-12-07 22:33:55,466 [INFO] ThirdParty:1030 - CMSIS Pack Vendor :STMicroelectronics X-CUBE-AZRTOS-WB 2.0.0
2023-12-07 22:33:55,466 [INFO] ThirdParty:1030 - CMSIS Pack Vendor :STMicroelectronics X-CUBE-AZRTOS-F7 1.1.0
2023-12-07 22:33:55,466 [INFO] ThirdParty:1030 - CMSIS Pack Vendor :STMicroelectronics X-CUBE-AZRTOS-L5 2.0.0
2023-12-07 22:33:55,466 [INFO] ThirdParty:1030 - CMSIS Pack Vendor :STMicroelectronics USB_DEVICE 2.0.0
2023-12-07 22:33:55,466 [INFO] ThirdParty:1030 - CMSIS Pack Vendor :STMicroelectronics X-CUBE-MEMS1 9.6.0
2023-12-07 22:33:55,466 [INFO] ThirdParty:1030 - CMSIS Pack Vendor :STMicroelectronics X-CUBE-EEPRMA1 4.2.0
2023-12-07 22:33:55,466 [INFO] ThirdParty:1030 - CMSIS Pack Vendor :ITTIA_DB I-CUBE-ITTIADB 8.8.0
2023-12-07 22:33:55,466 [INFO] ThirdParty:1030 - CMSIS Pack Vendor :STMicroelectronics FP-SNS-MOTENV1 4.3.2
2023-12-07 22:33:55,466 [INFO] ThirdParty:1030 - CMSIS Pack Vendor :STMicroelectronics X-CUBE-ALGOBUILD 1.3.0
2023-12-07 22:33:55,466 [INFO] ThirdParty:1030 - CMSIS Pack Vendor :STMicroelectronics FreeRTOS 0.0.1
2023-12-07 22:33:55,466 [INFO] ThirdParty:1030 - CMSIS Pack Vendor :STMicroelectronics X-CUBE-AZRTOS-G0 1.1.0
2023-12-07 22:33:55,466 [INFO] ThirdParty:1030 - CMSIS Pack Vendor :STMicroelectronics X-CUBE-BLEMGR 2.0.0
2023-12-07 22:33:55,466 [INFO] ThirdParty:1030 - CMSIS Pack Vendor :STMicroelectronics X-CUBE-NFC4 3.0.0
2023-12-07 22:33:55,466 [INFO] ThirdParty:1030 - CMSIS Pack Vendor :STMicroelectronics X-CUBE-SUBG2 5.0.0
2023-12-07 22:33:55,466 [INFO] ThirdParty:1030 - CMSIS Pack Vendor :STMicroelectronics STM32_WPAN 1.0.0
2023-12-07 22:33:55,466 [INFO] ThirdParty:1030 - CMSIS Pack Vendor :STMicroelectronics lwIP 2.0.3
2023-12-07 22:33:55,466 [INFO] ThirdParty:1030 - CMSIS Pack Vendor :STMicroelectronics FP-SNS-FLIGHT1 5.0.2
2023-12-07 22:33:55,466 [INFO] ThirdParty:1030 - CMSIS Pack Vendor :STMicroelectronics USB_HOST 1.0.0
2023-12-07 22:33:55,466 [INFO] ThirdParty:1030 - CMSIS Pack Vendor :STMicroelectronics X-CUBE-TOF1 3.3.1
2023-12-07 22:33:55,466 [INFO] ThirdParty:1030 - CMSIS Pack Vendor :STMicroelectronics X-CUBE-AZRTOS-G4 2.0.0
2023-12-07 22:33:55,466 [INFO] ThirdParty:1030 - CMSIS Pack Vendor :STMicroelectronics PDM2PCM 3.1.0
2023-12-07 22:33:55,466 [INFO] ThirdParty:1030 - CMSIS Pack Vendor :STMicroelectronics X-CUBE-AZRTOS-H7 3.1.0
2023-12-07 22:33:55,466 [INFO] ThirdParty:1030 - CMSIS Pack Vendor :Infineon AIROC-Wi-Fi-Bluetooth-STM32 1.5.1
2023-12-07 22:33:55,466 [INFO] ThirdParty:1030 - CMSIS Pack Vendor :STMicroelectronics X-CUBE-BLEMGR 3.0.0
2023-12-07 22:33:55,466 [INFO] ThirdParty:1030 - CMSIS Pack Vendor :STMicroelectronics PDM2PCM 3.3.0
2023-12-07 22:33:55,466 [INFO] ThirdParty:1030 - CMSIS Pack Vendor :STMicroelectronics X-CUBE-DISPLAY 3.0.0
2023-12-07 22:33:55,466 [INFO] ThirdParty:1030 - CMSIS Pack Vendor :STMicroelectronics FP-SNS-MOTENVWB1 1.3.0
2023-12-07 22:33:55,466 [INFO] ThirdParty:1030 - CMSIS Pack Vendor :STMicroelectronics FP-SNS-MOTENVWB1 1.3.1
2023-12-07 22:33:55,466 [INFO] ThirdParty:1030 - CMSIS Pack Vendor :STMicroelectronics X-CUBE-BLE1 7.0.0
2023-12-07 22:33:55,466 [INFO] ThirdParty:1030 - CMSIS Pack Vendor :STMicroelectronics FP-ATR-SIGFOX1 3.2.0
2023-12-07 22:33:55,466 [INFO] ThirdParty:1030 - CMSIS Pack Vendor :STMicroelectronics X-CUBE-ISPU 2.0.0
2023-12-07 22:33:55,466 [INFO] ThirdParty:1030 - CMSIS Pack Vendor :STMicroelectronics HAL Drivers 0.0.0
2023-12-07 22:33:55,466 [INFO] ThirdParty:1030 - CMSIS Pack Vendor :STMicroelectronics MBEDTLS 2.16.2
2023-12-07 22:33:55,466 [INFO] ThirdParty:1030 - CMSIS Pack Vendor :emotas I-CUBE-CANOPEN 1.3.0
2023-12-07 22:33:55,466 [INFO] ThirdParty:1030 - CMSIS Pack Vendor :STMicroelectronics X-CUBE-MEMS1 10.0.0
2023-12-07 22:33:55,466 [INFO] ThirdParty:1030 - CMSIS Pack Vendor :STMicroelectronics X-CUBE-FREERTOS 1.1.0
2023-12-07 22:33:55,466 [INFO] ThirdParty:1030 - CMSIS Pack Vendor :STMicroelectronics X-CUBE-NFC7 1.0.1
2023-12-07 22:33:55,466 [INFO] ThirdParty:1030 - CMSIS Pack Vendor :STMicroelectronics MBEDTLS 2.14.1
2023-12-07 22:33:55,466 [INFO] ThirdParty:1030 - CMSIS Pack Vendor :STMicroelectronics X-CUBE-TOUCHGFX 4.22.1
2023-12-07 22:33:55,466 [INFO] ThirdParty:1030 - CMSIS Pack Vendor :STMicroelectronics X-CUBE-NFC6 3.0.0
2023-12-07 22:33:55,468 [INFO] ThirdParty:1030 - CMSIS Pack Vendor :STMicroelectronics X-CUBE-EEPRMA1 4.1.0
2023-12-07 22:33:55,468 [INFO] ThirdParty:1030 - CMSIS Pack Vendor :portGmbH I-Cube-SoM-uGOAL 1.1.0
2023-12-07 22:33:55,468 [INFO] ThirdParty:1030 - CMSIS Pack Vendor :STMicroelectronics X-CUBE-ALS 1.0.1
2023-12-07 22:33:55,468 [INFO] ThirdParty:1030 - CMSIS Pack Vendor :STMicroelectronics ThreadX 1.0.0
2023-12-07 22:33:55,468 [INFO] ThirdParty:1030 - CMSIS Pack Vendor :STMicroelectronics FP-SNS-SMARTAG2 1.2.0
2023-12-07 22:33:55,468 [INFO] ThirdParty:1030 - CMSIS Pack Vendor :STMicroelectronics X-CUBE-AZRTOS-WL 2.0.0
2023-12-07 22:33:55,468 [INFO] ThirdParty:1030 - CMSIS Pack Vendor :SEGGER I-CUBE-embOS 1.3.1
2023-12-07 22:33:55,468 [INFO] ThirdParty:1030 - CMSIS Pack Vendor :STMicroelectronics USB_DEVICE 1.0.0
2023-12-07 22:33:55,468 [INFO] ThirdParty:1030 - CMSIS Pack Vendor :STMicroelectronics X-CUBE-AI 8.1.0
2023-12-07 22:33:55,468 [INFO] ThirdParty:1030 - CMSIS Pack Vendor :STMicroelectronics X-CUBE-AZRTOS-L4 2.0.0
2023-12-07 22:33:55,468 [INFO] ThirdParty:1030 - CMSIS Pack Vendor :STMicroelectronics ThreadX 0.0.2
2023-12-07 22:33:55,468 [INFO] ThirdParty:1030 - CMSIS Pack Vendor :WES I-CUBE-Cesium 1.3.0
2023-12-07 22:33:55,468 [INFO] ThirdParty:1030 - CMSIS Pack Vendor :STMicroelectronics FP-ATR-ASTRA1 2.0.0
2023-12-07 22:33:55,468 [INFO] ThirdParty:1030 - CMSIS Pack Vendor :STMicroelectronics lwIP 2.1.2
2023-12-07 22:33:55,468 [INFO] ThirdParty:1030 - CMSIS Pack Vendor :STMicroelectronics X-CUBE-SFXS2LP1 4.0.0
2023-12-07 22:33:55,468 [INFO] ThirdParty:1030 - CMSIS Pack Vendor :STMicroelectronics X-CUBE-BLE2 3.3.0
2023-12-07 22:33:55,469 [INFO] ThirdParty:1030 - CMSIS Pack Vendor :STMicroelectronics X-CUBE-TOF1 3.4.0
2023-12-07 22:33:55,469 [INFO] ThirdParty:1030 - CMSIS Pack Vendor :STMicroelectronics X-CUBE-AZRTOS-H7 3.2.0
2023-12-07 22:33:55,469 [INFO] ThirdParty:1030 - CMSIS Pack Vendor :STMicroelectronics PDM2PCM 3.2.0
2023-12-07 22:33:55,469 [INFO] ThirdParty:841 - exiting critical section [change project]
2023-12-07 22:33:55,754 [INFO] PinOutPanel:1499 - setPackage(No Configuration,No Configuration)
2023-12-07 22:33:55,755 [INFO] PinOutPanel:1499 - setPackage(STM32F103C8Tx,LQFP48)
2023-12-07 22:33:56,212 [INFO] UtilMem:75 - Before build in PCC Used Memory: 669124552 Bytes (1073741824)
2023-12-07 22:33:57,328 [INFO] UtilMem:75 - After build in PCC Used Memory: 727302688 Bytes (1073741824)
2023-12-07 22:33:57,350 [INFO] IPUIPlugin:80 - create IPUIPlugin
2023-12-07 22:33:57,350 [INFO] IPUIPlugin:80 - create IPUIPlugin
2023-12-07 22:33:57,350 [INFO] IPUIPlugin:80 - create IPUIPlugin
2023-12-07 22:33:57,350 [INFO] IPUIPlugin:80 - create IPUIPlugin
2023-12-07 22:33:57,350 [INFO] IPUIPlugin:80 - create IPUIPlugin
2023-12-07 22:33:57,350 [INFO] IPUIPlugin:80 - create IPUIPlugin
2023-12-07 22:33:57,350 [INFO] IPUIPlugin:80 - create IPUIPlugin
2023-12-07 22:33:57,350 [INFO] IPUIPlugin:80 - create IPUIPlugin
2023-12-07 22:33:57,351 [INFO] IPUIPlugin:80 - create IPUIPlugin
2023-12-07 22:33:57,351 [INFO] IPUIPlugin:80 - create IPUIPlugin
2023-12-07 22:33:57,351 [INFO] IPUIPlugin:80 - create IPUIPlugin
2023-12-07 22:33:57,351 [INFO] IPUIPlugin:80 - create IPUIPlugin
2023-12-07 22:33:57,351 [INFO] IPUIPlugin:80 - create IPUIPlugin
2023-12-07 22:33:57,351 [INFO] IPUIPlugin:80 - create IPUIPlugin
2023-12-07 22:33:57,351 [INFO] IPUIPlugin:80 - create IPUIPlugin
2023-12-07 22:33:57,351 [INFO] IPUIPlugin:80 - create IPUIPlugin
2023-12-07 22:33:57,351 [INFO] IPUIPlugin:80 - create IPUIPlugin
2023-12-07 22:33:57,352 [INFO] IPUIPlugin:80 - create IPUIPlugin
2023-12-07 22:33:57,352 [INFO] IPUIPlugin:80 - create IPUIPlugin
2023-12-07 22:33:57,352 [INFO] IPUIPlugin:80 - create IPUIPlugin
2023-12-07 22:33:57,352 [INFO] IPUIPlugin:80 - create IPUIPlugin
2023-12-07 22:33:57,352 [INFO] IPUIPlugin:80 - create IPUIPlugin
2023-12-07 22:33:57,352 [INFO] IPUIPlugin:80 - create IPUIPlugin
2023-12-07 22:33:57,352 [INFO] IPUIPlugin:80 - create IPUIPlugin
2023-12-07 22:33:57,352 [INFO] IPUIPlugin:80 - create IPUIPlugin
2023-12-07 22:33:57,353 [INFO] IPUIPlugin:80 - create IPUIPlugin
2023-12-07 22:33:57,353 [INFO] IPUIPlugin:80 - create IPUIPlugin
2023-12-07 22:33:57,662 [INFO] CADModel:165 - CPN selected for project levelSTM32F103C8T6
2023-12-07 22:33:57,662 [INFO] CADModel:114 - Register for checkConnection events
2023-12-07 22:33:57,736 [INFO] OpenFileManager:328 - Restore cursor
