2023-12-06 20:12:14,195 [INFO] Activator:176 - 


2023-12-06 20:12:14,205 [INFO] Activator:177 - !SESSION log4j initialized
2023-12-06 20:12:23,547 [INFO] LogOutputStream:77 - [STDOUT_REDIRECT] 
2023-12-06 20:12:27,141 [INFO] ApplicationProperties:184 - Using Application install path: D:\ST\STM32CubeIDE_1.13.2\STM32CubeIDE\plugins\com.st.stm32cube.common.mx_6.9.2.202309101412
2023-12-06 20:12:27,173 [INFO] DbMcusXml:78 - Set database path to: D:\ST\STM32CubeIDE_1.13.2\STM32CubeIDE\plugins\com.st.stm32cube.common.mx_6.9.2.202309101412\\db\/mcu/
2023-12-06 20:12:27,174 [INFO] ApiDb:274 - Set plugin database path to: D:\ST\STM32CubeIDE_1.13.2\STM32CubeIDE\plugins\com.st.stm32cube.common.mx_6.9.2.202309101412\\db\/plugins/boardmanager/
2023-12-06 20:12:27,174 [WARN] ApiDb:259 - Overriding images path with different value:  => D:\ST\STM32CubeIDE_1.13.2\STM32CubeIDE\plugins\com.st.stm32cube.common.mx_6.9.2.202309101412\\db\/plugins/mcufinder/images/
2023-12-06 20:12:27,193 [INFO] ApiDb:250 - Set database path to: C:\Users\lenovo\.stmcufinder\plugins\mcufinder//mcu/
2023-12-06 20:12:27,194 [INFO] DbMcusAds:125 - Set database path to: C:\Users\lenovo\.stmcufinder\plugins\mcufinder//mcu/
2023-12-06 20:12:27,197 [INFO] CrossReferenceDbSqlite:203 - Set database path to: C:\Users\lenovo\.stmcufinder\plugins\mcufinder//mcu/cs/
2023-12-06 20:12:27,387 [INFO] RulesReader:64 - Compatibility file has been processed (293 Rules)
2023-12-06 20:12:27,512 [INFO] DbMcusXml:78 - Set database path to: D:\ST\STM32CubeIDE_1.13.2\STM32CubeIDE\plugins\com.st.stm32cube.common.mx_6.9.2.202309101412\\db\/mcu/
2023-12-06 20:12:27,513 [INFO] ApiDb:274 - Set plugin database path to: D:\ST\STM32CubeIDE_1.13.2\STM32CubeIDE\plugins\com.st.stm32cube.common.mx_6.9.2.202309101412\\db\/plugins/boardmanager/
2023-12-06 20:12:27,513 [INFO] ApiDb:261 - Set plugin images path to: D:\ST\STM32CubeIDE_1.13.2\STM32CubeIDE\plugins\com.st.stm32cube.common.mx_6.9.2.202309101412\\db\/plugins/mcufinder/images/
2023-12-06 20:12:27,513 [WARN] DbFile:41 - Overriding database path with different value: C:\Users\lenovo\.stmcufinder\plugins\mcufinder/ => C:\Users\lenovo\.stmcufinder\plugins\mcufinder
2023-12-06 20:12:27,514 [INFO] ApiDb:250 - Set database path to: C:\Users\lenovo\.stmcufinder\plugins\mcufinder//mcu/
2023-12-06 20:12:27,514 [WARN] DbFile:41 - Overriding database path with different value: C:\Users\lenovo\.stmcufinder\plugins\mcufinder/ => C:\Users\lenovo\.stmcufinder\plugins\mcufinder
2023-12-06 20:12:27,514 [INFO] DbMcusAds:125 - Set database path to: C:\Users\lenovo\.stmcufinder\plugins\mcufinder//mcu/
2023-12-06 20:12:27,514 [WARN] DbFile:41 - Overriding database path with different value: C:\Users\lenovo\.stmcufinder\plugins\mcufinder/ => C:\Users\lenovo\.stmcufinder\plugins\mcufinder
2023-12-06 20:12:27,515 [WARN] DbFile:41 - Overriding database path with different value: C:\Users\lenovo\.stmcufinder\plugins\mcufinder/ => C:\Users\lenovo\.stmcufinder\plugins\mcufinder
2023-12-06 20:12:27,515 [INFO] CrossReferenceDbSqlite:203 - Set database path to: C:\Users\lenovo\.stmcufinder\plugins\mcufinder//mcu/cs/
2023-12-06 20:12:27,635 [INFO] MainPanel:262 - HeapMemory: 268435456
2023-12-06 20:12:27,743 [INFO] DbMcusXml:78 - Set database path to: D:\ST\STM32CubeIDE_1.13.2\STM32CubeIDE\plugins\com.st.stm32cube.common.mx_6.9.2.202309101412\\db\/mcu/
2023-12-06 20:12:27,744 [INFO] ApiDb:274 - Set plugin database path to: D:\ST\STM32CubeIDE_1.13.2\STM32CubeIDE\plugins\com.st.stm32cube.common.mx_6.9.2.202309101412\\db\/plugins/boardmanager/
2023-12-06 20:12:27,744 [INFO] ApiDb:261 - Set plugin images path to: D:\ST\STM32CubeIDE_1.13.2\STM32CubeIDE\plugins\com.st.stm32cube.common.mx_6.9.2.202309101412\\db\/plugins/mcufinder/images/
2023-12-06 20:12:27,744 [WARN] DbFile:41 - Overriding database path with different value: C:\Users\lenovo\.stmcufinder\plugins\mcufinder/ => C:\Users\lenovo\.stmcufinder\plugins\mcufinder
2023-12-06 20:12:27,744 [INFO] ApiDb:250 - Set database path to: C:\Users\lenovo\.stmcufinder\plugins\mcufinder//mcu/
2023-12-06 20:12:27,744 [WARN] DbFile:41 - Overriding database path with different value: C:\Users\lenovo\.stmcufinder\plugins\mcufinder/ => C:\Users\lenovo\.stmcufinder\plugins\mcufinder
2023-12-06 20:12:27,745 [INFO] DbMcusAds:125 - Set database path to: C:\Users\lenovo\.stmcufinder\plugins\mcufinder//mcu/
2023-12-06 20:12:27,745 [WARN] DbFile:41 - Overriding database path with different value: C:\Users\lenovo\.stmcufinder\plugins\mcufinder/ => C:\Users\lenovo\.stmcufinder\plugins\mcufinder
2023-12-06 20:12:27,745 [WARN] DbFile:41 - Overriding database path with different value: C:\Users\lenovo\.stmcufinder\plugins\mcufinder/ => C:\Users\lenovo\.stmcufinder\plugins\mcufinder
2023-12-06 20:12:27,745 [INFO] CrossReferenceDbSqlite:203 - Set database path to: C:\Users\lenovo\.stmcufinder\plugins\mcufinder//mcu/cs/
2023-12-06 20:12:27,770 [INFO] ApplicationProperties:184 - Using Application install path: D:\ST\STM32CubeIDE_1.13.2\STM32CubeIDE\plugins\com.st.stm32cube.common.mx_6.9.2.202309101412
2023-12-06 20:12:27,771 [INFO] PluginManage:196 - Search for loadable plugins [exclusion list=, ]
2023-12-06 20:12:27,774 [INFO] PluginManage:310 - Check plugin analytics
2023-12-06 20:12:28,018 [INFO] AnalyticsPlugin:253 - Accepted Software Licenses: 
2023-12-06 20:12:28,019 [INFO] AnalyticsPlugin:255 - Accepted CMSIS Pack Licenses: 
2023-12-06 20:12:28,020 [INFO] AnalyticsPlugin:257 - Accepted Firmware Licenses: 
2023-12-06 20:12:28,027 [INFO] PluginManage:359 - Loaded plugin analytics (category:tool,tabindex:-1)
2023-12-06 20:12:28,029 [INFO] PluginManage:310 - Check plugin cadmodel
2023-12-06 20:12:28,047 [INFO] CADModel:105 - Init CAD model plugin
2023-12-06 20:12:28,047 [INFO] PluginManage:359 - Loaded plugin cadmodel (category:power,tabindex:5)
2023-12-06 20:12:28,047 [INFO] PluginManage:310 - Check plugin clock
2023-12-06 20:12:28,060 [INFO] PluginManage:359 - Loaded plugin clock (category:base,tabindex:2)
2023-12-06 20:12:28,061 [INFO] PluginManage:310 - Check plugin ddr
2023-12-06 20:12:28,063 [INFO] PluginManage:359 - Loaded plugin ddr (category:tool,tabindex:6)
2023-12-06 20:12:28,063 [INFO] PluginManage:310 - Check plugin filemanager
2023-12-06 20:12:28,228 [INFO] PluginManage:359 - Loaded plugin filemanager (category:base,tabindex:10)
2023-12-06 20:12:28,228 [INFO] PluginManage:310 - Check plugin ipmanager
2023-12-06 20:12:28,242 [INFO] PluginManage:359 - Loaded plugin ipmanager (category:base,tabindex:5)
2023-12-06 20:12:28,242 [INFO] PluginManage:310 - Check plugin lpbam
2023-12-06 20:12:28,254 [INFO] PluginManage:359 - Loaded plugin lpbam (category:base,tabindex:0)
2023-12-06 20:12:28,255 [INFO] PluginManage:310 - Check plugin memorymap
2023-12-06 20:12:28,270 [INFO] PluginManage:359 - Loaded plugin memorymap (category:base,tabindex:4)
2023-12-06 20:12:28,270 [INFO] PluginManage:310 - Check plugin pinoutandconfiguration
2023-12-06 20:12:28,278 [INFO] PluginManage:359 - Loaded plugin pinoutandconfiguration (category:base,tabindex:1)
2023-12-06 20:12:28,278 [INFO] PluginManage:310 - Check plugin pinoutconfig
2023-12-06 20:12:28,387 [WARN] SupportedApi:132 - Cannot load RTOS API schema: s4s-elt-must-match.1: The content of 'definitions' must match (annotation?, (simpleType | complexType)?, (unique | key | keyref)*)). A problem was found starting at: attribute.
2023-12-06 20:12:28,535 [INFO] PluginManage:359 - Loaded plugin pinoutconfig (category:base,tabindex:0)
2023-12-06 20:12:28,535 [INFO] PluginManage:310 - Check plugin power
2023-12-06 20:12:28,555 [INFO] PluginManage:359 - Loaded plugin power (category:power,tabindex:4)
2023-12-06 20:12:28,556 [INFO] PluginManage:310 - Check plugin projectmanager
2023-12-06 20:12:28,579 [INFO] PluginManage:359 - Loaded plugin projectmanager (category:projectmanager,tabindex:3)
2023-12-06 20:12:28,579 [INFO] PluginManage:310 - Check plugin thirdparty
2023-12-06 20:12:28,758 [INFO] PluginManage:359 - Loaded plugin thirdparty (category:base,tabindex:-1)
2023-12-06 20:12:28,758 [INFO] PluginManage:310 - Check plugin tools
2023-12-06 20:12:28,759 [WARN] IntegrityCheckThread:84 - waiting for thirdparty lock release [integrity check]
2023-12-06 20:12:28,760 [INFO] IntegrityCheckThread:86 - entering critical section [integrity check]
2023-12-06 20:12:28,760 [INFO] ThirdPartyUpdaterWithRetryManager:70 - Updater plugin not ready yet. [1/15]
2023-12-06 20:12:28,764 [INFO] PluginManage:359 - Loaded plugin tools (category:base,tabindex:7)
2023-12-06 20:12:28,764 [INFO] PluginManage:310 - Check plugin tutovideos
2023-12-06 20:12:29,011 [INFO] PluginManage:359 - Loaded plugin tutovideos (category:base,tabindex:-1)
2023-12-06 20:12:29,013 [INFO] PluginManage:310 - Check plugin updater
2023-12-06 20:12:29,025 [INFO] PluginManage:359 - Loaded plugin updater (category:base,tabindex:12)
2023-12-06 20:12:29,025 [INFO] PluginManage:310 - Check plugin userauth
2023-12-06 20:12:29,030 [INFO] UserAuth:113 - Init User Auth plugin
2023-12-06 20:12:29,030 [INFO] PluginManage:359 - Loaded plugin userauth (category:base,tabindex:14)
2023-12-06 20:12:29,031 [INFO] PluginManage:283 - PluginManage : Loaded plugins [17]
2023-12-06 20:12:29,358 [INFO] PinOutPanel:1499 - setPackage(No Configuration,No Configuration)
2023-12-06 20:12:29,510 [INFO] CADModel:165 - CPN selected for project level
2023-12-06 20:12:29,510 [INFO] CADModel:114 - Register for checkConnection events
2023-12-06 20:12:29,528 [INFO] IPUIPlugin:80 - create IPUIPlugin
2023-12-06 20:12:29,529 [INFO] PluginManager:220 - loadIPPluginJar : add adc
2023-12-06 20:12:29,531 [INFO] IPUIPlugin:80 - create IPUIPlugin
2023-12-06 20:12:29,532 [INFO] PluginManager:220 - loadIPPluginJar : add aes
2023-12-06 20:12:29,534 [INFO] IPUIPlugin:80 - create IPUIPlugin
2023-12-06 20:12:29,534 [INFO] PluginManager:220 - loadIPPluginJar : add can
2023-12-06 20:12:29,536 [INFO] IPUIPlugin:80 - create IPUIPlugin
2023-12-06 20:12:29,536 [INFO] PluginManager:220 - loadIPPluginJar : add comp
2023-12-06 20:12:29,539 [INFO] IPUIPlugin:80 - create IPUIPlugin
2023-12-06 20:12:29,539 [INFO] PluginManager:220 - loadIPPluginJar : add cryp
2023-12-06 20:12:29,541 [INFO] IPUIPlugin:80 - create IPUIPlugin
2023-12-06 20:12:29,541 [INFO] PluginManager:220 - loadIPPluginJar : add dfsdm
2023-12-06 20:12:29,548 [INFO] IPUIPlugin:80 - create IPUIPlugin
2023-12-06 20:12:29,549 [INFO] PluginManager:220 - loadIPPluginJar : add dma
2023-12-06 20:12:29,551 [INFO] IPUIPlugin:80 - create IPUIPlugin
2023-12-06 20:12:29,551 [INFO] PluginManager:220 - loadIPPluginJar : add dma3
2023-12-06 20:12:29,553 [INFO] IPUIPlugin:80 - create IPUIPlugin
2023-12-06 20:12:29,553 [INFO] PluginManager:220 - loadIPPluginJar : add fatfs
2023-12-06 20:12:29,557 [INFO] IPUIPlugin:80 - create IPUIPlugin
2023-12-06 20:12:29,557 [INFO] PluginManager:220 - loadIPPluginJar : add fmc
2023-12-06 20:12:29,563 [INFO] IPUIPlugin:80 - create IPUIPlugin
2023-12-06 20:12:29,563 [INFO] PluginManager:220 - loadIPPluginJar : add freertos
2023-12-06 20:12:29,565 [INFO] IPUIPlugin:80 - create IPUIPlugin
2023-12-06 20:12:29,565 [INFO] PluginManager:220 - loadIPPluginJar : add genericplugin
2023-12-06 20:12:29,568 [INFO] IPUIPlugin:80 - create IPUIPlugin
2023-12-06 20:12:29,568 [INFO] PluginManager:220 - loadIPPluginJar : add gfxmmu
2023-12-06 20:12:29,574 [INFO] IPUIPlugin:80 - create IPUIPlugin
2023-12-06 20:12:29,575 [INFO] PluginManager:220 - loadIPPluginJar : add gic
2023-12-06 20:12:29,580 [INFO] IPUIPlugin:80 - create IPUIPlugin
2023-12-06 20:12:29,580 [INFO] PluginManager:220 - loadIPPluginJar : add gpio
2023-12-06 20:12:29,583 [INFO] IPUIPlugin:80 - create IPUIPlugin
2023-12-06 20:12:29,583 [INFO] PluginManager:220 - loadIPPluginJar : add gtzc
2023-12-06 20:12:29,586 [INFO] IPUIPlugin:80 - create IPUIPlugin
2023-12-06 20:12:29,586 [INFO] PluginManager:220 - loadIPPluginJar : add hash
2023-12-06 20:12:29,588 [INFO] IPUIPlugin:80 - create IPUIPlugin
2023-12-06 20:12:29,588 [INFO] PluginManager:220 - loadIPPluginJar : add i2c
2023-12-06 20:12:29,591 [INFO] IPUIPlugin:80 - create IPUIPlugin
2023-12-06 20:12:29,591 [INFO] PluginManager:220 - loadIPPluginJar : add i2s
2023-12-06 20:12:29,594 [INFO] IPUIPlugin:80 - create IPUIPlugin
2023-12-06 20:12:29,594 [INFO] PluginManager:220 - loadIPPluginJar : add i3c
2023-12-06 20:12:29,596 [INFO] IPUIPlugin:80 - create IPUIPlugin
2023-12-06 20:12:29,597 [INFO] PluginManager:220 - loadIPPluginJar : add ipddr
2023-12-06 20:12:29,604 [INFO] IPUIPlugin:80 - create IPUIPlugin
2023-12-06 20:12:29,605 [INFO] PluginManager:220 - loadIPPluginJar : add linkedlist
2023-12-06 20:12:29,608 [INFO] IPUIPlugin:80 - create IPUIPlugin
2023-12-06 20:12:29,608 [INFO] PluginManager:220 - loadIPPluginJar : add lorawan
2023-12-06 20:12:29,611 [INFO] IPUIPlugin:80 - create IPUIPlugin
2023-12-06 20:12:29,611 [INFO] PluginManager:220 - loadIPPluginJar : add ltdc
2023-12-06 20:12:29,616 [INFO] IPUIPlugin:80 - create IPUIPlugin
2023-12-06 20:12:29,617 [INFO] PluginManager:220 - loadIPPluginJar : add mdma
2023-12-06 20:12:29,622 [INFO] IPUIPlugin:80 - create IPUIPlugin
2023-12-06 20:12:29,622 [INFO] PluginManager:220 - loadIPPluginJar : add nvic
2023-12-06 20:12:29,625 [INFO] IPUIPlugin:80 - create IPUIPlugin
2023-12-06 20:12:29,625 [INFO] PluginManager:220 - loadIPPluginJar : add opamp
2023-12-06 20:12:29,628 [INFO] IPUIPlugin:80 - create IPUIPlugin
2023-12-06 20:12:29,628 [INFO] PluginManager:220 - loadIPPluginJar : add openamp
2023-12-06 20:12:29,631 [INFO] IPUIPlugin:80 - create IPUIPlugin
2023-12-06 20:12:29,631 [INFO] PluginManager:220 - loadIPPluginJar : add pdm2pcm
2023-12-06 20:12:29,638 [INFO] IPUIPlugin:80 - create IPUIPlugin
2023-12-06 20:12:29,641 [INFO] PluginManager:220 - loadIPPluginJar : add plateformsettings
2023-12-06 20:12:29,644 [INFO] IPUIPlugin:80 - create IPUIPlugin
2023-12-06 20:12:29,644 [INFO] PluginManager:220 - loadIPPluginJar : add quadspi
2023-12-06 20:12:29,647 [INFO] IPUIPlugin:80 - create IPUIPlugin
2023-12-06 20:12:29,647 [INFO] PluginManager:220 - loadIPPluginJar : add resmgrutility
2023-12-06 20:12:29,650 [INFO] IPUIPlugin:80 - create IPUIPlugin
2023-12-06 20:12:29,650 [INFO] PluginManager:220 - loadIPPluginJar : add sai
2023-12-06 20:12:29,653 [INFO] IPUIPlugin:80 - create IPUIPlugin
2023-12-06 20:12:29,653 [INFO] PluginManager:220 - loadIPPluginJar : add spi
2023-12-06 20:12:29,658 [INFO] IPUIPlugin:80 - create IPUIPlugin
2023-12-06 20:12:29,658 [INFO] PluginManager:220 - loadIPPluginJar : add stm32_wpan
2023-12-06 20:12:29,659 [INFO] IPUIPlugin:80 - create IPUIPlugin
2023-12-06 20:12:29,660 [INFO] PluginManager:220 - loadIPPluginJar : add tim
2023-12-06 20:12:29,662 [INFO] IPUIPlugin:80 - create IPUIPlugin
2023-12-06 20:12:29,663 [INFO] PluginManager:220 - loadIPPluginJar : add touchsensing
2023-12-06 20:12:29,666 [INFO] IPUIPlugin:80 - create IPUIPlugin
2023-12-06 20:12:29,666 [INFO] PluginManager:220 - loadIPPluginJar : add tracer_emb
2023-12-06 20:12:29,667 [INFO] IPUIPlugin:80 - create IPUIPlugin
2023-12-06 20:12:29,667 [INFO] PluginManager:220 - loadIPPluginJar : add ts
2023-12-06 20:12:29,669 [INFO] IPUIPlugin:80 - create IPUIPlugin
2023-12-06 20:12:29,669 [INFO] PluginManager:220 - loadIPPluginJar : add tsc
2023-12-06 20:12:29,671 [INFO] IPUIPlugin:80 - create IPUIPlugin
2023-12-06 20:12:29,671 [INFO] PluginManager:220 - loadIPPluginJar : add ucpd
2023-12-06 20:12:29,674 [INFO] IPUIPlugin:80 - create IPUIPlugin
2023-12-06 20:12:29,674 [INFO] PluginManager:220 - loadIPPluginJar : add usart
2023-12-06 20:12:29,677 [INFO] IPUIPlugin:80 - create IPUIPlugin
2023-12-06 20:12:29,677 [INFO] PluginManager:220 - loadIPPluginJar : add usbx
2023-12-06 20:12:29,821 [INFO] CADModel:165 - CPN selected for project level
2023-12-06 20:12:29,823 [INFO] CADModel:114 - Register for checkConnection events
2023-12-06 20:12:29,824 [FATAL] Updater:308 - Updater called before beeing initialized
2023-12-06 20:12:29,824 [ERROR] CADModel:125 - Updater not yet initialized, retry later 
2023-12-06 20:12:30,064 [INFO] CADModel:165 - CPN selected for project level
2023-12-06 20:12:30,064 [INFO] CADModel:114 - Register for checkConnection events
2023-12-06 20:12:30,064 [FATAL] Updater:308 - Updater called before beeing initialized
2023-12-06 20:12:30,064 [ERROR] CADModel:125 - Updater not yet initialized, retry later 
2023-12-06 20:12:30,069 [FATAL] Updater:308 - Updater called before beeing initialized
2023-12-06 20:12:30,228 [FATAL] Updater:308 - Updater called before beeing initialized
2023-12-06 20:12:30,235 [INFO] DbMcusAds:53 - JSON generation date=Wed Nov 29 18:52:38 CST 2023 (1701255158764)
2023-12-06 20:12:30,236 [FATAL] Updater:308 - Updater called before beeing initialized
2023-12-06 20:12:30,284 [WARN] DetailPanel:346 - Failed to get advertising image, set to default
2023-12-06 20:12:30,425 [FATAL] Updater:308 - Updater called before beeing initialized
2023-12-06 20:12:30,428 [FATAL] Updater:308 - Updater called before beeing initialized
2023-12-06 20:12:30,428 [FATAL] Updater:308 - Updater called before beeing initialized
2023-12-06 20:12:30,428 [WARN] DetailPanel:346 - Failed to get advertising image, set to default
2023-12-06 20:12:30,429 [FATAL] Updater:308 - Updater called before beeing initialized
2023-12-06 20:12:30,491 [ERROR] Updater:1120 - MainUpdater not yet initialized. External WinMGr cannot be set.
2023-12-06 20:12:30,494 [INFO] Updater:1056 - Updater Version found : 6.9.2
2023-12-06 20:12:30,518 [INFO] ApplicationProperties:184 - Using Application install path: D:\ST\STM32CubeIDE_1.13.2\STM32CubeIDE\plugins\com.st.stm32cube.common.mx_6.9.2.202309101412
2023-12-06 20:12:30,714 [INFO] MainUpdater:2868 - connection check result : 10
2023-12-06 20:12:30,715 [INFO] MainUpdater:3562 - Updater definition file requires update
2023-12-06 20:12:30,717 [INFO] MainUpdater:285 - Updater Check For Update Now.
2023-12-06 20:12:30,717 [INFO] MicroXplorer:498 - Change Database Version : DB.6.0.92
2023-12-06 20:12:30,735 [INFO] McuFinderGlobals:63 - Set McuFinder mode to 2 (CubeIDE integrated)
2023-12-06 20:12:30,887 [INFO] ServerAccessManage:473 - Download File updaters.zip
2023-12-06 20:12:30,985 [INFO] FileExtend:240 - Unzip File : updaters.zip
2023-12-06 20:12:30,986 [INFO] FileExtend:255 - Standard Zip Deflate
2023-12-06 20:12:31,505 [INFO] ServerAccessManage:473 - Download File PacksControlFlags.xml
2023-12-06 20:12:31,616 [INFO] ServerAccessManage:473 - Download File cubemx.pidx
2023-12-06 20:12:31,763 [WARN] MainUpdater:1189 - Updater busy. Cannot search thirdparties
2023-12-06 20:12:31,763 [INFO] ThirdPartyUpdaterWithRetryManager:96 - Updater plugin is busy. [1/15]
2023-12-06 20:12:32,289 [INFO] ServerAccessManage:473 - Download File STMicroelectronics.X-CUBE-ISPU.pdsc
2023-12-06 20:12:32,723 [INFO] ServerAccessManage:473 - Download File STMicroelectronics.X-CUBE-AZRTOS-H7.pdsc
2023-12-06 20:12:34,765 [WARN] MainUpdater:1189 - Updater busy. Cannot search thirdparties
2023-12-06 20:12:34,766 [INFO] ThirdPartyUpdaterWithRetryManager:96 - Updater plugin is busy. [2/15]
2023-12-06 20:12:37,768 [WARN] MainUpdater:1189 - Updater busy. Cannot search thirdparties
2023-12-06 20:12:37,768 [INFO] ThirdPartyUpdaterWithRetryManager:96 - Updater plugin is busy. [3/15]
2023-12-06 20:12:40,770 [WARN] MainUpdater:1189 - Updater busy. Cannot search thirdparties
2023-12-06 20:12:40,770 [INFO] ThirdPartyUpdaterWithRetryManager:96 - Updater plugin is busy. [4/15]
2023-12-06 20:12:43,771 [WARN] MainUpdater:1189 - Updater busy. Cannot search thirdparties
2023-12-06 20:12:43,771 [INFO] ThirdPartyUpdaterWithRetryManager:96 - Updater plugin is busy. [5/15]
2023-12-06 20:12:46,773 [WARN] MainUpdater:1189 - Updater busy. Cannot search thirdparties
2023-12-06 20:12:46,773 [INFO] ThirdPartyUpdaterWithRetryManager:96 - Updater plugin is busy. [6/15]
2023-12-06 20:12:49,774 [WARN] MainUpdater:1189 - Updater busy. Cannot search thirdparties
2023-12-06 20:12:49,775 [INFO] ThirdPartyUpdaterWithRetryManager:96 - Updater plugin is busy. [7/15]
2023-12-06 20:12:52,549 [ERROR] LogOutputStream:75 - [STDERR_REDIRECT] SLF4J: Failed to load class "org.slf4j.impl.StaticLoggerBinder".
2023-12-06 20:12:52,549 [ERROR] LogOutputStream:75 - [STDERR_REDIRECT] SLF4J: Defaulting to no-operation (NOP) logger implementation
2023-12-06 20:12:52,551 [ERROR] LogOutputStream:75 - [STDERR_REDIRECT] SLF4J: See http://www.slf4j.org/codes.html#StaticLoggerBinder for further details.
2023-12-06 20:12:52,777 [WARN] MainUpdater:1189 - Updater busy. Cannot search thirdparties
2023-12-06 20:12:52,777 [INFO] ThirdPartyUpdaterWithRetryManager:96 - Updater plugin is busy. [8/15]
2023-12-06 20:12:55,778 [WARN] MainUpdater:1189 - Updater busy. Cannot search thirdparties
2023-12-06 20:12:55,778 [INFO] ThirdPartyUpdaterWithRetryManager:96 - Updater plugin is busy. [9/15]
2023-12-06 20:12:58,779 [WARN] MainUpdater:1189 - Updater busy. Cannot search thirdparties
2023-12-06 20:12:58,779 [INFO] ThirdPartyUpdaterWithRetryManager:96 - Updater plugin is busy. [10/15]
2023-12-06 20:13:01,780 [WARN] MainUpdater:1189 - Updater busy. Cannot search thirdparties
2023-12-06 20:13:01,780 [INFO] ThirdPartyUpdaterWithRetryManager:96 - Updater plugin is busy. [11/15]
2023-12-06 20:13:04,781 [WARN] MainUpdater:1189 - Updater busy. Cannot search thirdparties
2023-12-06 20:13:04,781 [INFO] ThirdPartyUpdaterWithRetryManager:96 - Updater plugin is busy. [12/15]
2023-12-06 20:13:07,783 [WARN] MainUpdater:1189 - Updater busy. Cannot search thirdparties
2023-12-06 20:13:07,783 [INFO] ThirdPartyUpdaterWithRetryManager:96 - Updater plugin is busy. [13/15]
2023-12-06 20:13:10,784 [WARN] MainUpdater:1189 - Updater busy. Cannot search thirdparties
2023-12-06 20:13:10,784 [INFO] ThirdPartyUpdaterWithRetryManager:96 - Updater plugin is busy. [14/15]
2023-12-06 20:13:13,786 [WARN] MainUpdater:1189 - Updater busy. Cannot search thirdparties
2023-12-06 20:13:13,786 [INFO] ThirdPartyUpdaterWithRetryManager:96 - Updater plugin is busy. [15/15]
2023-12-06 20:13:13,787 [ERROR] IntegrityCheckThread:130 - Cannot retrieve database content from updater: error -1
2023-12-06 20:13:13,787 [INFO] ThirdParty:978 - Integrity check success = false
2023-12-06 20:13:13,787 [INFO] IntegrityCheckThread:100 - exiting critical section [integrity check]
2023-12-06 20:13:13,787 [INFO] IntegrityCheckThread:103 - End integrity checks thread
2023-12-06 20:13:13,935 [ERROR] ServerAccessManage:1096 - Problem, Http access forbiden
2023-12-06 20:13:13,937 [ERROR] ServerAccessManage:651 - Problem, Http access forbiden : RoweBots.I-CUBE-UNISONRTOS.pdsc.
2023-12-06 20:13:14,177 [WARN] PackLoader:240 - Cannot read IP mode file for STMicroelectronics.X-CUBE-ISPU.2.0.0
2023-12-06 20:13:14,243 [WARN] PackLoader:240 - Cannot read IP mode file for STMicroelectronics.X-CUBE-AZRTOS-H7.3.2.0
2023-12-06 20:13:14,249 [INFO] PopulateThirdPartyThread:66 - Ending populate Thread
2023-12-06 20:13:14,253 [INFO] ThirdParty:1030 - CMSIS Pack Vendor :STMicroelectronics X-CUBE-AZRTOS-H7 3.2.0
2023-12-06 20:13:14,253 [INFO] ThirdParty:1030 - CMSIS Pack Vendor :STMicroelectronics X-CUBE-ISPU 2.0.0
2023-12-06 20:13:14,254 [INFO] LoadServerUpdatesThread:373 - End of LoadServerUpdate Thread
2023-12-06 20:13:14,299 [INFO] CheckServerUpdateThread:120 - End of CheckServer Thread
2023-12-06 20:58:23,060 [ERROR] ConfigurationRetriever:142 - IOException on connection: Read timed out
2023-12-06 20:58:25,101 [ERROR] ConfigurationRetriever:142 - IOException on connection: Read timed out
2023-12-06 21:21:04,485 [INFO] McuFinderGlobals:63 - Set McuFinder mode to 2 (CubeIDE integrated)
2023-12-06 21:21:04,485 [INFO] MainUpdater:2868 - connection check result : 10
2023-12-06 21:21:04,495 [INFO] MainUpdater:2868 - connection check result : 10
2023-12-06 21:21:04,549 [INFO] MicroXplorer:468 - Change Database Path : 
2023-12-06 21:21:04,549 [INFO] MicroXplorer:498 - Change Database Version : DB.6.0.92
2023-12-06 21:21:04,549 [WARN] ThirdParty:871 - waiting for thirdparty lock release [close project]
2023-12-06 21:21:04,549 [INFO] ThirdParty:873 - entering critical section [close project]
2023-12-06 21:21:04,555 [INFO] ThirdParty:883 - exiting critical section [close project]
2023-12-06 21:21:04,555 [INFO] PinOutPanel:1499 - setPackage(No Configuration,No Configuration)
2023-12-06 21:21:04,565 [INFO] UtilMem:75 - Begin LoadConfig() Used Memory: 703412992 Bytes (958398464)
2023-12-06 21:21:04,570 [INFO] MicroXplorer:468 - Change Database Path : 
2023-12-06 21:21:04,570 [INFO] MicroXplorer:498 - Change Database Version : DB.6.0.92
2023-12-06 21:21:04,570 [INFO] OpenFileManager:308 - Change cursor
2023-12-06 21:21:04,587 [WARN] IntegrityCheckThread:84 - waiting for thirdparty lock release [integrity check]
2023-12-06 21:21:04,592 [INFO] IntegrityCheckThread:86 - entering critical section [integrity check]
2023-12-06 21:21:04,835 [WARN] PackLoader:240 - Cannot read IP mode file for STMicroelectronics.X-CUBE-SMBUS.2.1.0
2023-12-06 21:21:04,851 [WARN] PackLoader:240 - Cannot read IP mode file for STMicroelectronics.X-CUBE-AZRTOS-F7.1.1.0
2023-12-06 21:21:04,858 [WARN] PackLoader:240 - Cannot read IP mode file for STMicroelectronics.FP-SNS-MOTENV1.4.3.2
2023-12-06 21:21:04,867 [WARN] PackLoader:240 - Cannot read IP mode file for STMicroelectronics.FP-SNS-FLIGHT1.5.0.2
2023-12-06 21:21:04,875 [WARN] PackLoader:240 - Cannot read IP mode file for STMicroelectronics.X-CUBE-DISPLAY.3.0.0
2023-12-06 21:21:04,885 [WARN] PackLoader:240 - Cannot read IP mode file for STMicroelectronics.X-CUBE-BLE1.7.0.0
2023-12-06 21:21:04,889 [WARN] PackLoader:240 - Cannot read IP mode file for emotas.I-CUBE-CANOPEN.1.3.0
2023-12-06 21:21:04,895 [WARN] PackLoader:240 - Cannot read IP mode file for STMicroelectronics.X-CUBE-TOUCHGFX.4.22.1
2023-12-06 21:21:04,903 [WARN] PackLoader:240 - Cannot read IP mode file for STMicroelectronics.FP-SNS-SMARTAG2.1.2.0
2023-12-06 21:21:04,911 [INFO] LogOutputStream:77 - [STDOUT_REDIRECT] 1 : Invalid condition id : UX_CORESTACK_Condition cause : null
2023-12-06 21:21:04,911 [INFO] LogOutputStream:77 - [STDOUT_REDIRECT] 1 : Invalid condition id : UX_CORESTACK_Condition cause : null
2023-12-06 21:21:04,911 [INFO] LogOutputStream:77 - [STDOUT_REDIRECT] 1 : Invalid condition id : UX_CORESTACK_Condition cause : null
2023-12-06 21:21:04,911 [INFO] LogOutputStream:77 - [STDOUT_REDIRECT] 1 : Invalid condition id : UX_CORESTACK_Condition cause : null
2023-12-06 21:21:04,915 [INFO] LogOutputStream:77 - [STDOUT_REDIRECT] 1 : Invalid condition id : UX_CORESTACK_Condition cause : null
2023-12-06 21:21:04,915 [WARN] PackLoader:240 - Cannot read IP mode file for STMicroelectronics.X-CUBE-AZRTOS-WL.2.0.0
2023-12-06 21:21:04,927 [WARN] PackLoader:240 - Cannot read IP mode file for WES.I-CUBE-Cesium.1.3.0
2023-12-06 21:21:04,935 [WARN] PackLoader:240 - Cannot read IP mode file for STMicroelectronics.X-CUBE-BLE2.3.3.0
2023-12-06 21:21:04,935 [WARN] PackLoader:240 - Cannot read IP mode file for STMicroelectronics.X-CUBE-ALGOBUILD.1.3.0
2023-12-06 21:21:04,953 [WARN] PackLoader:240 - Cannot read IP mode file for STMicroelectronics.X-CUBE-AZRTOS-G0.1.1.0
2023-12-06 21:21:04,958 [WARN] PackLoader:240 - Cannot read IP mode file for STMicroelectronics.X-CUBE-NFC4.3.0.0
2023-12-06 21:21:04,965 [WARN] PackLoader:240 - Cannot read IP mode file for STMicroelectronics.X-CUBE-BLEMGR.3.0.0
2023-12-06 21:21:04,974 [WARN] PackLoader:240 - Cannot read IP mode file for STMicroelectronics.FP-ATR-SIGFOX1.3.2.0
2023-12-06 21:21:04,995 [WARN] PackLoader:240 - Cannot read IP mode file for SEGGER.I-CUBE-embOS.1.3.1
2023-12-06 21:21:05,021 [WARN] PackLoader:240 - Cannot read IP mode file for STMicroelectronics.X-CUBE-GNSS1.6.0.0
2023-12-06 21:21:05,035 [WARN] PackLoader:240 - Cannot read IP mode file for STMicroelectronics.X-CUBE-AZRTOS-F4.1.1.0
2023-12-06 21:21:05,037 [WARN] PackLoader:240 - Cannot read IP mode file for wolfSSL.I-CUBE-wolfSSL.5.6.3
2023-12-06 21:21:05,053 [WARN] PackLoader:240 - Cannot read IP mode file for STMicroelectronics.X-CUBE-AZRTOS-L5.2.0.0
2023-12-06 21:21:05,080 [WARN] PackLoader:240 - Cannot read IP mode file for STMicroelectronics.X-CUBE-MEMS1.9.6.0
2023-12-06 21:21:05,197 [WARN] PackLoader:240 - Cannot read IP mode file for STMicroelectronics.X-CUBE-EEPRMA1.4.2.0
2023-12-06 21:21:05,205 [WARN] PackLoader:240 - Cannot read IP mode file for ITTIA_DB.I-CUBE-ITTIADB.8.8.0
2023-12-06 21:21:05,205 [WARN] PackLoader:240 - Cannot read IP mode file for STMicroelectronics.X-CUBE-BLEMGR.2.0.0
2023-12-06 21:21:05,215 [WARN] ConditionMgr:438 - getConditionDescription Invalid condition id : UX DEVICE CLASS RTOS Condition cause : null
2023-12-06 21:21:05,215 [WARN] ConditionMgr:438 - getConditionDescription Invalid condition id : UX DEVICE CLASS RTOS Condition cause : null
2023-12-06 21:21:05,224 [WARN] PackLoader:240 - Cannot read IP mode file for STMicroelectronics.X-CUBE-AZRTOS-H7.3.1.0
2023-12-06 21:21:05,225 [WARN] ConditionMgr:1039 - genDependencies : Invalid condition id : UX DEVICE CLASS RTOS Condition cause : null
2023-12-06 21:21:05,225 [WARN] ConditionMgr:1039 - genDependencies : Invalid condition id : UX DEVICE CLASS RTOS Condition cause : null
2023-12-06 21:21:05,225 [WARN] ConditionMgr:1039 - genDependencies : Invalid condition id : UX DEVICE CLASS RTOS Condition cause : null
2023-12-06 21:21:05,225 [WARN] ConditionMgr:1039 - genDependencies : Invalid condition id : UX DEVICE CLASS RTOS Condition cause : null
2023-12-06 21:21:05,225 [WARN] ConditionMgr:1039 - genDependencies : Invalid condition id : UX DEVICE CLASS RTOS Condition cause : null
2023-12-06 21:21:05,229 [WARN] PackLoader:240 - Cannot read IP mode file for STMicroelectronics.X-CUBE-NFC7.1.0.1
2023-12-06 21:21:05,261 [WARN] PackLoader:240 - Cannot read IP mode file for STMicroelectronics.X-CUBE-NFC6.3.0.0
2023-12-06 21:21:05,265 [WARN] PackLoader:240 - Cannot read IP mode file for STMicroelectronics.X-CUBE-EEPRMA1.4.1.0
2023-12-06 21:21:05,271 [WARN] PackLoader:240 - Cannot read IP mode file for STMicroelectronics.X-CUBE-AI.8.1.0
2023-12-06 21:21:05,285 [WARN] ConditionMgr:438 - getConditionDescription Invalid condition id : LAN8742 Phy interface Condition cause : null
2023-12-06 21:21:05,288 [WARN] PackLoader:240 - Cannot read IP mode file for STMicroelectronics.X-CUBE-AZRTOS-L4.2.0.0
2023-12-06 21:21:05,288 [WARN] ConditionMgr:1039 - genDependencies : Invalid condition id : LAN8742 Phy interface Condition cause : null
2023-12-06 21:21:05,288 [WARN] ConditionMgr:1039 - genDependencies : Invalid condition id : LAN8742 Phy interface Condition cause : null
2023-12-06 21:21:05,288 [WARN] ConditionMgr:1039 - genDependencies : Invalid condition id : LAN8742 Phy interface Condition cause : null
2023-12-06 21:21:05,295 [WARN] PackLoader:240 - Cannot read IP mode file for STMicroelectronics.X-CUBE-SFXS2LP1.4.0.0
2023-12-06 21:21:05,298 [WARN] PackLoader:240 - Cannot read IP mode file for STMicroelectronics.X-CUBE-ISPU.1.1.0
2023-12-06 21:21:05,309 [WARN] ConditionMgr:438 - getConditionDescription Invalid condition id : UX DEVICE CLASS RTOS Condition cause : null
2023-12-06 21:21:05,309 [WARN] ConditionMgr:438 - getConditionDescription Invalid condition id : UX DEVICE CLASS RTOS Condition cause : null
2023-12-06 21:21:05,309 [WARN] PackLoader:240 - Cannot read IP mode file for STMicroelectronics.X-CUBE-AZRTOS-WB.2.0.0
2023-12-06 21:21:05,315 [WARN] ConditionMgr:1039 - genDependencies : Invalid condition id : UX DEVICE CLASS RTOS Condition cause : null
2023-12-06 21:21:05,315 [WARN] ConditionMgr:1039 - genDependencies : Invalid condition id : UX DEVICE CLASS RTOS Condition cause : null
2023-12-06 21:21:05,315 [WARN] ConditionMgr:1039 - genDependencies : Invalid condition id : UX DEVICE CLASS RTOS Condition cause : null
2023-12-06 21:21:05,315 [WARN] ConditionMgr:1039 - genDependencies : Invalid condition id : UX DEVICE CLASS RTOS Condition cause : null
2023-12-06 21:21:05,315 [WARN] ConditionMgr:1039 - genDependencies : Invalid condition id : UX DEVICE CLASS RTOS Condition cause : null
2023-12-06 21:21:05,319 [WARN] PackLoader:240 - Cannot read IP mode file for STMicroelectronics.X-CUBE-SUBG2.5.0.0
2023-12-06 21:21:05,336 [WARN] PackLoader:240 - Cannot read IP mode file for STMicroelectronics.X-CUBE-TOF1.3.3.1
2023-12-06 21:21:05,346 [WARN] PackLoader:240 - Cannot read IP mode file for STMicroelectronics.X-CUBE-AZRTOS-G4.2.0.0
2023-12-06 21:21:05,357 [WARN] PackLoader:240 - Cannot read IP mode file for Infineon.AIROC-Wi-Fi-Bluetooth-STM32.1.5.1
2023-12-06 21:21:05,368 [WARN] PackLoader:240 - Cannot read IP mode file for STMicroelectronics.FP-SNS-MOTENVWB1.1.3.0
2023-12-06 21:21:05,373 [WARN] PackLoader:240 - Cannot read IP mode file for STMicroelectronics.FP-SNS-MOTENVWB1.1.3.1
2023-12-06 21:21:05,375 [WARN] PackLoader:240 - Cannot read IP mode file for STMicroelectronics.X-CUBE-ISPU.2.0.0
2023-12-06 21:21:05,395 [WARN] PackLoader:240 - Cannot read IP mode file for STMicroelectronics.X-CUBE-MEMS1.10.0.0
2023-12-06 21:21:05,465 [WARN] PackLoader:240 - Cannot read IP mode file for STMicroelectronics.X-CUBE-FREERTOS.1.1.0
2023-12-06 21:21:05,471 [WARN] PackLoader:240 - Cannot read IP mode file for portGmbH.I-Cube-SoM-uGOAL.1.1.0
2023-12-06 21:21:05,476 [WARN] PackLoader:240 - Cannot read IP mode file for STMicroelectronics.X-CUBE-ALS.1.0.1
2023-12-06 21:21:05,477 [WARN] PackLoader:240 - Cannot read IP mode file for STMicroelectronics.FP-ATR-ASTRA1.2.0.0
2023-12-06 21:21:05,486 [WARN] PackLoader:240 - Cannot read IP mode file for STMicroelectronics.X-CUBE-TOF1.3.4.0
2023-12-06 21:21:05,496 [WARN] PackLoader:240 - Cannot read IP mode file for STMicroelectronics.X-CUBE-AZRTOS-H7.3.2.0
2023-12-06 21:21:05,505 [INFO] ThirdParty:978 - Integrity check success = true
2023-12-06 21:21:05,505 [INFO] IntegrityCheckThread:100 - exiting critical section [integrity check]
2023-12-06 21:21:05,505 [INFO] IntegrityCheckThread:103 - End integrity checks thread
2023-12-06 21:21:05,543 [INFO] Mcu:1946 - Initializing MCU STM32F103C(8-B)Tx STM32F103C8Tx STM32F103C8T6
2023-12-06 21:21:06,593 [INFO] Context:659 - Trying to add GPIOservice into a context  which must be forbidden
2023-12-06 21:21:06,979 [INFO] RtosManager:555 - Registered RTOS mode: class=CMSIS, group=RTOS, mode=CMSIS_V1, owner=FREERTOS
2023-12-06 21:21:06,979 [INFO] RtosManager:555 - Registered RTOS mode: class=CMSIS, group=RTOS2, mode=CMSIS_V2, owner=FREERTOS
2023-12-06 21:21:06,979 [INFO] RtosManager:555 - Registered RTOS mode: class=RTOS, group=Core, mode=CMSIS_V1, owner=FREERTOS
2023-12-06 21:21:06,980 [INFO] RtosManager:555 - Registered RTOS mode: class=RTOS, group=Core, mode=CMSIS_V2, owner=FREERTOS
2023-12-06 21:21:06,980 [WARN] ModelIntegratedComponent:184 - Missing modes for component STMicroelectronics:FreeRTOS:0.0.1:STMicroelectronics:RTOS:FreeRTOS:Core:::10.2.0:
2023-12-06 21:21:06,996 [WARN] ModelIntegratedComponent:63 - No mode defined for component null
2023-12-06 21:21:06,996 [WARN] ModelIntegratedComponent:63 - No mode defined for component null
2023-12-06 21:21:06,996 [WARN] ModelIntegratedComponent:63 - No mode defined for component null
2023-12-06 21:21:06,996 [WARN] ModelIntegratedComponent:63 - No mode defined for component null
2023-12-06 21:21:06,996 [WARN] ModelIntegratedComponent:63 - No mode defined for component null
2023-12-06 21:21:06,996 [WARN] ModelIntegratedComponent:63 - No mode defined for component null
2023-12-06 21:21:06,996 [WARN] ModelIntegratedComponent:63 - No mode defined for component null
2023-12-06 21:21:06,996 [WARN] ModelIntegratedComponent:63 - No mode defined for component null
2023-12-06 21:21:06,996 [WARN] ModelIntegratedComponent:63 - No mode defined for component null
2023-12-06 21:21:06,996 [WARN] ModelIntegratedComponent:63 - No mode defined for component null
2023-12-06 21:21:06,996 [WARN] ModelIntegratedComponent:63 - No mode defined for component null
2023-12-06 21:21:06,998 [WARN] ModelIntegratedComponent:63 - No mode defined for component null
2023-12-06 21:21:06,998 [WARN] ModelIntegratedComponent:63 - No mode defined for component null
2023-12-06 21:21:06,998 [WARN] ModelIntegratedComponent:63 - No mode defined for component null
2023-12-06 21:21:06,998 [WARN] ModelIntegratedComponent:63 - No mode defined for component null
2023-12-06 21:21:06,998 [WARN] ModelIntegratedComponent:63 - No mode defined for component null
2023-12-06 21:21:06,998 [WARN] ModelIntegratedComponent:63 - No mode defined for component null
2023-12-06 21:21:06,998 [WARN] ModelIntegratedComponent:63 - No mode defined for component null
2023-12-06 21:21:06,998 [WARN] ModelIntegratedComponent:63 - No mode defined for component null
2023-12-06 21:21:06,998 [WARN] ModelIntegratedComponent:63 - No mode defined for component null
2023-12-06 21:21:06,998 [WARN] ModelIntegratedComponent:63 - No mode defined for component null
2023-12-06 21:21:06,998 [WARN] ModelIntegratedComponent:63 - No mode defined for component null
2023-12-06 21:21:06,998 [WARN] ModelIntegratedComponent:63 - No mode defined for component null
2023-12-06 21:21:06,998 [WARN] ModelIntegratedComponent:63 - No mode defined for component null
2023-12-06 21:21:06,998 [WARN] ModelIntegratedComponent:63 - No mode defined for component null
2023-12-06 21:21:06,998 [WARN] ModelIntegratedComponent:63 - No mode defined for component null
2023-12-06 21:21:06,998 [WARN] ModelIntegratedComponent:63 - No mode defined for component null
2023-12-06 21:21:06,998 [WARN] ModelIntegratedComponent:63 - No mode defined for component null
2023-12-06 21:21:06,998 [WARN] ModelIntegratedComponent:63 - No mode defined for component null
2023-12-06 21:21:06,998 [WARN] ModelIntegratedComponent:63 - No mode defined for component null
2023-12-06 21:21:06,998 [WARN] ModelIntegratedComponent:63 - No mode defined for component null
2023-12-06 21:21:06,998 [WARN] ModelIntegratedComponent:63 - No mode defined for component null
2023-12-06 21:21:06,998 [WARN] ModelIntegratedComponent:63 - No mode defined for component null
2023-12-06 21:21:07,073 [INFO] ThirdPartyModel:298 - Start build external matchings
2023-12-06 21:21:07,616 [INFO] ThirdPartyModel:316 - End build external matchings
2023-12-06 21:21:07,634 [INFO] ImportTextPane:194 - (OptionalMessage_ERROR) IP (DMA) : Parameter (Instance) has Id (USART1_RX) currently not set
2023-12-06 21:21:07,634 [INFO] ImportTextPane:194 - (OptionalMessage_ERROR) IP (DMA) : Parameter (Direction) has Id (USART1_RX) currently not set
2023-12-06 21:21:07,634 [INFO] ImportTextPane:194 - (OptionalMessage_ERROR) IP (DMA) : Parameter (PeriphInc) has Id (USART1_RX) currently not set
2023-12-06 21:21:07,634 [INFO] ImportTextPane:194 - (OptionalMessage_ERROR) IP (DMA) : Parameter (MemInc) has Id (USART1_RX) currently not set
2023-12-06 21:21:07,634 [INFO] ImportTextPane:194 - (OptionalMessage_ERROR) IP (DMA) : Parameter (PeriphDataAlignment) has Id (USART1_RX) currently not set
2023-12-06 21:21:07,634 [INFO] ImportTextPane:194 - (OptionalMessage_ERROR) IP (DMA) : Parameter (MemDataAlignment) has Id (USART1_RX) currently not set
2023-12-06 21:21:07,635 [INFO] ImportTextPane:194 - (OptionalMessage_ERROR) IP (DMA) : Parameter (Mode) has Id (USART1_RX) currently not set
2023-12-06 21:21:07,635 [INFO] ImportTextPane:194 - (OptionalMessage_ERROR) IP (DMA) : Parameter (Priority) has Id (USART1_RX) currently not set
2023-12-06 21:21:07,635 [INFO] ImportTextPane:194 - (OptionalMessage_ERROR) IP (DMA) : Parameter (Instance) has Id (USART1_TX) currently not set
2023-12-06 21:21:07,635 [INFO] ImportTextPane:194 - (OptionalMessage_ERROR) IP (DMA) : Parameter (Direction) has Id (USART1_TX) currently not set
2023-12-06 21:21:07,635 [INFO] ImportTextPane:194 - (OptionalMessage_ERROR) IP (DMA) : Parameter (PeriphInc) has Id (USART1_TX) currently not set
2023-12-06 21:21:07,635 [INFO] ImportTextPane:194 - (OptionalMessage_ERROR) IP (DMA) : Parameter (MemInc) has Id (USART1_TX) currently not set
2023-12-06 21:21:07,635 [INFO] ImportTextPane:194 - (OptionalMessage_ERROR) IP (DMA) : Parameter (PeriphDataAlignment) has Id (USART1_TX) currently not set
2023-12-06 21:21:07,635 [INFO] ImportTextPane:194 - (OptionalMessage_ERROR) IP (DMA) : Parameter (MemDataAlignment) has Id (USART1_TX) currently not set
2023-12-06 21:21:07,635 [INFO] ImportTextPane:194 - (OptionalMessage_ERROR) IP (DMA) : Parameter (Mode) has Id (USART1_TX) currently not set
2023-12-06 21:21:07,635 [INFO] ImportTextPane:194 - (OptionalMessage_ERROR) IP (DMA) : Parameter (Priority) has Id (USART1_TX) currently not set
2023-12-06 21:21:07,635 [INFO] ImportTextPane:194 - (OptionalMessage_ERROR) IP (RCC) : Parameter (ADCFreqValue) has invalid value (36000000)
2023-12-06 21:21:07,636 [INFO] ImportTextPane:194 - (OptionalMessage_ERROR) IP (RCC) : Invalid parameter (FamilyName)
2023-12-06 21:21:07,636 [INFO] ImportTextPane:194 - (OptionalMessage_ERROR) IP (RCC) : Parameter (MCOFreq_Value) has invalid value (72000000)
2023-12-06 21:21:07,637 [INFO] ImportTextPane:194 - (OptionalMessage_ERROR) IP (RCC) : Parameter (USBFreq_Value) has invalid value (72000000)
2023-12-06 21:21:07,859 [INFO] UtilMem:75 - End LoadConfig() Used Memory: 589228352 Bytes (1073741824)
2023-12-06 21:21:07,996 [INFO] ApiDb:581 - Connected to CubeFinder SQLite database (C:\Users\lenovo\.stmcufinder\plugins\mcufinder\mcu\cube-finder-db.db)
2023-12-06 21:21:08,057 [INFO] ApiDb:668 - CubeFinder database Data Model version=2.1
2023-12-06 21:21:08,057 [INFO] ApiDb:669 - CubeFinder database Configuration version=3.0.39
2023-12-06 21:21:08,059 [INFO] ApiDb:670 - CubeFinder database generation date=2023-11-06 (1699269565)
2023-12-06 21:21:08,059 [INFO] ApiDb:671 - CubeFinder database FW Pack versions=[FP-ATR-ASTRA1_V2.0.0, FP-SNS-FLIGHT1_V5.0.1, FP-SNS-FLIGHT1_V5.0.2, FP-SNS-MOTENV1_V4.3.1, FP-SNS-MOTENV1_V4.3.2, FP-SNS-MOTENVWB1_V1.3.0, FP-SNS-SMARTAG2_V1.2.0, STM32Cube_FW_C0_V1.1.0, STM32Cube_FW_F4_V1.28.0, STM32Cube_FW_F7_V1.17.0, STM32Cube_FW_G0_V1.6.1, STM32Cube_FW_G4_V1.5.1, STM32Cube_FW_H5_V0.5.1, STM32Cube_FW_H5_V1.1.1, STM32Cube_FW_H5_V1.2.0RC2, STM32Cube_FW_H7_V1.11.0, STM32Cube_FW_L0_V1.12.2, STM32Cube_FW_L5_V1.5.0, STM32Cube_FW_U5_V1.3.0RC4, STM32Cube_FW_U5_V1.4.0, STM32Cube_FW_WBA_V1.0.0RC1, STM32Cube_FW_WBA_V1.1.0RC1, STM32Cube_FW_WBA_V1.2.0, STM32Cube_FW_WBA_V1.2.0RC2, STM32Cube_FW_WB_V1.15.0RC1, STM32Cube_FW_WB_V1.16.0, STM32Cube_FW_WB_V1.16.0RC2, STM32Cube_FW_WB_V1.18.0, STM32Cube_FW_WL_V1.3.0, X-CUBE-ALGOBUILD_V1.3.0, X-CUBE-ALS_V1.0.1, X-CUBE-AZRTOS-F4_V1.1.0, X-CUBE-AZRTOS-F7_V1.1.0, X-CUBE-AZRTOS-G0_V1.1.0, X-CUBE-AZRTOS-G4_V2.0.0, X-CUBE-AZRTOS-H7_V3.1.0, X-CUBE-AZRTOS-L4_V1.0.0, X-CUBE-AZRTOS-L4_V2.0.0, X-CUBE-AZRTOS-L5_V1.1.0, X-CUBE-AZRTOS-WB_V2.0.0, X-CUBE-AZRTOS-WL_V2.0.0, X-CUBE-BLE1_V7.0.0, X-CUBE-BLE2_V3.3.0, X-CUBE-BLEMGR_V2.0.0, X-CUBE-EEPRMA1_V4.1.0, X-CUBE-EEPRMA1_V4.2.0, X-CUBE-FREERTOS_V1.1.0, X-CUBE-GNSS1_V6.0.0, X-CUBE-MEMS1_V10.0.0, X-CUBE-MEMS1_V9.1.0, X-CUBE-MEMS1_V9.4.0, X-CUBE-MEMS1_V9.6.0, X-CUBE-NFC4_V3.0.0, X-CUBE-NFC7_V1.0.1, X-CUBE-SFXS2LP1_V4.0.0, X-CUBE-SUBG2_V5.0.0, X-CUBE-TOF1_V3.3.1]
2023-12-06 21:21:10,106 [INFO] ApiDb:240 - Found 323 in-development CPN: [B-G473E-ZEST1S, B-WB1M-WPAN1, B-WL5M-SUBG1, NUCLEO-C031C6, NUCLEO-H503RB, NUCLEO-H563ZI, NUCLEO-U545RE-Q, NUCLEO-U5A5ZJ-Q, NUCLEO-WBA52CG, STEVAL-PROTEUS1, STEVAL-SMARTAG2, STEVAL-STWINBX1, STM320518-EVAL, STM32C0116-DK, STM32C011D6Y3TR, STM32C011D6Y6TR, STM32C011F4P3, STM32C011F4P6, STM32C011F4U3, STM32C011F4U6TR, STM32C011F6P3, STM32C011F6P6, STM32C011F6U3, STM32C011F6U6TR, STM32C011J4M3, STM32C011J4M6, STM32C011J6M3, STM32C011J6M6, STM32C0316-DK, STM32C031C4T3, STM32C031C4T6, STM32C031C4U3, STM32C031C4U6, STM32C031C6T3, STM32C031C6T6, STM32C031C6U3, STM32C031C6U6, STM32C031F4P3, STM32C031F4P6, STM32C031F6P3, STM32C031F6P6, STM32C031G4U3, STM32C031G4U6, STM32C031G6U3, STM32C031G6U6, STM32C031K4T3, STM32C031K4T6, STM32C031K4U3, STM32C031K4U6, STM32C031K6T3, STM32C031K6T6, STM32C031K6U3, STM32C031K6U6, STM32G071K8TXN, STM32G071K8UXN, STM32G081GBU6N, STM32G081KBT6N, STM32G081KBUXN, STM32G0B1CCT6N, STM32G0B1KCT6, STM32G0B1NEY6TR, STM32G0B1RCT6N, STM32G0C1CCT6, STM32G0C1CCT6N, STM32G0C1CCU6N, STM32G0C1CET6N, STM32G0C1CEU6N, STM32G0C1KCT6, STM32G0C1NEY6TR, STM32G0C1RCI6N, STM32G0C1RCT6N, STM32G0C1REI6N, STM32G0C1RET6N, STM32G0C1VCI6, STM32G0C1VEI6, STM32G471CCT6, STM32G471CCU6, STM32G471CET3, STM32G471CET6, STM32G471CEU3, STM32G471CEU6, STM32G471MCT6, STM32G471MET3, STM32G471MET6, STM32G471MEY6TR, STM32G471QCT6, STM32G471QET3, STM32G471RCT6, STM32G471RET3, STM32G471RET6, STM32G471VCH6, STM32G471VCI6, STM32G471VCT6, STM32G471VEH3, STM32G471VEH6, STM32G471VEI3, STM32G471VEI6, STM32G471VET3, STM32G471VET6, STM32G474CCT6, STM32H503CBT6, STM32H503CBU6, STM32H503EBY6TR, STM32H503KBU6, STM32H503RBT6, STM32H562AGI6, STM32H562AII6, STM32H562IGK6, STM32H562IGT6, STM32H562IIK6, STM32H562IIT6, STM32H562RGT6, STM32H562RGV6, STM32H562RIT6, STM32H562RIV6, STM32H562VGT6, STM32H562VIT6, STM32H562ZGT6, STM32H562ZIT6, STM32H563AGI6, STM32H563AII3Q, STM32H563AII6, STM32H563IGK6, STM32H563IGT6, STM32H563IIK3Q, STM32H563IIK6, STM32H563IIT3Q, STM32H563IIT6, STM32H563MIY3QTR, STM32H563RGT6, STM32H563RGV6, STM32H563RIT6, STM32H563RIV6, STM32H563VGT6, STM32H563VIT3Q, STM32H563VIT6, STM32H563ZGT6, STM32H563ZIT3Q, STM32H563ZIT6, STM32H573AII3Q, STM32H573AII6, STM32H573I-DK, STM32H573IIK3Q, STM32H573IIK6, STM32H573IIT3Q, STM32H573IIT6, STM32H573MIY3QTR, STM32H573RIT6, STM32H573RIV6, STM32H573VIT3Q, STM32H573VIT6, STM32H573ZIT3Q, STM32H573ZIT6, STM32L4R5QGI6STR, STM32MP131AAE3, STM32MP131AAF3, STM32MP131AAG3, STM32MP131CAE3, STM32MP131CAF3, STM32MP131CAG3, STM32MP131DAE7, STM32MP131DAF7, STM32MP131DAG7, STM32MP131FAE7, STM32MP131FAF7, STM32MP131FAG7, STM32MP133AAE3, STM32MP133AAF3, STM32MP133AAG3, STM32MP133CAE3, STM32MP133CAF3, STM32MP133CAG3, STM32MP133DAE7, STM32MP133DAF7, STM32MP133DAG7, STM32MP133FAE7, STM32MP133FAF7, STM32MP133FAG7, STM32MP135AAE3, STM32MP135AAF3, STM32MP135AAG3, STM32MP135CAE3, STM32MP135CAF3, STM32MP135CAG3, STM32MP135DAE7, STM32MP135DAF7, STM32MP135DAG7, STM32MP135F-DK, STM32MP135FAE7, STM32MP135FAF7, STM32MP135FAF7T, STM32MP135FAF7U, STM32MP135FAG7, STM32U535CBT6, STM32U535CBT6Q, STM32U535CBU6, STM32U535CBU6Q, STM32U535CCT6, STM32U535CCT6Q, STM32U535CCU6, STM32U535CCU6Q, STM32U535CET6, STM32U535CET6Q, STM32U535CEU6, STM32U535CEU6Q, STM32U535JEY6QTR, STM32U535NCY6QTR, STM32U535NEY6QTR, STM32U535RBI6, STM32U535RBI6Q, STM32U535RBT6, STM32U535RBT6Q, STM32U535RCI6, STM32U535RCI6Q, STM32U535RCT6, STM32U535RCT6Q, STM32U535REI6, STM32U535REI6Q, STM32U535RET6, STM32U535RET6Q, STM32U535VCI6, STM32U535VCI6Q, STM32U535VCT6, STM32U535VCT6Q, STM32U535VEI6, STM32U535VEI6Q, STM32U535VET6, STM32U535VET6Q, STM32U545CET6, STM32U545CET6Q, STM32U545CEU6, STM32U545CEU6Q, STM32U545JEY6QTR, STM32U545NEY6QTR, STM32U545REI6, STM32U545REI6Q, STM32U545RET6, STM32U545RET6Q, STM32U545VEI6, STM32U545VEI6Q, STM32U545VET6, STM32U545VET6Q, STM32U595AIH6, STM32U595AIH6Q, STM32U595AJH6, STM32U595AJH6Q, STM32U595QII6, STM32U595QII6Q, STM32U595QJI6, STM32U595QJI6Q, STM32U595RIT6, STM32U595RIT6Q, STM32U595RJT6, STM32U595RJT6Q, STM32U595VIT6, STM32U595VIT6Q, STM32U595VJT6, STM32U595VJT6Q, STM32U595ZIT6, STM32U595ZIT6Q, STM32U595ZIY6QTR, STM32U595ZJT6, STM32U595ZJT6Q, STM32U595ZJY6QTR, STM32U599BJY6QTR, STM32U599NIH6Q, STM32U599NJH6Q, STM32U599VIT6Q, STM32U599VJT6, STM32U599VJT6Q, STM32U599ZIT6Q, STM32U599ZIY6QTR, STM32U599ZJT6Q, STM32U599ZJY6QTR, STM32U5A5AJH6, STM32U5A5AJH6Q, STM32U5A5QJI6, STM32U5A5QJI6Q, STM32U5A5RJT6, STM32U5A5RJT6Q, STM32U5A5VJT6, STM32U5A5VJT6Q, STM32U5A5ZJT6, STM32U5A5ZJT6Q, STM32U5A5ZJY6QTR, STM32U5A9BJY6QTR, STM32U5A9J-DK, STM32U5A9NJH6Q, STM32U5A9VJT6Q, STM32U5A9ZJT6Q, STM32U5A9ZJY6QTR, STM32U5F7VIT6, STM32U5F7VIT6Q, STM32U5F7VJT6, STM32U5F7VJT6Q, STM32U5F9BJY6QTR, STM32U5F9NJH6Q, STM32U5F9VIT6Q, STM32U5F9VJT6Q, STM32U5F9ZIJ6QTR, STM32U5F9ZIT6Q, STM32U5F9ZJJ6QTR, STM32U5F9ZJT6Q, STM32U5G7VJT6, STM32U5G7VJT6Q, STM32U5G9BJY6QTR, STM32U5G9J-DK1, STM32U5G9J-DK2, STM32U5G9NJH6Q, STM32U5G9VJT6Q, STM32U5G9ZJJ6QTR, STM32U5G9ZJT6Q, STM32WB1MMCH6, STM32WBA52CEU6, STM32WBA52CEU6T, STM32WBA52CGU6, STM32WBA52CGU6T, STM32WBA52KEU6, STM32WBA52KEU6T, STM32WBA52KGU6, STM32WBA52KGU6T, STM32WL5MOCH6, STM32WL5MOCH6TR]
2023-12-06 21:21:10,108 [INFO] DbMcus:217 - Found 3882 MCUs, 3882 are supported
2023-12-06 21:21:10,109 [INFO] ApiDb:423 - Load user favorites file C:\Users\lenovo/.stm32cubeide/favorites.mcus.txt: 1 item(s)
2023-12-06 21:21:10,109 [INFO] ApiDb:427 - User favorites MCUs=[STM32F103C8T6]
2023-12-06 21:21:10,109 [INFO] DbMcus:223 - Set 1 / 1 favorites MCUs
2023-12-06 21:21:10,447 [WARN] ThirdParty:833 - waiting for thirdparty lock release [change project]
2023-12-06 21:21:10,447 [INFO] ThirdParty:835 - entering critical section [change project]
2023-12-06 21:21:10,447 [INFO] ThirdParty:1030 - CMSIS Pack Vendor :STMicroelectronics X-CUBE-ISPU 1.1.0
2023-12-06 21:21:10,447 [INFO] ThirdParty:1030 - CMSIS Pack Vendor :STMicroelectronics USBPD 4.1
2023-12-06 21:21:10,447 [INFO] ThirdParty:1030 - CMSIS Pack Vendor :STMicroelectronics X-CUBE-GNSS1 6.0.0
2023-12-06 21:21:10,447 [INFO] ThirdParty:1030 - CMSIS Pack Vendor :STMicroelectronics USB_HOST 2.0.0
2023-12-06 21:21:10,447 [INFO] ThirdParty:1030 - CMSIS Pack Vendor :STMicroelectronics X-CUBE-AZRTOS-F4 1.1.0
2023-12-06 21:21:10,447 [INFO] ThirdParty:1030 - CMSIS Pack Vendor :STMicroelectronics LIBJPEG 8.0.0
2023-12-06 21:21:10,447 [INFO] ThirdParty:1030 - CMSIS Pack Vendor :wolfSSL I-CUBE-wolfSSL 5.6.3
2023-12-06 21:21:10,447 [INFO] ThirdParty:1030 - CMSIS Pack Vendor :STMicroelectronics X-CUBE-SMBUS 2.1.0
2023-12-06 21:21:10,447 [INFO] ThirdParty:1030 - CMSIS Pack Vendor :STMicroelectronics USB_DEVICE 3.0.0
2023-12-06 21:21:10,447 [INFO] ThirdParty:1030 - CMSIS Pack Vendor :STMicroelectronics X-CUBE-AZRTOS-WB 2.0.0
2023-12-06 21:21:10,447 [INFO] ThirdParty:1030 - CMSIS Pack Vendor :STMicroelectronics X-CUBE-AZRTOS-F7 1.1.0
2023-12-06 21:21:10,447 [INFO] ThirdParty:1030 - CMSIS Pack Vendor :STMicroelectronics X-CUBE-AZRTOS-L5 2.0.0
2023-12-06 21:21:10,447 [INFO] ThirdParty:1030 - CMSIS Pack Vendor :STMicroelectronics USB_DEVICE 2.0.0
2023-12-06 21:21:10,447 [INFO] ThirdParty:1030 - CMSIS Pack Vendor :STMicroelectronics X-CUBE-MEMS1 9.6.0
2023-12-06 21:21:10,447 [INFO] ThirdParty:1030 - CMSIS Pack Vendor :STMicroelectronics X-CUBE-EEPRMA1 4.2.0
2023-12-06 21:21:10,447 [INFO] ThirdParty:1030 - CMSIS Pack Vendor :ITTIA_DB I-CUBE-ITTIADB 8.8.0
2023-12-06 21:21:10,447 [INFO] ThirdParty:1030 - CMSIS Pack Vendor :STMicroelectronics FP-SNS-MOTENV1 4.3.2
2023-12-06 21:21:10,447 [INFO] ThirdParty:1030 - CMSIS Pack Vendor :STMicroelectronics X-CUBE-ALGOBUILD 1.3.0
2023-12-06 21:21:10,447 [INFO] ThirdParty:1030 - CMSIS Pack Vendor :STMicroelectronics FreeRTOS 0.0.1
2023-12-06 21:21:10,447 [INFO] ThirdParty:1030 - CMSIS Pack Vendor :STMicroelectronics X-CUBE-AZRTOS-G0 1.1.0
2023-12-06 21:21:10,447 [INFO] ThirdParty:1030 - CMSIS Pack Vendor :STMicroelectronics X-CUBE-BLEMGR 2.0.0
2023-12-06 21:21:10,447 [INFO] ThirdParty:1030 - CMSIS Pack Vendor :STMicroelectronics X-CUBE-NFC4 3.0.0
2023-12-06 21:21:10,447 [INFO] ThirdParty:1030 - CMSIS Pack Vendor :STMicroelectronics X-CUBE-SUBG2 5.0.0
2023-12-06 21:21:10,447 [INFO] ThirdParty:1030 - CMSIS Pack Vendor :STMicroelectronics STM32_WPAN 1.0.0
2023-12-06 21:21:10,447 [INFO] ThirdParty:1030 - CMSIS Pack Vendor :STMicroelectronics lwIP 2.0.3
2023-12-06 21:21:10,447 [INFO] ThirdParty:1030 - CMSIS Pack Vendor :STMicroelectronics FP-SNS-FLIGHT1 5.0.2
2023-12-06 21:21:10,447 [INFO] ThirdParty:1030 - CMSIS Pack Vendor :STMicroelectronics USB_HOST 1.0.0
2023-12-06 21:21:10,447 [INFO] ThirdParty:1030 - CMSIS Pack Vendor :STMicroelectronics X-CUBE-TOF1 3.3.1
2023-12-06 21:21:10,448 [INFO] ThirdParty:1030 - CMSIS Pack Vendor :STMicroelectronics X-CUBE-AZRTOS-G4 2.0.0
2023-12-06 21:21:10,448 [INFO] ThirdParty:1030 - CMSIS Pack Vendor :STMicroelectronics PDM2PCM 3.1.0
2023-12-06 21:21:10,448 [INFO] ThirdParty:1030 - CMSIS Pack Vendor :STMicroelectronics X-CUBE-AZRTOS-H7 3.1.0
2023-12-06 21:21:10,448 [INFO] ThirdParty:1030 - CMSIS Pack Vendor :Infineon AIROC-Wi-Fi-Bluetooth-STM32 1.5.1
2023-12-06 21:21:10,448 [INFO] ThirdParty:1030 - CMSIS Pack Vendor :STMicroelectronics X-CUBE-BLEMGR 3.0.0
2023-12-06 21:21:10,448 [INFO] ThirdParty:1030 - CMSIS Pack Vendor :STMicroelectronics PDM2PCM 3.3.0
2023-12-06 21:21:10,448 [INFO] ThirdParty:1030 - CMSIS Pack Vendor :STMicroelectronics X-CUBE-DISPLAY 3.0.0
2023-12-06 21:21:10,448 [INFO] ThirdParty:1030 - CMSIS Pack Vendor :STMicroelectronics FP-SNS-MOTENVWB1 1.3.0
2023-12-06 21:21:10,448 [INFO] ThirdParty:1030 - CMSIS Pack Vendor :STMicroelectronics FP-SNS-MOTENVWB1 1.3.1
2023-12-06 21:21:10,448 [INFO] ThirdParty:1030 - CMSIS Pack Vendor :STMicroelectronics X-CUBE-BLE1 7.0.0
2023-12-06 21:21:10,448 [INFO] ThirdParty:1030 - CMSIS Pack Vendor :STMicroelectronics FP-ATR-SIGFOX1 3.2.0
2023-12-06 21:21:10,448 [INFO] ThirdParty:1030 - CMSIS Pack Vendor :STMicroelectronics X-CUBE-ISPU 2.0.0
2023-12-06 21:21:10,448 [INFO] ThirdParty:1030 - CMSIS Pack Vendor :STMicroelectronics HAL Drivers 0.0.0
2023-12-06 21:21:10,448 [INFO] ThirdParty:1030 - CMSIS Pack Vendor :STMicroelectronics MBEDTLS 2.16.2
2023-12-06 21:21:10,448 [INFO] ThirdParty:1030 - CMSIS Pack Vendor :emotas I-CUBE-CANOPEN 1.3.0
2023-12-06 21:21:10,448 [INFO] ThirdParty:1030 - CMSIS Pack Vendor :STMicroelectronics X-CUBE-MEMS1 10.0.0
2023-12-06 21:21:10,448 [INFO] ThirdParty:1030 - CMSIS Pack Vendor :STMicroelectronics X-CUBE-FREERTOS 1.1.0
2023-12-06 21:21:10,448 [INFO] ThirdParty:1030 - CMSIS Pack Vendor :STMicroelectronics X-CUBE-NFC7 1.0.1
2023-12-06 21:21:10,448 [INFO] ThirdParty:1030 - CMSIS Pack Vendor :STMicroelectronics MBEDTLS 2.14.1
2023-12-06 21:21:10,448 [INFO] ThirdParty:1030 - CMSIS Pack Vendor :STMicroelectronics X-CUBE-TOUCHGFX 4.22.1
2023-12-06 21:21:10,448 [INFO] ThirdParty:1030 - CMSIS Pack Vendor :STMicroelectronics X-CUBE-NFC6 3.0.0
2023-12-06 21:21:10,448 [INFO] ThirdParty:1030 - CMSIS Pack Vendor :STMicroelectronics X-CUBE-EEPRMA1 4.1.0
2023-12-06 21:21:10,448 [INFO] ThirdParty:1030 - CMSIS Pack Vendor :portGmbH I-Cube-SoM-uGOAL 1.1.0
2023-12-06 21:21:10,448 [INFO] ThirdParty:1030 - CMSIS Pack Vendor :STMicroelectronics X-CUBE-ALS 1.0.1
2023-12-06 21:21:10,448 [INFO] ThirdParty:1030 - CMSIS Pack Vendor :STMicroelectronics ThreadX 1.0.0
2023-12-06 21:21:10,448 [INFO] ThirdParty:1030 - CMSIS Pack Vendor :STMicroelectronics FP-SNS-SMARTAG2 1.2.0
2023-12-06 21:21:10,448 [INFO] ThirdParty:1030 - CMSIS Pack Vendor :STMicroelectronics X-CUBE-AZRTOS-WL 2.0.0
2023-12-06 21:21:10,448 [INFO] ThirdParty:1030 - CMSIS Pack Vendor :SEGGER I-CUBE-embOS 1.3.1
2023-12-06 21:21:10,448 [INFO] ThirdParty:1030 - CMSIS Pack Vendor :STMicroelectronics USB_DEVICE 1.0.0
2023-12-06 21:21:10,448 [INFO] ThirdParty:1030 - CMSIS Pack Vendor :STMicroelectronics X-CUBE-AI 8.1.0
2023-12-06 21:21:10,448 [INFO] ThirdParty:1030 - CMSIS Pack Vendor :STMicroelectronics X-CUBE-AZRTOS-L4 2.0.0
2023-12-06 21:21:10,448 [INFO] ThirdParty:1030 - CMSIS Pack Vendor :STMicroelectronics ThreadX 0.0.2
2023-12-06 21:21:10,448 [INFO] ThirdParty:1030 - CMSIS Pack Vendor :WES I-CUBE-Cesium 1.3.0
2023-12-06 21:21:10,448 [INFO] ThirdParty:1030 - CMSIS Pack Vendor :STMicroelectronics FP-ATR-ASTRA1 2.0.0
2023-12-06 21:21:10,448 [INFO] ThirdParty:1030 - CMSIS Pack Vendor :STMicroelectronics lwIP 2.1.2
2023-12-06 21:21:10,448 [INFO] ThirdParty:1030 - CMSIS Pack Vendor :STMicroelectronics X-CUBE-SFXS2LP1 4.0.0
2023-12-06 21:21:10,448 [INFO] ThirdParty:1030 - CMSIS Pack Vendor :STMicroelectronics X-CUBE-BLE2 3.3.0
2023-12-06 21:21:10,448 [INFO] ThirdParty:1030 - CMSIS Pack Vendor :STMicroelectronics X-CUBE-TOF1 3.4.0
2023-12-06 21:21:10,448 [INFO] ThirdParty:1030 - CMSIS Pack Vendor :STMicroelectronics X-CUBE-AZRTOS-H7 3.2.0
2023-12-06 21:21:10,448 [INFO] ThirdParty:1030 - CMSIS Pack Vendor :STMicroelectronics PDM2PCM 3.2.0
2023-12-06 21:21:10,448 [INFO] ThirdParty:841 - exiting critical section [change project]
2023-12-06 21:21:10,733 [INFO] PinOutPanel:1499 - setPackage(No Configuration,No Configuration)
2023-12-06 21:21:10,734 [INFO] PinOutPanel:1499 - setPackage(STM32F103C8Tx,LQFP48)
2023-12-06 21:21:11,194 [INFO] UtilMem:75 - Before build in PCC Used Memory: 686450064 Bytes (1073741824)
2023-12-06 21:21:12,292 [INFO] UtilMem:75 - After build in PCC Used Memory: 747267472 Bytes (1073741824)
2023-12-06 21:21:12,314 [INFO] IPUIPlugin:80 - create IPUIPlugin
2023-12-06 21:21:12,314 [INFO] IPUIPlugin:80 - create IPUIPlugin
2023-12-06 21:21:12,315 [INFO] IPUIPlugin:80 - create IPUIPlugin
2023-12-06 21:21:12,315 [INFO] IPUIPlugin:80 - create IPUIPlugin
2023-12-06 21:21:12,315 [INFO] IPUIPlugin:80 - create IPUIPlugin
2023-12-06 21:21:12,315 [INFO] IPUIPlugin:80 - create IPUIPlugin
2023-12-06 21:21:12,315 [INFO] IPUIPlugin:80 - create IPUIPlugin
2023-12-06 21:21:12,315 [INFO] IPUIPlugin:80 - create IPUIPlugin
2023-12-06 21:21:12,315 [INFO] IPUIPlugin:80 - create IPUIPlugin
2023-12-06 21:21:12,315 [INFO] IPUIPlugin:80 - create IPUIPlugin
2023-12-06 21:21:12,316 [INFO] IPUIPlugin:80 - create IPUIPlugin
2023-12-06 21:21:12,316 [INFO] IPUIPlugin:80 - create IPUIPlugin
2023-12-06 21:21:12,316 [INFO] IPUIPlugin:80 - create IPUIPlugin
2023-12-06 21:21:12,316 [INFO] IPUIPlugin:80 - create IPUIPlugin
2023-12-06 21:21:12,317 [INFO] IPUIPlugin:80 - create IPUIPlugin
2023-12-06 21:21:12,317 [INFO] IPUIPlugin:80 - create IPUIPlugin
2023-12-06 21:21:12,317 [INFO] IPUIPlugin:80 - create IPUIPlugin
2023-12-06 21:21:12,317 [INFO] IPUIPlugin:80 - create IPUIPlugin
2023-12-06 21:21:12,317 [INFO] IPUIPlugin:80 - create IPUIPlugin
2023-12-06 21:21:12,317 [INFO] IPUIPlugin:80 - create IPUIPlugin
2023-12-06 21:21:12,317 [INFO] IPUIPlugin:80 - create IPUIPlugin
2023-12-06 21:21:12,317 [INFO] IPUIPlugin:80 - create IPUIPlugin
2023-12-06 21:21:12,318 [INFO] IPUIPlugin:80 - create IPUIPlugin
2023-12-06 21:21:12,318 [INFO] IPUIPlugin:80 - create IPUIPlugin
2023-12-06 21:21:12,318 [INFO] IPUIPlugin:80 - create IPUIPlugin
2023-12-06 21:21:12,318 [INFO] IPUIPlugin:80 - create IPUIPlugin
2023-12-06 21:21:12,318 [INFO] IPUIPlugin:80 - create IPUIPlugin
2023-12-06 21:21:12,654 [INFO] CADModel:165 - CPN selected for project levelSTM32F103C8T6
2023-12-06 21:21:12,654 [INFO] CADModel:114 - Register for checkConnection events
2023-12-06 21:21:12,732 [INFO] OpenFileManager:328 - Restore cursor
2023-12-06 21:35:14,600 [ERROR] ConfigurationRetriever:142 - IOException on connection: Read timed out
2023-12-06 21:35:16,628 [ERROR] ConfigurationRetriever:142 - IOException on connection: Read timed out
2023-12-06 21:35:18,964 [ERROR] ConfigurationRetriever:142 - IOException on connection: Read timed out
2023-12-06 21:35:20,994 [ERROR] ConfigurationRetriever:142 - IOException on connection: Read timed out
