2023-11-23 22:21:19,558 [INFO] Activator:176 - 


2023-11-23 22:21:19,563 [INFO] Activator:177 - !SESSION log4j initialized
2023-11-23 22:21:26,699 [INFO] LogOutputStream:77 - [STDOUT_REDIRECT] 
2023-11-23 22:21:32,246 [INFO] ApplicationProperties:184 - Using Application install path: D:\ST\STM32CubeIDE_1.13.2\STM32CubeIDE\plugins\com.st.stm32cube.common.mx_6.9.2.202309101412
2023-11-23 22:21:32,266 [INFO] DbMcusXml:78 - Set database path to: D:\ST\STM32CubeIDE_1.13.2\STM32CubeIDE\plugins\com.st.stm32cube.common.mx_6.9.2.202309101412\\db\/mcu/
2023-11-23 22:21:32,266 [INFO] ApiDb:274 - Set plugin database path to: D:\ST\STM32CubeIDE_1.13.2\STM32CubeIDE\plugins\com.st.stm32cube.common.mx_6.9.2.202309101412\\db\/plugins/boardmanager/
2023-11-23 22:21:32,266 [WARN] ApiDb:259 - Overriding images path with different value:  => D:\ST\STM32CubeIDE_1.13.2\STM32CubeIDE\plugins\com.st.stm32cube.common.mx_6.9.2.202309101412\\db\/plugins/mcufinder/images/
2023-11-23 22:21:32,278 [INFO] ApiDb:250 - Set database path to: C:\Users\lenovo\.stmcufinder\plugins\mcufinder//mcu/
2023-11-23 22:21:32,281 [INFO] DbMcusAds:125 - Set database path to: C:\Users\lenovo\.stmcufinder\plugins\mcufinder//mcu/
2023-11-23 22:21:32,284 [INFO] CrossReferenceDbSqlite:203 - Set database path to: C:\Users\lenovo\.stmcufinder\plugins\mcufinder//mcu/cs/
2023-11-23 22:21:32,838 [INFO] RulesReader:64 - Compatibility file has been processed (293 Rules)
2023-11-23 22:21:33,748 [INFO] DbMcusXml:78 - Set database path to: D:\ST\STM32CubeIDE_1.13.2\STM32CubeIDE\plugins\com.st.stm32cube.common.mx_6.9.2.202309101412\\db\/mcu/
2023-11-23 22:21:33,749 [INFO] ApiDb:274 - Set plugin database path to: D:\ST\STM32CubeIDE_1.13.2\STM32CubeIDE\plugins\com.st.stm32cube.common.mx_6.9.2.202309101412\\db\/plugins/boardmanager/
2023-11-23 22:21:33,749 [INFO] ApiDb:261 - Set plugin images path to: D:\ST\STM32CubeIDE_1.13.2\STM32CubeIDE\plugins\com.st.stm32cube.common.mx_6.9.2.202309101412\\db\/plugins/mcufinder/images/
2023-11-23 22:21:33,749 [WARN] DbFile:41 - Overriding database path with different value: C:\Users\lenovo\.stmcufinder\plugins\mcufinder/ => C:\Users\lenovo\.stmcufinder\plugins\mcufinder
2023-11-23 22:21:33,749 [INFO] ApiDb:250 - Set database path to: C:\Users\lenovo\.stmcufinder\plugins\mcufinder//mcu/
2023-11-23 22:21:33,750 [WARN] DbFile:41 - Overriding database path with different value: C:\Users\lenovo\.stmcufinder\plugins\mcufinder/ => C:\Users\lenovo\.stmcufinder\plugins\mcufinder
2023-11-23 22:21:33,750 [INFO] DbMcusAds:125 - Set database path to: C:\Users\lenovo\.stmcufinder\plugins\mcufinder//mcu/
2023-11-23 22:21:33,750 [WARN] DbFile:41 - Overriding database path with different value: C:\Users\lenovo\.stmcufinder\plugins\mcufinder/ => C:\Users\lenovo\.stmcufinder\plugins\mcufinder
2023-11-23 22:21:33,750 [WARN] DbFile:41 - Overriding database path with different value: C:\Users\lenovo\.stmcufinder\plugins\mcufinder/ => C:\Users\lenovo\.stmcufinder\plugins\mcufinder
2023-11-23 22:21:33,750 [INFO] CrossReferenceDbSqlite:203 - Set database path to: C:\Users\lenovo\.stmcufinder\plugins\mcufinder//mcu/cs/
2023-11-23 22:21:33,883 [INFO] MainPanel:262 - HeapMemory: 268435456
2023-11-23 22:21:34,291 [INFO] DbMcusXml:78 - Set database path to: D:\ST\STM32CubeIDE_1.13.2\STM32CubeIDE\plugins\com.st.stm32cube.common.mx_6.9.2.202309101412\\db\/mcu/
2023-11-23 22:21:34,292 [INFO] ApiDb:274 - Set plugin database path to: D:\ST\STM32CubeIDE_1.13.2\STM32CubeIDE\plugins\com.st.stm32cube.common.mx_6.9.2.202309101412\\db\/plugins/boardmanager/
2023-11-23 22:21:34,292 [INFO] ApiDb:261 - Set plugin images path to: D:\ST\STM32CubeIDE_1.13.2\STM32CubeIDE\plugins\com.st.stm32cube.common.mx_6.9.2.202309101412\\db\/plugins/mcufinder/images/
2023-11-23 22:21:34,293 [WARN] DbFile:41 - Overriding database path with different value: C:\Users\lenovo\.stmcufinder\plugins\mcufinder/ => C:\Users\lenovo\.stmcufinder\plugins\mcufinder
2023-11-23 22:21:34,293 [INFO] ApiDb:250 - Set database path to: C:\Users\lenovo\.stmcufinder\plugins\mcufinder//mcu/
2023-11-23 22:21:34,293 [WARN] DbFile:41 - Overriding database path with different value: C:\Users\lenovo\.stmcufinder\plugins\mcufinder/ => C:\Users\lenovo\.stmcufinder\plugins\mcufinder
2023-11-23 22:21:34,293 [INFO] DbMcusAds:125 - Set database path to: C:\Users\lenovo\.stmcufinder\plugins\mcufinder//mcu/
2023-11-23 22:21:34,293 [WARN] DbFile:41 - Overriding database path with different value: C:\Users\lenovo\.stmcufinder\plugins\mcufinder/ => C:\Users\lenovo\.stmcufinder\plugins\mcufinder
2023-11-23 22:21:34,294 [WARN] DbFile:41 - Overriding database path with different value: C:\Users\lenovo\.stmcufinder\plugins\mcufinder/ => C:\Users\lenovo\.stmcufinder\plugins\mcufinder
2023-11-23 22:21:34,294 [INFO] CrossReferenceDbSqlite:203 - Set database path to: C:\Users\lenovo\.stmcufinder\plugins\mcufinder//mcu/cs/
2023-11-23 22:21:34,318 [INFO] ApplicationProperties:184 - Using Application install path: D:\ST\STM32CubeIDE_1.13.2\STM32CubeIDE\plugins\com.st.stm32cube.common.mx_6.9.2.202309101412
2023-11-23 22:21:34,320 [INFO] PluginManage:196 - Search for loadable plugins [exclusion list=, ]
2023-11-23 22:21:34,323 [INFO] PluginManage:310 - Check plugin analytics
2023-11-23 22:21:34,521 [INFO] AnalyticsPlugin:253 - Accepted Software Licenses: 
2023-11-23 22:21:34,522 [INFO] AnalyticsPlugin:255 - Accepted CMSIS Pack Licenses: 
2023-11-23 22:21:34,522 [INFO] AnalyticsPlugin:257 - Accepted Firmware Licenses: 
2023-11-23 22:21:34,526 [INFO] PluginManage:359 - Loaded plugin analytics (category:tool,tabindex:-1)
2023-11-23 22:21:34,526 [INFO] PluginManage:310 - Check plugin cadmodel
2023-11-23 22:21:34,543 [INFO] CADModel:105 - Init CAD model plugin
2023-11-23 22:21:34,543 [INFO] PluginManage:359 - Loaded plugin cadmodel (category:power,tabindex:5)
2023-11-23 22:21:34,544 [INFO] PluginManage:310 - Check plugin clock
2023-11-23 22:21:34,564 [INFO] PluginManage:359 - Loaded plugin clock (category:base,tabindex:2)
2023-11-23 22:21:34,565 [INFO] PluginManage:310 - Check plugin ddr
2023-11-23 22:21:34,567 [INFO] PluginManage:359 - Loaded plugin ddr (category:tool,tabindex:6)
2023-11-23 22:21:34,568 [INFO] PluginManage:310 - Check plugin filemanager
2023-11-23 22:21:34,740 [INFO] PluginManage:359 - Loaded plugin filemanager (category:base,tabindex:10)
2023-11-23 22:21:34,740 [INFO] PluginManage:310 - Check plugin ipmanager
2023-11-23 22:21:34,748 [INFO] PluginManage:359 - Loaded plugin ipmanager (category:base,tabindex:5)
2023-11-23 22:21:34,749 [INFO] PluginManage:310 - Check plugin lpbam
2023-11-23 22:21:34,766 [INFO] PluginManage:359 - Loaded plugin lpbam (category:base,tabindex:0)
2023-11-23 22:21:34,766 [INFO] PluginManage:310 - Check plugin memorymap
2023-11-23 22:21:34,796 [INFO] PluginManage:359 - Loaded plugin memorymap (category:base,tabindex:4)
2023-11-23 22:21:34,796 [INFO] PluginManage:310 - Check plugin pinoutandconfiguration
2023-11-23 22:21:34,814 [INFO] PluginManage:359 - Loaded plugin pinoutandconfiguration (category:base,tabindex:1)
2023-11-23 22:21:34,815 [INFO] PluginManage:310 - Check plugin pinoutconfig
2023-11-23 22:21:34,924 [WARN] SupportedApi:132 - Cannot load RTOS API schema: s4s-elt-must-match.1: The content of 'definitions' must match (annotation?, (simpleType | complexType)?, (unique | key | keyref)*)). A problem was found starting at: attribute.
2023-11-23 22:21:35,044 [INFO] PluginManage:359 - Loaded plugin pinoutconfig (category:base,tabindex:0)
2023-11-23 22:21:35,045 [INFO] PluginManage:310 - Check plugin power
2023-11-23 22:21:35,063 [INFO] PluginManage:359 - Loaded plugin power (category:power,tabindex:4)
2023-11-23 22:21:35,063 [INFO] PluginManage:310 - Check plugin projectmanager
2023-11-23 22:21:35,077 [INFO] PluginManage:359 - Loaded plugin projectmanager (category:projectmanager,tabindex:3)
2023-11-23 22:21:35,077 [INFO] PluginManage:310 - Check plugin thirdparty
2023-11-23 22:21:35,333 [INFO] PluginManage:359 - Loaded plugin thirdparty (category:base,tabindex:-1)
2023-11-23 22:21:35,333 [INFO] PluginManage:310 - Check plugin tools
2023-11-23 22:21:35,333 [WARN] IntegrityCheckThread:84 - waiting for thirdparty lock release [integrity check]
2023-11-23 22:21:35,334 [INFO] IntegrityCheckThread:86 - entering critical section [integrity check]
2023-11-23 22:21:35,334 [INFO] ThirdPartyUpdaterWithRetryManager:70 - Updater plugin not ready yet. [1/15]
2023-11-23 22:21:35,382 [INFO] PluginManage:359 - Loaded plugin tools (category:base,tabindex:7)
2023-11-23 22:21:35,383 [INFO] PluginManage:310 - Check plugin tutovideos
2023-11-23 22:21:35,581 [INFO] PluginManage:359 - Loaded plugin tutovideos (category:base,tabindex:-1)
2023-11-23 22:21:35,581 [INFO] PluginManage:310 - Check plugin updater
2023-11-23 22:21:35,593 [INFO] PluginManage:359 - Loaded plugin updater (category:base,tabindex:12)
2023-11-23 22:21:35,593 [INFO] PluginManage:310 - Check plugin userauth
2023-11-23 22:21:35,598 [INFO] UserAuth:113 - Init User Auth plugin
2023-11-23 22:21:35,598 [INFO] PluginManage:359 - Loaded plugin userauth (category:base,tabindex:14)
2023-11-23 22:21:35,598 [INFO] PluginManage:283 - PluginManage : Loaded plugins [17]
2023-11-23 22:21:35,824 [INFO] PinOutPanel:1499 - setPackage(No Configuration,No Configuration)
2023-11-23 22:21:35,948 [INFO] CADModel:165 - CPN selected for project level
2023-11-23 22:21:35,948 [INFO] CADModel:114 - Register for checkConnection events
2023-11-23 22:21:35,976 [INFO] IPUIPlugin:80 - create IPUIPlugin
2023-11-23 22:21:35,976 [INFO] PluginManager:220 - loadIPPluginJar : add adc
2023-11-23 22:21:36,023 [INFO] IPUIPlugin:80 - create IPUIPlugin
2023-11-23 22:21:36,023 [INFO] PluginManager:220 - loadIPPluginJar : add aes
2023-11-23 22:21:36,091 [INFO] IPUIPlugin:80 - create IPUIPlugin
2023-11-23 22:21:36,092 [INFO] PluginManager:220 - loadIPPluginJar : add can
2023-11-23 22:21:36,130 [INFO] IPUIPlugin:80 - create IPUIPlugin
2023-11-23 22:21:36,130 [INFO] PluginManager:220 - loadIPPluginJar : add comp
2023-11-23 22:21:36,183 [INFO] IPUIPlugin:80 - create IPUIPlugin
2023-11-23 22:21:36,183 [INFO] PluginManager:220 - loadIPPluginJar : add cryp
2023-11-23 22:21:36,231 [INFO] IPUIPlugin:80 - create IPUIPlugin
2023-11-23 22:21:36,231 [INFO] PluginManager:220 - loadIPPluginJar : add dfsdm
2023-11-23 22:21:36,250 [INFO] IPUIPlugin:80 - create IPUIPlugin
2023-11-23 22:21:36,250 [INFO] PluginManager:220 - loadIPPluginJar : add dma
2023-11-23 22:21:36,320 [INFO] IPUIPlugin:80 - create IPUIPlugin
2023-11-23 22:21:36,320 [INFO] PluginManager:220 - loadIPPluginJar : add dma3
2023-11-23 22:21:36,352 [INFO] IPUIPlugin:80 - create IPUIPlugin
2023-11-23 22:21:36,352 [INFO] PluginManager:220 - loadIPPluginJar : add fatfs
2023-11-23 22:21:36,434 [INFO] IPUIPlugin:80 - create IPUIPlugin
2023-11-23 22:21:36,434 [INFO] PluginManager:220 - loadIPPluginJar : add fmc
2023-11-23 22:21:36,454 [INFO] IPUIPlugin:80 - create IPUIPlugin
2023-11-23 22:21:36,454 [INFO] PluginManager:220 - loadIPPluginJar : add freertos
2023-11-23 22:21:36,485 [INFO] IPUIPlugin:80 - create IPUIPlugin
2023-11-23 22:21:36,485 [INFO] PluginManager:220 - loadIPPluginJar : add genericplugin
2023-11-23 22:21:36,644 [INFO] IPUIPlugin:80 - create IPUIPlugin
2023-11-23 22:21:36,645 [INFO] PluginManager:220 - loadIPPluginJar : add gfxmmu
2023-11-23 22:21:37,047 [INFO] IPUIPlugin:80 - create IPUIPlugin
2023-11-23 22:21:37,048 [INFO] PluginManager:220 - loadIPPluginJar : add gic
2023-11-23 22:21:37,068 [INFO] IPUIPlugin:80 - create IPUIPlugin
2023-11-23 22:21:37,068 [INFO] PluginManager:220 - loadIPPluginJar : add gpio
2023-11-23 22:21:37,216 [INFO] IPUIPlugin:80 - create IPUIPlugin
2023-11-23 22:21:37,217 [INFO] PluginManager:220 - loadIPPluginJar : add gtzc
2023-11-23 22:21:37,284 [INFO] IPUIPlugin:80 - create IPUIPlugin
2023-11-23 22:21:37,284 [INFO] PluginManager:220 - loadIPPluginJar : add hash
2023-11-23 22:21:37,365 [INFO] IPUIPlugin:80 - create IPUIPlugin
2023-11-23 22:21:37,366 [INFO] PluginManager:220 - loadIPPluginJar : add i2c
2023-11-23 22:21:37,427 [INFO] IPUIPlugin:80 - create IPUIPlugin
2023-11-23 22:21:37,427 [INFO] PluginManager:220 - loadIPPluginJar : add i2s
2023-11-23 22:21:37,502 [INFO] IPUIPlugin:80 - create IPUIPlugin
2023-11-23 22:21:37,502 [INFO] PluginManager:220 - loadIPPluginJar : add i3c
2023-11-23 22:21:37,677 [INFO] IPUIPlugin:80 - create IPUIPlugin
2023-11-23 22:21:37,677 [INFO] PluginManager:220 - loadIPPluginJar : add ipddr
2023-11-23 22:21:37,822 [INFO] IPUIPlugin:80 - create IPUIPlugin
2023-11-23 22:21:37,823 [INFO] PluginManager:220 - loadIPPluginJar : add linkedlist
2023-11-23 22:21:37,870 [INFO] IPUIPlugin:80 - create IPUIPlugin
2023-11-23 22:21:37,870 [INFO] PluginManager:220 - loadIPPluginJar : add lorawan
2023-11-23 22:21:37,928 [INFO] IPUIPlugin:80 - create IPUIPlugin
2023-11-23 22:21:37,928 [INFO] PluginManager:220 - loadIPPluginJar : add ltdc
2023-11-23 22:21:37,946 [INFO] IPUIPlugin:80 - create IPUIPlugin
2023-11-23 22:21:37,947 [INFO] PluginManager:220 - loadIPPluginJar : add mdma
2023-11-23 22:21:37,960 [INFO] IPUIPlugin:80 - create IPUIPlugin
2023-11-23 22:21:37,960 [INFO] PluginManager:220 - loadIPPluginJar : add nvic
2023-11-23 22:21:38,012 [INFO] IPUIPlugin:80 - create IPUIPlugin
2023-11-23 22:21:38,013 [INFO] PluginManager:220 - loadIPPluginJar : add opamp
2023-11-23 22:21:38,116 [INFO] IPUIPlugin:80 - create IPUIPlugin
2023-11-23 22:21:38,116 [INFO] PluginManager:220 - loadIPPluginJar : add openamp
2023-11-23 22:21:38,191 [INFO] IPUIPlugin:80 - create IPUIPlugin
2023-11-23 22:21:38,191 [INFO] PluginManager:220 - loadIPPluginJar : add pdm2pcm
2023-11-23 22:21:38,207 [INFO] IPUIPlugin:80 - create IPUIPlugin
2023-11-23 22:21:38,210 [INFO] PluginManager:220 - loadIPPluginJar : add plateformsettings
2023-11-23 22:21:38,245 [INFO] IPUIPlugin:80 - create IPUIPlugin
2023-11-23 22:21:38,245 [INFO] PluginManager:220 - loadIPPluginJar : add quadspi
2023-11-23 22:21:38,260 [INFO] IPUIPlugin:80 - create IPUIPlugin
2023-11-23 22:21:38,260 [INFO] PluginManager:220 - loadIPPluginJar : add resmgrutility
2023-11-23 22:21:38,328 [INFO] IPUIPlugin:80 - create IPUIPlugin
2023-11-23 22:21:38,328 [INFO] PluginManager:220 - loadIPPluginJar : add sai
2023-11-23 22:21:38,335 [INFO] ThirdPartyUpdaterWithRetryManager:70 - Updater plugin not ready yet. [2/15]
2023-11-23 22:21:38,394 [INFO] IPUIPlugin:80 - create IPUIPlugin
2023-11-23 22:21:38,394 [INFO] PluginManager:220 - loadIPPluginJar : add spi
2023-11-23 22:21:38,501 [INFO] IPUIPlugin:80 - create IPUIPlugin
2023-11-23 22:21:38,502 [INFO] PluginManager:220 - loadIPPluginJar : add stm32_wpan
2023-11-23 22:21:38,540 [INFO] IPUIPlugin:80 - create IPUIPlugin
2023-11-23 22:21:38,540 [INFO] PluginManager:220 - loadIPPluginJar : add tim
2023-11-23 22:21:38,636 [INFO] IPUIPlugin:80 - create IPUIPlugin
2023-11-23 22:21:38,636 [INFO] PluginManager:220 - loadIPPluginJar : add touchsensing
2023-11-23 22:21:38,676 [INFO] IPUIPlugin:80 - create IPUIPlugin
2023-11-23 22:21:38,676 [INFO] PluginManager:220 - loadIPPluginJar : add tracer_emb
2023-11-23 22:21:38,714 [INFO] IPUIPlugin:80 - create IPUIPlugin
2023-11-23 22:21:38,714 [INFO] PluginManager:220 - loadIPPluginJar : add ts
2023-11-23 22:21:38,751 [INFO] IPUIPlugin:80 - create IPUIPlugin
2023-11-23 22:21:38,751 [INFO] PluginManager:220 - loadIPPluginJar : add tsc
2023-11-23 22:21:38,789 [INFO] IPUIPlugin:80 - create IPUIPlugin
2023-11-23 22:21:38,790 [INFO] PluginManager:220 - loadIPPluginJar : add ucpd
2023-11-23 22:21:38,867 [INFO] IPUIPlugin:80 - create IPUIPlugin
2023-11-23 22:21:38,867 [INFO] PluginManager:220 - loadIPPluginJar : add usart
2023-11-23 22:21:38,948 [INFO] IPUIPlugin:80 - create IPUIPlugin
2023-11-23 22:21:38,948 [INFO] PluginManager:220 - loadIPPluginJar : add usbx
2023-11-23 22:21:39,126 [INFO] CADModel:165 - CPN selected for project level
2023-11-23 22:21:39,126 [INFO] CADModel:114 - Register for checkConnection events
2023-11-23 22:21:39,126 [FATAL] Updater:308 - Updater called before beeing initialized
2023-11-23 22:21:39,126 [ERROR] CADModel:125 - Updater not yet initialized, retry later 
2023-11-23 22:21:39,362 [INFO] CADModel:165 - CPN selected for project level
2023-11-23 22:21:39,363 [INFO] CADModel:114 - Register for checkConnection events
2023-11-23 22:21:39,363 [FATAL] Updater:308 - Updater called before beeing initialized
2023-11-23 22:21:39,363 [ERROR] CADModel:125 - Updater not yet initialized, retry later 
2023-11-23 22:21:39,371 [FATAL] Updater:308 - Updater called before beeing initialized
2023-11-23 22:21:39,548 [FATAL] Updater:308 - Updater called before beeing initialized
2023-11-23 22:21:39,561 [INFO] DbMcusAds:53 - JSON generation date=Tue Mar 07 16:50:55 CST 2023 (1678179055335)
2023-11-23 22:21:39,562 [FATAL] Updater:308 - Updater called before beeing initialized
2023-11-23 22:21:39,662 [WARN] DetailPanel:346 - Failed to get advertising image, set to default
2023-11-23 22:21:39,863 [FATAL] Updater:308 - Updater called before beeing initialized
2023-11-23 22:21:39,866 [FATAL] Updater:308 - Updater called before beeing initialized
2023-11-23 22:21:39,867 [FATAL] Updater:308 - Updater called before beeing initialized
2023-11-23 22:21:39,867 [WARN] DetailPanel:346 - Failed to get advertising image, set to default
2023-11-23 22:21:39,868 [FATAL] Updater:308 - Updater called before beeing initialized
2023-11-23 22:21:39,963 [ERROR] Updater:1120 - MainUpdater not yet initialized. External WinMGr cannot be set.
2023-11-23 22:21:39,971 [INFO] Updater:1056 - Updater Version found : 6.9.2
2023-11-23 22:21:39,991 [INFO] ApplicationProperties:184 - Using Application install path: D:\ST\STM32CubeIDE_1.13.2\STM32CubeIDE\plugins\com.st.stm32cube.common.mx_6.9.2.202309101412
2023-11-23 22:21:40,334 [INFO] MainUpdater:2868 - connection check result : 10
2023-11-23 22:21:40,336 [INFO] MainUpdater:285 - Updater Check For Update Now.
2023-11-23 22:21:40,337 [INFO] MicroXplorer:498 - Change Database Version : DB.6.0.92
2023-11-23 22:21:40,356 [INFO] McuFinderGlobals:63 - Set McuFinder mode to 2 (CubeIDE integrated)
2023-11-23 22:21:40,577 [INFO] CheckServerUpdateThread:120 - End of CheckServer Thread
2023-11-23 22:21:41,641 [WARN] PackLoader:240 - Cannot read IP mode file for STMicroelectronics.X-CUBE-SMBUS.2.1.0
2023-11-23 22:21:41,695 [WARN] PackLoader:240 - Cannot read IP mode file for STMicroelectronics.X-CUBE-AZRTOS-F7.1.1.0
2023-11-23 22:21:41,734 [WARN] PackLoader:240 - Cannot read IP mode file for STMicroelectronics.FP-SNS-MOTENV1.4.3.2
2023-11-23 22:21:41,754 [WARN] PackLoader:240 - Cannot read IP mode file for STMicroelectronics.FP-SNS-FLIGHT1.5.0.2
2023-11-23 22:21:41,776 [WARN] PackLoader:240 - Cannot read IP mode file for STMicroelectronics.X-CUBE-DISPLAY.3.0.0
2023-11-23 22:21:41,807 [WARN] PackLoader:240 - Cannot read IP mode file for STMicroelectronics.X-CUBE-BLE1.7.0.0
2023-11-23 22:21:41,828 [WARN] PackLoader:240 - Cannot read IP mode file for emotas.I-CUBE-CANOPEN.1.3.0
2023-11-23 22:21:41,845 [WARN] PackLoader:240 - Cannot read IP mode file for STMicroelectronics.X-CUBE-TOUCHGFX.4.22.1
2023-11-23 22:21:41,860 [WARN] PackLoader:240 - Cannot read IP mode file for STMicroelectronics.FP-SNS-SMARTAG2.1.2.0
2023-11-23 22:21:41,894 [INFO] LogOutputStream:77 - [STDOUT_REDIRECT] 1 : Invalid condition id : UX_CORESTACK_Condition cause : null
2023-11-23 22:21:41,897 [INFO] LogOutputStream:77 - [STDOUT_REDIRECT] 1 : Invalid condition id : UX_CORESTACK_Condition cause : null
2023-11-23 22:21:41,899 [INFO] LogOutputStream:77 - [STDOUT_REDIRECT] 1 : Invalid condition id : UX_CORESTACK_Condition cause : null
2023-11-23 22:21:41,901 [INFO] LogOutputStream:77 - [STDOUT_REDIRECT] 1 : Invalid condition id : UX_CORESTACK_Condition cause : null
2023-11-23 22:21:41,903 [INFO] LogOutputStream:77 - [STDOUT_REDIRECT] 1 : Invalid condition id : UX_CORESTACK_Condition cause : null
2023-11-23 22:21:41,908 [WARN] PackLoader:240 - Cannot read IP mode file for STMicroelectronics.X-CUBE-AZRTOS-WL.2.0.0
2023-11-23 22:21:41,932 [WARN] PackLoader:240 - Cannot read IP mode file for WES.I-CUBE-Cesium.1.3.0
2023-11-23 22:21:41,949 [WARN] PackLoader:240 - Cannot read IP mode file for STMicroelectronics.X-CUBE-BLE2.3.3.0
2023-11-23 22:21:41,966 [WARN] PackLoader:240 - Cannot read IP mode file for STMicroelectronics.X-CUBE-ALGOBUILD.1.3.0
2023-11-23 22:21:41,999 [WARN] PackLoader:240 - Cannot read IP mode file for STMicroelectronics.X-CUBE-AZRTOS-G0.1.1.0
2023-11-23 22:21:42,014 [WARN] PackLoader:240 - Cannot read IP mode file for STMicroelectronics.X-CUBE-NFC4.3.0.0
2023-11-23 22:21:42,035 [WARN] PackLoader:240 - Cannot read IP mode file for STMicroelectronics.X-CUBE-BLEMGR.3.0.0
2023-11-23 22:21:42,048 [WARN] PackLoader:240 - Cannot read IP mode file for STMicroelectronics.FP-ATR-SIGFOX1.3.2.0
2023-11-23 22:21:42,093 [WARN] PackLoader:240 - Cannot read IP mode file for SEGGER.I-CUBE-embOS.1.3.1
2023-11-23 22:21:42,151 [WARN] PackLoader:240 - Cannot read IP mode file for STMicroelectronics.X-CUBE-GNSS1.6.0.0
2023-11-23 22:21:42,183 [WARN] PackLoader:240 - Cannot read IP mode file for STMicroelectronics.X-CUBE-AZRTOS-F4.1.1.0
2023-11-23 22:21:42,195 [WARN] PackLoader:240 - Cannot read IP mode file for wolfSSL.I-CUBE-wolfSSL.5.6.3
2023-11-23 22:21:42,220 [WARN] PackLoader:240 - Cannot read IP mode file for STMicroelectronics.X-CUBE-AZRTOS-L5.2.0.0
2023-11-23 22:21:42,277 [WARN] PackLoader:240 - Cannot read IP mode file for STMicroelectronics.X-CUBE-MEMS1.9.6.0
2023-11-23 22:21:42,439 [WARN] PackLoader:240 - Cannot read IP mode file for STMicroelectronics.X-CUBE-EEPRMA1.4.2.0
2023-11-23 22:21:42,454 [WARN] PackLoader:240 - Cannot read IP mode file for ITTIA_DB.I-CUBE-ITTIADB.8.8.0
2023-11-23 22:21:42,464 [WARN] PackLoader:240 - Cannot read IP mode file for STMicroelectronics.X-CUBE-BLEMGR.2.0.0
2023-11-23 22:21:42,489 [WARN] ConditionMgr:438 - getConditionDescription Invalid condition id : UX DEVICE CLASS RTOS Condition cause : null
2023-11-23 22:21:42,490 [WARN] ConditionMgr:438 - getConditionDescription Invalid condition id : UX DEVICE CLASS RTOS Condition cause : null
2023-11-23 22:21:42,491 [WARN] PackLoader:240 - Cannot read IP mode file for STMicroelectronics.X-CUBE-AZRTOS-H7.3.1.0
2023-11-23 22:21:42,492 [WARN] ConditionMgr:1039 - genDependencies : Invalid condition id : UX DEVICE CLASS RTOS Condition cause : null
2023-11-23 22:21:42,492 [WARN] ConditionMgr:1039 - genDependencies : Invalid condition id : UX DEVICE CLASS RTOS Condition cause : null
2023-11-23 22:21:42,493 [WARN] ConditionMgr:1039 - genDependencies : Invalid condition id : UX DEVICE CLASS RTOS Condition cause : null
2023-11-23 22:21:42,493 [WARN] ConditionMgr:1039 - genDependencies : Invalid condition id : UX DEVICE CLASS RTOS Condition cause : null
2023-11-23 22:21:42,493 [WARN] ConditionMgr:1039 - genDependencies : Invalid condition id : UX DEVICE CLASS RTOS Condition cause : null
2023-11-23 22:21:42,506 [WARN] PackLoader:240 - Cannot read IP mode file for STMicroelectronics.X-CUBE-NFC7.1.0.1
2023-11-23 22:21:42,521 [WARN] PackLoader:240 - Cannot read IP mode file for STMicroelectronics.X-CUBE-NFC6.3.0.0
2023-11-23 22:21:42,534 [WARN] PackLoader:240 - Cannot read IP mode file for STMicroelectronics.X-CUBE-EEPRMA1.4.1.0
2023-11-23 22:21:42,545 [WARN] PackLoader:240 - Cannot read IP mode file for STMicroelectronics.X-CUBE-AI.8.1.0
2023-11-23 22:21:42,566 [WARN] ConditionMgr:438 - getConditionDescription Invalid condition id : LAN8742 Phy interface Condition cause : null
2023-11-23 22:21:42,566 [WARN] PackLoader:240 - Cannot read IP mode file for STMicroelectronics.X-CUBE-AZRTOS-L4.2.0.0
2023-11-23 22:21:42,567 [WARN] ConditionMgr:1039 - genDependencies : Invalid condition id : LAN8742 Phy interface Condition cause : null
2023-11-23 22:21:42,567 [WARN] ConditionMgr:1039 - genDependencies : Invalid condition id : LAN8742 Phy interface Condition cause : null
2023-11-23 22:21:42,568 [WARN] ConditionMgr:1039 - genDependencies : Invalid condition id : LAN8742 Phy interface Condition cause : null
2023-11-23 22:21:42,583 [WARN] PackLoader:240 - Cannot read IP mode file for STMicroelectronics.X-CUBE-SFXS2LP1.4.0.0
2023-11-23 22:21:42,597 [WARN] PackLoader:240 - Cannot read IP mode file for STMicroelectronics.X-CUBE-ISPU.1.1.0
2023-11-23 22:21:42,620 [WARN] ConditionMgr:438 - getConditionDescription Invalid condition id : UX DEVICE CLASS RTOS Condition cause : null
2023-11-23 22:21:42,621 [WARN] ConditionMgr:438 - getConditionDescription Invalid condition id : UX DEVICE CLASS RTOS Condition cause : null
2023-11-23 22:21:42,623 [WARN] PackLoader:240 - Cannot read IP mode file for STMicroelectronics.X-CUBE-AZRTOS-WB.2.0.0
2023-11-23 22:21:42,624 [WARN] ConditionMgr:1039 - genDependencies : Invalid condition id : UX DEVICE CLASS RTOS Condition cause : null
2023-11-23 22:21:42,624 [WARN] ConditionMgr:1039 - genDependencies : Invalid condition id : UX DEVICE CLASS RTOS Condition cause : null
2023-11-23 22:21:42,625 [WARN] ConditionMgr:1039 - genDependencies : Invalid condition id : UX DEVICE CLASS RTOS Condition cause : null
2023-11-23 22:21:42,625 [WARN] ConditionMgr:1039 - genDependencies : Invalid condition id : UX DEVICE CLASS RTOS Condition cause : null
2023-11-23 22:21:42,625 [WARN] ConditionMgr:1039 - genDependencies : Invalid condition id : UX DEVICE CLASS RTOS Condition cause : null
2023-11-23 22:21:42,645 [WARN] PackLoader:240 - Cannot read IP mode file for STMicroelectronics.X-CUBE-SUBG2.5.0.0
2023-11-23 22:21:42,667 [WARN] PackLoader:240 - Cannot read IP mode file for STMicroelectronics.X-CUBE-TOF1.3.3.1
2023-11-23 22:21:42,700 [WARN] PackLoader:240 - Cannot read IP mode file for STMicroelectronics.X-CUBE-AZRTOS-G4.2.0.0
2023-11-23 22:21:42,731 [WARN] PackLoader:240 - Cannot read IP mode file for Infineon.AIROC-Wi-Fi-Bluetooth-STM32.1.5.1
2023-11-23 22:21:42,744 [WARN] PackLoader:240 - Cannot read IP mode file for STMicroelectronics.FP-SNS-MOTENVWB1.1.3.0
2023-11-23 22:21:42,795 [WARN] PackLoader:240 - Cannot read IP mode file for STMicroelectronics.X-CUBE-MEMS1.10.0.0
2023-11-23 22:21:42,882 [WARN] PackLoader:240 - Cannot read IP mode file for STMicroelectronics.X-CUBE-FREERTOS.1.1.0
2023-11-23 22:21:42,895 [WARN] PackLoader:240 - Cannot read IP mode file for portGmbH.I-Cube-SoM-uGOAL.1.1.0
2023-11-23 22:21:42,909 [WARN] PackLoader:240 - Cannot read IP mode file for STMicroelectronics.X-CUBE-ALS.1.0.1
2023-11-23 22:21:42,925 [WARN] PackLoader:240 - Cannot read IP mode file for STMicroelectronics.FP-ATR-ASTRA1.2.0.0
2023-11-23 22:21:42,926 [INFO] ThirdParty:978 - Integrity check success = true
2023-11-23 22:21:42,926 [INFO] IntegrityCheckThread:100 - exiting critical section [integrity check]
2023-11-23 22:21:42,926 [INFO] IntegrityCheckThread:103 - End integrity checks thread
2023-11-23 22:22:01,862 [ERROR] LogOutputStream:75 - [STDERR_REDIRECT] SLF4J: Failed to load class "org.slf4j.impl.StaticLoggerBinder".
2023-11-23 22:22:01,864 [ERROR] LogOutputStream:75 - [STDERR_REDIRECT] SLF4J: Defaulting to no-operation (NOP) logger implementation
2023-11-23 22:22:01,870 [ERROR] LogOutputStream:75 - [STDERR_REDIRECT] SLF4J: See http://www.slf4j.org/codes.html#StaticLoggerBinder for further details.
