ARM GAS  C:\Users\AURORA~1\AppData\Local\Temp\cc5JUBQc.s 			page 1


   1              		.cpu cortex-m4
   2              		.arch armv7e-m
   3              		.fpu fpv4-sp-d16
   4              		.eabi_attribute 27, 1
   5              		.eabi_attribute 28, 1
   6              		.eabi_attribute 20, 1
   7              		.eabi_attribute 21, 1
   8              		.eabi_attribute 23, 3
   9              		.eabi_attribute 24, 1
  10              		.eabi_attribute 25, 1
  11              		.eabi_attribute 26, 1
  12              		.eabi_attribute 30, 1
  13              		.eabi_attribute 34, 1
  14              		.eabi_attribute 18, 4
  15              		.file	"gpio.c"
  16              		.text
  17              	.Ltext0:
  18              		.cfi_sections	.debug_frame
  19              		.file 1 "Core/Src/gpio.c"
  20              		.section	.text.MX_GPIO_Init,"ax",%progbits
  21              		.align	1
  22              		.global	MX_GPIO_Init
  23              		.syntax unified
  24              		.thumb
  25              		.thumb_func
  27              	MX_GPIO_Init:
  28              	.LFB134:
   1:Core/Src/gpio.c **** /* USER CODE BEGIN Header */
   2:Core/Src/gpio.c **** /**
   3:Core/Src/gpio.c ****   ******************************************************************************
   4:Core/Src/gpio.c ****   * @file    gpio.c
   5:Core/Src/gpio.c ****   * @brief   This file provides code for the configuration
   6:Core/Src/gpio.c ****   *          of all used GPIO pins.
   7:Core/Src/gpio.c ****   ******************************************************************************
   8:Core/Src/gpio.c ****   * @attention
   9:Core/Src/gpio.c ****   *
  10:Core/Src/gpio.c ****   * Copyright (c) 2024 STMicroelectronics.
  11:Core/Src/gpio.c ****   * All rights reserved.
  12:Core/Src/gpio.c ****   *
  13:Core/Src/gpio.c ****   * This software is licensed under terms that can be found in the LICENSE file
  14:Core/Src/gpio.c ****   * in the root directory of this software component.
  15:Core/Src/gpio.c ****   * If no LICENSE file comes with this software, it is provided AS-IS.
  16:Core/Src/gpio.c ****   *
  17:Core/Src/gpio.c ****   ******************************************************************************
  18:Core/Src/gpio.c ****   */
  19:Core/Src/gpio.c **** /* USER CODE END Header */
  20:Core/Src/gpio.c **** 
  21:Core/Src/gpio.c **** /* Includes ------------------------------------------------------------------*/
  22:Core/Src/gpio.c **** #include "gpio.h"
  23:Core/Src/gpio.c **** 
  24:Core/Src/gpio.c **** /* USER CODE BEGIN 0 */
  25:Core/Src/gpio.c **** 
  26:Core/Src/gpio.c **** /* USER CODE END 0 */
  27:Core/Src/gpio.c **** 
  28:Core/Src/gpio.c **** /*----------------------------------------------------------------------------*/
  29:Core/Src/gpio.c **** /* Configure GPIO                                                             */
  30:Core/Src/gpio.c **** /*----------------------------------------------------------------------------*/
ARM GAS  C:\Users\AURORA~1\AppData\Local\Temp\cc5JUBQc.s 			page 2


  31:Core/Src/gpio.c **** /* USER CODE BEGIN 1 */
  32:Core/Src/gpio.c **** 
  33:Core/Src/gpio.c **** /* USER CODE END 1 */
  34:Core/Src/gpio.c **** 
  35:Core/Src/gpio.c **** /** Configure pins as
  36:Core/Src/gpio.c ****         * Analog
  37:Core/Src/gpio.c ****         * Input
  38:Core/Src/gpio.c ****         * Output
  39:Core/Src/gpio.c ****         * EVENT_OUT
  40:Core/Src/gpio.c ****         * EXTI
  41:Core/Src/gpio.c **** */
  42:Core/Src/gpio.c **** void MX_GPIO_Init(void)
  43:Core/Src/gpio.c **** {
  29              		.loc 1 43 1 view -0
  30              		.cfi_startproc
  31              		@ args = 0, pretend = 0, frame = 24
  32              		@ frame_needed = 0, uses_anonymous_args = 0
  33              		@ link register save eliminated.
  34 0000 86B0     		sub	sp, sp, #24
  35              	.LCFI0:
  36              		.cfi_def_cfa_offset 24
  44:Core/Src/gpio.c **** 
  45:Core/Src/gpio.c ****   /* GPIO Ports Clock Enable */
  46:Core/Src/gpio.c ****   __HAL_RCC_GPIOB_CLK_ENABLE();
  37              		.loc 1 46 3 view .LVU1
  38              	.LBB2:
  39              		.loc 1 46 3 view .LVU2
  40 0002 0022     		movs	r2, #0
  41 0004 0192     		str	r2, [sp, #4]
  42              		.loc 1 46 3 view .LVU3
  43 0006 1A4B     		ldr	r3, .L3
  44 0008 196B     		ldr	r1, [r3, #48]
  45 000a 41F00201 		orr	r1, r1, #2
  46 000e 1963     		str	r1, [r3, #48]
  47              		.loc 1 46 3 view .LVU4
  48 0010 196B     		ldr	r1, [r3, #48]
  49 0012 01F00201 		and	r1, r1, #2
  50 0016 0191     		str	r1, [sp, #4]
  51              		.loc 1 46 3 view .LVU5
  52 0018 0199     		ldr	r1, [sp, #4]
  53              	.LBE2:
  54              		.loc 1 46 3 view .LVU6
  47:Core/Src/gpio.c ****   __HAL_RCC_GPIOA_CLK_ENABLE();
  55              		.loc 1 47 3 view .LVU7
  56              	.LBB3:
  57              		.loc 1 47 3 view .LVU8
  58 001a 0292     		str	r2, [sp, #8]
  59              		.loc 1 47 3 view .LVU9
  60 001c 196B     		ldr	r1, [r3, #48]
  61 001e 41F00101 		orr	r1, r1, #1
  62 0022 1963     		str	r1, [r3, #48]
  63              		.loc 1 47 3 view .LVU10
  64 0024 196B     		ldr	r1, [r3, #48]
  65 0026 01F00101 		and	r1, r1, #1
  66 002a 0291     		str	r1, [sp, #8]
  67              		.loc 1 47 3 view .LVU11
  68 002c 0299     		ldr	r1, [sp, #8]
ARM GAS  C:\Users\AURORA~1\AppData\Local\Temp\cc5JUBQc.s 			page 3


  69              	.LBE3:
  70              		.loc 1 47 3 view .LVU12
  48:Core/Src/gpio.c ****   __HAL_RCC_GPIOD_CLK_ENABLE();
  71              		.loc 1 48 3 view .LVU13
  72              	.LBB4:
  73              		.loc 1 48 3 view .LVU14
  74 002e 0392     		str	r2, [sp, #12]
  75              		.loc 1 48 3 view .LVU15
  76 0030 196B     		ldr	r1, [r3, #48]
  77 0032 41F00801 		orr	r1, r1, #8
  78 0036 1963     		str	r1, [r3, #48]
  79              		.loc 1 48 3 view .LVU16
  80 0038 196B     		ldr	r1, [r3, #48]
  81 003a 01F00801 		and	r1, r1, #8
  82 003e 0391     		str	r1, [sp, #12]
  83              		.loc 1 48 3 view .LVU17
  84 0040 0399     		ldr	r1, [sp, #12]
  85              	.LBE4:
  86              		.loc 1 48 3 view .LVU18
  49:Core/Src/gpio.c ****   __HAL_RCC_GPIOC_CLK_ENABLE();
  87              		.loc 1 49 3 view .LVU19
  88              	.LBB5:
  89              		.loc 1 49 3 view .LVU20
  90 0042 0492     		str	r2, [sp, #16]
  91              		.loc 1 49 3 view .LVU21
  92 0044 196B     		ldr	r1, [r3, #48]
  93 0046 41F00401 		orr	r1, r1, #4
  94 004a 1963     		str	r1, [r3, #48]
  95              		.loc 1 49 3 view .LVU22
  96 004c 196B     		ldr	r1, [r3, #48]
  97 004e 01F00401 		and	r1, r1, #4
  98 0052 0491     		str	r1, [sp, #16]
  99              		.loc 1 49 3 view .LVU23
 100 0054 0499     		ldr	r1, [sp, #16]
 101              	.LBE5:
 102              		.loc 1 49 3 view .LVU24
  50:Core/Src/gpio.c ****   __HAL_RCC_GPIOH_CLK_ENABLE();
 103              		.loc 1 50 3 view .LVU25
 104              	.LBB6:
 105              		.loc 1 50 3 view .LVU26
 106 0056 0592     		str	r2, [sp, #20]
 107              		.loc 1 50 3 view .LVU27
 108 0058 1A6B     		ldr	r2, [r3, #48]
 109 005a 42F08002 		orr	r2, r2, #128
 110 005e 1A63     		str	r2, [r3, #48]
 111              		.loc 1 50 3 view .LVU28
 112 0060 1B6B     		ldr	r3, [r3, #48]
 113 0062 03F08003 		and	r3, r3, #128
 114 0066 0593     		str	r3, [sp, #20]
 115              		.loc 1 50 3 view .LVU29
 116 0068 059B     		ldr	r3, [sp, #20]
 117              	.LBE6:
 118              		.loc 1 50 3 view .LVU30
  51:Core/Src/gpio.c **** 
  52:Core/Src/gpio.c **** }
 119              		.loc 1 52 1 is_stmt 0 view .LVU31
 120 006a 06B0     		add	sp, sp, #24
ARM GAS  C:\Users\AURORA~1\AppData\Local\Temp\cc5JUBQc.s 			page 4


 121              	.LCFI1:
 122              		.cfi_def_cfa_offset 0
 123              		@ sp needed
 124 006c 7047     		bx	lr
 125              	.L4:
 126 006e 00BF     		.align	2
 127              	.L3:
 128 0070 00380240 		.word	1073887232
 129              		.cfi_endproc
 130              	.LFE134:
 132              		.text
 133              	.Letext0:
 134              		.file 2 "d:\\msys64\\mingw64\\arm-none-eabi\\include\\machine\\_default_types.h"
 135              		.file 3 "d:\\msys64\\mingw64\\arm-none-eabi\\include\\sys\\_stdint.h"
 136              		.file 4 "Drivers/CMSIS/Device/ST/STM32F4xx/Include/stm32f407xx.h"
ARM GAS  C:\Users\AURORA~1\AppData\Local\Temp\cc5JUBQc.s 			page 5


DEFINED SYMBOLS
                            *ABS*:00000000 gpio.c
C:\Users\AURORA~1\AppData\Local\Temp\cc5JUBQc.s:21     .text.MX_GPIO_Init:00000000 $t
C:\Users\AURORA~1\AppData\Local\Temp\cc5JUBQc.s:27     .text.MX_GPIO_Init:00000000 MX_GPIO_Init
C:\Users\AURORA~1\AppData\Local\Temp\cc5JUBQc.s:128    .text.MX_GPIO_Init:00000070 $d

NO UNDEFINED SYMBOLS
