ARM GAS  C:\Users\AURORA~1\AppData\Local\Temp\ccUT5H8g.s 			page 1


   1              		.cpu cortex-m4
   2              		.arch armv7e-m
   3              		.fpu fpv4-sp-d16
   4              		.eabi_attribute 27, 1
   5              		.eabi_attribute 28, 1
   6              		.eabi_attribute 20, 1
   7              		.eabi_attribute 21, 1
   8              		.eabi_attribute 23, 3
   9              		.eabi_attribute 24, 1
  10              		.eabi_attribute 25, 1
  11              		.eabi_attribute 26, 1
  12              		.eabi_attribute 30, 1
  13              		.eabi_attribute 34, 1
  14              		.eabi_attribute 18, 4
  15              		.file	"robot_cmd.c"
  16              		.text
  17              	.Ltext0:
  18              		.cfi_sections	.debug_frame
  19              		.file 1 "Application/cmd/robot_cmd.c"
  20              		.section	.text.HAL_UARTEx_RxEventCallback,"ax",%progbits
  21              		.align	1
  22              		.global	HAL_UARTEx_RxEventCallback
  23              		.syntax unified
  24              		.thumb
  25              		.thumb_func
  27              	HAL_UARTEx_RxEventCallback:
  28              	.LVL0:
  29              	.LFB134:
   1:Application/cmd/robot_cmd.c **** /*
   2:Application/cmd/robot_cmd.c ****  * robot_cmd.c
   3:Application/cmd/robot_cmd.c ****  *
   4:Application/cmd/robot_cmd.c ****  *  Created on: Aug 26, 2024
   5:Application/cmd/robot_cmd.c ****  *      Author: auroranebulas
   6:Application/cmd/robot_cmd.c ****  */
   7:Application/cmd/robot_cmd.c **** 
   8:Application/cmd/robot_cmd.c **** 
   9:Application/cmd/robot_cmd.c **** #include "robot_cmd.h"
  10:Application/cmd/robot_cmd.c **** #include "usart.h"
  11:Application/cmd/robot_cmd.c **** #include "memory.h"
  12:Application/cmd/robot_cmd.c **** #include  "remote_control.h"
  13:Application/cmd/robot_cmd.c **** #include "robot_def.h"
  14:Application/cmd/robot_cmd.c **** 
  15:Application/cmd/robot_cmd.c **** 
  16:Application/cmd/robot_cmd.c **** static Chassis_Ctrl_Cmd_s chassis_cmd_send;        //发送给底盘的应用消息 
  17:Application/cmd/robot_cmd.c **** static uint32_t count_2;
  18:Application/cmd/robot_cmd.c **** 
  19:Application/cmd/robot_cmd.c **** 
  20:Application/cmd/robot_cmd.c **** 
  21:Application/cmd/robot_cmd.c **** 
  22:Application/cmd/robot_cmd.c **** 
  23:Application/cmd/robot_cmd.c **** 
  24:Application/cmd/robot_cmd.c **** uint8_t buffer[36];
  25:Application/cmd/robot_cmd.c **** rc RC_ctrl;
  26:Application/cmd/robot_cmd.c **** // rc_union RC_data;
  27:Application/cmd/robot_cmd.c **** 
  28:Application/cmd/robot_cmd.c **** void HAL_UARTEx_RxEventCallback(UART_HandleTypeDef *huart, uint16_t Size)
  29:Application/cmd/robot_cmd.c **** {
ARM GAS  C:\Users\AURORA~1\AppData\Local\Temp\ccUT5H8g.s 			page 2


  30              		.loc 1 29 1 view -0
  31              		.cfi_startproc
  32              		@ args = 0, pretend = 0, frame = 0
  33              		@ frame_needed = 0, uses_anonymous_args = 0
  30:Application/cmd/robot_cmd.c ****    if(huart == &huart3)
  34              		.loc 1 30 4 view .LVU1
  35              		.loc 1 30 6 is_stmt 0 view .LVU2
  36 0000 244B     		ldr	r3, .L8
  37 0002 8342     		cmp	r3, r0
  38 0004 00D0     		beq	.L7
  39 0006 7047     		bx	lr
  40              	.L7:
  29:Application/cmd/robot_cmd.c ****    if(huart == &huart3)
  41              		.loc 1 29 1 view .LVU3
  42 0008 70B5     		push	{r4, r5, r6, lr}
  43              	.LCFI0:
  44              		.cfi_def_cfa_offset 16
  45              		.cfi_offset 4, -16
  46              		.cfi_offset 5, -12
  47              		.cfi_offset 6, -8
  48              		.cfi_offset 14, -4
  31:Application/cmd/robot_cmd.c ****   {
  32:Application/cmd/robot_cmd.c **** //    HAL_UART_AbortReceive(huart);
  33:Application/cmd/robot_cmd.c ****     //HAL_UARTEx_ReceiveToIdle_IT(&huart3,buffer,18);
  34:Application/cmd/robot_cmd.c **** //     HAL_UART_Receive_DMA(&huart1,buffer,18);
  35:Application/cmd/robot_cmd.c **** 
  36:Application/cmd/robot_cmd.c ****     RC_ctrl.ch0 = (buffer[0] | buffer[1] << 8) & 0x07FF;
  49              		.loc 1 36 5 is_stmt 1 view .LVU4
  50              		.loc 1 36 26 is_stmt 0 view .LVU5
  51 000a 2349     		ldr	r1, .L8+4
  52              	.LVL1:
  53              		.loc 1 36 26 view .LVU6
  54 000c 0E78     		ldrb	r6, [r1]	@ zero_extendqisi2
  55              		.loc 1 36 38 view .LVU7
  56 000e 4A78     		ldrb	r2, [r1, #1]	@ zero_extendqisi2
  57              		.loc 1 36 30 view .LVU8
  58 0010 46EA0226 		orr	r6, r6, r2, lsl #8
  59              		.loc 1 36 48 view .LVU9
  60 0014 C6F30A06 		ubfx	r6, r6, #0, #11
  61              		.loc 1 36 17 view .LVU10
  62 0018 204B     		ldr	r3, .L8+8
  63 001a 5E62     		str	r6, [r3, #36]
  37:Application/cmd/robot_cmd.c ****     RC_ctrl.ch1 = (buffer[1] >> 3 |buffer[2] << 5) & 0x07FF;
  64              		.loc 1 37 5 is_stmt 1 view .LVU11
  65              		.loc 1 37 42 is_stmt 0 view .LVU12
  66 001c 8878     		ldrb	r0, [r1, #2]	@ zero_extendqisi2
  67              	.LVL2:
  68              		.loc 1 37 46 view .LVU13
  69 001e 4501     		lsls	r5, r0, #5
  70              		.loc 1 37 35 view .LVU14
  71 0020 45EAD205 		orr	r5, r5, r2, lsr #3
  72              		.loc 1 37 52 view .LVU15
  73 0024 C5F30A05 		ubfx	r5, r5, #0, #11
  74              		.loc 1 37 17 view .LVU16
  75 0028 9D62     		str	r5, [r3, #40]
  38:Application/cmd/robot_cmd.c ****     RC_ctrl.ch2 = (buffer[2] >> 6 | buffer[3] << 2 | buffer[4] << 10) & 0x07FF;
  76              		.loc 1 38 5 is_stmt 1 view .LVU17
ARM GAS  C:\Users\AURORA~1\AppData\Local\Temp\ccUT5H8g.s 			page 3


  77              		.loc 1 38 43 is_stmt 0 view .LVU18
  78 002a CA78     		ldrb	r2, [r1, #3]	@ zero_extendqisi2
  79              		.loc 1 38 47 view .LVU19
  80 002c 9200     		lsls	r2, r2, #2
  81              		.loc 1 38 35 view .LVU20
  82 002e 42EA9012 		orr	r2, r2, r0, lsr #6
  83              		.loc 1 38 60 view .LVU21
  84 0032 0C79     		ldrb	r4, [r1, #4]	@ zero_extendqisi2
  85              		.loc 1 38 52 view .LVU22
  86 0034 42EA8422 		orr	r2, r2, r4, lsl #10
  87              		.loc 1 38 71 view .LVU23
  88 0038 C2F30A02 		ubfx	r2, r2, #0, #11
  89              		.loc 1 38 17 view .LVU24
  90 003c DA62     		str	r2, [r3, #44]
  39:Application/cmd/robot_cmd.c ****     RC_ctrl.ch3 = (buffer [4] >> 1 | buffer[5] << 7) & 0x07FF;
  91              		.loc 1 39 5 is_stmt 1 view .LVU25
  92              		.loc 1 39 44 is_stmt 0 view .LVU26
  93 003e 91F805C0 		ldrb	ip, [r1, #5]	@ zero_extendqisi2
  94              		.loc 1 39 48 view .LVU27
  95 0042 4FEACC10 		lsl	r0, ip, #7
  96              		.loc 1 39 36 view .LVU28
  97 0046 40EA5400 		orr	r0, r0, r4, lsr #1
  98              		.loc 1 39 54 view .LVU29
  99 004a C0F30A00 		ubfx	r0, r0, #0, #11
 100              		.loc 1 39 17 view .LVU30
 101 004e 1863     		str	r0, [r3, #48]
  40:Application/cmd/robot_cmd.c ****     RC_ctrl.ch4 = (buffer[16] | (buffer[17] << 8));
 102              		.loc 1 40 5 is_stmt 1 view .LVU31
 103              		.loc 1 40 26 is_stmt 0 view .LVU32
 104 0050 0C7C     		ldrb	r4, [r1, #16]	@ zero_extendqisi2
 105              		.loc 1 40 40 view .LVU33
 106 0052 91F811E0 		ldrb	lr, [r1, #17]	@ zero_extendqisi2
 107              		.loc 1 40 31 view .LVU34
 108 0056 44EA0E24 		orr	r4, r4, lr, lsl #8
 109              		.loc 1 40 17 view .LVU35
 110 005a 5C63     		str	r4, [r3, #52]
  41:Application/cmd/robot_cmd.c ****     RC_ctrl.s1  = (buffer[5] >> 4 & 0x000C) >> 2;
 111              		.loc 1 41 5 is_stmt 1 view .LVU36
 112              		.loc 1 41 45 is_stmt 0 view .LVU37
 113 005c 4FEA9C1E 		lsr	lr, ip, #6
 114              		.loc 1 41 17 view .LVU38
 115 0060 83F838E0 		strb	lr, [r3, #56]
  42:Application/cmd/robot_cmd.c ****     RC_ctrl.s2  = (buffer[5] >> 4 & 0x0003);
 116              		.loc 1 42 5 is_stmt 1 view .LVU39
 117              		.loc 1 42 35 is_stmt 0 view .LVU40
 118 0064 CCF3011C 		ubfx	ip, ip, #4, #2
 119              		.loc 1 42 17 view .LVU41
 120 0068 83F839C0 		strb	ip, [r3, #57]
  43:Application/cmd/robot_cmd.c **** 
  44:Application/cmd/robot_cmd.c **** 
  45:Application/cmd/robot_cmd.c **** 
  46:Application/cmd/robot_cmd.c ****     RC_ctrl.ch0 -= RC_CH_VALUE_OFFSET;
 121              		.loc 1 46 5 is_stmt 1 view .LVU42
 122              		.loc 1 46 17 is_stmt 0 view .LVU43
 123 006c A6F58066 		sub	r6, r6, #1024
 124 0070 5E62     		str	r6, [r3, #36]
  47:Application/cmd/robot_cmd.c ****     RC_ctrl.ch1 -= RC_CH_VALUE_OFFSET;
ARM GAS  C:\Users\AURORA~1\AppData\Local\Temp\ccUT5H8g.s 			page 4


 125              		.loc 1 47 5 is_stmt 1 view .LVU44
 126              		.loc 1 47 17 is_stmt 0 view .LVU45
 127 0072 A5F58065 		sub	r5, r5, #1024
 128 0076 9D62     		str	r5, [r3, #40]
  48:Application/cmd/robot_cmd.c ****     RC_ctrl.ch2 -= RC_CH_VALUE_OFFSET;
 129              		.loc 1 48 5 is_stmt 1 view .LVU46
 130              		.loc 1 48 17 is_stmt 0 view .LVU47
 131 0078 A2F58062 		sub	r2, r2, #1024
 132 007c DA62     		str	r2, [r3, #44]
  49:Application/cmd/robot_cmd.c ****     RC_ctrl.ch3 -= RC_CH_VALUE_OFFSET;
 133              		.loc 1 49 5 is_stmt 1 view .LVU48
 134              		.loc 1 49 17 is_stmt 0 view .LVU49
 135 007e A0F58060 		sub	r0, r0, #1024
 136 0082 1863     		str	r0, [r3, #48]
  50:Application/cmd/robot_cmd.c ****     RC_ctrl.ch4 -= RC_CH_VALUE_OFFSET;
 137              		.loc 1 50 5 is_stmt 1 view .LVU50
 138              		.loc 1 50 17 is_stmt 0 view .LVU51
 139 0084 A4F58064 		sub	r4, r4, #1024
 140 0088 5C63     		str	r4, [r3, #52]
  51:Application/cmd/robot_cmd.c **** 
  52:Application/cmd/robot_cmd.c ****     HAL_UARTEx_ReceiveToIdle_IT(&huart3,buffer,36);
 141              		.loc 1 52 5 is_stmt 1 view .LVU52
 142 008a 2422     		movs	r2, #36
 143 008c 0148     		ldr	r0, .L8
 144 008e FFF7FEFF 		bl	HAL_UARTEx_ReceiveToIdle_IT
 145              	.LVL3:
  53:Application/cmd/robot_cmd.c **** //    HAL_UARTEx_ReceiveToIdle_DMA(&huart1,buffer,36);
  54:Application/cmd/robot_cmd.c ****   }
  55:Application/cmd/robot_cmd.c **** }
 146              		.loc 1 55 1 is_stmt 0 view .LVU53
 147 0092 70BD     		pop	{r4, r5, r6, pc}
 148              	.L9:
 149              		.align	2
 150              	.L8:
 151 0094 00000000 		.word	huart3
 152 0098 00000000 		.word	buffer
 153 009c 00000000 		.word	RC_ctrl
 154              		.cfi_endproc
 155              	.LFE134:
 157              		.global	RC_ctrl
 158              		.section	.bss.RC_ctrl,"aw",%nobits
 159              		.align	2
 162              	RC_ctrl:
 163 0000 00000000 		.space	60
 163      00000000 
 163      00000000 
 163      00000000 
 163      00000000 
 164              		.global	buffer
 165              		.section	.bss.buffer,"aw",%nobits
 166              		.align	2
 169              	buffer:
 170 0000 00000000 		.space	36
 170      00000000 
 170      00000000 
 170      00000000 
 170      00000000 
ARM GAS  C:\Users\AURORA~1\AppData\Local\Temp\ccUT5H8g.s 			page 5


 171              		.text
 172              	.Letext0:
 173              		.file 2 "d:\\msys64\\mingw64\\arm-none-eabi\\include\\machine\\_default_types.h"
 174              		.file 3 "d:\\msys64\\mingw64\\arm-none-eabi\\include\\sys\\_stdint.h"
 175              		.file 4 "Drivers/CMSIS/Device/ST/STM32F4xx/Include/stm32f407xx.h"
 176              		.file 5 "Drivers/STM32F4xx_HAL_Driver/Inc/stm32f4xx_hal_def.h"
 177              		.file 6 "Drivers/STM32F4xx_HAL_Driver/Inc/stm32f4xx_hal_dma.h"
 178              		.file 7 "Drivers/STM32F4xx_HAL_Driver/Inc/stm32f4xx_hal_uart.h"
 179              		.file 8 "Application/cmd/robot_cmd.h"
 180              		.file 9 "Application/robot_def.h"
 181              		.file 10 "Core/Inc/usart.h"
ARM GAS  C:\Users\AURORA~1\AppData\Local\Temp\ccUT5H8g.s 			page 6


DEFINED SYMBOLS
                            *ABS*:00000000 robot_cmd.c
C:\Users\AURORA~1\AppData\Local\Temp\ccUT5H8g.s:21     .text.HAL_UARTEx_RxEventCallback:00000000 $t
C:\Users\AURORA~1\AppData\Local\Temp\ccUT5H8g.s:27     .text.HAL_UARTEx_RxEventCallback:00000000 HAL_UARTEx_RxEventCallback
C:\Users\AURORA~1\AppData\Local\Temp\ccUT5H8g.s:151    .text.HAL_UARTEx_RxEventCallback:00000094 $d
C:\Users\AURORA~1\AppData\Local\Temp\ccUT5H8g.s:169    .bss.buffer:00000000 buffer
C:\Users\AURORA~1\AppData\Local\Temp\ccUT5H8g.s:162    .bss.RC_ctrl:00000000 RC_ctrl
C:\Users\AURORA~1\AppData\Local\Temp\ccUT5H8g.s:159    .bss.RC_ctrl:00000000 $d
C:\Users\AURORA~1\AppData\Local\Temp\ccUT5H8g.s:166    .bss.buffer:00000000 $d

UNDEFINED SYMBOLS
HAL_UARTEx_ReceiveToIdle_IT
huart3
