ARM GAS  C:\Users\AURORA~1\AppData\Local\Temp\ccLzv2pe.s 			page 1


   1              		.cpu cortex-m4
   2              		.arch armv7e-m
   3              		.fpu fpv4-sp-d16
   4              		.eabi_attribute 27, 1
   5              		.eabi_attribute 28, 1
   6              		.eabi_attribute 20, 1
   7              		.eabi_attribute 21, 1
   8              		.eabi_attribute 23, 3
   9              		.eabi_attribute 24, 1
  10              		.eabi_attribute 25, 1
  11              		.eabi_attribute 26, 1
  12              		.eabi_attribute 30, 1
  13              		.eabi_attribute 34, 1
  14              		.eabi_attribute 18, 4
  15              		.file	"tim.c"
  16              		.text
  17              	.Ltext0:
  18              		.cfi_sections	.debug_frame
  19              		.file 1 "Core/Src/tim.c"
  20              		.section	.text.MX_TIM2_Init,"ax",%progbits
  21              		.align	1
  22              		.global	MX_TIM2_Init
  23              		.syntax unified
  24              		.thumb
  25              		.thumb_func
  27              	MX_TIM2_Init:
  28              	.LFB134:
   1:Core/Src/tim.c **** /* USER CODE BEGIN Header */
   2:Core/Src/tim.c **** /**
   3:Core/Src/tim.c ****   ******************************************************************************
   4:Core/Src/tim.c ****   * @file    tim.c
   5:Core/Src/tim.c ****   * @brief   This file provides code for the configuration
   6:Core/Src/tim.c ****   *          of the TIM instances.
   7:Core/Src/tim.c ****   ******************************************************************************
   8:Core/Src/tim.c ****   * @attention
   9:Core/Src/tim.c ****   *
  10:Core/Src/tim.c ****   * Copyright (c) 2024 STMicroelectronics.
  11:Core/Src/tim.c ****   * All rights reserved.
  12:Core/Src/tim.c ****   *
  13:Core/Src/tim.c ****   * This software is licensed under terms that can be found in the LICENSE file
  14:Core/Src/tim.c ****   * in the root directory of this software component.
  15:Core/Src/tim.c ****   * If no LICENSE file comes with this software, it is provided AS-IS.
  16:Core/Src/tim.c ****   *
  17:Core/Src/tim.c ****   ******************************************************************************
  18:Core/Src/tim.c ****   */
  19:Core/Src/tim.c **** /* USER CODE END Header */
  20:Core/Src/tim.c **** /* Includes ------------------------------------------------------------------*/
  21:Core/Src/tim.c **** #include "tim.h"
  22:Core/Src/tim.c **** 
  23:Core/Src/tim.c **** /* USER CODE BEGIN 0 */
  24:Core/Src/tim.c **** 
  25:Core/Src/tim.c **** /* USER CODE END 0 */
  26:Core/Src/tim.c **** 
  27:Core/Src/tim.c **** TIM_HandleTypeDef htim2;
  28:Core/Src/tim.c **** 
  29:Core/Src/tim.c **** /* TIM2 init function */
  30:Core/Src/tim.c **** void MX_TIM2_Init(void)
ARM GAS  C:\Users\AURORA~1\AppData\Local\Temp\ccLzv2pe.s 			page 2


  31:Core/Src/tim.c **** {
  29              		.loc 1 31 1 view -0
  30              		.cfi_startproc
  31              		@ args = 0, pretend = 0, frame = 24
  32              		@ frame_needed = 0, uses_anonymous_args = 0
  33 0000 00B5     		push	{lr}
  34              	.LCFI0:
  35              		.cfi_def_cfa_offset 4
  36              		.cfi_offset 14, -4
  37 0002 87B0     		sub	sp, sp, #28
  38              	.LCFI1:
  39              		.cfi_def_cfa_offset 32
  32:Core/Src/tim.c **** 
  33:Core/Src/tim.c ****   /* USER CODE BEGIN TIM2_Init 0 */
  34:Core/Src/tim.c **** 
  35:Core/Src/tim.c ****   /* USER CODE END TIM2_Init 0 */
  36:Core/Src/tim.c **** 
  37:Core/Src/tim.c ****   TIM_ClockConfigTypeDef sClockSourceConfig = {0};
  40              		.loc 1 37 3 view .LVU1
  41              		.loc 1 37 26 is_stmt 0 view .LVU2
  42 0004 0023     		movs	r3, #0
  43 0006 0293     		str	r3, [sp, #8]
  44 0008 0393     		str	r3, [sp, #12]
  45 000a 0493     		str	r3, [sp, #16]
  46 000c 0593     		str	r3, [sp, #20]
  38:Core/Src/tim.c ****   TIM_MasterConfigTypeDef sMasterConfig = {0};
  47              		.loc 1 38 3 is_stmt 1 view .LVU3
  48              		.loc 1 38 27 is_stmt 0 view .LVU4
  49 000e 0093     		str	r3, [sp]
  50 0010 0193     		str	r3, [sp, #4]
  39:Core/Src/tim.c **** 
  40:Core/Src/tim.c ****   /* USER CODE BEGIN TIM2_Init 1 */
  41:Core/Src/tim.c **** 
  42:Core/Src/tim.c ****   /* USER CODE END TIM2_Init 1 */
  43:Core/Src/tim.c ****   htim2.Instance = TIM2;
  51              		.loc 1 43 3 is_stmt 1 view .LVU5
  52              		.loc 1 43 18 is_stmt 0 view .LVU6
  53 0012 1548     		ldr	r0, .L9
  54 0014 4FF08042 		mov	r2, #1073741824
  55 0018 0260     		str	r2, [r0]
  44:Core/Src/tim.c ****   htim2.Init.Prescaler = 167;
  56              		.loc 1 44 3 is_stmt 1 view .LVU7
  57              		.loc 1 44 24 is_stmt 0 view .LVU8
  58 001a A722     		movs	r2, #167
  59 001c 4260     		str	r2, [r0, #4]
  45:Core/Src/tim.c ****   htim2.Init.CounterMode = TIM_COUNTERMODE_UP;
  60              		.loc 1 45 3 is_stmt 1 view .LVU9
  61              		.loc 1 45 26 is_stmt 0 view .LVU10
  62 001e 8360     		str	r3, [r0, #8]
  46:Core/Src/tim.c ****   htim2.Init.Period = 9999;
  63              		.loc 1 46 3 is_stmt 1 view .LVU11
  64              		.loc 1 46 21 is_stmt 0 view .LVU12
  65 0020 42F20F72 		movw	r2, #9999
  66 0024 C260     		str	r2, [r0, #12]
  47:Core/Src/tim.c ****   htim2.Init.ClockDivision = TIM_CLOCKDIVISION_DIV1;
  67              		.loc 1 47 3 is_stmt 1 view .LVU13
  68              		.loc 1 47 28 is_stmt 0 view .LVU14
ARM GAS  C:\Users\AURORA~1\AppData\Local\Temp\ccLzv2pe.s 			page 3


  69 0026 0361     		str	r3, [r0, #16]
  48:Core/Src/tim.c ****   htim2.Init.AutoReloadPreload = TIM_AUTORELOAD_PRELOAD_DISABLE;
  70              		.loc 1 48 3 is_stmt 1 view .LVU15
  71              		.loc 1 48 32 is_stmt 0 view .LVU16
  72 0028 8361     		str	r3, [r0, #24]
  49:Core/Src/tim.c ****   if (HAL_TIM_Base_Init(&htim2) != HAL_OK)
  73              		.loc 1 49 3 is_stmt 1 view .LVU17
  74              		.loc 1 49 7 is_stmt 0 view .LVU18
  75 002a FFF7FEFF 		bl	HAL_TIM_Base_Init
  76              	.LVL0:
  77              		.loc 1 49 6 view .LVU19
  78 002e 90B9     		cbnz	r0, .L6
  79              	.L2:
  50:Core/Src/tim.c ****   {
  51:Core/Src/tim.c ****     Error_Handler();
  52:Core/Src/tim.c ****   }
  53:Core/Src/tim.c ****   sClockSourceConfig.ClockSource = TIM_CLOCKSOURCE_INTERNAL;
  80              		.loc 1 53 3 is_stmt 1 view .LVU20
  81              		.loc 1 53 34 is_stmt 0 view .LVU21
  82 0030 4FF48053 		mov	r3, #4096
  83 0034 0293     		str	r3, [sp, #8]
  54:Core/Src/tim.c ****   if (HAL_TIM_ConfigClockSource(&htim2, &sClockSourceConfig) != HAL_OK)
  84              		.loc 1 54 3 is_stmt 1 view .LVU22
  85              		.loc 1 54 7 is_stmt 0 view .LVU23
  86 0036 02A9     		add	r1, sp, #8
  87 0038 0B48     		ldr	r0, .L9
  88 003a FFF7FEFF 		bl	HAL_TIM_ConfigClockSource
  89              	.LVL1:
  90              		.loc 1 54 6 view .LVU24
  91 003e 68B9     		cbnz	r0, .L7
  92              	.L3:
  55:Core/Src/tim.c ****   {
  56:Core/Src/tim.c ****     Error_Handler();
  57:Core/Src/tim.c ****   }
  58:Core/Src/tim.c ****   sMasterConfig.MasterOutputTrigger = TIM_TRGO_RESET;
  93              		.loc 1 58 3 is_stmt 1 view .LVU25
  94              		.loc 1 58 37 is_stmt 0 view .LVU26
  95 0040 0023     		movs	r3, #0
  96 0042 0093     		str	r3, [sp]
  59:Core/Src/tim.c ****   sMasterConfig.MasterSlaveMode = TIM_MASTERSLAVEMODE_DISABLE;
  97              		.loc 1 59 3 is_stmt 1 view .LVU27
  98              		.loc 1 59 33 is_stmt 0 view .LVU28
  99 0044 0193     		str	r3, [sp, #4]
  60:Core/Src/tim.c ****   if (HAL_TIMEx_MasterConfigSynchronization(&htim2, &sMasterConfig) != HAL_OK)
 100              		.loc 1 60 3 is_stmt 1 view .LVU29
 101              		.loc 1 60 7 is_stmt 0 view .LVU30
 102 0046 6946     		mov	r1, sp
 103 0048 0748     		ldr	r0, .L9
 104 004a FFF7FEFF 		bl	HAL_TIMEx_MasterConfigSynchronization
 105              	.LVL2:
 106              		.loc 1 60 6 view .LVU31
 107 004e 40B9     		cbnz	r0, .L8
 108              	.L1:
  61:Core/Src/tim.c ****   {
  62:Core/Src/tim.c ****     Error_Handler();
  63:Core/Src/tim.c ****   }
  64:Core/Src/tim.c ****   /* USER CODE BEGIN TIM2_Init 2 */
ARM GAS  C:\Users\AURORA~1\AppData\Local\Temp\ccLzv2pe.s 			page 4


  65:Core/Src/tim.c **** 
  66:Core/Src/tim.c ****   /* USER CODE END TIM2_Init 2 */
  67:Core/Src/tim.c **** 
  68:Core/Src/tim.c **** }
 109              		.loc 1 68 1 view .LVU32
 110 0050 07B0     		add	sp, sp, #28
 111              	.LCFI2:
 112              		.cfi_remember_state
 113              		.cfi_def_cfa_offset 4
 114              		@ sp needed
 115 0052 5DF804FB 		ldr	pc, [sp], #4
 116              	.L6:
 117              	.LCFI3:
 118              		.cfi_restore_state
  51:Core/Src/tim.c ****   }
 119              		.loc 1 51 5 is_stmt 1 view .LVU33
 120 0056 FFF7FEFF 		bl	Error_Handler
 121              	.LVL3:
 122 005a E9E7     		b	.L2
 123              	.L7:
  56:Core/Src/tim.c ****   }
 124              		.loc 1 56 5 view .LVU34
 125 005c FFF7FEFF 		bl	Error_Handler
 126              	.LVL4:
 127 0060 EEE7     		b	.L3
 128              	.L8:
  62:Core/Src/tim.c ****   }
 129              		.loc 1 62 5 view .LVU35
 130 0062 FFF7FEFF 		bl	Error_Handler
 131              	.LVL5:
 132              		.loc 1 68 1 is_stmt 0 view .LVU36
 133 0066 F3E7     		b	.L1
 134              	.L10:
 135              		.align	2
 136              	.L9:
 137 0068 00000000 		.word	htim2
 138              		.cfi_endproc
 139              	.LFE134:
 141              		.section	.text.HAL_TIM_Base_MspInit,"ax",%progbits
 142              		.align	1
 143              		.global	HAL_TIM_Base_MspInit
 144              		.syntax unified
 145              		.thumb
 146              		.thumb_func
 148              	HAL_TIM_Base_MspInit:
 149              	.LVL6:
 150              	.LFB135:
  69:Core/Src/tim.c **** 
  70:Core/Src/tim.c **** void HAL_TIM_Base_MspInit(TIM_HandleTypeDef* tim_baseHandle)
  71:Core/Src/tim.c **** {
 151              		.loc 1 71 1 is_stmt 1 view -0
 152              		.cfi_startproc
 153              		@ args = 0, pretend = 0, frame = 8
 154              		@ frame_needed = 0, uses_anonymous_args = 0
  72:Core/Src/tim.c **** 
  73:Core/Src/tim.c ****   if(tim_baseHandle->Instance==TIM2)
 155              		.loc 1 73 3 view .LVU38
ARM GAS  C:\Users\AURORA~1\AppData\Local\Temp\ccLzv2pe.s 			page 5


 156              		.loc 1 73 20 is_stmt 0 view .LVU39
 157 0000 0368     		ldr	r3, [r0]
 158              		.loc 1 73 5 view .LVU40
 159 0002 B3F1804F 		cmp	r3, #1073741824
 160 0006 00D0     		beq	.L17
 161 0008 7047     		bx	lr
 162              	.L17:
  71:Core/Src/tim.c **** 
 163              		.loc 1 71 1 view .LVU41
 164 000a 00B5     		push	{lr}
 165              	.LCFI4:
 166              		.cfi_def_cfa_offset 4
 167              		.cfi_offset 14, -4
 168 000c 83B0     		sub	sp, sp, #12
 169              	.LCFI5:
 170              		.cfi_def_cfa_offset 16
  74:Core/Src/tim.c ****   {
  75:Core/Src/tim.c ****   /* USER CODE BEGIN TIM2_MspInit 0 */
  76:Core/Src/tim.c **** 
  77:Core/Src/tim.c ****   /* USER CODE END TIM2_MspInit 0 */
  78:Core/Src/tim.c ****     /* TIM2 clock enable */
  79:Core/Src/tim.c ****     __HAL_RCC_TIM2_CLK_ENABLE();
 171              		.loc 1 79 5 is_stmt 1 view .LVU42
 172              	.LBB2:
 173              		.loc 1 79 5 view .LVU43
 174 000e 0021     		movs	r1, #0
 175 0010 0191     		str	r1, [sp, #4]
 176              		.loc 1 79 5 view .LVU44
 177 0012 03F50E33 		add	r3, r3, #145408
 178 0016 1A6C     		ldr	r2, [r3, #64]
 179 0018 42F00102 		orr	r2, r2, #1
 180 001c 1A64     		str	r2, [r3, #64]
 181              		.loc 1 79 5 view .LVU45
 182 001e 1B6C     		ldr	r3, [r3, #64]
 183 0020 03F00103 		and	r3, r3, #1
 184 0024 0193     		str	r3, [sp, #4]
 185              		.loc 1 79 5 view .LVU46
 186 0026 019B     		ldr	r3, [sp, #4]
 187              	.LBE2:
 188              		.loc 1 79 5 view .LVU47
  80:Core/Src/tim.c **** 
  81:Core/Src/tim.c ****     /* TIM2 interrupt Init */
  82:Core/Src/tim.c ****     HAL_NVIC_SetPriority(TIM2_IRQn, 0, 0);
 189              		.loc 1 82 5 view .LVU48
 190 0028 0A46     		mov	r2, r1
 191 002a 1C20     		movs	r0, #28
 192              	.LVL7:
 193              		.loc 1 82 5 is_stmt 0 view .LVU49
 194 002c FFF7FEFF 		bl	HAL_NVIC_SetPriority
 195              	.LVL8:
  83:Core/Src/tim.c ****     HAL_NVIC_EnableIRQ(TIM2_IRQn);
 196              		.loc 1 83 5 is_stmt 1 view .LVU50
 197 0030 1C20     		movs	r0, #28
 198 0032 FFF7FEFF 		bl	HAL_NVIC_EnableIRQ
 199              	.LVL9:
  84:Core/Src/tim.c ****   /* USER CODE BEGIN TIM2_MspInit 1 */
  85:Core/Src/tim.c **** 
ARM GAS  C:\Users\AURORA~1\AppData\Local\Temp\ccLzv2pe.s 			page 6


  86:Core/Src/tim.c ****   /* USER CODE END TIM2_MspInit 1 */
  87:Core/Src/tim.c ****   }
  88:Core/Src/tim.c **** }
 200              		.loc 1 88 1 is_stmt 0 view .LVU51
 201 0036 03B0     		add	sp, sp, #12
 202              	.LCFI6:
 203              		.cfi_def_cfa_offset 4
 204              		@ sp needed
 205 0038 5DF804FB 		ldr	pc, [sp], #4
 206              		.cfi_endproc
 207              	.LFE135:
 209              		.section	.text.HAL_TIM_Base_MspDeInit,"ax",%progbits
 210              		.align	1
 211              		.global	HAL_TIM_Base_MspDeInit
 212              		.syntax unified
 213              		.thumb
 214              		.thumb_func
 216              	HAL_TIM_Base_MspDeInit:
 217              	.LVL10:
 218              	.LFB136:
  89:Core/Src/tim.c **** 
  90:Core/Src/tim.c **** void HAL_TIM_Base_MspDeInit(TIM_HandleTypeDef* tim_baseHandle)
  91:Core/Src/tim.c **** {
 219              		.loc 1 91 1 is_stmt 1 view -0
 220              		.cfi_startproc
 221              		@ args = 0, pretend = 0, frame = 0
 222              		@ frame_needed = 0, uses_anonymous_args = 0
 223              		.loc 1 91 1 is_stmt 0 view .LVU53
 224 0000 08B5     		push	{r3, lr}
 225              	.LCFI7:
 226              		.cfi_def_cfa_offset 8
 227              		.cfi_offset 3, -8
 228              		.cfi_offset 14, -4
  92:Core/Src/tim.c **** 
  93:Core/Src/tim.c ****   if(tim_baseHandle->Instance==TIM2)
 229              		.loc 1 93 3 is_stmt 1 view .LVU54
 230              		.loc 1 93 20 is_stmt 0 view .LVU55
 231 0002 0368     		ldr	r3, [r0]
 232              		.loc 1 93 5 view .LVU56
 233 0004 B3F1804F 		cmp	r3, #1073741824
 234 0008 00D0     		beq	.L21
 235              	.LVL11:
 236              	.L18:
  94:Core/Src/tim.c ****   {
  95:Core/Src/tim.c ****   /* USER CODE BEGIN TIM2_MspDeInit 0 */
  96:Core/Src/tim.c **** 
  97:Core/Src/tim.c ****   /* USER CODE END TIM2_MspDeInit 0 */
  98:Core/Src/tim.c ****     /* Peripheral clock disable */
  99:Core/Src/tim.c ****     __HAL_RCC_TIM2_CLK_DISABLE();
 100:Core/Src/tim.c **** 
 101:Core/Src/tim.c ****     /* TIM2 interrupt Deinit */
 102:Core/Src/tim.c ****     HAL_NVIC_DisableIRQ(TIM2_IRQn);
 103:Core/Src/tim.c ****   /* USER CODE BEGIN TIM2_MspDeInit 1 */
 104:Core/Src/tim.c **** 
 105:Core/Src/tim.c ****   /* USER CODE END TIM2_MspDeInit 1 */
 106:Core/Src/tim.c ****   }
 107:Core/Src/tim.c **** }
ARM GAS  C:\Users\AURORA~1\AppData\Local\Temp\ccLzv2pe.s 			page 7


 237              		.loc 1 107 1 view .LVU57
 238 000a 08BD     		pop	{r3, pc}
 239              	.LVL12:
 240              	.L21:
  99:Core/Src/tim.c **** 
 241              		.loc 1 99 5 is_stmt 1 view .LVU58
 242 000c 044A     		ldr	r2, .L22
 243 000e 136C     		ldr	r3, [r2, #64]
 244 0010 23F00103 		bic	r3, r3, #1
 245 0014 1364     		str	r3, [r2, #64]
 102:Core/Src/tim.c ****   /* USER CODE BEGIN TIM2_MspDeInit 1 */
 246              		.loc 1 102 5 view .LVU59
 247 0016 1C20     		movs	r0, #28
 248              	.LVL13:
 102:Core/Src/tim.c ****   /* USER CODE BEGIN TIM2_MspDeInit 1 */
 249              		.loc 1 102 5 is_stmt 0 view .LVU60
 250 0018 FFF7FEFF 		bl	HAL_NVIC_DisableIRQ
 251              	.LVL14:
 252              		.loc 1 107 1 view .LVU61
 253 001c F5E7     		b	.L18
 254              	.L23:
 255 001e 00BF     		.align	2
 256              	.L22:
 257 0020 00380240 		.word	1073887232
 258              		.cfi_endproc
 259              	.LFE136:
 261              		.global	htim2
 262              		.section	.bss.htim2,"aw",%nobits
 263              		.align	2
 266              	htim2:
 267 0000 00000000 		.space	72
 267      00000000 
 267      00000000 
 267      00000000 
 267      00000000 
 268              		.text
 269              	.Letext0:
 270              		.file 2 "Drivers/CMSIS/Device/ST/STM32F4xx/Include/stm32f407xx.h"
 271              		.file 3 "d:\\msys64\\mingw64\\arm-none-eabi\\include\\machine\\_default_types.h"
 272              		.file 4 "d:\\msys64\\mingw64\\arm-none-eabi\\include\\sys\\_stdint.h"
 273              		.file 5 "Drivers/STM32F4xx_HAL_Driver/Inc/stm32f4xx_hal_def.h"
 274              		.file 6 "Drivers/STM32F4xx_HAL_Driver/Inc/stm32f4xx_hal_dma.h"
 275              		.file 7 "Drivers/STM32F4xx_HAL_Driver/Inc/stm32f4xx_hal_tim.h"
 276              		.file 8 "Drivers/STM32F4xx_HAL_Driver/Inc/stm32f4xx_hal_cortex.h"
 277              		.file 9 "Drivers/STM32F4xx_HAL_Driver/Inc/stm32f4xx_hal_tim_ex.h"
 278              		.file 10 "Core/Inc/tim.h"
 279              		.file 11 "Core/Inc/main.h"
ARM GAS  C:\Users\AURORA~1\AppData\Local\Temp\ccLzv2pe.s 			page 8


DEFINED SYMBOLS
                            *ABS*:00000000 tim.c
C:\Users\AURORA~1\AppData\Local\Temp\ccLzv2pe.s:21     .text.MX_TIM2_Init:00000000 $t
C:\Users\AURORA~1\AppData\Local\Temp\ccLzv2pe.s:27     .text.MX_TIM2_Init:00000000 MX_TIM2_Init
C:\Users\AURORA~1\AppData\Local\Temp\ccLzv2pe.s:137    .text.MX_TIM2_Init:00000068 $d
C:\Users\AURORA~1\AppData\Local\Temp\ccLzv2pe.s:266    .bss.htim2:00000000 htim2
C:\Users\AURORA~1\AppData\Local\Temp\ccLzv2pe.s:142    .text.HAL_TIM_Base_MspInit:00000000 $t
C:\Users\AURORA~1\AppData\Local\Temp\ccLzv2pe.s:148    .text.HAL_TIM_Base_MspInit:00000000 HAL_TIM_Base_MspInit
C:\Users\AURORA~1\AppData\Local\Temp\ccLzv2pe.s:210    .text.HAL_TIM_Base_MspDeInit:00000000 $t
C:\Users\AURORA~1\AppData\Local\Temp\ccLzv2pe.s:216    .text.HAL_TIM_Base_MspDeInit:00000000 HAL_TIM_Base_MspDeInit
C:\Users\AURORA~1\AppData\Local\Temp\ccLzv2pe.s:257    .text.HAL_TIM_Base_MspDeInit:00000020 $d
C:\Users\AURORA~1\AppData\Local\Temp\ccLzv2pe.s:263    .bss.htim2:00000000 $d

UNDEFINED SYMBOLS
HAL_TIM_Base_Init
HAL_TIM_ConfigClockSource
HAL_TIMEx_MasterConfigSynchronization
Error_Handler
HAL_NVIC_SetPriority
HAL_NVIC_EnableIRQ
HAL_NVIC_DisableIRQ
