ARM GAS  C:\Users\AURORA~1\AppData\Local\Temp\ccJKo91h.s 			page 1


   1              		.cpu cortex-m4
   2              		.arch armv7e-m
   3              		.fpu fpv4-sp-d16
   4              		.eabi_attribute 27, 1
   5              		.eabi_attribute 28, 1
   6              		.eabi_attribute 20, 1
   7              		.eabi_attribute 21, 1
   8              		.eabi_attribute 23, 3
   9              		.eabi_attribute 24, 1
  10              		.eabi_attribute 25, 1
  11              		.eabi_attribute 26, 1
  12              		.eabi_attribute 30, 1
  13              		.eabi_attribute 34, 1
  14              		.eabi_attribute 18, 4
  15              		.file	"usart.c"
  16              		.text
  17              	.Ltext0:
  18              		.cfi_sections	.debug_frame
  19              		.file 1 "Core/Src/usart.c"
  20              		.section	.text.MX_USART3_UART_Init,"ax",%progbits
  21              		.align	1
  22              		.global	MX_USART3_UART_Init
  23              		.syntax unified
  24              		.thumb
  25              		.thumb_func
  27              	MX_USART3_UART_Init:
  28              	.LFB134:
   1:Core/Src/usart.c **** /* USER CODE BEGIN Header */
   2:Core/Src/usart.c **** /**
   3:Core/Src/usart.c ****   ******************************************************************************
   4:Core/Src/usart.c ****   * @file    usart.c
   5:Core/Src/usart.c ****   * @brief   This file provides code for the configuration
   6:Core/Src/usart.c ****   *          of the USART instances.
   7:Core/Src/usart.c ****   ******************************************************************************
   8:Core/Src/usart.c ****   * @attention
   9:Core/Src/usart.c ****   *
  10:Core/Src/usart.c ****   * Copyright (c) 2024 STMicroelectronics.
  11:Core/Src/usart.c ****   * All rights reserved.
  12:Core/Src/usart.c ****   *
  13:Core/Src/usart.c ****   * This software is licensed under terms that can be found in the LICENSE file
  14:Core/Src/usart.c ****   * in the root directory of this software component.
  15:Core/Src/usart.c ****   * If no LICENSE file comes with this software, it is provided AS-IS.
  16:Core/Src/usart.c ****   *
  17:Core/Src/usart.c ****   ******************************************************************************
  18:Core/Src/usart.c ****   */
  19:Core/Src/usart.c **** /* USER CODE END Header */
  20:Core/Src/usart.c **** /* Includes ------------------------------------------------------------------*/
  21:Core/Src/usart.c **** #include "usart.h"
  22:Core/Src/usart.c **** 
  23:Core/Src/usart.c **** /* USER CODE BEGIN 0 */
  24:Core/Src/usart.c **** 
  25:Core/Src/usart.c **** /* USER CODE END 0 */
  26:Core/Src/usart.c **** 
  27:Core/Src/usart.c **** UART_HandleTypeDef huart3;
  28:Core/Src/usart.c **** DMA_HandleTypeDef hdma_usart3_rx;
  29:Core/Src/usart.c **** DMA_HandleTypeDef hdma_usart3_tx;
  30:Core/Src/usart.c **** 
ARM GAS  C:\Users\AURORA~1\AppData\Local\Temp\ccJKo91h.s 			page 2


  31:Core/Src/usart.c **** /* USART3 init function */
  32:Core/Src/usart.c **** 
  33:Core/Src/usart.c **** void MX_USART3_UART_Init(void)
  34:Core/Src/usart.c **** {
  29              		.loc 1 34 1 view -0
  30              		.cfi_startproc
  31              		@ args = 0, pretend = 0, frame = 0
  32              		@ frame_needed = 0, uses_anonymous_args = 0
  33 0000 08B5     		push	{r3, lr}
  34              	.LCFI0:
  35              		.cfi_def_cfa_offset 8
  36              		.cfi_offset 3, -8
  37              		.cfi_offset 14, -4
  35:Core/Src/usart.c **** 
  36:Core/Src/usart.c ****   /* USER CODE BEGIN USART3_Init 0 */
  37:Core/Src/usart.c **** 
  38:Core/Src/usart.c ****   /* USER CODE END USART3_Init 0 */
  39:Core/Src/usart.c **** 
  40:Core/Src/usart.c ****   /* USER CODE BEGIN USART3_Init 1 */
  41:Core/Src/usart.c **** 
  42:Core/Src/usart.c ****   /* USER CODE END USART3_Init 1 */
  43:Core/Src/usart.c ****   huart3.Instance = USART3;
  38              		.loc 1 43 3 view .LVU1
  39              		.loc 1 43 19 is_stmt 0 view .LVU2
  40 0002 0C48     		ldr	r0, .L5
  41 0004 0C4B     		ldr	r3, .L5+4
  42 0006 0360     		str	r3, [r0]
  44:Core/Src/usart.c ****   huart3.Init.BaudRate = 100000;
  43              		.loc 1 44 3 is_stmt 1 view .LVU3
  44              		.loc 1 44 24 is_stmt 0 view .LVU4
  45 0008 0C4B     		ldr	r3, .L5+8
  46 000a 4360     		str	r3, [r0, #4]
  45:Core/Src/usart.c ****   huart3.Init.WordLength = UART_WORDLENGTH_9B;
  47              		.loc 1 45 3 is_stmt 1 view .LVU5
  48              		.loc 1 45 26 is_stmt 0 view .LVU6
  49 000c 4FF48053 		mov	r3, #4096
  50 0010 8360     		str	r3, [r0, #8]
  46:Core/Src/usart.c ****   huart3.Init.StopBits = UART_STOPBITS_1;
  51              		.loc 1 46 3 is_stmt 1 view .LVU7
  52              		.loc 1 46 24 is_stmt 0 view .LVU8
  53 0012 0023     		movs	r3, #0
  54 0014 C360     		str	r3, [r0, #12]
  47:Core/Src/usart.c ****   huart3.Init.Parity = UART_PARITY_EVEN;
  55              		.loc 1 47 3 is_stmt 1 view .LVU9
  56              		.loc 1 47 22 is_stmt 0 view .LVU10
  57 0016 4FF48062 		mov	r2, #1024
  58 001a 0261     		str	r2, [r0, #16]
  48:Core/Src/usart.c ****   huart3.Init.Mode = UART_MODE_TX_RX;
  59              		.loc 1 48 3 is_stmt 1 view .LVU11
  60              		.loc 1 48 20 is_stmt 0 view .LVU12
  61 001c 0C22     		movs	r2, #12
  62 001e 4261     		str	r2, [r0, #20]
  49:Core/Src/usart.c ****   huart3.Init.HwFlowCtl = UART_HWCONTROL_NONE;
  63              		.loc 1 49 3 is_stmt 1 view .LVU13
  64              		.loc 1 49 25 is_stmt 0 view .LVU14
  65 0020 8361     		str	r3, [r0, #24]
  50:Core/Src/usart.c ****   huart3.Init.OverSampling = UART_OVERSAMPLING_16;
ARM GAS  C:\Users\AURORA~1\AppData\Local\Temp\ccJKo91h.s 			page 3


  66              		.loc 1 50 3 is_stmt 1 view .LVU15
  67              		.loc 1 50 28 is_stmt 0 view .LVU16
  68 0022 C361     		str	r3, [r0, #28]
  51:Core/Src/usart.c ****   if (HAL_UART_Init(&huart3) != HAL_OK)
  69              		.loc 1 51 3 is_stmt 1 view .LVU17
  70              		.loc 1 51 7 is_stmt 0 view .LVU18
  71 0024 FFF7FEFF 		bl	HAL_UART_Init
  72              	.LVL0:
  73              		.loc 1 51 6 view .LVU19
  74 0028 00B9     		cbnz	r0, .L4
  75              	.L1:
  52:Core/Src/usart.c ****   {
  53:Core/Src/usart.c ****     Error_Handler();
  54:Core/Src/usart.c ****   }
  55:Core/Src/usart.c ****   /* USER CODE BEGIN USART3_Init 2 */
  56:Core/Src/usart.c **** 
  57:Core/Src/usart.c ****   /* USER CODE END USART3_Init 2 */
  58:Core/Src/usart.c **** 
  59:Core/Src/usart.c **** }
  76              		.loc 1 59 1 view .LVU20
  77 002a 08BD     		pop	{r3, pc}
  78              	.L4:
  53:Core/Src/usart.c ****   }
  79              		.loc 1 53 5 is_stmt 1 view .LVU21
  80 002c FFF7FEFF 		bl	Error_Handler
  81              	.LVL1:
  82              		.loc 1 59 1 is_stmt 0 view .LVU22
  83 0030 FBE7     		b	.L1
  84              	.L6:
  85 0032 00BF     		.align	2
  86              	.L5:
  87 0034 00000000 		.word	huart3
  88 0038 00480040 		.word	1073760256
  89 003c A0860100 		.word	100000
  90              		.cfi_endproc
  91              	.LFE134:
  93              		.section	.text.HAL_UART_MspInit,"ax",%progbits
  94              		.align	1
  95              		.global	HAL_UART_MspInit
  96              		.syntax unified
  97              		.thumb
  98              		.thumb_func
 100              	HAL_UART_MspInit:
 101              	.LVL2:
 102              	.LFB135:
  60:Core/Src/usart.c **** 
  61:Core/Src/usart.c **** void HAL_UART_MspInit(UART_HandleTypeDef* uartHandle)
  62:Core/Src/usart.c **** {
 103              		.loc 1 62 1 is_stmt 1 view -0
 104              		.cfi_startproc
 105              		@ args = 0, pretend = 0, frame = 32
 106              		@ frame_needed = 0, uses_anonymous_args = 0
 107              		.loc 1 62 1 is_stmt 0 view .LVU24
 108 0000 30B5     		push	{r4, r5, lr}
 109              	.LCFI1:
 110              		.cfi_def_cfa_offset 12
 111              		.cfi_offset 4, -12
ARM GAS  C:\Users\AURORA~1\AppData\Local\Temp\ccJKo91h.s 			page 4


 112              		.cfi_offset 5, -8
 113              		.cfi_offset 14, -4
 114 0002 89B0     		sub	sp, sp, #36
 115              	.LCFI2:
 116              		.cfi_def_cfa_offset 48
  63:Core/Src/usart.c **** 
  64:Core/Src/usart.c ****   GPIO_InitTypeDef GPIO_InitStruct = {0};
 117              		.loc 1 64 3 is_stmt 1 view .LVU25
 118              		.loc 1 64 20 is_stmt 0 view .LVU26
 119 0004 0023     		movs	r3, #0
 120 0006 0393     		str	r3, [sp, #12]
 121 0008 0493     		str	r3, [sp, #16]
 122 000a 0593     		str	r3, [sp, #20]
 123 000c 0693     		str	r3, [sp, #24]
 124 000e 0793     		str	r3, [sp, #28]
  65:Core/Src/usart.c ****   if(uartHandle->Instance==USART3)
 125              		.loc 1 65 3 is_stmt 1 view .LVU27
 126              		.loc 1 65 16 is_stmt 0 view .LVU28
 127 0010 0268     		ldr	r2, [r0]
 128              		.loc 1 65 5 view .LVU29
 129 0012 354B     		ldr	r3, .L15
 130 0014 9A42     		cmp	r2, r3
 131 0016 01D0     		beq	.L12
 132              	.LVL3:
 133              	.L7:
  66:Core/Src/usart.c ****   {
  67:Core/Src/usart.c ****   /* USER CODE BEGIN USART3_MspInit 0 */
  68:Core/Src/usart.c **** 
  69:Core/Src/usart.c ****   /* USER CODE END USART3_MspInit 0 */
  70:Core/Src/usart.c ****     /* USART3 clock enable */
  71:Core/Src/usart.c ****     __HAL_RCC_USART3_CLK_ENABLE();
  72:Core/Src/usart.c **** 
  73:Core/Src/usart.c ****     __HAL_RCC_GPIOC_CLK_ENABLE();
  74:Core/Src/usart.c ****     /**USART3 GPIO Configuration
  75:Core/Src/usart.c ****     PC11     ------> USART3_RX
  76:Core/Src/usart.c ****     PC10     ------> USART3_TX
  77:Core/Src/usart.c ****     */
  78:Core/Src/usart.c ****     GPIO_InitStruct.Pin = GPIO_PIN_11|GPIO_PIN_10;
  79:Core/Src/usart.c ****     GPIO_InitStruct.Mode = GPIO_MODE_AF_PP;
  80:Core/Src/usart.c ****     GPIO_InitStruct.Pull = GPIO_NOPULL;
  81:Core/Src/usart.c ****     GPIO_InitStruct.Speed = GPIO_SPEED_FREQ_VERY_HIGH;
  82:Core/Src/usart.c ****     GPIO_InitStruct.Alternate = GPIO_AF7_USART3;
  83:Core/Src/usart.c ****     HAL_GPIO_Init(GPIOC, &GPIO_InitStruct);
  84:Core/Src/usart.c **** 
  85:Core/Src/usart.c ****     /* USART3 DMA Init */
  86:Core/Src/usart.c ****     /* USART3_RX Init */
  87:Core/Src/usart.c ****     hdma_usart3_rx.Instance = DMA1_Stream1;
  88:Core/Src/usart.c ****     hdma_usart3_rx.Init.Channel = DMA_CHANNEL_4;
  89:Core/Src/usart.c ****     hdma_usart3_rx.Init.Direction = DMA_PERIPH_TO_MEMORY;
  90:Core/Src/usart.c ****     hdma_usart3_rx.Init.PeriphInc = DMA_PINC_DISABLE;
  91:Core/Src/usart.c ****     hdma_usart3_rx.Init.MemInc = DMA_MINC_ENABLE;
  92:Core/Src/usart.c ****     hdma_usart3_rx.Init.PeriphDataAlignment = DMA_PDATAALIGN_BYTE;
  93:Core/Src/usart.c ****     hdma_usart3_rx.Init.MemDataAlignment = DMA_MDATAALIGN_BYTE;
  94:Core/Src/usart.c ****     hdma_usart3_rx.Init.Mode = DMA_NORMAL;
  95:Core/Src/usart.c ****     hdma_usart3_rx.Init.Priority = DMA_PRIORITY_VERY_HIGH;
  96:Core/Src/usart.c ****     hdma_usart3_rx.Init.FIFOMode = DMA_FIFOMODE_DISABLE;
  97:Core/Src/usart.c ****     if (HAL_DMA_Init(&hdma_usart3_rx) != HAL_OK)
ARM GAS  C:\Users\AURORA~1\AppData\Local\Temp\ccJKo91h.s 			page 5


  98:Core/Src/usart.c ****     {
  99:Core/Src/usart.c ****       Error_Handler();
 100:Core/Src/usart.c ****     }
 101:Core/Src/usart.c **** 
 102:Core/Src/usart.c ****     __HAL_LINKDMA(uartHandle,hdmarx,hdma_usart3_rx);
 103:Core/Src/usart.c **** 
 104:Core/Src/usart.c ****     /* USART3_TX Init */
 105:Core/Src/usart.c ****     hdma_usart3_tx.Instance = DMA1_Stream3;
 106:Core/Src/usart.c ****     hdma_usart3_tx.Init.Channel = DMA_CHANNEL_4;
 107:Core/Src/usart.c ****     hdma_usart3_tx.Init.Direction = DMA_MEMORY_TO_PERIPH;
 108:Core/Src/usart.c ****     hdma_usart3_tx.Init.PeriphInc = DMA_PINC_DISABLE;
 109:Core/Src/usart.c ****     hdma_usart3_tx.Init.MemInc = DMA_MINC_ENABLE;
 110:Core/Src/usart.c ****     hdma_usart3_tx.Init.PeriphDataAlignment = DMA_PDATAALIGN_BYTE;
 111:Core/Src/usart.c ****     hdma_usart3_tx.Init.MemDataAlignment = DMA_MDATAALIGN_BYTE;
 112:Core/Src/usart.c ****     hdma_usart3_tx.Init.Mode = DMA_NORMAL;
 113:Core/Src/usart.c ****     hdma_usart3_tx.Init.Priority = DMA_PRIORITY_VERY_HIGH;
 114:Core/Src/usart.c ****     hdma_usart3_tx.Init.FIFOMode = DMA_FIFOMODE_DISABLE;
 115:Core/Src/usart.c ****     if (HAL_DMA_Init(&hdma_usart3_tx) != HAL_OK)
 116:Core/Src/usart.c ****     {
 117:Core/Src/usart.c ****       Error_Handler();
 118:Core/Src/usart.c ****     }
 119:Core/Src/usart.c **** 
 120:Core/Src/usart.c ****     __HAL_LINKDMA(uartHandle,hdmatx,hdma_usart3_tx);
 121:Core/Src/usart.c **** 
 122:Core/Src/usart.c ****     /* USART3 interrupt Init */
 123:Core/Src/usart.c ****     HAL_NVIC_SetPriority(USART3_IRQn, 0, 0);
 124:Core/Src/usart.c ****     HAL_NVIC_EnableIRQ(USART3_IRQn);
 125:Core/Src/usart.c ****   /* USER CODE BEGIN USART3_MspInit 1 */
 126:Core/Src/usart.c **** 
 127:Core/Src/usart.c ****   /* USER CODE END USART3_MspInit 1 */
 128:Core/Src/usart.c ****   }
 129:Core/Src/usart.c **** }
 134              		.loc 1 129 1 view .LVU30
 135 0018 09B0     		add	sp, sp, #36
 136              	.LCFI3:
 137              		.cfi_remember_state
 138              		.cfi_def_cfa_offset 12
 139              		@ sp needed
 140 001a 30BD     		pop	{r4, r5, pc}
 141              	.LVL4:
 142              	.L12:
 143              	.LCFI4:
 144              		.cfi_restore_state
 145              		.loc 1 129 1 view .LVU31
 146 001c 0446     		mov	r4, r0
  71:Core/Src/usart.c **** 
 147              		.loc 1 71 5 is_stmt 1 view .LVU32
 148              	.LBB2:
  71:Core/Src/usart.c **** 
 149              		.loc 1 71 5 view .LVU33
 150 001e 0025     		movs	r5, #0
 151 0020 0195     		str	r5, [sp, #4]
  71:Core/Src/usart.c **** 
 152              		.loc 1 71 5 view .LVU34
 153 0022 03F5F833 		add	r3, r3, #126976
 154 0026 1A6C     		ldr	r2, [r3, #64]
 155 0028 42F48022 		orr	r2, r2, #262144
ARM GAS  C:\Users\AURORA~1\AppData\Local\Temp\ccJKo91h.s 			page 6


 156 002c 1A64     		str	r2, [r3, #64]
  71:Core/Src/usart.c **** 
 157              		.loc 1 71 5 view .LVU35
 158 002e 1A6C     		ldr	r2, [r3, #64]
 159 0030 02F48022 		and	r2, r2, #262144
 160 0034 0192     		str	r2, [sp, #4]
  71:Core/Src/usart.c **** 
 161              		.loc 1 71 5 view .LVU36
 162 0036 019A     		ldr	r2, [sp, #4]
 163              	.LBE2:
  71:Core/Src/usart.c **** 
 164              		.loc 1 71 5 view .LVU37
  73:Core/Src/usart.c ****     /**USART3 GPIO Configuration
 165              		.loc 1 73 5 view .LVU38
 166              	.LBB3:
  73:Core/Src/usart.c ****     /**USART3 GPIO Configuration
 167              		.loc 1 73 5 view .LVU39
 168 0038 0295     		str	r5, [sp, #8]
  73:Core/Src/usart.c ****     /**USART3 GPIO Configuration
 169              		.loc 1 73 5 view .LVU40
 170 003a 1A6B     		ldr	r2, [r3, #48]
 171 003c 42F00402 		orr	r2, r2, #4
 172 0040 1A63     		str	r2, [r3, #48]
  73:Core/Src/usart.c ****     /**USART3 GPIO Configuration
 173              		.loc 1 73 5 view .LVU41
 174 0042 1B6B     		ldr	r3, [r3, #48]
 175 0044 03F00403 		and	r3, r3, #4
 176 0048 0293     		str	r3, [sp, #8]
  73:Core/Src/usart.c ****     /**USART3 GPIO Configuration
 177              		.loc 1 73 5 view .LVU42
 178 004a 029B     		ldr	r3, [sp, #8]
 179              	.LBE3:
  73:Core/Src/usart.c ****     /**USART3 GPIO Configuration
 180              		.loc 1 73 5 view .LVU43
  78:Core/Src/usart.c ****     GPIO_InitStruct.Mode = GPIO_MODE_AF_PP;
 181              		.loc 1 78 5 view .LVU44
  78:Core/Src/usart.c ****     GPIO_InitStruct.Mode = GPIO_MODE_AF_PP;
 182              		.loc 1 78 25 is_stmt 0 view .LVU45
 183 004c 4FF44063 		mov	r3, #3072
 184 0050 0393     		str	r3, [sp, #12]
  79:Core/Src/usart.c ****     GPIO_InitStruct.Pull = GPIO_NOPULL;
 185              		.loc 1 79 5 is_stmt 1 view .LVU46
  79:Core/Src/usart.c ****     GPIO_InitStruct.Pull = GPIO_NOPULL;
 186              		.loc 1 79 26 is_stmt 0 view .LVU47
 187 0052 0223     		movs	r3, #2
 188 0054 0493     		str	r3, [sp, #16]
  80:Core/Src/usart.c ****     GPIO_InitStruct.Speed = GPIO_SPEED_FREQ_VERY_HIGH;
 189              		.loc 1 80 5 is_stmt 1 view .LVU48
  81:Core/Src/usart.c ****     GPIO_InitStruct.Alternate = GPIO_AF7_USART3;
 190              		.loc 1 81 5 view .LVU49
  81:Core/Src/usart.c ****     GPIO_InitStruct.Alternate = GPIO_AF7_USART3;
 191              		.loc 1 81 27 is_stmt 0 view .LVU50
 192 0056 0323     		movs	r3, #3
 193 0058 0693     		str	r3, [sp, #24]
  82:Core/Src/usart.c ****     HAL_GPIO_Init(GPIOC, &GPIO_InitStruct);
 194              		.loc 1 82 5 is_stmt 1 view .LVU51
  82:Core/Src/usart.c ****     HAL_GPIO_Init(GPIOC, &GPIO_InitStruct);
ARM GAS  C:\Users\AURORA~1\AppData\Local\Temp\ccJKo91h.s 			page 7


 195              		.loc 1 82 31 is_stmt 0 view .LVU52
 196 005a 0723     		movs	r3, #7
 197 005c 0793     		str	r3, [sp, #28]
  83:Core/Src/usart.c **** 
 198              		.loc 1 83 5 is_stmt 1 view .LVU53
 199 005e 03A9     		add	r1, sp, #12
 200 0060 2248     		ldr	r0, .L15+4
 201              	.LVL5:
  83:Core/Src/usart.c **** 
 202              		.loc 1 83 5 is_stmt 0 view .LVU54
 203 0062 FFF7FEFF 		bl	HAL_GPIO_Init
 204              	.LVL6:
  87:Core/Src/usart.c ****     hdma_usart3_rx.Init.Channel = DMA_CHANNEL_4;
 205              		.loc 1 87 5 is_stmt 1 view .LVU55
  87:Core/Src/usart.c ****     hdma_usart3_rx.Init.Channel = DMA_CHANNEL_4;
 206              		.loc 1 87 29 is_stmt 0 view .LVU56
 207 0066 2248     		ldr	r0, .L15+8
 208 0068 224B     		ldr	r3, .L15+12
 209 006a 0360     		str	r3, [r0]
  88:Core/Src/usart.c ****     hdma_usart3_rx.Init.Direction = DMA_PERIPH_TO_MEMORY;
 210              		.loc 1 88 5 is_stmt 1 view .LVU57
  88:Core/Src/usart.c ****     hdma_usart3_rx.Init.Direction = DMA_PERIPH_TO_MEMORY;
 211              		.loc 1 88 33 is_stmt 0 view .LVU58
 212 006c 4FF00063 		mov	r3, #134217728
 213 0070 4360     		str	r3, [r0, #4]
  89:Core/Src/usart.c ****     hdma_usart3_rx.Init.PeriphInc = DMA_PINC_DISABLE;
 214              		.loc 1 89 5 is_stmt 1 view .LVU59
  89:Core/Src/usart.c ****     hdma_usart3_rx.Init.PeriphInc = DMA_PINC_DISABLE;
 215              		.loc 1 89 35 is_stmt 0 view .LVU60
 216 0072 8560     		str	r5, [r0, #8]
  90:Core/Src/usart.c ****     hdma_usart3_rx.Init.MemInc = DMA_MINC_ENABLE;
 217              		.loc 1 90 5 is_stmt 1 view .LVU61
  90:Core/Src/usart.c ****     hdma_usart3_rx.Init.MemInc = DMA_MINC_ENABLE;
 218              		.loc 1 90 35 is_stmt 0 view .LVU62
 219 0074 C560     		str	r5, [r0, #12]
  91:Core/Src/usart.c ****     hdma_usart3_rx.Init.PeriphDataAlignment = DMA_PDATAALIGN_BYTE;
 220              		.loc 1 91 5 is_stmt 1 view .LVU63
  91:Core/Src/usart.c ****     hdma_usart3_rx.Init.PeriphDataAlignment = DMA_PDATAALIGN_BYTE;
 221              		.loc 1 91 32 is_stmt 0 view .LVU64
 222 0076 4FF48063 		mov	r3, #1024
 223 007a 0361     		str	r3, [r0, #16]
  92:Core/Src/usart.c ****     hdma_usart3_rx.Init.MemDataAlignment = DMA_MDATAALIGN_BYTE;
 224              		.loc 1 92 5 is_stmt 1 view .LVU65
  92:Core/Src/usart.c ****     hdma_usart3_rx.Init.MemDataAlignment = DMA_MDATAALIGN_BYTE;
 225              		.loc 1 92 45 is_stmt 0 view .LVU66
 226 007c 4561     		str	r5, [r0, #20]
  93:Core/Src/usart.c ****     hdma_usart3_rx.Init.Mode = DMA_NORMAL;
 227              		.loc 1 93 5 is_stmt 1 view .LVU67
  93:Core/Src/usart.c ****     hdma_usart3_rx.Init.Mode = DMA_NORMAL;
 228              		.loc 1 93 42 is_stmt 0 view .LVU68
 229 007e 8561     		str	r5, [r0, #24]
  94:Core/Src/usart.c ****     hdma_usart3_rx.Init.Priority = DMA_PRIORITY_VERY_HIGH;
 230              		.loc 1 94 5 is_stmt 1 view .LVU69
  94:Core/Src/usart.c ****     hdma_usart3_rx.Init.Priority = DMA_PRIORITY_VERY_HIGH;
 231              		.loc 1 94 30 is_stmt 0 view .LVU70
 232 0080 C561     		str	r5, [r0, #28]
  95:Core/Src/usart.c ****     hdma_usart3_rx.Init.FIFOMode = DMA_FIFOMODE_DISABLE;
ARM GAS  C:\Users\AURORA~1\AppData\Local\Temp\ccJKo91h.s 			page 8


 233              		.loc 1 95 5 is_stmt 1 view .LVU71
  95:Core/Src/usart.c ****     hdma_usart3_rx.Init.FIFOMode = DMA_FIFOMODE_DISABLE;
 234              		.loc 1 95 34 is_stmt 0 view .LVU72
 235 0082 4FF44033 		mov	r3, #196608
 236 0086 0362     		str	r3, [r0, #32]
  96:Core/Src/usart.c ****     if (HAL_DMA_Init(&hdma_usart3_rx) != HAL_OK)
 237              		.loc 1 96 5 is_stmt 1 view .LVU73
  96:Core/Src/usart.c ****     if (HAL_DMA_Init(&hdma_usart3_rx) != HAL_OK)
 238              		.loc 1 96 34 is_stmt 0 view .LVU74
 239 0088 4562     		str	r5, [r0, #36]
  97:Core/Src/usart.c ****     {
 240              		.loc 1 97 5 is_stmt 1 view .LVU75
  97:Core/Src/usart.c ****     {
 241              		.loc 1 97 9 is_stmt 0 view .LVU76
 242 008a FFF7FEFF 		bl	HAL_DMA_Init
 243              	.LVL7:
  97:Core/Src/usart.c ****     {
 244              		.loc 1 97 8 view .LVU77
 245 008e 28BB     		cbnz	r0, .L13
 246              	.L9:
 102:Core/Src/usart.c **** 
 247              		.loc 1 102 5 is_stmt 1 view .LVU78
 102:Core/Src/usart.c **** 
 248              		.loc 1 102 5 view .LVU79
 249 0090 174B     		ldr	r3, .L15+8
 250 0092 E363     		str	r3, [r4, #60]
 102:Core/Src/usart.c **** 
 251              		.loc 1 102 5 view .LVU80
 252 0094 9C63     		str	r4, [r3, #56]
 102:Core/Src/usart.c **** 
 253              		.loc 1 102 5 view .LVU81
 105:Core/Src/usart.c ****     hdma_usart3_tx.Init.Channel = DMA_CHANNEL_4;
 254              		.loc 1 105 5 view .LVU82
 105:Core/Src/usart.c ****     hdma_usart3_tx.Init.Channel = DMA_CHANNEL_4;
 255              		.loc 1 105 29 is_stmt 0 view .LVU83
 256 0096 1848     		ldr	r0, .L15+16
 257 0098 184B     		ldr	r3, .L15+20
 258 009a 0360     		str	r3, [r0]
 106:Core/Src/usart.c ****     hdma_usart3_tx.Init.Direction = DMA_MEMORY_TO_PERIPH;
 259              		.loc 1 106 5 is_stmt 1 view .LVU84
 106:Core/Src/usart.c ****     hdma_usart3_tx.Init.Direction = DMA_MEMORY_TO_PERIPH;
 260              		.loc 1 106 33 is_stmt 0 view .LVU85
 261 009c 4FF00063 		mov	r3, #134217728
 262 00a0 4360     		str	r3, [r0, #4]
 107:Core/Src/usart.c ****     hdma_usart3_tx.Init.PeriphInc = DMA_PINC_DISABLE;
 263              		.loc 1 107 5 is_stmt 1 view .LVU86
 107:Core/Src/usart.c ****     hdma_usart3_tx.Init.PeriphInc = DMA_PINC_DISABLE;
 264              		.loc 1 107 35 is_stmt 0 view .LVU87
 265 00a2 4023     		movs	r3, #64
 266 00a4 8360     		str	r3, [r0, #8]
 108:Core/Src/usart.c ****     hdma_usart3_tx.Init.MemInc = DMA_MINC_ENABLE;
 267              		.loc 1 108 5 is_stmt 1 view .LVU88
 108:Core/Src/usart.c ****     hdma_usart3_tx.Init.MemInc = DMA_MINC_ENABLE;
 268              		.loc 1 108 35 is_stmt 0 view .LVU89
 269 00a6 0023     		movs	r3, #0
 270 00a8 C360     		str	r3, [r0, #12]
 109:Core/Src/usart.c ****     hdma_usart3_tx.Init.PeriphDataAlignment = DMA_PDATAALIGN_BYTE;
ARM GAS  C:\Users\AURORA~1\AppData\Local\Temp\ccJKo91h.s 			page 9


 271              		.loc 1 109 5 is_stmt 1 view .LVU90
 109:Core/Src/usart.c ****     hdma_usart3_tx.Init.PeriphDataAlignment = DMA_PDATAALIGN_BYTE;
 272              		.loc 1 109 32 is_stmt 0 view .LVU91
 273 00aa 4FF48062 		mov	r2, #1024
 274 00ae 0261     		str	r2, [r0, #16]
 110:Core/Src/usart.c ****     hdma_usart3_tx.Init.MemDataAlignment = DMA_MDATAALIGN_BYTE;
 275              		.loc 1 110 5 is_stmt 1 view .LVU92
 110:Core/Src/usart.c ****     hdma_usart3_tx.Init.MemDataAlignment = DMA_MDATAALIGN_BYTE;
 276              		.loc 1 110 45 is_stmt 0 view .LVU93
 277 00b0 4361     		str	r3, [r0, #20]
 111:Core/Src/usart.c ****     hdma_usart3_tx.Init.Mode = DMA_NORMAL;
 278              		.loc 1 111 5 is_stmt 1 view .LVU94
 111:Core/Src/usart.c ****     hdma_usart3_tx.Init.Mode = DMA_NORMAL;
 279              		.loc 1 111 42 is_stmt 0 view .LVU95
 280 00b2 8361     		str	r3, [r0, #24]
 112:Core/Src/usart.c ****     hdma_usart3_tx.Init.Priority = DMA_PRIORITY_VERY_HIGH;
 281              		.loc 1 112 5 is_stmt 1 view .LVU96
 112:Core/Src/usart.c ****     hdma_usart3_tx.Init.Priority = DMA_PRIORITY_VERY_HIGH;
 282              		.loc 1 112 30 is_stmt 0 view .LVU97
 283 00b4 C361     		str	r3, [r0, #28]
 113:Core/Src/usart.c ****     hdma_usart3_tx.Init.FIFOMode = DMA_FIFOMODE_DISABLE;
 284              		.loc 1 113 5 is_stmt 1 view .LVU98
 113:Core/Src/usart.c ****     hdma_usart3_tx.Init.FIFOMode = DMA_FIFOMODE_DISABLE;
 285              		.loc 1 113 34 is_stmt 0 view .LVU99
 286 00b6 4FF44032 		mov	r2, #196608
 287 00ba 0262     		str	r2, [r0, #32]
 114:Core/Src/usart.c ****     if (HAL_DMA_Init(&hdma_usart3_tx) != HAL_OK)
 288              		.loc 1 114 5 is_stmt 1 view .LVU100
 114:Core/Src/usart.c ****     if (HAL_DMA_Init(&hdma_usart3_tx) != HAL_OK)
 289              		.loc 1 114 34 is_stmt 0 view .LVU101
 290 00bc 4362     		str	r3, [r0, #36]
 115:Core/Src/usart.c ****     {
 291              		.loc 1 115 5 is_stmt 1 view .LVU102
 115:Core/Src/usart.c ****     {
 292              		.loc 1 115 9 is_stmt 0 view .LVU103
 293 00be FFF7FEFF 		bl	HAL_DMA_Init
 294              	.LVL8:
 115:Core/Src/usart.c ****     {
 295              		.loc 1 115 8 view .LVU104
 296 00c2 70B9     		cbnz	r0, .L14
 297              	.L10:
 120:Core/Src/usart.c **** 
 298              		.loc 1 120 5 is_stmt 1 view .LVU105
 120:Core/Src/usart.c **** 
 299              		.loc 1 120 5 view .LVU106
 300 00c4 0C4B     		ldr	r3, .L15+16
 301 00c6 A363     		str	r3, [r4, #56]
 120:Core/Src/usart.c **** 
 302              		.loc 1 120 5 view .LVU107
 303 00c8 9C63     		str	r4, [r3, #56]
 120:Core/Src/usart.c **** 
 304              		.loc 1 120 5 view .LVU108
 123:Core/Src/usart.c ****     HAL_NVIC_EnableIRQ(USART3_IRQn);
 305              		.loc 1 123 5 view .LVU109
 306 00ca 0022     		movs	r2, #0
 307 00cc 1146     		mov	r1, r2
 308 00ce 2720     		movs	r0, #39
ARM GAS  C:\Users\AURORA~1\AppData\Local\Temp\ccJKo91h.s 			page 10


 309 00d0 FFF7FEFF 		bl	HAL_NVIC_SetPriority
 310              	.LVL9:
 124:Core/Src/usart.c ****   /* USER CODE BEGIN USART3_MspInit 1 */
 311              		.loc 1 124 5 view .LVU110
 312 00d4 2720     		movs	r0, #39
 313 00d6 FFF7FEFF 		bl	HAL_NVIC_EnableIRQ
 314              	.LVL10:
 315              		.loc 1 129 1 is_stmt 0 view .LVU111
 316 00da 9DE7     		b	.L7
 317              	.L13:
  99:Core/Src/usart.c ****     }
 318              		.loc 1 99 7 is_stmt 1 view .LVU112
 319 00dc FFF7FEFF 		bl	Error_Handler
 320              	.LVL11:
 321 00e0 D6E7     		b	.L9
 322              	.L14:
 117:Core/Src/usart.c ****     }
 323              		.loc 1 117 7 view .LVU113
 324 00e2 FFF7FEFF 		bl	Error_Handler
 325              	.LVL12:
 326 00e6 EDE7     		b	.L10
 327              	.L16:
 328              		.align	2
 329              	.L15:
 330 00e8 00480040 		.word	1073760256
 331 00ec 00080240 		.word	1073874944
 332 00f0 00000000 		.word	hdma_usart3_rx
 333 00f4 28600240 		.word	1073897512
 334 00f8 00000000 		.word	hdma_usart3_tx
 335 00fc 58600240 		.word	1073897560
 336              		.cfi_endproc
 337              	.LFE135:
 339              		.section	.text.HAL_UART_MspDeInit,"ax",%progbits
 340              		.align	1
 341              		.global	HAL_UART_MspDeInit
 342              		.syntax unified
 343              		.thumb
 344              		.thumb_func
 346              	HAL_UART_MspDeInit:
 347              	.LVL13:
 348              	.LFB136:
 130:Core/Src/usart.c **** 
 131:Core/Src/usart.c **** void HAL_UART_MspDeInit(UART_HandleTypeDef* uartHandle)
 132:Core/Src/usart.c **** {
 349              		.loc 1 132 1 view -0
 350              		.cfi_startproc
 351              		@ args = 0, pretend = 0, frame = 0
 352              		@ frame_needed = 0, uses_anonymous_args = 0
 133:Core/Src/usart.c **** 
 134:Core/Src/usart.c ****   if(uartHandle->Instance==USART3)
 353              		.loc 1 134 3 view .LVU115
 354              		.loc 1 134 16 is_stmt 0 view .LVU116
 355 0000 0268     		ldr	r2, [r0]
 356              		.loc 1 134 5 view .LVU117
 357 0002 0D4B     		ldr	r3, .L24
 358 0004 9A42     		cmp	r2, r3
 359 0006 00D0     		beq	.L23
ARM GAS  C:\Users\AURORA~1\AppData\Local\Temp\ccJKo91h.s 			page 11


 360 0008 7047     		bx	lr
 361              	.L23:
 132:Core/Src/usart.c **** 
 362              		.loc 1 132 1 view .LVU118
 363 000a 10B5     		push	{r4, lr}
 364              	.LCFI5:
 365              		.cfi_def_cfa_offset 8
 366              		.cfi_offset 4, -8
 367              		.cfi_offset 14, -4
 368 000c 0446     		mov	r4, r0
 135:Core/Src/usart.c ****   {
 136:Core/Src/usart.c ****   /* USER CODE BEGIN USART3_MspDeInit 0 */
 137:Core/Src/usart.c **** 
 138:Core/Src/usart.c ****   /* USER CODE END USART3_MspDeInit 0 */
 139:Core/Src/usart.c ****     /* Peripheral clock disable */
 140:Core/Src/usart.c ****     __HAL_RCC_USART3_CLK_DISABLE();
 369              		.loc 1 140 5 is_stmt 1 view .LVU119
 370 000e 0B4A     		ldr	r2, .L24+4
 371 0010 136C     		ldr	r3, [r2, #64]
 372 0012 23F48023 		bic	r3, r3, #262144
 373 0016 1364     		str	r3, [r2, #64]
 141:Core/Src/usart.c **** 
 142:Core/Src/usart.c ****     /**USART3 GPIO Configuration
 143:Core/Src/usart.c ****     PC11     ------> USART3_RX
 144:Core/Src/usart.c ****     PC10     ------> USART3_TX
 145:Core/Src/usart.c ****     */
 146:Core/Src/usart.c ****     HAL_GPIO_DeInit(GPIOC, GPIO_PIN_11|GPIO_PIN_10);
 374              		.loc 1 146 5 view .LVU120
 375 0018 4FF44061 		mov	r1, #3072
 376 001c 0848     		ldr	r0, .L24+8
 377              	.LVL14:
 378              		.loc 1 146 5 is_stmt 0 view .LVU121
 379 001e FFF7FEFF 		bl	HAL_GPIO_DeInit
 380              	.LVL15:
 147:Core/Src/usart.c **** 
 148:Core/Src/usart.c ****     /* USART3 DMA DeInit */
 149:Core/Src/usart.c ****     HAL_DMA_DeInit(uartHandle->hdmarx);
 381              		.loc 1 149 5 is_stmt 1 view .LVU122
 382 0022 E06B     		ldr	r0, [r4, #60]
 383 0024 FFF7FEFF 		bl	HAL_DMA_DeInit
 384              	.LVL16:
 150:Core/Src/usart.c ****     HAL_DMA_DeInit(uartHandle->hdmatx);
 385              		.loc 1 150 5 view .LVU123
 386 0028 A06B     		ldr	r0, [r4, #56]
 387 002a FFF7FEFF 		bl	HAL_DMA_DeInit
 388              	.LVL17:
 151:Core/Src/usart.c **** 
 152:Core/Src/usart.c ****     /* USART3 interrupt Deinit */
 153:Core/Src/usart.c ****     HAL_NVIC_DisableIRQ(USART3_IRQn);
 389              		.loc 1 153 5 view .LVU124
 390 002e 2720     		movs	r0, #39
 391 0030 FFF7FEFF 		bl	HAL_NVIC_DisableIRQ
 392              	.LVL18:
 154:Core/Src/usart.c ****   /* USER CODE BEGIN USART3_MspDeInit 1 */
 155:Core/Src/usart.c **** 
 156:Core/Src/usart.c ****   /* USER CODE END USART3_MspDeInit 1 */
 157:Core/Src/usart.c ****   }
ARM GAS  C:\Users\AURORA~1\AppData\Local\Temp\ccJKo91h.s 			page 12


 158:Core/Src/usart.c **** }
 393              		.loc 1 158 1 is_stmt 0 view .LVU125
 394 0034 10BD     		pop	{r4, pc}
 395              	.LVL19:
 396              	.L25:
 397              		.loc 1 158 1 view .LVU126
 398 0036 00BF     		.align	2
 399              	.L24:
 400 0038 00480040 		.word	1073760256
 401 003c 00380240 		.word	1073887232
 402 0040 00080240 		.word	1073874944
 403              		.cfi_endproc
 404              	.LFE136:
 406              		.global	hdma_usart3_tx
 407              		.section	.bss.hdma_usart3_tx,"aw",%nobits
 408              		.align	2
 411              	hdma_usart3_tx:
 412 0000 00000000 		.space	96
 412      00000000 
 412      00000000 
 412      00000000 
 412      00000000 
 413              		.global	hdma_usart3_rx
 414              		.section	.bss.hdma_usart3_rx,"aw",%nobits
 415              		.align	2
 418              	hdma_usart3_rx:
 419 0000 00000000 		.space	96
 419      00000000 
 419      00000000 
 419      00000000 
 419      00000000 
 420              		.global	huart3
 421              		.section	.bss.huart3,"aw",%nobits
 422              		.align	2
 425              	huart3:
 426 0000 00000000 		.space	72
 426      00000000 
 426      00000000 
 426      00000000 
 426      00000000 
 427              		.text
 428              	.Letext0:
 429              		.file 2 "Drivers/CMSIS/Device/ST/STM32F4xx/Include/stm32f407xx.h"
 430              		.file 3 "d:\\msys64\\mingw64\\arm-none-eabi\\include\\machine\\_default_types.h"
 431              		.file 4 "d:\\msys64\\mingw64\\arm-none-eabi\\include\\sys\\_stdint.h"
 432              		.file 5 "Drivers/STM32F4xx_HAL_Driver/Inc/stm32f4xx_hal_def.h"
 433              		.file 6 "Drivers/STM32F4xx_HAL_Driver/Inc/stm32f4xx_hal_gpio.h"
 434              		.file 7 "Drivers/STM32F4xx_HAL_Driver/Inc/stm32f4xx_hal_dma.h"
 435              		.file 8 "Drivers/STM32F4xx_HAL_Driver/Inc/stm32f4xx_hal_uart.h"
 436              		.file 9 "Core/Inc/usart.h"
 437              		.file 10 "Drivers/STM32F4xx_HAL_Driver/Inc/stm32f4xx_hal_cortex.h"
 438              		.file 11 "Core/Inc/main.h"
ARM GAS  C:\Users\AURORA~1\AppData\Local\Temp\ccJKo91h.s 			page 13


DEFINED SYMBOLS
                            *ABS*:00000000 usart.c
C:\Users\AURORA~1\AppData\Local\Temp\ccJKo91h.s:21     .text.MX_USART3_UART_Init:00000000 $t
C:\Users\AURORA~1\AppData\Local\Temp\ccJKo91h.s:27     .text.MX_USART3_UART_Init:00000000 MX_USART3_UART_Init
C:\Users\AURORA~1\AppData\Local\Temp\ccJKo91h.s:87     .text.MX_USART3_UART_Init:00000034 $d
C:\Users\AURORA~1\AppData\Local\Temp\ccJKo91h.s:425    .bss.huart3:00000000 huart3
C:\Users\AURORA~1\AppData\Local\Temp\ccJKo91h.s:94     .text.HAL_UART_MspInit:00000000 $t
C:\Users\AURORA~1\AppData\Local\Temp\ccJKo91h.s:100    .text.HAL_UART_MspInit:00000000 HAL_UART_MspInit
C:\Users\AURORA~1\AppData\Local\Temp\ccJKo91h.s:330    .text.HAL_UART_MspInit:000000e8 $d
C:\Users\AURORA~1\AppData\Local\Temp\ccJKo91h.s:418    .bss.hdma_usart3_rx:00000000 hdma_usart3_rx
C:\Users\AURORA~1\AppData\Local\Temp\ccJKo91h.s:411    .bss.hdma_usart3_tx:00000000 hdma_usart3_tx
C:\Users\AURORA~1\AppData\Local\Temp\ccJKo91h.s:340    .text.HAL_UART_MspDeInit:00000000 $t
C:\Users\AURORA~1\AppData\Local\Temp\ccJKo91h.s:346    .text.HAL_UART_MspDeInit:00000000 HAL_UART_MspDeInit
C:\Users\AURORA~1\AppData\Local\Temp\ccJKo91h.s:400    .text.HAL_UART_MspDeInit:00000038 $d
C:\Users\AURORA~1\AppData\Local\Temp\ccJKo91h.s:408    .bss.hdma_usart3_tx:00000000 $d
C:\Users\AURORA~1\AppData\Local\Temp\ccJKo91h.s:415    .bss.hdma_usart3_rx:00000000 $d
C:\Users\AURORA~1\AppData\Local\Temp\ccJKo91h.s:422    .bss.huart3:00000000 $d

UNDEFINED SYMBOLS
HAL_UART_Init
Error_Handler
HAL_GPIO_Init
HAL_DMA_Init
HAL_NVIC_SetPriority
HAL_NVIC_EnableIRQ
HAL_GPIO_DeInit
HAL_DMA_DeInit
HAL_NVIC_DisableIRQ
