2023-10-15 17:00:49,528 [INFO] Activator:176 - 


2023-10-15 17:00:49,531 [INFO] Activator:177 - !SESSION log4j initialized
2023-10-15 17:00:55,675 [INFO] LogOutputStream:77 - [STDOUT_REDIRECT] 
2023-10-15 17:00:58,102 [INFO] ApplicationProperties:184 - Using Application install path: D:\ST\STM32CubeIDE_1.13.2\STM32CubeIDE\plugins\com.st.stm32cube.common.mx_6.9.2.202309101412
2023-10-15 17:00:58,136 [INFO] DbMcusXml:78 - Set database path to: D:\ST\STM32CubeIDE_1.13.2\STM32CubeIDE\plugins\com.st.stm32cube.common.mx_6.9.2.202309101412\\db\/mcu/
2023-10-15 17:00:58,137 [INFO] ApiDb:274 - Set plugin database path to: D:\ST\STM32CubeIDE_1.13.2\STM32CubeIDE\plugins\com.st.stm32cube.common.mx_6.9.2.202309101412\\db\/plugins/boardmanager/
2023-10-15 17:00:58,137 [WARN] ApiDb:259 - Overriding images path with different value:  => D:\ST\STM32CubeIDE_1.13.2\STM32CubeIDE\plugins\com.st.stm32cube.common.mx_6.9.2.202309101412\\db\/plugins/mcufinder/images/
2023-10-15 17:00:58,152 [INFO] ApiDb:250 - Set database path to: C:\Users\lenovo\.stmcufinder\plugins\mcufinder//mcu/
2023-10-15 17:00:58,154 [INFO] DbMcusAds:125 - Set database path to: C:\Users\lenovo\.stmcufinder\plugins\mcufinder//mcu/
2023-10-15 17:00:58,156 [INFO] CrossReferenceDbSqlite:203 - Set database path to: C:\Users\lenovo\.stmcufinder\plugins\mcufinder//mcu/cs/
2023-10-15 17:00:58,327 [INFO] RulesReader:64 - Compatibility file has been processed (293 Rules)
2023-10-15 17:00:58,473 [INFO] DbMcusXml:78 - Set database path to: D:\ST\STM32CubeIDE_1.13.2\STM32CubeIDE\plugins\com.st.stm32cube.common.mx_6.9.2.202309101412\\db\/mcu/
2023-10-15 17:00:58,473 [INFO] ApiDb:274 - Set plugin database path to: D:\ST\STM32CubeIDE_1.13.2\STM32CubeIDE\plugins\com.st.stm32cube.common.mx_6.9.2.202309101412\\db\/plugins/boardmanager/
2023-10-15 17:00:58,473 [INFO] ApiDb:261 - Set plugin images path to: D:\ST\STM32CubeIDE_1.13.2\STM32CubeIDE\plugins\com.st.stm32cube.common.mx_6.9.2.202309101412\\db\/plugins/mcufinder/images/
2023-10-15 17:00:58,474 [WARN] DbFile:41 - Overriding database path with different value: C:\Users\lenovo\.stmcufinder\plugins\mcufinder/ => C:\Users\lenovo\.stmcufinder\plugins\mcufinder
2023-10-15 17:00:58,474 [INFO] ApiDb:250 - Set database path to: C:\Users\lenovo\.stmcufinder\plugins\mcufinder//mcu/
2023-10-15 17:00:58,474 [WARN] DbFile:41 - Overriding database path with different value: C:\Users\lenovo\.stmcufinder\plugins\mcufinder/ => C:\Users\lenovo\.stmcufinder\plugins\mcufinder
2023-10-15 17:00:58,474 [INFO] DbMcusAds:125 - Set database path to: C:\Users\lenovo\.stmcufinder\plugins\mcufinder//mcu/
2023-10-15 17:00:58,474 [WARN] DbFile:41 - Overriding database path with different value: C:\Users\lenovo\.stmcufinder\plugins\mcufinder/ => C:\Users\lenovo\.stmcufinder\plugins\mcufinder
2023-10-15 17:00:58,475 [WARN] DbFile:41 - Overriding database path with different value: C:\Users\lenovo\.stmcufinder\plugins\mcufinder/ => C:\Users\lenovo\.stmcufinder\plugins\mcufinder
2023-10-15 17:00:58,475 [INFO] CrossReferenceDbSqlite:203 - Set database path to: C:\Users\lenovo\.stmcufinder\plugins\mcufinder//mcu/cs/
2023-10-15 17:00:58,625 [INFO] MainPanel:262 - HeapMemory: 268435456
2023-10-15 17:00:58,720 [INFO] DbMcusXml:78 - Set database path to: D:\ST\STM32CubeIDE_1.13.2\STM32CubeIDE\plugins\com.st.stm32cube.common.mx_6.9.2.202309101412\\db\/mcu/
2023-10-15 17:00:58,720 [INFO] ApiDb:274 - Set plugin database path to: D:\ST\STM32CubeIDE_1.13.2\STM32CubeIDE\plugins\com.st.stm32cube.common.mx_6.9.2.202309101412\\db\/plugins/boardmanager/
2023-10-15 17:00:58,720 [INFO] ApiDb:261 - Set plugin images path to: D:\ST\STM32CubeIDE_1.13.2\STM32CubeIDE\plugins\com.st.stm32cube.common.mx_6.9.2.202309101412\\db\/plugins/mcufinder/images/
2023-10-15 17:00:58,721 [WARN] DbFile:41 - Overriding database path with different value: C:\Users\lenovo\.stmcufinder\plugins\mcufinder/ => C:\Users\lenovo\.stmcufinder\plugins\mcufinder
2023-10-15 17:00:58,721 [INFO] ApiDb:250 - Set database path to: C:\Users\lenovo\.stmcufinder\plugins\mcufinder//mcu/
2023-10-15 17:00:58,721 [WARN] DbFile:41 - Overriding database path with different value: C:\Users\lenovo\.stmcufinder\plugins\mcufinder/ => C:\Users\lenovo\.stmcufinder\plugins\mcufinder
2023-10-15 17:00:58,721 [INFO] DbMcusAds:125 - Set database path to: C:\Users\lenovo\.stmcufinder\plugins\mcufinder//mcu/
2023-10-15 17:00:58,721 [WARN] DbFile:41 - Overriding database path with different value: C:\Users\lenovo\.stmcufinder\plugins\mcufinder/ => C:\Users\lenovo\.stmcufinder\plugins\mcufinder
2023-10-15 17:00:58,721 [WARN] DbFile:41 - Overriding database path with different value: C:\Users\lenovo\.stmcufinder\plugins\mcufinder/ => C:\Users\lenovo\.stmcufinder\plugins\mcufinder
2023-10-15 17:00:58,721 [INFO] CrossReferenceDbSqlite:203 - Set database path to: C:\Users\lenovo\.stmcufinder\plugins\mcufinder//mcu/cs/
2023-10-15 17:00:58,741 [INFO] ApplicationProperties:184 - Using Application install path: D:\ST\STM32CubeIDE_1.13.2\STM32CubeIDE\plugins\com.st.stm32cube.common.mx_6.9.2.202309101412
2023-10-15 17:00:58,742 [INFO] PluginManage:196 - Search for loadable plugins [exclusion list=, ]
2023-10-15 17:00:58,744 [INFO] PluginManage:310 - Check plugin analytics
2023-10-15 17:00:58,915 [INFO] AnalyticsPlugin:253 - Accepted Software Licenses: 
2023-10-15 17:00:58,915 [INFO] AnalyticsPlugin:255 - Accepted CMSIS Pack Licenses: 
2023-10-15 17:00:58,916 [INFO] AnalyticsPlugin:257 - Accepted Firmware Licenses: 
2023-10-15 17:00:58,919 [INFO] PluginManage:359 - Loaded plugin analytics (category:tool,tabindex:-1)
2023-10-15 17:00:58,920 [INFO] PluginManage:310 - Check plugin cadmodel
2023-10-15 17:00:58,932 [INFO] CADModel:105 - Init CAD model plugin
2023-10-15 17:00:58,932 [INFO] PluginManage:359 - Loaded plugin cadmodel (category:power,tabindex:5)
2023-10-15 17:00:58,933 [INFO] PluginManage:310 - Check plugin clock
2023-10-15 17:00:58,950 [INFO] PluginManage:359 - Loaded plugin clock (category:base,tabindex:2)
2023-10-15 17:00:58,950 [INFO] PluginManage:310 - Check plugin ddr
2023-10-15 17:00:58,952 [INFO] PluginManage:359 - Loaded plugin ddr (category:tool,tabindex:6)
2023-10-15 17:00:58,952 [INFO] PluginManage:310 - Check plugin filemanager
2023-10-15 17:00:59,138 [INFO] PluginManage:359 - Loaded plugin filemanager (category:base,tabindex:10)
2023-10-15 17:00:59,138 [INFO] PluginManage:310 - Check plugin ipmanager
2023-10-15 17:00:59,146 [INFO] PluginManage:359 - Loaded plugin ipmanager (category:base,tabindex:5)
2023-10-15 17:00:59,146 [INFO] PluginManage:310 - Check plugin lpbam
2023-10-15 17:00:59,166 [INFO] PluginManage:359 - Loaded plugin lpbam (category:base,tabindex:0)
2023-10-15 17:00:59,166 [INFO] PluginManage:310 - Check plugin memorymap
2023-10-15 17:00:59,193 [INFO] PluginManage:359 - Loaded plugin memorymap (category:base,tabindex:4)
2023-10-15 17:00:59,193 [INFO] PluginManage:310 - Check plugin pinoutandconfiguration
2023-10-15 17:00:59,208 [INFO] PluginManage:359 - Loaded plugin pinoutandconfiguration (category:base,tabindex:1)
2023-10-15 17:00:59,208 [INFO] PluginManage:310 - Check plugin pinoutconfig
2023-10-15 17:00:59,299 [WARN] SupportedApi:132 - Cannot load RTOS API schema: s4s-elt-must-match.1: The content of 'definitions' must match (annotation?, (simpleType | complexType)?, (unique | key | keyref)*)). A problem was found starting at: attribute.
2023-10-15 17:00:59,418 [INFO] PluginManage:359 - Loaded plugin pinoutconfig (category:base,tabindex:0)
2023-10-15 17:00:59,419 [INFO] PluginManage:310 - Check plugin power
2023-10-15 17:00:59,438 [INFO] PluginManage:359 - Loaded plugin power (category:power,tabindex:4)
2023-10-15 17:00:59,438 [INFO] PluginManage:310 - Check plugin projectmanager
2023-10-15 17:00:59,457 [INFO] PluginManage:359 - Loaded plugin projectmanager (category:projectmanager,tabindex:3)
2023-10-15 17:00:59,457 [INFO] PluginManage:310 - Check plugin thirdparty
2023-10-15 17:00:59,708 [INFO] PluginManage:359 - Loaded plugin thirdparty (category:base,tabindex:-1)
2023-10-15 17:00:59,708 [WARN] IntegrityCheckThread:84 - waiting for thirdparty lock release [integrity check]
2023-10-15 17:00:59,708 [INFO] PluginManage:310 - Check plugin tools
2023-10-15 17:00:59,708 [INFO] IntegrityCheckThread:86 - entering critical section [integrity check]
2023-10-15 17:00:59,709 [INFO] ThirdPartyUpdaterWithRetryManager:70 - Updater plugin not ready yet. [1/15]
2023-10-15 17:00:59,738 [INFO] PluginManage:359 - Loaded plugin tools (category:base,tabindex:7)
2023-10-15 17:00:59,738 [INFO] PluginManage:310 - Check plugin tutovideos
2023-10-15 17:00:59,918 [INFO] PluginManage:359 - Loaded plugin tutovideos (category:base,tabindex:-1)
2023-10-15 17:00:59,918 [INFO] PluginManage:310 - Check plugin updater
2023-10-15 17:00:59,928 [INFO] PluginManage:359 - Loaded plugin updater (category:base,tabindex:12)
2023-10-15 17:00:59,928 [INFO] PluginManage:310 - Check plugin userauth
2023-10-15 17:00:59,934 [INFO] UserAuth:113 - Init User Auth plugin
2023-10-15 17:00:59,935 [INFO] PluginManage:359 - Loaded plugin userauth (category:base,tabindex:14)
2023-10-15 17:00:59,935 [INFO] PluginManage:283 - PluginManage : Loaded plugins [17]
2023-10-15 17:01:00,166 [INFO] PinOutPanel:1499 - setPackage(No Configuration,No Configuration)
2023-10-15 17:01:00,265 [INFO] CADModel:165 - CPN selected for project level
2023-10-15 17:01:00,265 [INFO] CADModel:114 - Register for checkConnection events
2023-10-15 17:01:00,290 [INFO] IPUIPlugin:80 - create IPUIPlugin
2023-10-15 17:01:00,290 [INFO] PluginManager:220 - loadIPPluginJar : add adc
2023-10-15 17:01:00,319 [INFO] IPUIPlugin:80 - create IPUIPlugin
2023-10-15 17:01:00,319 [INFO] PluginManager:220 - loadIPPluginJar : add aes
2023-10-15 17:01:00,351 [INFO] IPUIPlugin:80 - create IPUIPlugin
2023-10-15 17:01:00,351 [INFO] PluginManager:220 - loadIPPluginJar : add can
2023-10-15 17:01:00,369 [INFO] IPUIPlugin:80 - create IPUIPlugin
2023-10-15 17:01:00,369 [INFO] PluginManager:220 - loadIPPluginJar : add comp
2023-10-15 17:01:00,399 [INFO] IPUIPlugin:80 - create IPUIPlugin
2023-10-15 17:01:00,399 [INFO] PluginManager:220 - loadIPPluginJar : add cryp
2023-10-15 17:01:00,424 [INFO] IPUIPlugin:80 - create IPUIPlugin
2023-10-15 17:01:00,424 [INFO] PluginManager:220 - loadIPPluginJar : add dfsdm
2023-10-15 17:01:00,443 [INFO] IPUIPlugin:80 - create IPUIPlugin
2023-10-15 17:01:00,444 [INFO] PluginManager:220 - loadIPPluginJar : add dma
2023-10-15 17:01:00,483 [INFO] IPUIPlugin:80 - create IPUIPlugin
2023-10-15 17:01:00,483 [INFO] PluginManager:220 - loadIPPluginJar : add dma3
2023-10-15 17:01:00,500 [INFO] IPUIPlugin:80 - create IPUIPlugin
2023-10-15 17:01:00,500 [INFO] PluginManager:220 - loadIPPluginJar : add fatfs
2023-10-15 17:01:00,547 [INFO] IPUIPlugin:80 - create IPUIPlugin
2023-10-15 17:01:00,547 [INFO] PluginManager:220 - loadIPPluginJar : add fmc
2023-10-15 17:01:00,567 [INFO] IPUIPlugin:80 - create IPUIPlugin
2023-10-15 17:01:00,568 [INFO] PluginManager:220 - loadIPPluginJar : add freertos
2023-10-15 17:01:00,587 [INFO] IPUIPlugin:80 - create IPUIPlugin
2023-10-15 17:01:00,588 [INFO] PluginManager:220 - loadIPPluginJar : add genericplugin
2023-10-15 17:01:00,670 [INFO] IPUIPlugin:80 - create IPUIPlugin
2023-10-15 17:01:00,670 [INFO] PluginManager:220 - loadIPPluginJar : add gfxmmu
2023-10-15 17:01:00,785 [INFO] IPUIPlugin:80 - create IPUIPlugin
2023-10-15 17:01:00,786 [INFO] PluginManager:220 - loadIPPluginJar : add gic
2023-10-15 17:01:00,797 [INFO] IPUIPlugin:80 - create IPUIPlugin
2023-10-15 17:01:00,797 [INFO] PluginManager:220 - loadIPPluginJar : add gpio
2023-10-15 17:01:00,883 [INFO] IPUIPlugin:80 - create IPUIPlugin
2023-10-15 17:01:00,883 [INFO] PluginManager:220 - loadIPPluginJar : add gtzc
2023-10-15 17:01:00,913 [INFO] IPUIPlugin:80 - create IPUIPlugin
2023-10-15 17:01:00,914 [INFO] PluginManager:220 - loadIPPluginJar : add hash
2023-10-15 17:01:00,961 [INFO] IPUIPlugin:80 - create IPUIPlugin
2023-10-15 17:01:00,961 [INFO] PluginManager:220 - loadIPPluginJar : add i2c
2023-10-15 17:01:00,998 [INFO] IPUIPlugin:80 - create IPUIPlugin
2023-10-15 17:01:00,999 [INFO] PluginManager:220 - loadIPPluginJar : add i2s
2023-10-15 17:01:01,053 [INFO] IPUIPlugin:80 - create IPUIPlugin
2023-10-15 17:01:01,053 [INFO] PluginManager:220 - loadIPPluginJar : add i3c
2023-10-15 17:01:01,142 [INFO] IPUIPlugin:80 - create IPUIPlugin
2023-10-15 17:01:01,142 [INFO] PluginManager:220 - loadIPPluginJar : add ipddr
2023-10-15 17:01:01,234 [INFO] IPUIPlugin:80 - create IPUIPlugin
2023-10-15 17:01:01,234 [INFO] PluginManager:220 - loadIPPluginJar : add linkedlist
2023-10-15 17:01:01,261 [INFO] IPUIPlugin:80 - create IPUIPlugin
2023-10-15 17:01:01,261 [INFO] PluginManager:220 - loadIPPluginJar : add lorawan
2023-10-15 17:01:01,289 [INFO] IPUIPlugin:80 - create IPUIPlugin
2023-10-15 17:01:01,290 [INFO] PluginManager:220 - loadIPPluginJar : add ltdc
2023-10-15 17:01:01,303 [INFO] IPUIPlugin:80 - create IPUIPlugin
2023-10-15 17:01:01,303 [INFO] PluginManager:220 - loadIPPluginJar : add mdma
2023-10-15 17:01:01,314 [INFO] IPUIPlugin:80 - create IPUIPlugin
2023-10-15 17:01:01,314 [INFO] PluginManager:220 - loadIPPluginJar : add nvic
2023-10-15 17:01:01,341 [INFO] IPUIPlugin:80 - create IPUIPlugin
2023-10-15 17:01:01,341 [INFO] PluginManager:220 - loadIPPluginJar : add opamp
2023-10-15 17:01:01,394 [INFO] IPUIPlugin:80 - create IPUIPlugin
2023-10-15 17:01:01,394 [INFO] PluginManager:220 - loadIPPluginJar : add openamp
2023-10-15 17:01:01,444 [INFO] IPUIPlugin:80 - create IPUIPlugin
2023-10-15 17:01:01,445 [INFO] PluginManager:220 - loadIPPluginJar : add pdm2pcm
2023-10-15 17:01:01,464 [INFO] IPUIPlugin:80 - create IPUIPlugin
2023-10-15 17:01:01,467 [INFO] PluginManager:220 - loadIPPluginJar : add plateformsettings
2023-10-15 17:01:01,491 [INFO] IPUIPlugin:80 - create IPUIPlugin
2023-10-15 17:01:01,491 [INFO] PluginManager:220 - loadIPPluginJar : add quadspi
2023-10-15 17:01:01,504 [INFO] IPUIPlugin:80 - create IPUIPlugin
2023-10-15 17:01:01,504 [INFO] PluginManager:220 - loadIPPluginJar : add resmgrutility
2023-10-15 17:01:01,542 [INFO] IPUIPlugin:80 - create IPUIPlugin
2023-10-15 17:01:01,542 [INFO] PluginManager:220 - loadIPPluginJar : add sai
2023-10-15 17:01:01,572 [INFO] IPUIPlugin:80 - create IPUIPlugin
2023-10-15 17:01:01,572 [INFO] PluginManager:220 - loadIPPluginJar : add spi
2023-10-15 17:01:01,619 [INFO] IPUIPlugin:80 - create IPUIPlugin
2023-10-15 17:01:01,619 [INFO] PluginManager:220 - loadIPPluginJar : add stm32_wpan
2023-10-15 17:01:01,639 [INFO] IPUIPlugin:80 - create IPUIPlugin
2023-10-15 17:01:01,640 [INFO] PluginManager:220 - loadIPPluginJar : add tim
2023-10-15 17:01:01,684 [INFO] IPUIPlugin:80 - create IPUIPlugin
2023-10-15 17:01:01,684 [INFO] PluginManager:220 - loadIPPluginJar : add touchsensing
2023-10-15 17:01:01,703 [INFO] IPUIPlugin:80 - create IPUIPlugin
2023-10-15 17:01:01,703 [INFO] PluginManager:220 - loadIPPluginJar : add tracer_emb
2023-10-15 17:01:01,719 [INFO] IPUIPlugin:80 - create IPUIPlugin
2023-10-15 17:01:01,720 [INFO] PluginManager:220 - loadIPPluginJar : add ts
2023-10-15 17:01:01,737 [INFO] IPUIPlugin:80 - create IPUIPlugin
2023-10-15 17:01:01,738 [INFO] PluginManager:220 - loadIPPluginJar : add tsc
2023-10-15 17:01:01,758 [INFO] IPUIPlugin:80 - create IPUIPlugin
2023-10-15 17:01:01,758 [INFO] PluginManager:220 - loadIPPluginJar : add ucpd
2023-10-15 17:01:01,798 [INFO] IPUIPlugin:80 - create IPUIPlugin
2023-10-15 17:01:01,798 [INFO] PluginManager:220 - loadIPPluginJar : add usart
2023-10-15 17:01:01,841 [INFO] IPUIPlugin:80 - create IPUIPlugin
2023-10-15 17:01:01,841 [INFO] PluginManager:220 - loadIPPluginJar : add usbx
2023-10-15 17:01:01,963 [INFO] CADModel:165 - CPN selected for project level
2023-10-15 17:01:01,963 [INFO] CADModel:114 - Register for checkConnection events
2023-10-15 17:01:01,964 [FATAL] Updater:308 - Updater called before beeing initialized
2023-10-15 17:01:01,964 [ERROR] CADModel:125 - Updater not yet initialized, retry later 
2023-10-15 17:01:02,092 [INFO] CADModel:165 - CPN selected for project level
2023-10-15 17:01:02,093 [INFO] CADModel:114 - Register for checkConnection events
2023-10-15 17:01:02,093 [FATAL] Updater:308 - Updater called before beeing initialized
2023-10-15 17:01:02,093 [ERROR] CADModel:125 - Updater not yet initialized, retry later 
2023-10-15 17:01:02,096 [FATAL] Updater:308 - Updater called before beeing initialized
2023-10-15 17:01:02,190 [FATAL] Updater:308 - Updater called before beeing initialized
2023-10-15 17:01:02,204 [INFO] DbMcusAds:53 - JSON generation date=Tue Mar 07 16:50:55 CST 2023 (1678179055114)
2023-10-15 17:01:02,204 [FATAL] Updater:308 - Updater called before beeing initialized
2023-10-15 17:01:02,302 [WARN] DetailPanel:346 - Failed to get advertising image, set to default
2023-10-15 17:01:02,476 [FATAL] Updater:308 - Updater called before beeing initialized
2023-10-15 17:01:02,481 [FATAL] Updater:308 - Updater called before beeing initialized
2023-10-15 17:01:02,481 [FATAL] Updater:308 - Updater called before beeing initialized
2023-10-15 17:01:02,482 [WARN] DetailPanel:346 - Failed to get advertising image, set to default
2023-10-15 17:01:02,484 [FATAL] Updater:308 - Updater called before beeing initialized
2023-10-15 17:01:02,540 [ERROR] Updater:1120 - MainUpdater not yet initialized. External WinMGr cannot be set.
2023-10-15 17:01:02,548 [INFO] Updater:1056 - Updater Version found : 6.9.2
2023-10-15 17:01:02,571 [INFO] ApplicationProperties:184 - Using Application install path: D:\ST\STM32CubeIDE_1.13.2\STM32CubeIDE\plugins\com.st.stm32cube.common.mx_6.9.2.202309101412
2023-10-15 17:01:02,710 [INFO] ThirdPartyUpdaterWithRetryManager:70 - Updater plugin not ready yet. [2/15]
2023-10-15 17:01:02,835 [INFO] MainUpdater:2868 - connection check result : 10
2023-10-15 17:01:02,835 [INFO] MainUpdater:3562 - Updater definition file requires update
2023-10-15 17:01:02,837 [INFO] MainUpdater:285 - Updater Check For Update Now.
2023-10-15 17:01:02,837 [INFO] MicroXplorer:498 - Change Database Version : DB.6.0.92
2023-10-15 17:01:02,859 [INFO] McuFinderGlobals:63 - Set McuFinder mode to 2 (CubeIDE integrated)
2023-10-15 17:01:02,860 [INFO] UserAuth:179 - activating auth plugin
2023-10-15 17:01:02,862 [INFO] UserAuth:393 - Internet connection configuration mode: 1
2023-10-15 17:01:02,890 [INFO] JxBrowserEngine:151 - Initiate JxBrowser Engine with user profile folder
2023-10-15 17:01:02,913 [INFO] ServerAccessManage:473 - Download File updaters.zip
2023-10-15 17:01:03,059 [INFO] FileExtend:240 - Unzip File : updaters.zip
2023-10-15 17:01:03,059 [INFO] FileExtend:255 - Standard Zip Deflate
2023-10-15 17:01:03,412 [INFO] ServerAccessManage:473 - Download File PacksControlFlags.xml
2023-10-15 17:01:03,536 [INFO] ServerAccessManage:473 - Download File cubemx.pidx
2023-10-15 17:01:03,769 [INFO] ServerAccessManage:473 - Download File STMicroelectronics.FP-ATR-ASTRA1.pdsc
2023-10-15 17:01:04,130 [INFO] McuFinderGlobals:63 - Set McuFinder mode to 2 (CubeIDE integrated)
2023-10-15 17:01:04,220 [INFO] ServerAccessManage:473 - Download File STMicroelectronics.FP-ATR-SIGFOX1.pdsc
2023-10-15 17:01:04,442 [INFO] ServerAccessManage:473 - Download File STMicroelectronics.FP-SNS-FLIGHT1.pdsc
2023-10-15 17:01:04,910 [INFO] ServerAccessManage:473 - Download File STMicroelectronics.FP-SNS-MOTENV1.pdsc
2023-10-15 17:01:05,378 [INFO] ServerAccessManage:473 - Download File STMicroelectronics.FP-SNS-SMARTAG2.pdsc
2023-10-15 17:01:05,439 [INFO] WebApp:157 - Instantiating new browser for Auth
2023-10-15 17:01:05,615 [INFO] ServerAccessManage:473 - Download File STMicroelectronics.X-CUBE-AI.pdsc
2023-10-15 17:01:05,711 [WARN] MainUpdater:1189 - Updater busy. Cannot search thirdparties
2023-10-15 17:01:05,711 [INFO] ThirdPartyUpdaterWithRetryManager:96 - Updater plugin is busy. [1/15]
2023-10-15 17:01:06,088 [INFO] WebApp:753 - Register for checkConnection events
2023-10-15 17:01:06,088 [INFO] WebApp:390 - Apply proxy settings
2023-10-15 17:01:06,089 [INFO] WebApp:475 - Chromium requires no authentication
2023-10-15 17:01:06,097 [INFO] WebApp:418 - Direct internet connection detected
2023-10-15 17:01:06,255 [INFO] WebApp:188 - Starting web application
2023-10-15 17:01:06,255 [INFO] WebApp:520 - Web application path used D:\ST\STM32CubeIDE_1.13.2\STM32CubeIDE\plugins\com.st.stm32cube.common.mx_6.9.2.202309101412\db\plugins\mcufinder\reactClient1\index.html
2023-10-15 17:01:07,320 [INFO] ServerAccessManage:473 - Download File STMicroelectronics.X-CUBE-ALS.pdsc
2023-10-15 17:01:07,825 [INFO] ServerAccessManage:473 - Download File STMicroelectronics.X-CUBE-BLE1.pdsc
2023-10-15 17:01:08,712 [WARN] MainUpdater:1189 - Updater busy. Cannot search thirdparties
2023-10-15 17:01:08,712 [INFO] ThirdPartyUpdaterWithRetryManager:96 - Updater plugin is busy. [2/15]
2023-10-15 17:01:09,481 [ERROR] ServerAccessManage:1089 - Problem, file not found on Server
2023-10-15 17:01:09,571 [INFO] ServerAccessManage:473 - Download File STMicroelectronics.X-CUBE-BLE2.pdsc
2023-10-15 17:01:10,479 [INFO] ServerAccessManage:473 - Download File STMicroelectronics.X-CUBE-BLEMGR.pdsc
2023-10-15 17:01:11,160 [INFO] ServerAccessManage:473 - Download File STMicroelectronics.X-CUBE-DISPLAY.pdsc
2023-10-15 17:01:11,713 [WARN] MainUpdater:1189 - Updater busy. Cannot search thirdparties
2023-10-15 17:01:11,713 [INFO] ThirdPartyUpdaterWithRetryManager:96 - Updater plugin is busy. [3/15]
2023-10-15 17:01:11,884 [INFO] ServerAccessManage:473 - Download File STMicroelectronics.X-CUBE-EEPRMA1.pdsc
2023-10-15 17:01:12,460 [ERROR] ServerAccessManage:1089 - Problem, file not found on Server
2023-10-15 17:01:12,869 [INFO] ServerAccessManage:473 - Download File STMicroelectronics.X-CUBE-FREERTOS.pdsc
2023-10-15 17:01:13,303 [INFO] ServerAccessManage:473 - Download File STMicroelectronics.X-CUBE-GNSS1.pdsc
2023-10-15 17:01:14,552 [ERROR] ServerAccessManage:1089 - Problem, file not found on Server
2023-10-15 17:01:14,719 [WARN] MainUpdater:1189 - Updater busy. Cannot search thirdparties
2023-10-15 17:01:14,719 [INFO] ThirdPartyUpdaterWithRetryManager:96 - Updater plugin is busy. [4/15]
2023-10-15 17:01:14,968 [ERROR] ServerAccessManage:1089 - Problem, file not found on Server
2023-10-15 17:01:15,392 [ERROR] ServerAccessManage:1089 - Problem, file not found on Server
2023-10-15 17:01:15,705 [ERROR] ServerAccessManage:1089 - Problem, file not found on Server
2023-10-15 17:01:16,132 [ERROR] ServerAccessManage:1089 - Problem, file not found on Server
2023-10-15 17:01:16,568 [ERROR] ServerAccessManage:1089 - Problem, file not found on Server
2023-10-15 17:01:16,661 [INFO] ServerAccessManage:473 - Download File STMicroelectronics.X-CUBE-ISPU.pdsc
2023-10-15 17:01:17,021 [INFO] ServerAccessManage:473 - Download File STMicroelectronics.X-CUBE-MEMS1.pdsc
2023-10-15 17:01:17,720 [WARN] MainUpdater:1189 - Updater busy. Cannot search thirdparties
2023-10-15 17:01:17,720 [INFO] ThirdPartyUpdaterWithRetryManager:96 - Updater plugin is busy. [5/15]
2023-10-15 17:01:19,328 [INFO] ServerAccessManage:473 - Download File STMicroelectronics.X-CUBE-NFC4.pdsc
2023-10-15 17:01:20,722 [WARN] MainUpdater:1189 - Updater busy. Cannot search thirdparties
2023-10-15 17:01:20,722 [INFO] ThirdPartyUpdaterWithRetryManager:96 - Updater plugin is busy. [6/15]
2023-10-15 17:01:20,887 [INFO] ServerAccessManage:473 - Download File STMicroelectronics.X-CUBE-NFC6.pdsc
2023-10-15 17:01:21,096 [INFO] ServerAccessManage:473 - Download File STMicroelectronics.X-CUBE-NFC7.pdsc
2023-10-15 17:01:21,406 [INFO] ServerAccessManage:473 - Download File STMicroelectronics.X-CUBE-SFXS2LP1.pdsc
2023-10-15 17:01:23,800 [WARN] MainUpdater:1189 - Updater busy. Cannot search thirdparties
2023-10-15 17:01:23,800 [INFO] ThirdPartyUpdaterWithRetryManager:96 - Updater plugin is busy. [7/15]
2023-10-15 17:01:24,202 [INFO] MainUpdater:2868 - connection check result : 10
2023-10-15 17:01:26,802 [WARN] MainUpdater:1189 - Updater busy. Cannot search thirdparties
2023-10-15 17:01:26,802 [INFO] ThirdPartyUpdaterWithRetryManager:96 - Updater plugin is busy. [8/15]
2023-10-15 17:01:27,322 [ERROR] LogOutputStream:75 - [STDERR_REDIRECT] SLF4J: Failed to load class "org.slf4j.impl.StaticLoggerBinder".
2023-10-15 17:01:27,323 [ERROR] LogOutputStream:75 - [STDERR_REDIRECT] SLF4J: Defaulting to no-operation (NOP) logger implementation
2023-10-15 17:01:27,324 [ERROR] LogOutputStream:75 - [STDERR_REDIRECT] SLF4J: See http://www.slf4j.org/codes.html#StaticLoggerBinder for further details.
2023-10-15 17:01:29,810 [WARN] MainUpdater:1189 - Updater busy. Cannot search thirdparties
2023-10-15 17:01:29,810 [INFO] ThirdPartyUpdaterWithRetryManager:96 - Updater plugin is busy. [9/15]
2023-10-15 17:01:32,816 [WARN] MainUpdater:1189 - Updater busy. Cannot search thirdparties
2023-10-15 17:01:32,816 [INFO] ThirdPartyUpdaterWithRetryManager:96 - Updater plugin is busy. [10/15]
2023-10-15 17:01:35,845 [WARN] MainUpdater:1189 - Updater busy. Cannot search thirdparties
2023-10-15 17:01:35,845 [INFO] ThirdPartyUpdaterWithRetryManager:96 - Updater plugin is busy. [11/15]
2023-10-15 17:01:38,858 [WARN] MainUpdater:1189 - Updater busy. Cannot search thirdparties
2023-10-15 17:01:38,858 [INFO] ThirdPartyUpdaterWithRetryManager:96 - Updater plugin is busy. [12/15]
2023-10-15 17:01:41,870 [WARN] MainUpdater:1189 - Updater busy. Cannot search thirdparties
2023-10-15 17:01:41,870 [INFO] ThirdPartyUpdaterWithRetryManager:96 - Updater plugin is busy. [13/15]
2023-10-15 17:01:43,110 [ERROR] ServerAccessManage:1146 - Warning during Server Connection :  Unknown host sw-center.st.com
2023-10-15 17:01:43,110 [ERROR] ServerAccessManage:1146 - Warning during Server Connection :  Unknown host sw-center.st.com
2023-10-15 17:01:43,110 [ERROR] ServerAccessManage:1146 - Warning during Server Connection :  Unknown host sw-center.st.com
2023-10-15 17:01:43,110 [ERROR] ServerAccessManage:1146 - Warning during Server Connection :  Unknown host sw-center.st.com
2023-10-15 17:01:43,110 [ERROR] ServerAccessManage:1146 - Warning during Server Connection :  Unknown host sw-center.st.com
2023-10-15 17:01:43,110 [ERROR] ServerAccessManage:651 - Unknown host server name. : STMicroelectronics.X-CUBE-SUBG2.pdsc.
2023-10-15 17:01:43,110 [ERROR] ServerAccessManage:1146 - Warning during Server Connection :  Unknown host sw-center.st.com
2023-10-15 17:01:43,110 [ERROR] ServerAccessManage:651 - Unknown host server name. : STMicroelectronics.X-CUBE-SMBUS.pdsc.
2023-10-15 17:01:43,110 [ERROR] ServerAccessManage:1146 - Warning during Server Connection :  Unknown host sw-center.st.com
2023-10-15 17:01:43,110 [ERROR] ServerAccessManage:651 - Unknown host server name. : STMicroelectronics.X-CUBE-TOF1.pdsc.
2023-10-15 17:01:43,126 [ERROR] ServerAccessManage:1146 - Warning during Server Connection :  Unknown host sw-center.st.com
2023-10-15 17:01:43,126 [ERROR] ServerAccessManage:651 - Unknown host server name. : STMicroelectronics.X-CUBE-TOUCHGFX.pdsc.
2023-10-15 17:01:43,126 [ERROR] ServerAccessManage:1146 - Warning during Server Connection :  Unknown host sw-center.st.com
2023-10-15 17:01:43,126 [ERROR] ServerAccessManage:651 - Unknown host server name. : STMicroelectronics.X-CUBE-ALGOBUILD.pdsc.
2023-10-15 17:01:43,126 [ERROR] ServerAccessManage:1146 - Warning during Server Connection :  Unknown host sw-center.st.com
2023-10-15 17:01:43,126 [ERROR] ServerAccessManage:651 - Unknown host server name. : STMicroelectronics.X-CUBE-AZRTOS-H7.pdsc.
2023-10-15 17:01:43,126 [ERROR] ServerAccessManage:1146 - Warning during Server Connection :  Unknown host sw-center.st.com
2023-10-15 17:01:43,126 [ERROR] ServerAccessManage:651 - Unknown host server name. : STMicroelectronics.X-CUBE-AZRTOS-F4.pdsc.
2023-10-15 17:01:43,126 [ERROR] ServerAccessManage:1146 - Warning during Server Connection :  Unknown host sw-center.st.com
2023-10-15 17:01:43,126 [ERROR] ServerAccessManage:651 - Unknown host server name. : STMicroelectronics.X-CUBE-AZRTOS-F7.pdsc.
2023-10-15 17:01:43,126 [ERROR] ServerAccessManage:1146 - Warning during Server Connection :  Unknown host sw-center.st.com
2023-10-15 17:01:43,126 [ERROR] ServerAccessManage:651 - Unknown host server name. : STMicroelectronics.X-CUBE-AZRTOS-L4.pdsc.
2023-10-15 17:01:43,139 [ERROR] ServerAccessManage:1146 - Warning during Server Connection :  Unknown host sw-center.st.com
2023-10-15 17:01:43,139 [ERROR] ServerAccessManage:651 - Unknown host server name. : STMicroelectronics.X-CUBE-AZRTOS-L5.pdsc.
2023-10-15 17:01:43,139 [ERROR] ServerAccessManage:1146 - Warning during Server Connection :  Unknown host sw-center.st.com
2023-10-15 17:01:43,139 [ERROR] ServerAccessManage:651 - Unknown host server name. : STMicroelectronics.X-CUBE-AZRTOS-G0.pdsc.
2023-10-15 17:01:43,142 [ERROR] ServerAccessManage:1146 - Warning during Server Connection :  Unknown host sw-center.st.com
2023-10-15 17:01:43,142 [ERROR] ServerAccessManage:651 - Unknown host server name. : STMicroelectronics.X-CUBE-AZRTOS-G4.pdsc.
2023-10-15 17:01:43,142 [ERROR] ServerAccessManage:1146 - Warning during Server Connection :  Unknown host sw-center.st.com
2023-10-15 17:01:43,142 [ERROR] ServerAccessManage:651 - Unknown host server name. : STMicroelectronics.X-CUBE-AZRTOS-WB.pdsc.
2023-10-15 17:01:43,142 [ERROR] ServerAccessManage:1146 - Warning during Server Connection :  Unknown host sw-center.st.com
2023-10-15 17:01:43,142 [ERROR] ServerAccessManage:651 - Unknown host server name. : STMicroelectronics.X-CUBE-AZRTOS-WL.pdsc.
2023-10-15 17:01:43,142 [ERROR] ServerAccessManage:1146 - Warning during Server Connection :  Unknown host www.wolfssl.com
2023-10-15 17:01:43,142 [ERROR] ServerAccessManage:651 - Unknown host server name. : wolfSSL.I-CUBE-wolfSSL.pdsc.
2023-10-15 17:01:43,142 [ERROR] ServerAccessManage:1146 - Warning during Server Connection :  Unknown host rowebots.com
2023-10-15 17:01:43,142 [ERROR] ServerAccessManage:651 - Unknown host server name. : RoweBots.I-CUBE-UNISONRTOS.pdsc.
2023-10-15 17:01:43,158 [ERROR] ServerAccessManage:1146 - Warning during Server Connection :  Unknown host download.segger.com
2023-10-15 17:01:43,158 [ERROR] ServerAccessManage:651 - Unknown host server name. : SEGGER.I-CUBE-embOS.pdsc.
2023-10-15 17:01:43,158 [ERROR] ServerAccessManage:1146 - Warning during Server Connection :  Unknown host www.system-on-module.com
2023-10-15 17:01:43,158 [ERROR] ServerAccessManage:651 - Unknown host server name. : portGmbH.I-Cube-SoM-uGOAL.pdsc.
2023-10-15 17:01:43,173 [ERROR] ServerAccessManage:1146 - Warning during Server Connection :  Unknown host www.emotas.de
2023-10-15 17:01:43,173 [ERROR] ServerAccessManage:651 - Unknown host server name. : emotas.I-CUBE-CANOPEN.pdsc.
2023-10-15 17:01:43,173 [ERROR] ServerAccessManage:1146 - Warning during Server Connection :  Unknown host www.weston-embedded.com
2023-10-15 17:01:43,173 [ERROR] ServerAccessManage:651 - Unknown host server name. : WES.I-CUBE-Cesium.pdsc.
2023-10-15 17:01:43,173 [ERROR] ServerAccessManage:1146 - Warning during Server Connection :  Unknown host www.ittia.com
2023-10-15 17:01:43,173 [ERROR] ServerAccessManage:651 - Unknown host server name. : ITTIA_DB.I-CUBE-ITTIADB.pdsc.
2023-10-15 17:01:43,173 [ERROR] ServerAccessManage:1146 - Warning during Server Connection :  Unknown host github.com
2023-10-15 17:01:43,173 [ERROR] ServerAccessManage:651 - Unknown host server name. : Infineon.AIROC-Wi-Fi-Bluetooth-STM32.pdsc.
2023-10-15 17:01:43,740 [INFO] CheckServerUpdateThread:120 - End of CheckServer Thread
2023-10-15 17:01:43,801 [INFO] MainUpdater:2868 - connection check result : 10
2023-10-15 17:01:43,958 [WARN] PackLoader:240 - Cannot read IP mode file for STMicroelectronics.FP-ATR-ASTRA1.2.0.0
2023-10-15 17:01:43,989 [WARN] PackLoader:240 - Cannot read IP mode file for STMicroelectronics.FP-ATR-SIGFOX1.3.2.0
2023-10-15 17:01:44,178 [WARN] PackLoader:240 - Cannot read IP mode file for STMicroelectronics.FP-SNS-FLIGHT1.5.0.2
2023-10-15 17:01:44,209 [WARN] PackLoader:240 - Cannot read IP mode file for STMicroelectronics.FP-SNS-MOTENV1.4.3.2
2023-10-15 17:01:44,241 [WARN] PackLoader:240 - Cannot read IP mode file for STMicroelectronics.FP-SNS-SMARTAG2.1.2.0
2023-10-15 17:01:44,256 [WARN] PackLoader:240 - Cannot read IP mode file for STMicroelectronics.X-CUBE-AI.8.1.0
2023-10-15 17:01:44,272 [WARN] PackLoader:240 - Cannot read IP mode file for STMicroelectronics.X-CUBE-ALS.1.0.1
2023-10-15 17:01:44,303 [WARN] PackLoader:240 - Cannot read IP mode file for STMicroelectronics.X-CUBE-BLE1.7.0.0
2023-10-15 17:01:44,319 [WARN] PackLoader:240 - Cannot read IP mode file for STMicroelectronics.X-CUBE-BLE2.3.3.0
2023-10-15 17:01:44,366 [WARN] PackLoader:240 - Cannot read IP mode file for STMicroelectronics.X-CUBE-BLEMGR.2.0.0
2023-10-15 17:01:44,382 [INFO] MicroXplorer:468 - Change Database Path : 
2023-10-15 17:01:44,382 [INFO] MicroXplorer:498 - Change Database Version : DB.6.0.92
2023-10-15 17:01:44,428 [WARN] ThirdParty:871 - waiting for thirdparty lock release [close project]
2023-10-15 17:01:44,445 [WARN] PackLoader:240 - Cannot read IP mode file for STMicroelectronics.X-CUBE-DISPLAY.3.0.0
2023-10-15 17:01:44,491 [WARN] PackLoader:240 - Cannot read IP mode file for STMicroelectronics.X-CUBE-EEPRMA1.4.1.0
2023-10-15 17:01:44,523 [WARN] PackLoader:240 - Cannot read IP mode file for STMicroelectronics.X-CUBE-FREERTOS.1.1.0
2023-10-15 17:01:44,542 [WARN] PackLoader:240 - Cannot read IP mode file for STMicroelectronics.X-CUBE-GNSS1.6.0.0
2023-10-15 17:01:44,570 [WARN] PackLoader:240 - Cannot read IP mode file for STMicroelectronics.X-CUBE-ISPU.1.1.0
2023-10-15 17:01:44,758 [WARN] PackLoader:240 - Cannot read IP mode file for STMicroelectronics.X-CUBE-MEMS1.9.6.0
2023-10-15 17:01:45,261 [WARN] PackLoader:240 - Cannot read IP mode file for STMicroelectronics.X-CUBE-NFC4.3.0.0
2023-10-15 17:01:45,276 [WARN] PackLoader:240 - Cannot read IP mode file for STMicroelectronics.X-CUBE-NFC6.3.0.0
2023-10-15 17:01:45,292 [WARN] PackLoader:240 - Cannot read IP mode file for STMicroelectronics.X-CUBE-NFC7.1.0.1
2023-10-15 17:01:45,323 [WARN] PackLoader:240 - Cannot read IP mode file for STMicroelectronics.X-CUBE-SFXS2LP1.4.0.0
2023-10-15 17:01:45,323 [INFO] PopulateThirdPartyThread:66 - Ending populate Thread
2023-10-15 17:01:45,339 [INFO] ThirdParty:1030 - CMSIS Pack Vendor :STMicroelectronics X-CUBE-ISPU 1.1.0
2023-10-15 17:01:45,339 [INFO] ThirdParty:1030 - CMSIS Pack Vendor :STMicroelectronics X-CUBE-DISPLAY 3.0.0
2023-10-15 17:01:45,339 [INFO] ThirdParty:1030 - CMSIS Pack Vendor :STMicroelectronics FP-SNS-SMARTAG2 1.2.0
2023-10-15 17:01:45,339 [INFO] ThirdParty:1030 - CMSIS Pack Vendor :STMicroelectronics FP-SNS-MOTENV1 4.3.2
2023-10-15 17:01:45,339 [INFO] ThirdParty:1030 - CMSIS Pack Vendor :STMicroelectronics X-CUBE-GNSS1 6.0.0
2023-10-15 17:01:45,339 [INFO] ThirdParty:1030 - CMSIS Pack Vendor :STMicroelectronics FP-ATR-SIGFOX1 3.2.0
2023-10-15 17:01:45,339 [INFO] ThirdParty:1030 - CMSIS Pack Vendor :STMicroelectronics X-CUBE-BLE1 7.0.0
2023-10-15 17:01:45,339 [INFO] ThirdParty:1030 - CMSIS Pack Vendor :STMicroelectronics X-CUBE-AI 8.1.0
2023-10-15 17:01:45,339 [INFO] ThirdParty:1030 - CMSIS Pack Vendor :STMicroelectronics X-CUBE-BLEMGR 2.0.0
2023-10-15 17:01:45,339 [INFO] ThirdParty:1030 - CMSIS Pack Vendor :STMicroelectronics X-CUBE-NFC4 3.0.0
2023-10-15 17:01:45,339 [INFO] ThirdParty:1030 - CMSIS Pack Vendor :STMicroelectronics FP-ATR-ASTRA1 2.0.0
2023-10-15 17:01:45,339 [INFO] ThirdParty:1030 - CMSIS Pack Vendor :STMicroelectronics X-CUBE-FREERTOS 1.1.0
2023-10-15 17:01:45,339 [INFO] ThirdParty:1030 - CMSIS Pack Vendor :STMicroelectronics X-CUBE-NFC7 1.0.1
2023-10-15 17:01:45,339 [INFO] ThirdParty:1030 - CMSIS Pack Vendor :STMicroelectronics X-CUBE-SFXS2LP1 4.0.0
2023-10-15 17:01:45,339 [INFO] ThirdParty:1030 - CMSIS Pack Vendor :STMicroelectronics FP-SNS-FLIGHT1 5.0.2
2023-10-15 17:01:45,339 [INFO] ThirdParty:1030 - CMSIS Pack Vendor :STMicroelectronics X-CUBE-BLE2 3.3.0
2023-10-15 17:01:45,339 [INFO] ThirdParty:1030 - CMSIS Pack Vendor :STMicroelectronics X-CUBE-NFC6 3.0.0
2023-10-15 17:01:45,339 [INFO] ThirdParty:1030 - CMSIS Pack Vendor :STMicroelectronics X-CUBE-ALS 1.0.1
2023-10-15 17:01:45,339 [INFO] ThirdParty:1030 - CMSIS Pack Vendor :STMicroelectronics X-CUBE-EEPRMA1 4.1.0
2023-10-15 17:01:45,344 [INFO] ThirdParty:1030 - CMSIS Pack Vendor :STMicroelectronics X-CUBE-MEMS1 9.6.0
2023-10-15 17:01:45,344 [INFO] LoadServerUpdatesThread:373 - End of LoadServerUpdate Thread
2023-10-15 17:01:45,606 [WARN] PackLoader:240 - Cannot read IP mode file for STMicroelectronics.X-CUBE-GNSS1.6.0.0
2023-10-15 17:01:45,779 [WARN] PackLoader:240 - Cannot read IP mode file for STMicroelectronics.X-CUBE-MEMS1.9.6.0
2023-10-15 17:01:46,658 [WARN] PackLoader:240 - Cannot read IP mode file for STMicroelectronics.FP-SNS-MOTENV1.4.3.2
2023-10-15 17:01:46,721 [WARN] PackLoader:240 - Cannot read IP mode file for STMicroelectronics.X-CUBE-BLEMGR.2.0.0
2023-10-15 17:01:46,800 [WARN] PackLoader:240 - Cannot read IP mode file for STMicroelectronics.FP-SNS-FLIGHT1.5.0.2
2023-10-15 17:01:46,847 [WARN] PackLoader:240 - Cannot read IP mode file for STMicroelectronics.X-CUBE-DISPLAY.3.0.0
2023-10-15 17:01:46,894 [WARN] PackLoader:240 - Cannot read IP mode file for STMicroelectronics.X-CUBE-BLE1.7.0.0
2023-10-15 17:01:46,925 [WARN] PackLoader:240 - Cannot read IP mode file for STMicroelectronics.X-CUBE-NFC7.1.0.1
2023-10-15 17:01:46,957 [WARN] PackLoader:240 - Cannot read IP mode file for STMicroelectronics.X-CUBE-NFC6.3.0.0
2023-10-15 17:01:46,972 [WARN] PackLoader:240 - Cannot read IP mode file for STMicroelectronics.X-CUBE-EEPRMA1.4.1.0
2023-10-15 17:01:46,988 [WARN] PackLoader:240 - Cannot read IP mode file for STMicroelectronics.FP-SNS-SMARTAG2.1.2.0
2023-10-15 17:01:46,988 [WARN] PackLoader:240 - Cannot read IP mode file for STMicroelectronics.X-CUBE-AI.8.1.0
2023-10-15 17:01:47,004 [WARN] PackLoader:240 - Cannot read IP mode file for STMicroelectronics.X-CUBE-SFXS2LP1.4.0.0
2023-10-15 17:01:47,004 [WARN] PackLoader:240 - Cannot read IP mode file for STMicroelectronics.X-CUBE-BLE2.3.3.0
2023-10-15 17:01:47,004 [WARN] PackLoader:240 - Cannot read IP mode file for STMicroelectronics.X-CUBE-ISPU.1.1.0
2023-10-15 17:01:47,019 [WARN] PackLoader:240 - Cannot read IP mode file for STMicroelectronics.X-CUBE-NFC4.3.0.0
2023-10-15 17:01:47,019 [WARN] PackLoader:240 - Cannot read IP mode file for STMicroelectronics.FP-ATR-SIGFOX1.3.2.0
2023-10-15 17:01:47,019 [WARN] PackLoader:240 - Cannot read IP mode file for STMicroelectronics.X-CUBE-FREERTOS.1.1.0
2023-10-15 17:01:47,035 [WARN] PackLoader:240 - Cannot read IP mode file for STMicroelectronics.X-CUBE-ALS.1.0.1
2023-10-15 17:01:47,035 [WARN] PackLoader:240 - Cannot read IP mode file for STMicroelectronics.FP-ATR-ASTRA1.2.0.0
2023-10-15 17:01:47,035 [INFO] ThirdParty:978 - Integrity check success = true
2023-10-15 17:01:47,035 [INFO] IntegrityCheckThread:100 - exiting critical section [integrity check]
2023-10-15 17:01:47,035 [INFO] IntegrityCheckThread:103 - End integrity checks thread
2023-10-15 17:01:47,035 [INFO] ThirdParty:873 - entering critical section [close project]
2023-10-15 17:01:47,047 [INFO] ThirdParty:883 - exiting critical section [close project]
2023-10-15 17:01:47,051 [INFO] PinOutPanel:1499 - setPackage(No Configuration,No Configuration)
2023-10-15 17:01:47,067 [INFO] UtilMem:75 - Begin LoadConfig() Used Memory: 211343960 Bytes (600834048)
2023-10-15 17:01:47,067 [INFO] MicroXplorer:468 - Change Database Path : 
2023-10-15 17:01:47,067 [INFO] MicroXplorer:498 - Change Database Version : DB.6.0.92
2023-10-15 17:01:47,067 [INFO] OpenFileManager:308 - Change cursor
2023-10-15 17:01:47,147 [INFO] Mcu:1946 - Initializing MCU STM32F103C(8-B)Tx STM32F103C8Tx STM32F103C8T6
2023-10-15 17:01:48,306 [INFO] Context:659 - Trying to add GPIOservice into a context  which must be forbidden
2023-10-15 17:01:48,604 [WARN] ModelIntegratedComponent:63 - No mode defined for component null
2023-10-15 17:01:48,604 [WARN] ModelIntegratedComponent:63 - No mode defined for component null
2023-10-15 17:01:48,604 [WARN] ModelIntegratedComponent:63 - No mode defined for component null
2023-10-15 17:01:48,604 [WARN] ModelIntegratedComponent:63 - No mode defined for component null
2023-10-15 17:01:48,604 [WARN] ModelIntegratedComponent:63 - No mode defined for component null
2023-10-15 17:01:48,604 [WARN] ModelIntegratedComponent:63 - No mode defined for component null
2023-10-15 17:01:48,604 [WARN] ModelIntegratedComponent:63 - No mode defined for component null
2023-10-15 17:01:48,604 [WARN] ModelIntegratedComponent:63 - No mode defined for component null
2023-10-15 17:01:48,604 [WARN] ModelIntegratedComponent:63 - No mode defined for component null
2023-10-15 17:01:48,604 [WARN] ModelIntegratedComponent:63 - No mode defined for component null
2023-10-15 17:01:48,604 [WARN] ModelIntegratedComponent:63 - No mode defined for component null
2023-10-15 17:01:48,604 [WARN] ModelIntegratedComponent:63 - No mode defined for component null
2023-10-15 17:01:48,604 [WARN] ModelIntegratedComponent:63 - No mode defined for component null
2023-10-15 17:01:48,604 [WARN] ModelIntegratedComponent:63 - No mode defined for component null
2023-10-15 17:01:48,604 [WARN] ModelIntegratedComponent:63 - No mode defined for component null
2023-10-15 17:01:48,604 [WARN] ModelIntegratedComponent:63 - No mode defined for component null
2023-10-15 17:01:48,604 [WARN] ModelIntegratedComponent:63 - No mode defined for component null
2023-10-15 17:01:48,604 [WARN] ModelIntegratedComponent:63 - No mode defined for component null
2023-10-15 17:01:48,604 [WARN] ModelIntegratedComponent:63 - No mode defined for component null
2023-10-15 17:01:48,604 [WARN] ModelIntegratedComponent:63 - No mode defined for component null
2023-10-15 17:01:48,604 [WARN] ModelIntegratedComponent:63 - No mode defined for component null
2023-10-15 17:01:48,604 [WARN] ModelIntegratedComponent:63 - No mode defined for component null
2023-10-15 17:01:48,604 [WARN] ModelIntegratedComponent:63 - No mode defined for component null
2023-10-15 17:01:48,604 [WARN] ModelIntegratedComponent:63 - No mode defined for component null
2023-10-15 17:01:48,604 [WARN] ModelIntegratedComponent:63 - No mode defined for component null
2023-10-15 17:01:48,604 [WARN] ModelIntegratedComponent:63 - No mode defined for component null
2023-10-15 17:01:48,604 [WARN] ModelIntegratedComponent:63 - No mode defined for component null
2023-10-15 17:01:48,604 [WARN] ModelIntegratedComponent:63 - No mode defined for component null
2023-10-15 17:01:48,604 [WARN] ModelIntegratedComponent:63 - No mode defined for component null
2023-10-15 17:01:48,604 [WARN] ModelIntegratedComponent:63 - No mode defined for component null
2023-10-15 17:01:48,604 [WARN] ModelIntegratedComponent:63 - No mode defined for component null
2023-10-15 17:01:48,604 [WARN] ModelIntegratedComponent:63 - No mode defined for component null
2023-10-15 17:01:48,604 [WARN] ModelIntegratedComponent:63 - No mode defined for component null
2023-10-15 17:01:48,714 [INFO] RtosManager:555 - Registered RTOS mode: class=CMSIS, group=RTOS, mode=CMSIS_V1, owner=FREERTOS
2023-10-15 17:01:48,714 [INFO] RtosManager:555 - Registered RTOS mode: class=CMSIS, group=RTOS2, mode=CMSIS_V2, owner=FREERTOS
2023-10-15 17:01:48,714 [INFO] RtosManager:555 - Registered RTOS mode: class=RTOS, group=Core, mode=CMSIS_V1, owner=FREERTOS
2023-10-15 17:01:48,714 [INFO] RtosManager:555 - Registered RTOS mode: class=RTOS, group=Core, mode=CMSIS_V2, owner=FREERTOS
2023-10-15 17:01:48,714 [WARN] ModelIntegratedComponent:184 - Missing modes for component STMicroelectronics:FreeRTOS:0.0.1:STMicroelectronics:RTOS:FreeRTOS:Core:::10.2.0:
2023-10-15 17:01:48,730 [INFO] ThirdPartyModel:298 - Start build external matchings
2023-10-15 17:01:48,793 [INFO] ThirdPartyModel:316 - End build external matchings
2023-10-15 17:01:48,793 [INFO] ImportTextPane:194 - (OptionalMessage_ERROR) IP (RCC) : Parameter (ADCFreqValue) has invalid value (36000000)
2023-10-15 17:01:48,793 [INFO] ImportTextPane:194 - (OptionalMessage_ERROR) IP (RCC) : Invalid parameter (FamilyName)
2023-10-15 17:01:48,793 [INFO] ImportTextPane:194 - (OptionalMessage_ERROR) IP (RCC) : Parameter (MCOFreq_Value) has invalid value (72000000)
2023-10-15 17:01:48,793 [INFO] ImportTextPane:194 - (OptionalMessage_ERROR) IP (RCC) : Parameter (USBFreq_Value) has invalid value (72000000)
2023-10-15 17:01:49,012 [INFO] UtilMem:75 - End LoadConfig() Used Memory: 197743728 Bytes (600834048)
2023-10-15 17:01:49,185 [INFO] ApiDb:581 - Connected to CubeFinder SQLite database (C:\Users\lenovo\.stmcufinder\plugins\mcufinder\mcu\cube-finder-db.db)
2023-10-15 17:01:49,252 [INFO] ApiDb:668 - CubeFinder database Data Model version=2.1
2023-10-15 17:01:49,252 [INFO] ApiDb:669 - CubeFinder database Configuration version=3.0.37
2023-10-15 17:01:49,252 [INFO] ApiDb:670 - CubeFinder database generation date=2023-08-09 (1691586011)
2023-10-15 17:01:49,252 [INFO] ApiDb:671 - CubeFinder database FW Pack versions=[FP-ATR-ASTRA1_V2.0.0, FP-SNS-FLIGHT1_V5.0.1, FP-SNS-FLIGHT1_V5.0.2, FP-SNS-MOTENV1_V4.3.1, FP-SNS-MOTENV1_V4.3.2, STM32Cube_FW_C0_V1.1.0, STM32Cube_FW_F4_V1.27.1, STM32Cube_FW_F7_V1.17.0, STM32Cube_FW_G0_V1.6.1, STM32Cube_FW_G4_V1.5.1, STM32Cube_FW_H5_V0.5.1, STM32Cube_FW_H5_V1.1.0, STM32Cube_FW_H7_V1.11.0, STM32Cube_FW_L0_V1.12.2, STM32Cube_FW_L5_V1.5.0, STM32Cube_FW_U5_V1.3.0, STM32Cube_FW_U5_V1.3.0RC4, STM32Cube_FW_WBA_V1.0.0RC1, STM32Cube_FW_WBA_V1.1.0, STM32Cube_FW_WBA_V1.1.0RC1, STM32Cube_FW_WB_V1.15.0RC1, STM32Cube_FW_WB_V1.16.0, STM32Cube_FW_WB_V1.16.0RC2, STM32Cube_FW_WB_V1.17.0, STM32Cube_FW_WL_V1.3.0, X-CUBE-ALGOBUILD_V1.3.0, X-CUBE-ALS_V1.0.1, X-CUBE-AZRTOS-F4_V1.1.0, X-CUBE-AZRTOS-F7_V1.1.0, X-CUBE-AZRTOS-G0_V1.1.0, X-CUBE-AZRTOS-G4_V2.0.0, X-CUBE-AZRTOS-H7_V3.1.0, X-CUBE-AZRTOS-L4_V1.0.0, X-CUBE-AZRTOS-L4_V2.0.0, X-CUBE-AZRTOS-L5_V1.1.0, X-CUBE-AZRTOS-WB_V1.1.0, X-CUBE-AZRTOS-WL_V2.0.0, X-CUBE-BLE1_V7.0.0, X-CUBE-BLE2_V3.3.0, X-CUBE-BLEMGR_V2.0.0, X-CUBE-EEPRMA1_V4.1.0, X-CUBE-FREERTOS_V1.1.0, X-CUBE-GNSS1_V6.0.0, X-CUBE-MEMS1_V9.1.0, X-CUBE-MEMS1_V9.4.0, X-CUBE-MEMS1_V9.6.0, X-CUBE-NFC4_V3.0.0, X-CUBE-NFC7_V1.0.0, X-CUBE-SFXS2LP1_V4.0.0, X-CUBE-SUBG2_V5.0.0, X-CUBE-TOF1_V3.3.1]
2023-10-15 17:01:51,107 [INFO] ApiDb:240 - Found 323 in-development CPN: [B-G473E-ZEST1S, B-WB1M-WPAN1, B-WL5M-SUBG1, NUCLEO-C031C6, NUCLEO-H503RB, NUCLEO-H563ZI, NUCLEO-U545RE-Q, NUCLEO-U5A5ZJ-Q, NUCLEO-WBA52CG, STEVAL-PROTEUS1, STEVAL-SMARTAG2, STEVAL-STWINBX1, STM320518-EVAL, STM32C0116-DK, STM32C011D6Y3TR, STM32C011D6Y6TR, STM32C011F4P3, STM32C011F4P6, STM32C011F4U3, STM32C011F4U6TR, STM32C011F6P3, STM32C011F6P6, STM32C011F6U3, STM32C011F6U6TR, STM32C011J4M3, STM32C011J4M6, STM32C011J6M3, STM32C011J6M6, STM32C0316-DK, STM32C031C4T3, STM32C031C4T6, STM32C031C4U3, STM32C031C4U6, STM32C031C6T3, STM32C031C6T6, STM32C031C6U3, STM32C031C6U6, STM32C031F4P3, STM32C031F4P6, STM32C031F6P3, STM32C031F6P6, STM32C031G4U3, STM32C031G4U6, STM32C031G6U3, STM32C031G6U6, STM32C031K4T3, STM32C031K4T6, STM32C031K4U3, STM32C031K4U6, STM32C031K6T3, STM32C031K6T6, STM32C031K6U3, STM32C031K6U6, STM32G071K8TXN, STM32G071K8UXN, STM32G081GBU6N, STM32G081KBT6N, STM32G081KBUXN, STM32G0B1CCT6N, STM32G0B1KCT6, STM32G0B1NEY6TR, STM32G0B1RCT6N, STM32G0C1CCT6, STM32G0C1CCT6N, STM32G0C1CCU6N, STM32G0C1CET6N, STM32G0C1CEU6N, STM32G0C1KCT6, STM32G0C1NEY6TR, STM32G0C1RCI6N, STM32G0C1RCT6N, STM32G0C1REI6N, STM32G0C1RET6N, STM32G0C1VCI6, STM32G0C1VEI6, STM32G471CCT6, STM32G471CCU6, STM32G471CET3, STM32G471CET6, STM32G471CEU3, STM32G471CEU6, STM32G471MCT6, STM32G471MET3, STM32G471MET6, STM32G471MEY6TR, STM32G471QCT6, STM32G471QET3, STM32G471RCT6, STM32G471RET3, STM32G471RET6, STM32G471VCH6, STM32G471VCI6, STM32G471VCT6, STM32G471VEH3, STM32G471VEH6, STM32G471VEI3, STM32G471VEI6, STM32G471VET3, STM32G471VET6, STM32G474CCT6, STM32H503CBT6, STM32H503CBU6, STM32H503EBY6TR, STM32H503KBU6, STM32H503RBT6, STM32H562AGI6, STM32H562AII6, STM32H562IGK6, STM32H562IGT6, STM32H562IIK6, STM32H562IIT6, STM32H562RGT6, STM32H562RGV6, STM32H562RIT6, STM32H562RIV6, STM32H562VGT6, STM32H562VIT6, STM32H562ZGT6, STM32H562ZIT6, STM32H563AGI6, STM32H563AII3Q, STM32H563AII6, STM32H563IGK6, STM32H563IGT6, STM32H563IIK3Q, STM32H563IIK6, STM32H563IIT3Q, STM32H563IIT6, STM32H563MIY3QTR, STM32H563RGT6, STM32H563RGV6, STM32H563RIT6, STM32H563RIV6, STM32H563VGT6, STM32H563VIT3Q, STM32H563VIT6, STM32H563ZGT6, STM32H563ZIT3Q, STM32H563ZIT6, STM32H573AII3Q, STM32H573AII6, STM32H573I-DK, STM32H573IIK3Q, STM32H573IIK6, STM32H573IIT3Q, STM32H573IIT6, STM32H573MIY3QTR, STM32H573RIT6, STM32H573RIV6, STM32H573VIT3Q, STM32H573VIT6, STM32H573ZIT3Q, STM32H573ZIT6, STM32L4R5QGI6STR, STM32MP131AAE3, STM32MP131AAF3, STM32MP131AAG3, STM32MP131CAE3, STM32MP131CAF3, STM32MP131CAG3, STM32MP131DAE7, STM32MP131DAF7, STM32MP131DAG7, STM32MP131FAE7, STM32MP131FAF7, STM32MP131FAG7, STM32MP133AAE3, STM32MP133AAF3, STM32MP133AAG3, STM32MP133CAE3, STM32MP133CAF3, STM32MP133CAG3, STM32MP133DAE7, STM32MP133DAF7, STM32MP133DAG7, STM32MP133FAE7, STM32MP133FAF7, STM32MP133FAG7, STM32MP135AAE3, STM32MP135AAF3, STM32MP135AAG3, STM32MP135CAE3, STM32MP135CAF3, STM32MP135CAG3, STM32MP135DAE7, STM32MP135DAF7, STM32MP135DAG7, STM32MP135F-DK, STM32MP135FAE7, STM32MP135FAF7, STM32MP135FAF7T, STM32MP135FAF7U, STM32MP135FAG7, STM32U535CBT6, STM32U535CBT6Q, STM32U535CBU6, STM32U535CBU6Q, STM32U535CCT6, STM32U535CCT6Q, STM32U535CCU6, STM32U535CCU6Q, STM32U535CET6, STM32U535CET6Q, STM32U535CEU6, STM32U535CEU6Q, STM32U535JEY6QTR, STM32U535NCY6QTR, STM32U535NEY6QTR, STM32U535RBI6, STM32U535RBI6Q, STM32U535RBT6, STM32U535RBT6Q, STM32U535RCI6, STM32U535RCI6Q, STM32U535RCT6, STM32U535RCT6Q, STM32U535REI6, STM32U535REI6Q, STM32U535RET6, STM32U535RET6Q, STM32U535VCI6, STM32U535VCI6Q, STM32U535VCT6, STM32U535VCT6Q, STM32U535VEI6, STM32U535VEI6Q, STM32U535VET6, STM32U535VET6Q, STM32U545CET6, STM32U545CET6Q, STM32U545CEU6, STM32U545CEU6Q, STM32U545JEY6QTR, STM32U545NEY6QTR, STM32U545REI6, STM32U545REI6Q, STM32U545RET6, STM32U545RET6Q, STM32U545VEI6, STM32U545VEI6Q, STM32U545VET6, STM32U545VET6Q, STM32U595AIH6, STM32U595AIH6Q, STM32U595AJH6, STM32U595AJH6Q, STM32U595QII6, STM32U595QII6Q, STM32U595QJI6, STM32U595QJI6Q, STM32U595RIT6, STM32U595RIT6Q, STM32U595RJT6, STM32U595RJT6Q, STM32U595VIT6, STM32U595VIT6Q, STM32U595VJT6, STM32U595VJT6Q, STM32U595ZIT6, STM32U595ZIT6Q, STM32U595ZIY6QTR, STM32U595ZJT6, STM32U595ZJT6Q, STM32U595ZJY6QTR, STM32U599BJY6QTR, STM32U599NIH6Q, STM32U599NJH6Q, STM32U599VIT6Q, STM32U599VJT6, STM32U599VJT6Q, STM32U599ZIT6Q, STM32U599ZIY6QTR, STM32U599ZJT6Q, STM32U599ZJY6QTR, STM32U5A5AJH6, STM32U5A5AJH6Q, STM32U5A5QJI6, STM32U5A5QJI6Q, STM32U5A5RJT6, STM32U5A5RJT6Q, STM32U5A5VJT6, STM32U5A5VJT6Q, STM32U5A5ZJT6, STM32U5A5ZJT6Q, STM32U5A5ZJY6QTR, STM32U5A9BJY6QTR, STM32U5A9J-DK, STM32U5A9NJH6Q, STM32U5A9VJT6Q, STM32U5A9ZJT6Q, STM32U5A9ZJY6QTR, STM32U5F7VIT6, STM32U5F7VIT6Q, STM32U5F7VJT6, STM32U5F7VJT6Q, STM32U5F9BJY6QTR, STM32U5F9NJH6Q, STM32U5F9VIT6Q, STM32U5F9VJT6Q, STM32U5F9ZIJ6QTR, STM32U5F9ZIT6Q, STM32U5F9ZJJ6QTR, STM32U5F9ZJT6Q, STM32U5G7VJT6, STM32U5G7VJT6Q, STM32U5G9BJY6QTR, STM32U5G9J-DK1, STM32U5G9J-DK2, STM32U5G9NJH6Q, STM32U5G9VJT6Q, STM32U5G9ZJJ6QTR, STM32U5G9ZJT6Q, STM32WB1MMCH6, STM32WBA52CEU6, STM32WBA52CEU6T, STM32WBA52CGU6, STM32WBA52CGU6T, STM32WBA52KEU6, STM32WBA52KEU6T, STM32WBA52KGU6, STM32WBA52KGU6T, STM32WL5MOCH6, STM32WL5MOCH6TR]
2023-10-15 17:01:51,111 [INFO] DbMcus:217 - Found 3848 MCUs, 3848 are supported
2023-10-15 17:01:51,111 [INFO] ApiDb:423 - Load user favorites file C:\Users\lenovo/.stm32cubeide/favorites.mcus.txt: 0 item(s)
2023-10-15 17:01:51,112 [INFO] ApiDb:427 - User favorites MCUs=[]
2023-10-15 17:01:51,112 [INFO] DbMcus:223 - Set 0 / 0 favorites MCUs
2023-10-15 17:01:51,433 [WARN] ThirdParty:833 - waiting for thirdparty lock release [change project]
2023-10-15 17:01:51,433 [INFO] ThirdParty:835 - entering critical section [change project]
2023-10-15 17:01:51,433 [INFO] ThirdParty:1030 - CMSIS Pack Vendor :STMicroelectronics X-CUBE-ISPU 1.1.0
2023-10-15 17:01:51,433 [INFO] ThirdParty:1030 - CMSIS Pack Vendor :STMicroelectronics USBPD 4.1
2023-10-15 17:01:51,433 [INFO] ThirdParty:1030 - CMSIS Pack Vendor :STMicroelectronics X-CUBE-DISPLAY 3.0.0
2023-10-15 17:01:51,433 [INFO] ThirdParty:1030 - CMSIS Pack Vendor :STMicroelectronics X-CUBE-GNSS1 6.0.0
2023-10-15 17:01:51,433 [INFO] ThirdParty:1030 - CMSIS Pack Vendor :STMicroelectronics USB_HOST 2.0.0
2023-10-15 17:01:51,433 [INFO] ThirdParty:1030 - CMSIS Pack Vendor :STMicroelectronics LIBJPEG 8.0.0
2023-10-15 17:01:51,433 [INFO] ThirdParty:1030 - CMSIS Pack Vendor :STMicroelectronics X-CUBE-BLE1 7.0.0
2023-10-15 17:01:51,433 [INFO] ThirdParty:1030 - CMSIS Pack Vendor :STMicroelectronics FP-ATR-SIGFOX1 3.2.0
2023-10-15 17:01:51,433 [INFO] ThirdParty:1030 - CMSIS Pack Vendor :STMicroelectronics USB_DEVICE 3.0.0
2023-10-15 17:01:51,433 [INFO] ThirdParty:1030 - CMSIS Pack Vendor :STMicroelectronics HAL Drivers 0.0.0
2023-10-15 17:01:51,434 [INFO] ThirdParty:1030 - CMSIS Pack Vendor :STMicroelectronics MBEDTLS 2.16.2
2023-10-15 17:01:51,434 [INFO] ThirdParty:1030 - CMSIS Pack Vendor :STMicroelectronics X-CUBE-FREERTOS 1.1.0
2023-10-15 17:01:51,434 [INFO] ThirdParty:1030 - CMSIS Pack Vendor :STMicroelectronics X-CUBE-NFC7 1.0.1
2023-10-15 17:01:51,434 [INFO] ThirdParty:1030 - CMSIS Pack Vendor :STMicroelectronics MBEDTLS 2.14.1
2023-10-15 17:01:51,434 [INFO] ThirdParty:1030 - CMSIS Pack Vendor :STMicroelectronics X-CUBE-NFC6 3.0.0
2023-10-15 17:01:51,434 [INFO] ThirdParty:1030 - CMSIS Pack Vendor :STMicroelectronics X-CUBE-EEPRMA1 4.1.0
2023-10-15 17:01:51,434 [INFO] ThirdParty:1030 - CMSIS Pack Vendor :STMicroelectronics X-CUBE-ALS 1.0.1
2023-10-15 17:01:51,434 [INFO] ThirdParty:1030 - CMSIS Pack Vendor :STMicroelectronics USB_DEVICE 2.0.0
2023-10-15 17:01:51,434 [INFO] ThirdParty:1030 - CMSIS Pack Vendor :STMicroelectronics X-CUBE-MEMS1 9.6.0
2023-10-15 17:01:51,434 [INFO] ThirdParty:1030 - CMSIS Pack Vendor :STMicroelectronics ThreadX 1.0.0
2023-10-15 17:01:51,434 [INFO] ThirdParty:1030 - CMSIS Pack Vendor :STMicroelectronics FP-SNS-SMARTAG2 1.2.0
2023-10-15 17:01:51,434 [INFO] ThirdParty:1030 - CMSIS Pack Vendor :STMicroelectronics FP-SNS-MOTENV1 4.3.2
2023-10-15 17:01:51,434 [INFO] ThirdParty:1030 - CMSIS Pack Vendor :STMicroelectronics FreeRTOS 0.0.1
2023-10-15 17:01:51,434 [INFO] ThirdParty:1030 - CMSIS Pack Vendor :STMicroelectronics USB_DEVICE 1.0.0
2023-10-15 17:01:51,434 [INFO] ThirdParty:1030 - CMSIS Pack Vendor :STMicroelectronics X-CUBE-BLEMGR 2.0.0
2023-10-15 17:01:51,434 [INFO] ThirdParty:1030 - CMSIS Pack Vendor :STMicroelectronics X-CUBE-AI 8.1.0
2023-10-15 17:01:51,434 [INFO] ThirdParty:1030 - CMSIS Pack Vendor :STMicroelectronics X-CUBE-NFC4 3.0.0
2023-10-15 17:01:51,434 [INFO] ThirdParty:1030 - CMSIS Pack Vendor :STMicroelectronics STM32_WPAN 1.0.0
2023-10-15 17:01:51,434 [INFO] ThirdParty:1030 - CMSIS Pack Vendor :STMicroelectronics ThreadX 0.0.2
2023-10-15 17:01:51,434 [INFO] ThirdParty:1030 - CMSIS Pack Vendor :STMicroelectronics FP-ATR-ASTRA1 2.0.0
2023-10-15 17:01:51,434 [INFO] ThirdParty:1030 - CMSIS Pack Vendor :STMicroelectronics lwIP 2.0.3
2023-10-15 17:01:51,434 [INFO] ThirdParty:1030 - CMSIS Pack Vendor :STMicroelectronics lwIP 2.1.2
2023-10-15 17:01:51,434 [INFO] ThirdParty:1030 - CMSIS Pack Vendor :STMicroelectronics X-CUBE-SFXS2LP1 4.0.0
2023-10-15 17:01:51,434 [INFO] ThirdParty:1030 - CMSIS Pack Vendor :STMicroelectronics FP-SNS-FLIGHT1 5.0.2
2023-10-15 17:01:51,434 [INFO] ThirdParty:1030 - CMSIS Pack Vendor :STMicroelectronics X-CUBE-BLE2 3.3.0
2023-10-15 17:01:51,434 [INFO] ThirdParty:1030 - CMSIS Pack Vendor :STMicroelectronics USB_HOST 1.0.0
2023-10-15 17:01:51,434 [INFO] ThirdParty:1030 - CMSIS Pack Vendor :STMicroelectronics PDM2PCM 3.1.0
2023-10-15 17:01:51,434 [INFO] ThirdParty:1030 - CMSIS Pack Vendor :STMicroelectronics PDM2PCM 3.2.0
2023-10-15 17:01:51,434 [INFO] ThirdParty:1030 - CMSIS Pack Vendor :STMicroelectronics PDM2PCM 3.3.0
2023-10-15 17:01:51,435 [INFO] ThirdParty:841 - exiting critical section [change project]
2023-10-15 17:01:51,679 [INFO] PinOutPanel:1499 - setPackage(No Configuration,No Configuration)
2023-10-15 17:01:51,680 [INFO] PinOutPanel:1499 - setPackage(STM32F103C8Tx,LQFP48)
2023-10-15 17:01:52,095 [INFO] UtilMem:75 - Before build in PCC Used Memory: 430019840 Bytes (600834048)
2023-10-15 17:01:53,394 [INFO] UtilMem:75 - After build in PCC Used Memory: 211577552 Bytes (563085312)
2023-10-15 17:01:53,418 [INFO] IPUIPlugin:80 - create IPUIPlugin
2023-10-15 17:01:53,418 [INFO] IPUIPlugin:80 - create IPUIPlugin
2023-10-15 17:01:53,418 [INFO] IPUIPlugin:80 - create IPUIPlugin
2023-10-15 17:01:53,418 [INFO] IPUIPlugin:80 - create IPUIPlugin
2023-10-15 17:01:53,419 [INFO] IPUIPlugin:80 - create IPUIPlugin
2023-10-15 17:01:53,419 [INFO] IPUIPlugin:80 - create IPUIPlugin
2023-10-15 17:01:53,419 [INFO] IPUIPlugin:80 - create IPUIPlugin
2023-10-15 17:01:53,419 [INFO] IPUIPlugin:80 - create IPUIPlugin
2023-10-15 17:01:53,419 [INFO] IPUIPlugin:80 - create IPUIPlugin
2023-10-15 17:01:53,419 [INFO] IPUIPlugin:80 - create IPUIPlugin
2023-10-15 17:01:53,419 [INFO] IPUIPlugin:80 - create IPUIPlugin
2023-10-15 17:01:53,419 [INFO] IPUIPlugin:80 - create IPUIPlugin
2023-10-15 17:01:53,419 [INFO] IPUIPlugin:80 - create IPUIPlugin
2023-10-15 17:01:53,419 [INFO] IPUIPlugin:80 - create IPUIPlugin
2023-10-15 17:01:53,420 [INFO] IPUIPlugin:80 - create IPUIPlugin
2023-10-15 17:01:53,420 [INFO] IPUIPlugin:80 - create IPUIPlugin
2023-10-15 17:01:53,420 [INFO] IPUIPlugin:80 - create IPUIPlugin
2023-10-15 17:01:53,420 [INFO] IPUIPlugin:80 - create IPUIPlugin
2023-10-15 17:01:53,420 [INFO] IPUIPlugin:80 - create IPUIPlugin
2023-10-15 17:01:53,420 [INFO] IPUIPlugin:80 - create IPUIPlugin
2023-10-15 17:01:53,420 [INFO] IPUIPlugin:80 - create IPUIPlugin
2023-10-15 17:01:53,420 [INFO] IPUIPlugin:80 - create IPUIPlugin
2023-10-15 17:01:53,421 [INFO] IPUIPlugin:80 - create IPUIPlugin
2023-10-15 17:01:53,421 [INFO] IPUIPlugin:80 - create IPUIPlugin
2023-10-15 17:01:53,421 [INFO] IPUIPlugin:80 - create IPUIPlugin
2023-10-15 17:01:53,421 [INFO] IPUIPlugin:80 - create IPUIPlugin
2023-10-15 17:01:53,421 [INFO] IPUIPlugin:80 - create IPUIPlugin
2023-10-15 17:01:53,688 [INFO] CADModel:165 - CPN selected for project levelSTM32F103C8T6
2023-10-15 17:01:53,689 [INFO] CADModel:114 - Register for checkConnection events
2023-10-15 17:01:53,747 [INFO] OpenFileManager:328 - Restore cursor
2023-10-15 17:02:20,603 [ERROR] ConfigurationRetriever:142 - IOException on connection: sw-center.st.com
2023-10-15 17:02:20,604 [ERROR] ConfigurationRetriever:142 - IOException on connection: sw-center.st.com
2023-10-15 17:02:20,604 [ERROR] ConfigurationRetriever:142 - IOException on connection: sw-center.st.com
2023-10-15 17:02:21,775 [ERROR] LogOutputStream:75 - [STDERR_REDIRECT] 
