2023-11-12 00:28:08,307 [INFO] MainUpdater:2868 - connection check result : 10
2023-11-12 00:28:08,328 [INFO] MainUpdater:2868 - connection check result : 10
2023-11-12 00:28:08,374 [INFO] MicroXplorer:468 - Change Database Path : 
2023-11-12 00:28:08,374 [INFO] MicroXplorer:498 - Change Database Version : DB.6.0.92
2023-11-12 00:28:08,391 [WARN] ThirdParty:871 - waiting for thirdparty lock release [close project]
2023-11-12 00:28:08,391 [INFO] ThirdParty:873 - entering critical section [close project]
2023-11-12 00:28:08,391 [INFO] ThirdParty:883 - exiting critical section [close project]
2023-11-12 00:28:08,393 [INFO] PinOutPanel:1499 - setPackage(No Configuration,No Configuration)
2023-11-12 00:28:08,400 [INFO] UtilMem:75 - Begin LoadConfig() Used Memory: 426534800 Bytes (702545920)
2023-11-12 00:28:08,400 [INFO] MicroXplorer:468 - Change Database Path : 
2023-11-12 00:28:08,400 [INFO] MicroXplorer:498 - Change Database Version : DB.6.0.92
2023-11-12 00:28:08,400 [INFO] OpenFileManager:308 - Change cursor
2023-11-12 00:28:08,411 [INFO] RulesReader:64 - Compatibility file has been processed (293 Rules)
2023-11-12 00:28:08,414 [INFO] Mcu:1946 - Initializing MCU STM32F103C(8-B)Tx STM32F103C8Tx STM32F103C8T6
2023-11-12 00:28:08,849 [INFO] Context:659 - Trying to add GPIOservice into a context  which must be forbidden
2023-11-12 00:28:09,008 [INFO] RtosManager:555 - Registered RTOS mode: class=CMSIS, group=RTOS, mode=CMSIS_V1, owner=FREERTOS
2023-11-12 00:28:09,008 [INFO] RtosManager:555 - Registered RTOS mode: class=CMSIS, group=RTOS2, mode=CMSIS_V2, owner=FREERTOS
2023-11-12 00:28:09,008 [INFO] RtosManager:555 - Registered RTOS mode: class=RTOS, group=Core, mode=CMSIS_V1, owner=FREERTOS
2023-11-12 00:28:09,008 [INFO] RtosManager:555 - Registered RTOS mode: class=RTOS, group=Core, mode=CMSIS_V2, owner=FREERTOS
2023-11-12 00:28:09,008 [WARN] ModelIntegratedComponent:184 - Missing modes for component STMicroelectronics:FreeRTOS:0.0.1:STMicroelectronics:RTOS:FreeRTOS:Core:::10.2.0:
2023-11-12 00:28:09,014 [WARN] ModelIntegratedComponent:63 - No mode defined for component null
2023-11-12 00:28:09,014 [WARN] ModelIntegratedComponent:63 - No mode defined for component null
2023-11-12 00:28:09,014 [WARN] ModelIntegratedComponent:63 - No mode defined for component null
2023-11-12 00:28:09,014 [WARN] ModelIntegratedComponent:63 - No mode defined for component null
2023-11-12 00:28:09,014 [WARN] ModelIntegratedComponent:63 - No mode defined for component null
2023-11-12 00:28:09,014 [WARN] ModelIntegratedComponent:63 - No mode defined for component null
2023-11-12 00:28:09,014 [WARN] ModelIntegratedComponent:63 - No mode defined for component null
2023-11-12 00:28:09,014 [WARN] ModelIntegratedComponent:63 - No mode defined for component null
2023-11-12 00:28:09,014 [WARN] ModelIntegratedComponent:63 - No mode defined for component null
2023-11-12 00:28:09,014 [WARN] ModelIntegratedComponent:63 - No mode defined for component null
2023-11-12 00:28:09,014 [WARN] ModelIntegratedComponent:63 - No mode defined for component null
2023-11-12 00:28:09,014 [WARN] ModelIntegratedComponent:63 - No mode defined for component null
2023-11-12 00:28:09,014 [WARN] ModelIntegratedComponent:63 - No mode defined for component null
2023-11-12 00:28:09,014 [WARN] ModelIntegratedComponent:63 - No mode defined for component null
2023-11-12 00:28:09,014 [WARN] ModelIntegratedComponent:63 - No mode defined for component null
2023-11-12 00:28:09,014 [WARN] ModelIntegratedComponent:63 - No mode defined for component null
2023-11-12 00:28:09,014 [WARN] ModelIntegratedComponent:63 - No mode defined for component null
2023-11-12 00:28:09,014 [WARN] ModelIntegratedComponent:63 - No mode defined for component null
2023-11-12 00:28:09,014 [WARN] ModelIntegratedComponent:63 - No mode defined for component null
2023-11-12 00:28:09,014 [WARN] ModelIntegratedComponent:63 - No mode defined for component null
2023-11-12 00:28:09,014 [WARN] ModelIntegratedComponent:63 - No mode defined for component null
2023-11-12 00:28:09,014 [WARN] ModelIntegratedComponent:63 - No mode defined for component null
2023-11-12 00:28:09,014 [WARN] ModelIntegratedComponent:63 - No mode defined for component null
2023-11-12 00:28:09,014 [WARN] ModelIntegratedComponent:63 - No mode defined for component null
2023-11-12 00:28:09,014 [WARN] ModelIntegratedComponent:63 - No mode defined for component null
2023-11-12 00:28:09,014 [WARN] ModelIntegratedComponent:63 - No mode defined for component null
2023-11-12 00:28:09,014 [WARN] ModelIntegratedComponent:63 - No mode defined for component null
2023-11-12 00:28:09,014 [WARN] ModelIntegratedComponent:63 - No mode defined for component null
2023-11-12 00:28:09,014 [WARN] ModelIntegratedComponent:63 - No mode defined for component null
2023-11-12 00:28:09,014 [WARN] ModelIntegratedComponent:63 - No mode defined for component null
2023-11-12 00:28:09,014 [WARN] ModelIntegratedComponent:63 - No mode defined for component null
2023-11-12 00:28:09,014 [WARN] ModelIntegratedComponent:63 - No mode defined for component null
2023-11-12 00:28:09,014 [WARN] ModelIntegratedComponent:63 - No mode defined for component null
2023-11-12 00:28:09,065 [INFO] ThirdPartyModel:298 - Start build external matchings
2023-11-12 00:28:09,450 [INFO] ThirdPartyModel:316 - End build external matchings
2023-11-12 00:28:09,459 [INFO] ImportTextPane:194 - (OptionalMessage_ERROR) IP (RCC) : Parameter (ADCFreqValue) has invalid value (36000000)
2023-11-12 00:28:09,459 [INFO] ImportTextPane:194 - (OptionalMessage_ERROR) IP (RCC) : Invalid parameter (FamilyName)
2023-11-12 00:28:09,459 [INFO] ImportTextPane:194 - (OptionalMessage_ERROR) IP (RCC) : Parameter (MCOFreq_Value) has invalid value (72000000)
2023-11-12 00:28:09,459 [INFO] ImportTextPane:194 - (OptionalMessage_ERROR) IP (RCC) : Parameter (USBFreq_Value) has invalid value (72000000)
2023-11-12 00:28:09,574 [INFO] UtilMem:75 - End LoadConfig() Used Memory: 443397568 Bytes (702545920)
2023-11-12 00:28:09,612 [WARN] ThirdParty:833 - waiting for thirdparty lock release [change project]
2023-11-12 00:28:09,612 [INFO] ThirdParty:835 - entering critical section [change project]
2023-11-12 00:28:09,612 [INFO] ThirdParty:1030 - CMSIS Pack Vendor :STMicroelectronics X-CUBE-ISPU 1.1.0
2023-11-12 00:28:09,612 [INFO] ThirdParty:1030 - CMSIS Pack Vendor :STMicroelectronics USBPD 4.1
2023-11-12 00:28:09,612 [INFO] ThirdParty:1030 - CMSIS Pack Vendor :STMicroelectronics X-CUBE-GNSS1 6.0.0
2023-11-12 00:28:09,612 [INFO] ThirdParty:1030 - CMSIS Pack Vendor :STMicroelectronics USB_HOST 2.0.0
2023-11-12 00:28:09,612 [INFO] ThirdParty:1030 - CMSIS Pack Vendor :STMicroelectronics X-CUBE-AZRTOS-F4 1.1.0
2023-11-12 00:28:09,612 [INFO] ThirdParty:1030 - CMSIS Pack Vendor :STMicroelectronics LIBJPEG 8.0.0
2023-11-12 00:28:09,612 [INFO] ThirdParty:1030 - CMSIS Pack Vendor :wolfSSL I-CUBE-wolfSSL 5.6.3
2023-11-12 00:28:09,612 [INFO] ThirdParty:1030 - CMSIS Pack Vendor :STMicroelectronics X-CUBE-SMBUS 2.1.0
2023-11-12 00:28:09,612 [INFO] ThirdParty:1030 - CMSIS Pack Vendor :STMicroelectronics USB_DEVICE 3.0.0
2023-11-12 00:28:09,612 [INFO] ThirdParty:1030 - CMSIS Pack Vendor :STMicroelectronics X-CUBE-AZRTOS-WB 2.0.0
2023-11-12 00:28:09,612 [INFO] ThirdParty:1030 - CMSIS Pack Vendor :STMicroelectronics X-CUBE-AZRTOS-F7 1.1.0
2023-11-12 00:28:09,612 [INFO] ThirdParty:1030 - CMSIS Pack Vendor :STMicroelectronics X-CUBE-AZRTOS-L5 2.0.0
2023-11-12 00:28:09,612 [INFO] ThirdParty:1030 - CMSIS Pack Vendor :STMicroelectronics USB_DEVICE 2.0.0
2023-11-12 00:28:09,612 [INFO] ThirdParty:1030 - CMSIS Pack Vendor :STMicroelectronics X-CUBE-MEMS1 9.6.0
2023-11-12 00:28:09,612 [INFO] ThirdParty:1030 - CMSIS Pack Vendor :STMicroelectronics X-CUBE-EEPRMA1 4.2.0
2023-11-12 00:28:09,612 [INFO] ThirdParty:1030 - CMSIS Pack Vendor :ITTIA_DB I-CUBE-ITTIADB 8.8.0
2023-11-12 00:28:09,612 [INFO] ThirdParty:1030 - CMSIS Pack Vendor :STMicroelectronics FP-SNS-MOTENV1 4.3.2
2023-11-12 00:28:09,612 [INFO] ThirdParty:1030 - CMSIS Pack Vendor :STMicroelectronics X-CUBE-ALGOBUILD 1.3.0
2023-11-12 00:28:09,612 [INFO] ThirdParty:1030 - CMSIS Pack Vendor :STMicroelectronics FreeRTOS 0.0.1
2023-11-12 00:28:09,612 [INFO] ThirdParty:1030 - CMSIS Pack Vendor :STMicroelectronics X-CUBE-AZRTOS-G0 1.1.0
2023-11-12 00:28:09,612 [INFO] ThirdParty:1030 - CMSIS Pack Vendor :STMicroelectronics X-CUBE-BLEMGR 2.0.0
2023-11-12 00:28:09,612 [INFO] ThirdParty:1030 - CMSIS Pack Vendor :STMicroelectronics X-CUBE-NFC4 3.0.0
2023-11-12 00:28:09,612 [INFO] ThirdParty:1030 - CMSIS Pack Vendor :STMicroelectronics X-CUBE-SUBG2 5.0.0
2023-11-12 00:28:09,612 [INFO] ThirdParty:1030 - CMSIS Pack Vendor :STMicroelectronics STM32_WPAN 1.0.0
2023-11-12 00:28:09,612 [INFO] ThirdParty:1030 - CMSIS Pack Vendor :STMicroelectronics lwIP 2.0.3
2023-11-12 00:28:09,612 [INFO] ThirdParty:1030 - CMSIS Pack Vendor :STMicroelectronics FP-SNS-FLIGHT1 5.0.2
2023-11-12 00:28:09,612 [INFO] ThirdParty:1030 - CMSIS Pack Vendor :STMicroelectronics USB_HOST 1.0.0
2023-11-12 00:28:09,612 [INFO] ThirdParty:1030 - CMSIS Pack Vendor :STMicroelectronics X-CUBE-TOF1 3.3.1
2023-11-12 00:28:09,612 [INFO] ThirdParty:1030 - CMSIS Pack Vendor :STMicroelectronics X-CUBE-AZRTOS-G4 2.0.0
2023-11-12 00:28:09,612 [INFO] ThirdParty:1030 - CMSIS Pack Vendor :STMicroelectronics PDM2PCM 3.1.0
2023-11-12 00:28:09,612 [INFO] ThirdParty:1030 - CMSIS Pack Vendor :STMicroelectronics X-CUBE-AZRTOS-H7 3.1.0
2023-11-12 00:28:09,612 [INFO] ThirdParty:1030 - CMSIS Pack Vendor :Infineon AIROC-Wi-Fi-Bluetooth-STM32 1.5.1
2023-11-12 00:28:09,612 [INFO] ThirdParty:1030 - CMSIS Pack Vendor :STMicroelectronics X-CUBE-BLEMGR 3.0.0
2023-11-12 00:28:09,612 [INFO] ThirdParty:1030 - CMSIS Pack Vendor :STMicroelectronics PDM2PCM 3.3.0
2023-11-12 00:28:09,612 [INFO] ThirdParty:1030 - CMSIS Pack Vendor :STMicroelectronics X-CUBE-DISPLAY 3.0.0
2023-11-12 00:28:09,612 [INFO] ThirdParty:1030 - CMSIS Pack Vendor :STMicroelectronics FP-SNS-MOTENVWB1 1.3.0
2023-11-12 00:28:09,612 [INFO] ThirdParty:1030 - CMSIS Pack Vendor :STMicroelectronics X-CUBE-BLE1 7.0.0
2023-11-12 00:28:09,612 [INFO] ThirdParty:1030 - CMSIS Pack Vendor :STMicroelectronics FP-ATR-SIGFOX1 3.2.0
2023-11-12 00:28:09,612 [INFO] ThirdParty:1030 - CMSIS Pack Vendor :STMicroelectronics HAL Drivers 0.0.0
2023-11-12 00:28:09,612 [INFO] ThirdParty:1030 - CMSIS Pack Vendor :STMicroelectronics MBEDTLS 2.16.2
2023-11-12 00:28:09,612 [INFO] ThirdParty:1030 - CMSIS Pack Vendor :emotas I-CUBE-CANOPEN 1.3.0
2023-11-12 00:28:09,612 [INFO] ThirdParty:1030 - CMSIS Pack Vendor :STMicroelectronics X-CUBE-MEMS1 10.0.0
2023-11-12 00:28:09,612 [INFO] ThirdParty:1030 - CMSIS Pack Vendor :STMicroelectronics X-CUBE-FREERTOS 1.1.0
2023-11-12 00:28:09,612 [INFO] ThirdParty:1030 - CMSIS Pack Vendor :STMicroelectronics X-CUBE-NFC7 1.0.1
2023-11-12 00:28:09,612 [INFO] ThirdParty:1030 - CMSIS Pack Vendor :STMicroelectronics MBEDTLS 2.14.1
2023-11-12 00:28:09,612 [INFO] ThirdParty:1030 - CMSIS Pack Vendor :STMicroelectronics X-CUBE-TOUCHGFX 4.22.1
2023-11-12 00:28:09,612 [INFO] ThirdParty:1030 - CMSIS Pack Vendor :STMicroelectronics X-CUBE-NFC6 3.0.0
2023-11-12 00:28:09,612 [INFO] ThirdParty:1030 - CMSIS Pack Vendor :STMicroelectronics X-CUBE-EEPRMA1 4.1.0
2023-11-12 00:28:09,612 [INFO] ThirdParty:1030 - CMSIS Pack Vendor :portGmbH I-Cube-SoM-uGOAL 1.1.0
2023-11-12 00:28:09,612 [INFO] ThirdParty:1030 - CMSIS Pack Vendor :STMicroelectronics X-CUBE-ALS 1.0.1
2023-11-12 00:28:09,612 [INFO] ThirdParty:1030 - CMSIS Pack Vendor :STMicroelectronics ThreadX 1.0.0
2023-11-12 00:28:09,612 [INFO] ThirdParty:1030 - CMSIS Pack Vendor :STMicroelectronics FP-SNS-SMARTAG2 1.2.0
2023-11-12 00:28:09,612 [INFO] ThirdParty:1030 - CMSIS Pack Vendor :STMicroelectronics X-CUBE-AZRTOS-WL 2.0.0
2023-11-12 00:28:09,612 [INFO] ThirdParty:1030 - CMSIS Pack Vendor :SEGGER I-CUBE-embOS 1.3.1
2023-11-12 00:28:09,612 [INFO] ThirdParty:1030 - CMSIS Pack Vendor :STMicroelectronics USB_DEVICE 1.0.0
2023-11-12 00:28:09,612 [INFO] ThirdParty:1030 - CMSIS Pack Vendor :STMicroelectronics X-CUBE-AI 8.1.0
2023-11-12 00:28:09,612 [INFO] ThirdParty:1030 - CMSIS Pack Vendor :STMicroelectronics X-CUBE-AZRTOS-L4 2.0.0
2023-11-12 00:28:09,613 [INFO] ThirdParty:1030 - CMSIS Pack Vendor :STMicroelectronics ThreadX 0.0.2
2023-11-12 00:28:09,613 [INFO] ThirdParty:1030 - CMSIS Pack Vendor :WES I-CUBE-Cesium 1.3.0
2023-11-12 00:28:09,613 [INFO] ThirdParty:1030 - CMSIS Pack Vendor :STMicroelectronics FP-ATR-ASTRA1 2.0.0
2023-11-12 00:28:09,613 [INFO] ThirdParty:1030 - CMSIS Pack Vendor :STMicroelectronics lwIP 2.1.2
2023-11-12 00:28:09,613 [INFO] ThirdParty:1030 - CMSIS Pack Vendor :STMicroelectronics X-CUBE-SFXS2LP1 4.0.0
2023-11-12 00:28:09,613 [INFO] ThirdParty:1030 - CMSIS Pack Vendor :STMicroelectronics X-CUBE-BLE2 3.3.0
2023-11-12 00:28:09,613 [INFO] ThirdParty:1030 - CMSIS Pack Vendor :STMicroelectronics PDM2PCM 3.2.0
2023-11-12 00:28:09,613 [INFO] ThirdParty:841 - exiting critical section [change project]
2023-11-12 00:28:09,749 [INFO] PinOutPanel:1499 - setPackage(No Configuration,No Configuration)
2023-11-12 00:28:09,750 [INFO] PinOutPanel:1499 - setPackage(STM32F103C8Tx,LQFP48)
2023-11-12 00:28:09,879 [INFO] UtilMem:75 - Before build in PCC Used Memory: 333338096 Bytes (702545920)
2023-11-12 00:28:10,028 [INFO] UtilMem:75 - After build in PCC Used Memory: 374909008 Bytes (702545920)
2023-11-12 00:28:10,038 [INFO] IPUIPlugin:80 - create IPUIPlugin
2023-11-12 00:28:10,038 [INFO] IPUIPlugin:80 - create IPUIPlugin
2023-11-12 00:28:10,038 [INFO] IPUIPlugin:80 - create IPUIPlugin
2023-11-12 00:28:10,039 [INFO] IPUIPlugin:80 - create IPUIPlugin
2023-11-12 00:28:10,039 [INFO] IPUIPlugin:80 - create IPUIPlugin
2023-11-12 00:28:10,039 [INFO] IPUIPlugin:80 - create IPUIPlugin
2023-11-12 00:28:10,039 [INFO] IPUIPlugin:80 - create IPUIPlugin
2023-11-12 00:28:10,039 [INFO] IPUIPlugin:80 - create IPUIPlugin
2023-11-12 00:28:10,039 [INFO] IPUIPlugin:80 - create IPUIPlugin
2023-11-12 00:28:10,039 [INFO] IPUIPlugin:80 - create IPUIPlugin
2023-11-12 00:28:10,039 [INFO] IPUIPlugin:80 - create IPUIPlugin
2023-11-12 00:28:10,039 [INFO] IPUIPlugin:80 - create IPUIPlugin
2023-11-12 00:28:10,039 [INFO] IPUIPlugin:80 - create IPUIPlugin
2023-11-12 00:28:10,039 [INFO] IPUIPlugin:80 - create IPUIPlugin
2023-11-12 00:28:10,039 [INFO] IPUIPlugin:80 - create IPUIPlugin
2023-11-12 00:28:10,039 [INFO] IPUIPlugin:80 - create IPUIPlugin
2023-11-12 00:28:10,040 [INFO] IPUIPlugin:80 - create IPUIPlugin
2023-11-12 00:28:10,040 [INFO] IPUIPlugin:80 - create IPUIPlugin
2023-11-12 00:28:10,040 [INFO] IPUIPlugin:80 - create IPUIPlugin
2023-11-12 00:28:10,040 [INFO] IPUIPlugin:80 - create IPUIPlugin
2023-11-12 00:28:10,040 [INFO] IPUIPlugin:80 - create IPUIPlugin
2023-11-12 00:28:10,040 [INFO] IPUIPlugin:80 - create IPUIPlugin
2023-11-12 00:28:10,040 [INFO] IPUIPlugin:80 - create IPUIPlugin
2023-11-12 00:28:10,040 [INFO] IPUIPlugin:80 - create IPUIPlugin
2023-11-12 00:28:10,040 [INFO] IPUIPlugin:80 - create IPUIPlugin
2023-11-12 00:28:10,041 [INFO] IPUIPlugin:80 - create IPUIPlugin
2023-11-12 00:28:10,041 [INFO] IPUIPlugin:80 - create IPUIPlugin
2023-11-12 00:28:10,058 [INFO] CADModel:165 - CPN selected for project levelSTM32F103C8T6
2023-11-12 00:28:10,058 [INFO] CADModel:114 - Register for checkConnection events
2023-11-12 00:28:10,121 [INFO] OpenFileManager:328 - Restore cursor
2023-11-12 00:28:10,124 [INFO] ApiDb:581 - Connected to CubeFinder SQLite database (C:\Users\lenovo\.stmcufinder\plugins\mcufinder\mcu\cube-finder-db.db)
2023-11-12 00:29:10,706 [INFO] MainUpdater:2868 - connection check result : 10
2023-11-12 00:29:10,706 [INFO] MainUpdater:2868 - connection check result : 10
2023-11-12 00:29:10,761 [INFO] MicroXplorer:468 - Change Database Path : 
2023-11-12 00:29:10,761 [INFO] MicroXplorer:498 - Change Database Version : DB.6.0.92
2023-11-12 00:29:10,776 [WARN] ThirdParty:871 - waiting for thirdparty lock release [close project]
2023-11-12 00:29:10,776 [INFO] ThirdParty:873 - entering critical section [close project]
2023-11-12 00:29:10,776 [INFO] ThirdParty:883 - exiting critical section [close project]
2023-11-12 00:29:10,777 [INFO] PinOutPanel:1499 - setPackage(No Configuration,No Configuration)
2023-11-12 00:29:10,779 [INFO] UtilMem:75 - Begin LoadConfig() Used Memory: 299332320 Bytes (742391808)
2023-11-12 00:29:10,779 [INFO] MicroXplorer:468 - Change Database Path : 
2023-11-12 00:29:10,779 [INFO] MicroXplorer:498 - Change Database Version : DB.6.0.92
2023-11-12 00:29:10,779 [INFO] OpenFileManager:308 - Change cursor
2023-11-12 00:29:10,784 [INFO] Mcu:1946 - Initializing MCU STM32F103C(8-B)Tx STM32F103C8Tx STM32F103C8T6
2023-11-12 00:29:11,122 [INFO] Context:659 - Trying to add GPIOservice into a context  which must be forbidden
2023-11-12 00:29:11,250 [INFO] RtosManager:555 - Registered RTOS mode: class=CMSIS, group=RTOS, mode=CMSIS_V1, owner=FREERTOS
2023-11-12 00:29:11,250 [INFO] RtosManager:555 - Registered RTOS mode: class=CMSIS, group=RTOS2, mode=CMSIS_V2, owner=FREERTOS
2023-11-12 00:29:11,250 [INFO] RtosManager:555 - Registered RTOS mode: class=RTOS, group=Core, mode=CMSIS_V1, owner=FREERTOS
2023-11-12 00:29:11,250 [INFO] RtosManager:555 - Registered RTOS mode: class=RTOS, group=Core, mode=CMSIS_V2, owner=FREERTOS
2023-11-12 00:29:11,250 [WARN] ModelIntegratedComponent:184 - Missing modes for component STMicroelectronics:FreeRTOS:0.0.1:STMicroelectronics:RTOS:FreeRTOS:Core:::10.2.0:
2023-11-12 00:29:11,260 [WARN] ModelIntegratedComponent:63 - No mode defined for component null
2023-11-12 00:29:11,260 [WARN] ModelIntegratedComponent:63 - No mode defined for component null
2023-11-12 00:29:11,260 [WARN] ModelIntegratedComponent:63 - No mode defined for component null
2023-11-12 00:29:11,260 [WARN] ModelIntegratedComponent:63 - No mode defined for component null
2023-11-12 00:29:11,260 [WARN] ModelIntegratedComponent:63 - No mode defined for component null
2023-11-12 00:29:11,261 [WARN] ModelIntegratedComponent:63 - No mode defined for component null
2023-11-12 00:29:11,261 [WARN] ModelIntegratedComponent:63 - No mode defined for component null
2023-11-12 00:29:11,261 [WARN] ModelIntegratedComponent:63 - No mode defined for component null
2023-11-12 00:29:11,261 [WARN] ModelIntegratedComponent:63 - No mode defined for component null
2023-11-12 00:29:11,261 [WARN] ModelIntegratedComponent:63 - No mode defined for component null
2023-11-12 00:29:11,261 [WARN] ModelIntegratedComponent:63 - No mode defined for component null
2023-11-12 00:29:11,261 [WARN] ModelIntegratedComponent:63 - No mode defined for component null
2023-11-12 00:29:11,261 [WARN] ModelIntegratedComponent:63 - No mode defined for component null
2023-11-12 00:29:11,261 [WARN] ModelIntegratedComponent:63 - No mode defined for component null
2023-11-12 00:29:11,261 [WARN] ModelIntegratedComponent:63 - No mode defined for component null
2023-11-12 00:29:11,261 [WARN] ModelIntegratedComponent:63 - No mode defined for component null
2023-11-12 00:29:11,261 [WARN] ModelIntegratedComponent:63 - No mode defined for component null
2023-11-12 00:29:11,261 [WARN] ModelIntegratedComponent:63 - No mode defined for component null
2023-11-12 00:29:11,261 [WARN] ModelIntegratedComponent:63 - No mode defined for component null
2023-11-12 00:29:11,261 [WARN] ModelIntegratedComponent:63 - No mode defined for component null
2023-11-12 00:29:11,261 [WARN] ModelIntegratedComponent:63 - No mode defined for component null
2023-11-12 00:29:11,261 [WARN] ModelIntegratedComponent:63 - No mode defined for component null
2023-11-12 00:29:11,261 [WARN] ModelIntegratedComponent:63 - No mode defined for component null
2023-11-12 00:29:11,261 [WARN] ModelIntegratedComponent:63 - No mode defined for component null
2023-11-12 00:29:11,261 [WARN] ModelIntegratedComponent:63 - No mode defined for component null
2023-11-12 00:29:11,261 [WARN] ModelIntegratedComponent:63 - No mode defined for component null
2023-11-12 00:29:11,261 [WARN] ModelIntegratedComponent:63 - No mode defined for component null
2023-11-12 00:29:11,261 [WARN] ModelIntegratedComponent:63 - No mode defined for component null
2023-11-12 00:29:11,261 [WARN] ModelIntegratedComponent:63 - No mode defined for component null
2023-11-12 00:29:11,261 [WARN] ModelIntegratedComponent:63 - No mode defined for component null
2023-11-12 00:29:11,261 [WARN] ModelIntegratedComponent:63 - No mode defined for component null
2023-11-12 00:29:11,261 [WARN] ModelIntegratedComponent:63 - No mode defined for component null
2023-11-12 00:29:11,261 [WARN] ModelIntegratedComponent:63 - No mode defined for component null
2023-11-12 00:29:11,317 [INFO] ThirdPartyModel:298 - Start build external matchings
2023-11-12 00:29:11,694 [INFO] ThirdPartyModel:316 - End build external matchings
2023-11-12 00:29:11,702 [INFO] ImportTextPane:194 - (OptionalMessage_ERROR) IP (RCC) : Parameter (ADCFreqValue) has invalid value (36000000)
2023-11-12 00:29:11,702 [INFO] ImportTextPane:194 - (OptionalMessage_ERROR) IP (RCC) : Invalid parameter (FamilyName)
2023-11-12 00:29:11,702 [INFO] ImportTextPane:194 - (OptionalMessage_ERROR) IP (RCC) : Parameter (MCOFreq_Value) has invalid value (72000000)
2023-11-12 00:29:11,702 [INFO] ImportTextPane:194 - (OptionalMessage_ERROR) IP (RCC) : Parameter (USBFreq_Value) has invalid value (72000000)
2023-11-12 00:29:11,834 [INFO] UtilMem:75 - End LoadConfig() Used Memory: 250097104 Bytes (742391808)
2023-11-12 00:29:11,875 [WARN] ThirdParty:833 - waiting for thirdparty lock release [change project]
2023-11-12 00:29:11,875 [INFO] ThirdParty:835 - entering critical section [change project]
2023-11-12 00:29:11,875 [INFO] ThirdParty:1030 - CMSIS Pack Vendor :STMicroelectronics X-CUBE-ISPU 1.1.0
2023-11-12 00:29:11,875 [INFO] ThirdParty:1030 - CMSIS Pack Vendor :STMicroelectronics USBPD 4.1
2023-11-12 00:29:11,875 [INFO] ThirdParty:1030 - CMSIS Pack Vendor :STMicroelectronics X-CUBE-GNSS1 6.0.0
2023-11-12 00:29:11,875 [INFO] ThirdParty:1030 - CMSIS Pack Vendor :STMicroelectronics USB_HOST 2.0.0
2023-11-12 00:29:11,875 [INFO] ThirdParty:1030 - CMSIS Pack Vendor :STMicroelectronics X-CUBE-AZRTOS-F4 1.1.0
2023-11-12 00:29:11,875 [INFO] ThirdParty:1030 - CMSIS Pack Vendor :STMicroelectronics LIBJPEG 8.0.0
2023-11-12 00:29:11,875 [INFO] ThirdParty:1030 - CMSIS Pack Vendor :wolfSSL I-CUBE-wolfSSL 5.6.3
2023-11-12 00:29:11,875 [INFO] ThirdParty:1030 - CMSIS Pack Vendor :STMicroelectronics X-CUBE-SMBUS 2.1.0
2023-11-12 00:29:11,875 [INFO] ThirdParty:1030 - CMSIS Pack Vendor :STMicroelectronics USB_DEVICE 3.0.0
2023-11-12 00:29:11,875 [INFO] ThirdParty:1030 - CMSIS Pack Vendor :STMicroelectronics X-CUBE-AZRTOS-WB 2.0.0
2023-11-12 00:29:11,876 [INFO] ThirdParty:1030 - CMSIS Pack Vendor :STMicroelectronics X-CUBE-AZRTOS-F7 1.1.0
2023-11-12 00:29:11,876 [INFO] ThirdParty:1030 - CMSIS Pack Vendor :STMicroelectronics X-CUBE-AZRTOS-L5 2.0.0
2023-11-12 00:29:11,876 [INFO] ThirdParty:1030 - CMSIS Pack Vendor :STMicroelectronics USB_DEVICE 2.0.0
2023-11-12 00:29:11,876 [INFO] ThirdParty:1030 - CMSIS Pack Vendor :STMicroelectronics X-CUBE-MEMS1 9.6.0
2023-11-12 00:29:11,876 [INFO] ThirdParty:1030 - CMSIS Pack Vendor :STMicroelectronics X-CUBE-EEPRMA1 4.2.0
2023-11-12 00:29:11,876 [INFO] ThirdParty:1030 - CMSIS Pack Vendor :ITTIA_DB I-CUBE-ITTIADB 8.8.0
2023-11-12 00:29:11,876 [INFO] ThirdParty:1030 - CMSIS Pack Vendor :STMicroelectronics FP-SNS-MOTENV1 4.3.2
2023-11-12 00:29:11,876 [INFO] ThirdParty:1030 - CMSIS Pack Vendor :STMicroelectronics X-CUBE-ALGOBUILD 1.3.0
2023-11-12 00:29:11,876 [INFO] ThirdParty:1030 - CMSIS Pack Vendor :STMicroelectronics FreeRTOS 0.0.1
2023-11-12 00:29:11,876 [INFO] ThirdParty:1030 - CMSIS Pack Vendor :STMicroelectronics X-CUBE-AZRTOS-G0 1.1.0
2023-11-12 00:29:11,876 [INFO] ThirdParty:1030 - CMSIS Pack Vendor :STMicroelectronics X-CUBE-BLEMGR 2.0.0
2023-11-12 00:29:11,876 [INFO] ThirdParty:1030 - CMSIS Pack Vendor :STMicroelectronics X-CUBE-NFC4 3.0.0
2023-11-12 00:29:11,876 [INFO] ThirdParty:1030 - CMSIS Pack Vendor :STMicroelectronics X-CUBE-SUBG2 5.0.0
2023-11-12 00:29:11,876 [INFO] ThirdParty:1030 - CMSIS Pack Vendor :STMicroelectronics STM32_WPAN 1.0.0
2023-11-12 00:29:11,876 [INFO] ThirdParty:1030 - CMSIS Pack Vendor :STMicroelectronics lwIP 2.0.3
2023-11-12 00:29:11,876 [INFO] ThirdParty:1030 - CMSIS Pack Vendor :STMicroelectronics FP-SNS-FLIGHT1 5.0.2
2023-11-12 00:29:11,876 [INFO] ThirdParty:1030 - CMSIS Pack Vendor :STMicroelectronics USB_HOST 1.0.0
2023-11-12 00:29:11,876 [INFO] ThirdParty:1030 - CMSIS Pack Vendor :STMicroelectronics X-CUBE-TOF1 3.3.1
2023-11-12 00:29:11,876 [INFO] ThirdParty:1030 - CMSIS Pack Vendor :STMicroelectronics X-CUBE-AZRTOS-G4 2.0.0
2023-11-12 00:29:11,876 [INFO] ThirdParty:1030 - CMSIS Pack Vendor :STMicroelectronics PDM2PCM 3.1.0
2023-11-12 00:29:11,876 [INFO] ThirdParty:1030 - CMSIS Pack Vendor :STMicroelectronics X-CUBE-AZRTOS-H7 3.1.0
2023-11-12 00:29:11,876 [INFO] ThirdParty:1030 - CMSIS Pack Vendor :Infineon AIROC-Wi-Fi-Bluetooth-STM32 1.5.1
2023-11-12 00:29:11,876 [INFO] ThirdParty:1030 - CMSIS Pack Vendor :STMicroelectronics X-CUBE-BLEMGR 3.0.0
2023-11-12 00:29:11,876 [INFO] ThirdParty:1030 - CMSIS Pack Vendor :STMicroelectronics PDM2PCM 3.3.0
2023-11-12 00:29:11,876 [INFO] ThirdParty:1030 - CMSIS Pack Vendor :STMicroelectronics X-CUBE-DISPLAY 3.0.0
2023-11-12 00:29:11,876 [INFO] ThirdParty:1030 - CMSIS Pack Vendor :STMicroelectronics FP-SNS-MOTENVWB1 1.3.0
2023-11-12 00:29:11,876 [INFO] ThirdParty:1030 - CMSIS Pack Vendor :STMicroelectronics X-CUBE-BLE1 7.0.0
2023-11-12 00:29:11,876 [INFO] ThirdParty:1030 - CMSIS Pack Vendor :STMicroelectronics FP-ATR-SIGFOX1 3.2.0
2023-11-12 00:29:11,876 [INFO] ThirdParty:1030 - CMSIS Pack Vendor :STMicroelectronics HAL Drivers 0.0.0
2023-11-12 00:29:11,876 [INFO] ThirdParty:1030 - CMSIS Pack Vendor :STMicroelectronics MBEDTLS 2.16.2
2023-11-12 00:29:11,876 [INFO] ThirdParty:1030 - CMSIS Pack Vendor :emotas I-CUBE-CANOPEN 1.3.0
2023-11-12 00:29:11,876 [INFO] ThirdParty:1030 - CMSIS Pack Vendor :STMicroelectronics X-CUBE-MEMS1 10.0.0
2023-11-12 00:29:11,876 [INFO] ThirdParty:1030 - CMSIS Pack Vendor :STMicroelectronics X-CUBE-FREERTOS 1.1.0
2023-11-12 00:29:11,876 [INFO] ThirdParty:1030 - CMSIS Pack Vendor :STMicroelectronics X-CUBE-NFC7 1.0.1
2023-11-12 00:29:11,876 [INFO] ThirdParty:1030 - CMSIS Pack Vendor :STMicroelectronics MBEDTLS 2.14.1
2023-11-12 00:29:11,876 [INFO] ThirdParty:1030 - CMSIS Pack Vendor :STMicroelectronics X-CUBE-TOUCHGFX 4.22.1
2023-11-12 00:29:11,876 [INFO] ThirdParty:1030 - CMSIS Pack Vendor :STMicroelectronics X-CUBE-NFC6 3.0.0
2023-11-12 00:29:11,876 [INFO] ThirdParty:1030 - CMSIS Pack Vendor :STMicroelectronics X-CUBE-EEPRMA1 4.1.0
2023-11-12 00:29:11,876 [INFO] ThirdParty:1030 - CMSIS Pack Vendor :portGmbH I-Cube-SoM-uGOAL 1.1.0
2023-11-12 00:29:11,876 [INFO] ThirdParty:1030 - CMSIS Pack Vendor :STMicroelectronics X-CUBE-ALS 1.0.1
2023-11-12 00:29:11,876 [INFO] ThirdParty:1030 - CMSIS Pack Vendor :STMicroelectronics ThreadX 1.0.0
2023-11-12 00:29:11,876 [INFO] ThirdParty:1030 - CMSIS Pack Vendor :STMicroelectronics FP-SNS-SMARTAG2 1.2.0
2023-11-12 00:29:11,876 [INFO] ThirdParty:1030 - CMSIS Pack Vendor :STMicroelectronics X-CUBE-AZRTOS-WL 2.0.0
2023-11-12 00:29:11,876 [INFO] ThirdParty:1030 - CMSIS Pack Vendor :SEGGER I-CUBE-embOS 1.3.1
2023-11-12 00:29:11,876 [INFO] ThirdParty:1030 - CMSIS Pack Vendor :STMicroelectronics USB_DEVICE 1.0.0
2023-11-12 00:29:11,876 [INFO] ThirdParty:1030 - CMSIS Pack Vendor :STMicroelectronics X-CUBE-AI 8.1.0
2023-11-12 00:29:11,876 [INFO] ThirdParty:1030 - CMSIS Pack Vendor :STMicroelectronics X-CUBE-AZRTOS-L4 2.0.0
2023-11-12 00:29:11,876 [INFO] ThirdParty:1030 - CMSIS Pack Vendor :STMicroelectronics ThreadX 0.0.2
2023-11-12 00:29:11,876 [INFO] ThirdParty:1030 - CMSIS Pack Vendor :WES I-CUBE-Cesium 1.3.0
2023-11-12 00:29:11,876 [INFO] ThirdParty:1030 - CMSIS Pack Vendor :STMicroelectronics FP-ATR-ASTRA1 2.0.0
2023-11-12 00:29:11,876 [INFO] ThirdParty:1030 - CMSIS Pack Vendor :STMicroelectronics lwIP 2.1.2
2023-11-12 00:29:11,876 [INFO] ThirdParty:1030 - CMSIS Pack Vendor :STMicroelectronics X-CUBE-SFXS2LP1 4.0.0
2023-11-12 00:29:11,876 [INFO] ThirdParty:1030 - CMSIS Pack Vendor :STMicroelectronics X-CUBE-BLE2 3.3.0
2023-11-12 00:29:11,876 [INFO] ThirdParty:1030 - CMSIS Pack Vendor :STMicroelectronics PDM2PCM 3.2.0
2023-11-12 00:29:11,876 [INFO] ThirdParty:841 - exiting critical section [change project]
2023-11-12 00:29:11,941 [INFO] PinOutPanel:1499 - setPackage(No Configuration,No Configuration)
2023-11-12 00:29:11,942 [INFO] PinOutPanel:1499 - setPackage(STM32F103C8Tx,LQFP48)
2023-11-12 00:29:12,099 [INFO] UtilMem:75 - Before build in PCC Used Memory: 277589776 Bytes (742391808)
2023-11-12 00:29:12,208 [INFO] UtilMem:75 - After build in PCC Used Memory: 318484240 Bytes (742391808)
2023-11-12 00:29:12,219 [INFO] IPUIPlugin:80 - create IPUIPlugin
2023-11-12 00:29:12,219 [INFO] IPUIPlugin:80 - create IPUIPlugin
2023-11-12 00:29:12,219 [INFO] IPUIPlugin:80 - create IPUIPlugin
2023-11-12 00:29:12,219 [INFO] IPUIPlugin:80 - create IPUIPlugin
2023-11-12 00:29:12,219 [INFO] IPUIPlugin:80 - create IPUIPlugin
2023-11-12 00:29:12,219 [INFO] IPUIPlugin:80 - create IPUIPlugin
2023-11-12 00:29:12,219 [INFO] IPUIPlugin:80 - create IPUIPlugin
2023-11-12 00:29:12,219 [INFO] IPUIPlugin:80 - create IPUIPlugin
2023-11-12 00:29:12,219 [INFO] IPUIPlugin:80 - create IPUIPlugin
2023-11-12 00:29:12,219 [INFO] IPUIPlugin:80 - create IPUIPlugin
2023-11-12 00:29:12,219 [INFO] IPUIPlugin:80 - create IPUIPlugin
2023-11-12 00:29:12,219 [INFO] IPUIPlugin:80 - create IPUIPlugin
2023-11-12 00:29:12,219 [INFO] IPUIPlugin:80 - create IPUIPlugin
2023-11-12 00:29:12,219 [INFO] IPUIPlugin:80 - create IPUIPlugin
2023-11-12 00:29:12,219 [INFO] IPUIPlugin:80 - create IPUIPlugin
2023-11-12 00:29:12,219 [INFO] IPUIPlugin:80 - create IPUIPlugin
2023-11-12 00:29:12,220 [INFO] IPUIPlugin:80 - create IPUIPlugin
2023-11-12 00:29:12,220 [INFO] IPUIPlugin:80 - create IPUIPlugin
2023-11-12 00:29:12,220 [INFO] IPUIPlugin:80 - create IPUIPlugin
2023-11-12 00:29:12,220 [INFO] IPUIPlugin:80 - create IPUIPlugin
2023-11-12 00:29:12,220 [INFO] IPUIPlugin:80 - create IPUIPlugin
2023-11-12 00:29:12,220 [INFO] IPUIPlugin:80 - create IPUIPlugin
2023-11-12 00:29:12,220 [INFO] IPUIPlugin:80 - create IPUIPlugin
2023-11-12 00:29:12,220 [INFO] IPUIPlugin:80 - create IPUIPlugin
2023-11-12 00:29:12,220 [INFO] IPUIPlugin:80 - create IPUIPlugin
2023-11-12 00:29:12,220 [INFO] IPUIPlugin:80 - create IPUIPlugin
2023-11-12 00:29:12,221 [INFO] IPUIPlugin:80 - create IPUIPlugin
2023-11-12 00:29:12,233 [INFO] CADModel:165 - CPN selected for project levelSTM32F103C8T6
2023-11-12 00:29:12,234 [INFO] CADModel:114 - Register for checkConnection events
2023-11-12 00:29:12,291 [INFO] OpenFileManager:328 - Restore cursor
2023-11-12 00:29:20,981 [INFO] MainUpdater:2868 - connection check result : 10
2023-11-12 00:29:20,981 [INFO] MainUpdater:2868 - connection check result : 10
2023-11-12 00:29:21,041 [INFO] MicroXplorer:468 - Change Database Path : 
2023-11-12 00:29:21,041 [INFO] MicroXplorer:498 - Change Database Version : DB.6.0.92
2023-11-12 00:29:21,073 [WARN] ThirdParty:871 - waiting for thirdparty lock release [close project]
2023-11-12 00:29:21,073 [INFO] ThirdParty:873 - entering critical section [close project]
2023-11-12 00:29:21,073 [INFO] ThirdParty:883 - exiting critical section [close project]
2023-11-12 00:29:21,074 [INFO] PinOutPanel:1499 - setPackage(No Configuration,No Configuration)
2023-11-12 00:29:21,076 [INFO] UtilMem:75 - Begin LoadConfig() Used Memory: 500060536 Bytes (742391808)
2023-11-12 00:29:21,077 [INFO] MicroXplorer:468 - Change Database Path : 
2023-11-12 00:29:21,077 [INFO] MicroXplorer:498 - Change Database Version : DB.6.0.92
2023-11-12 00:29:21,077 [INFO] OpenFileManager:308 - Change cursor
2023-11-12 00:29:21,083 [INFO] Mcu:1946 - Initializing MCU STM32F103C(8-B)Tx STM32F103C8Tx STM32F103C8T6
2023-11-12 00:29:21,397 [INFO] Context:659 - Trying to add GPIOservice into a context  which must be forbidden
2023-11-12 00:29:21,502 [INFO] RtosManager:555 - Registered RTOS mode: class=CMSIS, group=RTOS, mode=CMSIS_V1, owner=FREERTOS
2023-11-12 00:29:21,502 [INFO] RtosManager:555 - Registered RTOS mode: class=CMSIS, group=RTOS2, mode=CMSIS_V2, owner=FREERTOS
2023-11-12 00:29:21,502 [INFO] RtosManager:555 - Registered RTOS mode: class=RTOS, group=Core, mode=CMSIS_V1, owner=FREERTOS
2023-11-12 00:29:21,502 [INFO] RtosManager:555 - Registered RTOS mode: class=RTOS, group=Core, mode=CMSIS_V2, owner=FREERTOS
2023-11-12 00:29:21,502 [WARN] ModelIntegratedComponent:184 - Missing modes for component STMicroelectronics:FreeRTOS:0.0.1:STMicroelectronics:RTOS:FreeRTOS:Core:::10.2.0:
2023-11-12 00:29:21,507 [WARN] ModelIntegratedComponent:63 - No mode defined for component null
2023-11-12 00:29:21,507 [WARN] ModelIntegratedComponent:63 - No mode defined for component null
2023-11-12 00:29:21,507 [WARN] ModelIntegratedComponent:63 - No mode defined for component null
2023-11-12 00:29:21,507 [WARN] ModelIntegratedComponent:63 - No mode defined for component null
2023-11-12 00:29:21,507 [WARN] ModelIntegratedComponent:63 - No mode defined for component null
2023-11-12 00:29:21,507 [WARN] ModelIntegratedComponent:63 - No mode defined for component null
2023-11-12 00:29:21,507 [WARN] ModelIntegratedComponent:63 - No mode defined for component null
2023-11-12 00:29:21,507 [WARN] ModelIntegratedComponent:63 - No mode defined for component null
2023-11-12 00:29:21,507 [WARN] ModelIntegratedComponent:63 - No mode defined for component null
2023-11-12 00:29:21,507 [WARN] ModelIntegratedComponent:63 - No mode defined for component null
2023-11-12 00:29:21,508 [WARN] ModelIntegratedComponent:63 - No mode defined for component null
2023-11-12 00:29:21,508 [WARN] ModelIntegratedComponent:63 - No mode defined for component null
2023-11-12 00:29:21,508 [WARN] ModelIntegratedComponent:63 - No mode defined for component null
2023-11-12 00:29:21,508 [WARN] ModelIntegratedComponent:63 - No mode defined for component null
2023-11-12 00:29:21,508 [WARN] ModelIntegratedComponent:63 - No mode defined for component null
2023-11-12 00:29:21,508 [WARN] ModelIntegratedComponent:63 - No mode defined for component null
2023-11-12 00:29:21,508 [WARN] ModelIntegratedComponent:63 - No mode defined for component null
2023-11-12 00:29:21,508 [WARN] ModelIntegratedComponent:63 - No mode defined for component null
2023-11-12 00:29:21,508 [WARN] ModelIntegratedComponent:63 - No mode defined for component null
2023-11-12 00:29:21,508 [WARN] ModelIntegratedComponent:63 - No mode defined for component null
2023-11-12 00:29:21,508 [WARN] ModelIntegratedComponent:63 - No mode defined for component null
2023-11-12 00:29:21,508 [WARN] ModelIntegratedComponent:63 - No mode defined for component null
2023-11-12 00:29:21,508 [WARN] ModelIntegratedComponent:63 - No mode defined for component null
2023-11-12 00:29:21,508 [WARN] ModelIntegratedComponent:63 - No mode defined for component null
2023-11-12 00:29:21,508 [WARN] ModelIntegratedComponent:63 - No mode defined for component null
2023-11-12 00:29:21,508 [WARN] ModelIntegratedComponent:63 - No mode defined for component null
2023-11-12 00:29:21,508 [WARN] ModelIntegratedComponent:63 - No mode defined for component null
2023-11-12 00:29:21,508 [WARN] ModelIntegratedComponent:63 - No mode defined for component null
2023-11-12 00:29:21,508 [WARN] ModelIntegratedComponent:63 - No mode defined for component null
2023-11-12 00:29:21,508 [WARN] ModelIntegratedComponent:63 - No mode defined for component null
2023-11-12 00:29:21,508 [WARN] ModelIntegratedComponent:63 - No mode defined for component null
2023-11-12 00:29:21,508 [WARN] ModelIntegratedComponent:63 - No mode defined for component null
2023-11-12 00:29:21,508 [WARN] ModelIntegratedComponent:63 - No mode defined for component null
2023-11-12 00:29:21,561 [INFO] ThirdPartyModel:298 - Start build external matchings
2023-11-12 00:29:21,952 [INFO] ThirdPartyModel:316 - End build external matchings
2023-11-12 00:29:21,959 [INFO] ImportTextPane:194 - (OptionalMessage_ERROR) IP (RCC) : Parameter (ADCFreqValue) has invalid value (36000000)
2023-11-12 00:29:21,959 [INFO] ImportTextPane:194 - (OptionalMessage_ERROR) IP (RCC) : Invalid parameter (FamilyName)
2023-11-12 00:29:21,959 [INFO] ImportTextPane:194 - (OptionalMessage_ERROR) IP (RCC) : Parameter (MCOFreq_Value) has invalid value (72000000)
2023-11-12 00:29:21,959 [INFO] ImportTextPane:194 - (OptionalMessage_ERROR) IP (RCC) : Parameter (USBFreq_Value) has invalid value (72000000)
2023-11-12 00:29:22,089 [INFO] UtilMem:75 - End LoadConfig() Used Memory: 520740360 Bytes (742391808)
2023-11-12 00:29:22,140 [WARN] ThirdParty:833 - waiting for thirdparty lock release [change project]
2023-11-12 00:29:22,140 [INFO] ThirdParty:835 - entering critical section [change project]
2023-11-12 00:29:22,140 [INFO] ThirdParty:1030 - CMSIS Pack Vendor :STMicroelectronics X-CUBE-ISPU 1.1.0
2023-11-12 00:29:22,140 [INFO] ThirdParty:1030 - CMSIS Pack Vendor :STMicroelectronics USBPD 4.1
2023-11-12 00:29:22,140 [INFO] ThirdParty:1030 - CMSIS Pack Vendor :STMicroelectronics X-CUBE-GNSS1 6.0.0
2023-11-12 00:29:22,140 [INFO] ThirdParty:1030 - CMSIS Pack Vendor :STMicroelectronics USB_HOST 2.0.0
2023-11-12 00:29:22,140 [INFO] ThirdParty:1030 - CMSIS Pack Vendor :STMicroelectronics X-CUBE-AZRTOS-F4 1.1.0
2023-11-12 00:29:22,140 [INFO] ThirdParty:1030 - CMSIS Pack Vendor :STMicroelectronics LIBJPEG 8.0.0
2023-11-12 00:29:22,140 [INFO] ThirdParty:1030 - CMSIS Pack Vendor :wolfSSL I-CUBE-wolfSSL 5.6.3
2023-11-12 00:29:22,140 [INFO] ThirdParty:1030 - CMSIS Pack Vendor :STMicroelectronics X-CUBE-SMBUS 2.1.0
2023-11-12 00:29:22,140 [INFO] ThirdParty:1030 - CMSIS Pack Vendor :STMicroelectronics USB_DEVICE 3.0.0
2023-11-12 00:29:22,140 [INFO] ThirdParty:1030 - CMSIS Pack Vendor :STMicroelectronics X-CUBE-AZRTOS-WB 2.0.0
2023-11-12 00:29:22,140 [INFO] ThirdParty:1030 - CMSIS Pack Vendor :STMicroelectronics X-CUBE-AZRTOS-F7 1.1.0
2023-11-12 00:29:22,141 [INFO] ThirdParty:1030 - CMSIS Pack Vendor :STMicroelectronics X-CUBE-AZRTOS-L5 2.0.0
2023-11-12 00:29:22,141 [INFO] ThirdParty:1030 - CMSIS Pack Vendor :STMicroelectronics USB_DEVICE 2.0.0
2023-11-12 00:29:22,141 [INFO] ThirdParty:1030 - CMSIS Pack Vendor :STMicroelectronics X-CUBE-MEMS1 9.6.0
2023-11-12 00:29:22,141 [INFO] ThirdParty:1030 - CMSIS Pack Vendor :STMicroelectronics X-CUBE-EEPRMA1 4.2.0
2023-11-12 00:29:22,141 [INFO] ThirdParty:1030 - CMSIS Pack Vendor :ITTIA_DB I-CUBE-ITTIADB 8.8.0
2023-11-12 00:29:22,141 [INFO] ThirdParty:1030 - CMSIS Pack Vendor :STMicroelectronics FP-SNS-MOTENV1 4.3.2
2023-11-12 00:29:22,141 [INFO] ThirdParty:1030 - CMSIS Pack Vendor :STMicroelectronics X-CUBE-ALGOBUILD 1.3.0
2023-11-12 00:29:22,141 [INFO] ThirdParty:1030 - CMSIS Pack Vendor :STMicroelectronics FreeRTOS 0.0.1
2023-11-12 00:29:22,141 [INFO] ThirdParty:1030 - CMSIS Pack Vendor :STMicroelectronics X-CUBE-AZRTOS-G0 1.1.0
2023-11-12 00:29:22,141 [INFO] ThirdParty:1030 - CMSIS Pack Vendor :STMicroelectronics X-CUBE-BLEMGR 2.0.0
2023-11-12 00:29:22,141 [INFO] ThirdParty:1030 - CMSIS Pack Vendor :STMicroelectronics X-CUBE-NFC4 3.0.0
2023-11-12 00:29:22,141 [INFO] ThirdParty:1030 - CMSIS Pack Vendor :STMicroelectronics X-CUBE-SUBG2 5.0.0
2023-11-12 00:29:22,141 [INFO] ThirdParty:1030 - CMSIS Pack Vendor :STMicroelectronics STM32_WPAN 1.0.0
2023-11-12 00:29:22,141 [INFO] ThirdParty:1030 - CMSIS Pack Vendor :STMicroelectronics lwIP 2.0.3
2023-11-12 00:29:22,141 [INFO] ThirdParty:1030 - CMSIS Pack Vendor :STMicroelectronics FP-SNS-FLIGHT1 5.0.2
2023-11-12 00:29:22,141 [INFO] ThirdParty:1030 - CMSIS Pack Vendor :STMicroelectronics USB_HOST 1.0.0
2023-11-12 00:29:22,141 [INFO] ThirdParty:1030 - CMSIS Pack Vendor :STMicroelectronics X-CUBE-TOF1 3.3.1
2023-11-12 00:29:22,141 [INFO] ThirdParty:1030 - CMSIS Pack Vendor :STMicroelectronics X-CUBE-AZRTOS-G4 2.0.0
2023-11-12 00:29:22,141 [INFO] ThirdParty:1030 - CMSIS Pack Vendor :STMicroelectronics PDM2PCM 3.1.0
2023-11-12 00:29:22,141 [INFO] ThirdParty:1030 - CMSIS Pack Vendor :STMicroelectronics X-CUBE-AZRTOS-H7 3.1.0
2023-11-12 00:29:22,141 [INFO] ThirdParty:1030 - CMSIS Pack Vendor :Infineon AIROC-Wi-Fi-Bluetooth-STM32 1.5.1
2023-11-12 00:29:22,141 [INFO] ThirdParty:1030 - CMSIS Pack Vendor :STMicroelectronics X-CUBE-BLEMGR 3.0.0
2023-11-12 00:29:22,141 [INFO] ThirdParty:1030 - CMSIS Pack Vendor :STMicroelectronics PDM2PCM 3.3.0
2023-11-12 00:29:22,141 [INFO] ThirdParty:1030 - CMSIS Pack Vendor :STMicroelectronics X-CUBE-DISPLAY 3.0.0
2023-11-12 00:29:22,141 [INFO] ThirdParty:1030 - CMSIS Pack Vendor :STMicroelectronics FP-SNS-MOTENVWB1 1.3.0
2023-11-12 00:29:22,141 [INFO] ThirdParty:1030 - CMSIS Pack Vendor :STMicroelectronics X-CUBE-BLE1 7.0.0
2023-11-12 00:29:22,141 [INFO] ThirdParty:1030 - CMSIS Pack Vendor :STMicroelectronics FP-ATR-SIGFOX1 3.2.0
2023-11-12 00:29:22,141 [INFO] ThirdParty:1030 - CMSIS Pack Vendor :STMicroelectronics HAL Drivers 0.0.0
2023-11-12 00:29:22,141 [INFO] ThirdParty:1030 - CMSIS Pack Vendor :STMicroelectronics MBEDTLS 2.16.2
2023-11-12 00:29:22,141 [INFO] ThirdParty:1030 - CMSIS Pack Vendor :emotas I-CUBE-CANOPEN 1.3.0
2023-11-12 00:29:22,141 [INFO] ThirdParty:1030 - CMSIS Pack Vendor :STMicroelectronics X-CUBE-MEMS1 10.0.0
2023-11-12 00:29:22,141 [INFO] ThirdParty:1030 - CMSIS Pack Vendor :STMicroelectronics X-CUBE-FREERTOS 1.1.0
2023-11-12 00:29:22,141 [INFO] ThirdParty:1030 - CMSIS Pack Vendor :STMicroelectronics X-CUBE-NFC7 1.0.1
2023-11-12 00:29:22,141 [INFO] ThirdParty:1030 - CMSIS Pack Vendor :STMicroelectronics MBEDTLS 2.14.1
2023-11-12 00:29:22,141 [INFO] ThirdParty:1030 - CMSIS Pack Vendor :STMicroelectronics X-CUBE-TOUCHGFX 4.22.1
2023-11-12 00:29:22,141 [INFO] ThirdParty:1030 - CMSIS Pack Vendor :STMicroelectronics X-CUBE-NFC6 3.0.0
2023-11-12 00:29:22,141 [INFO] ThirdParty:1030 - CMSIS Pack Vendor :STMicroelectronics X-CUBE-EEPRMA1 4.1.0
2023-11-12 00:29:22,141 [INFO] ThirdParty:1030 - CMSIS Pack Vendor :portGmbH I-Cube-SoM-uGOAL 1.1.0
2023-11-12 00:29:22,141 [INFO] ThirdParty:1030 - CMSIS Pack Vendor :STMicroelectronics X-CUBE-ALS 1.0.1
2023-11-12 00:29:22,141 [INFO] ThirdParty:1030 - CMSIS Pack Vendor :STMicroelectronics ThreadX 1.0.0
2023-11-12 00:29:22,141 [INFO] ThirdParty:1030 - CMSIS Pack Vendor :STMicroelectronics FP-SNS-SMARTAG2 1.2.0
2023-11-12 00:29:22,141 [INFO] ThirdParty:1030 - CMSIS Pack Vendor :STMicroelectronics X-CUBE-AZRTOS-WL 2.0.0
2023-11-12 00:29:22,141 [INFO] ThirdParty:1030 - CMSIS Pack Vendor :SEGGER I-CUBE-embOS 1.3.1
2023-11-12 00:29:22,141 [INFO] ThirdParty:1030 - CMSIS Pack Vendor :STMicroelectronics USB_DEVICE 1.0.0
2023-11-12 00:29:22,141 [INFO] ThirdParty:1030 - CMSIS Pack Vendor :STMicroelectronics X-CUBE-AI 8.1.0
2023-11-12 00:29:22,141 [INFO] ThirdParty:1030 - CMSIS Pack Vendor :STMicroelectronics X-CUBE-AZRTOS-L4 2.0.0
2023-11-12 00:29:22,141 [INFO] ThirdParty:1030 - CMSIS Pack Vendor :STMicroelectronics ThreadX 0.0.2
2023-11-12 00:29:22,141 [INFO] ThirdParty:1030 - CMSIS Pack Vendor :WES I-CUBE-Cesium 1.3.0
2023-11-12 00:29:22,141 [INFO] ThirdParty:1030 - CMSIS Pack Vendor :STMicroelectronics FP-ATR-ASTRA1 2.0.0
2023-11-12 00:29:22,141 [INFO] ThirdParty:1030 - CMSIS Pack Vendor :STMicroelectronics lwIP 2.1.2
2023-11-12 00:29:22,141 [INFO] ThirdParty:1030 - CMSIS Pack Vendor :STMicroelectronics X-CUBE-SFXS2LP1 4.0.0
2023-11-12 00:29:22,141 [INFO] ThirdParty:1030 - CMSIS Pack Vendor :STMicroelectronics X-CUBE-BLE2 3.3.0
2023-11-12 00:29:22,141 [INFO] ThirdParty:1030 - CMSIS Pack Vendor :STMicroelectronics PDM2PCM 3.2.0
2023-11-12 00:29:22,142 [INFO] ThirdParty:841 - exiting critical section [change project]
2023-11-12 00:29:22,210 [INFO] PinOutPanel:1499 - setPackage(No Configuration,No Configuration)
2023-11-12 00:29:22,211 [INFO] PinOutPanel:1499 - setPackage(STM32F103C8Tx,LQFP48)
2023-11-12 00:29:22,309 [INFO] UtilMem:75 - Before build in PCC Used Memory: 630101040 Bytes (742391808)
2023-11-12 00:29:22,413 [INFO] UtilMem:75 - After build in PCC Used Memory: 275636600 Bytes (742391808)
2023-11-12 00:29:22,429 [INFO] IPUIPlugin:80 - create IPUIPlugin
2023-11-12 00:29:22,429 [INFO] IPUIPlugin:80 - create IPUIPlugin
2023-11-12 00:29:22,429 [INFO] IPUIPlugin:80 - create IPUIPlugin
2023-11-12 00:29:22,429 [INFO] IPUIPlugin:80 - create IPUIPlugin
2023-11-12 00:29:22,429 [INFO] IPUIPlugin:80 - create IPUIPlugin
2023-11-12 00:29:22,429 [INFO] IPUIPlugin:80 - create IPUIPlugin
2023-11-12 00:29:22,429 [INFO] IPUIPlugin:80 - create IPUIPlugin
2023-11-12 00:29:22,429 [INFO] IPUIPlugin:80 - create IPUIPlugin
2023-11-12 00:29:22,429 [INFO] IPUIPlugin:80 - create IPUIPlugin
2023-11-12 00:29:22,429 [INFO] IPUIPlugin:80 - create IPUIPlugin
2023-11-12 00:29:22,429 [INFO] IPUIPlugin:80 - create IPUIPlugin
2023-11-12 00:29:22,429 [INFO] IPUIPlugin:80 - create IPUIPlugin
2023-11-12 00:29:22,429 [INFO] IPUIPlugin:80 - create IPUIPlugin
2023-11-12 00:29:22,430 [INFO] IPUIPlugin:80 - create IPUIPlugin
2023-11-12 00:29:22,430 [INFO] IPUIPlugin:80 - create IPUIPlugin
2023-11-12 00:29:22,430 [INFO] IPUIPlugin:80 - create IPUIPlugin
2023-11-12 00:29:22,430 [INFO] IPUIPlugin:80 - create IPUIPlugin
2023-11-12 00:29:22,430 [INFO] IPUIPlugin:80 - create IPUIPlugin
2023-11-12 00:29:22,430 [INFO] IPUIPlugin:80 - create IPUIPlugin
2023-11-12 00:29:22,430 [INFO] IPUIPlugin:80 - create IPUIPlugin
2023-11-12 00:29:22,430 [INFO] IPUIPlugin:80 - create IPUIPlugin
2023-11-12 00:29:22,430 [INFO] IPUIPlugin:80 - create IPUIPlugin
2023-11-12 00:29:22,430 [INFO] IPUIPlugin:80 - create IPUIPlugin
2023-11-12 00:29:22,430 [INFO] IPUIPlugin:80 - create IPUIPlugin
2023-11-12 00:29:22,430 [INFO] IPUIPlugin:80 - create IPUIPlugin
2023-11-12 00:29:22,431 [INFO] IPUIPlugin:80 - create IPUIPlugin
2023-11-12 00:29:22,431 [INFO] IPUIPlugin:80 - create IPUIPlugin
2023-11-12 00:29:22,444 [INFO] CADModel:165 - CPN selected for project levelSTM32F103C8T6
2023-11-12 00:29:22,445 [INFO] CADModel:114 - Register for checkConnection events
2023-11-12 00:29:22,516 [INFO] OpenFileManager:328 - Restore cursor
2023-11-12 00:29:35,588 [INFO] UtilMem:75 - End SaveConfig() Used Memory: 581838744 Bytes (742391808)
2023-11-12 00:29:35,736 [INFO] BlockDiagram:2759 - set Specific Code input for plugin: NVIC
2023-11-12 00:29:35,737 [INFO] BlockDiagram:2759 - set Specific Code input for plugin: SYS
2023-11-12 00:29:35,737 [INFO] BlockDiagram:2759 - set Specific Code input for plugin: GPIO
2023-11-12 00:29:35,737 [INFO] BlockDiagram:2759 - set Specific Code input for plugin: RCC
2023-11-12 00:29:35,737 [INFO] CodeGenerator:799 - code generatio: config db path: D:\ST\STM32CubeIDE_1.13.2\STM32CubeIDE\plugins\com.st.stm32cube.common.mx_6.9.2.202309101412\\db\
2023-11-12 00:29:35,846 [INFO] CodeEngine:255 - oldGeneratedFile, D:\STM\LIUSHUI\MXTmpFiles\license.tmp_save
2023-11-12 00:29:35,963 [INFO] CodeEngine:279 - Generated code: D:\STM\LIUSHUI\MXTmpFiles\license.tmp
2023-11-12 00:29:35,986 [INFO] CodeEngine:255 - oldGeneratedFile, D:\STM\LIUSHUI\MXTmpFiles\gpio.tmp_save
2023-11-12 00:29:36,134 [INFO] CodeEngine:279 - Generated code: D:\STM\LIUSHUI\MXTmpFiles\gpio.tmp
2023-11-12 00:29:36,177 [INFO] CodeEngine:255 - oldGeneratedFile, D:\STM\LIUSHUI\Core\Src\stm32f1xx_it.c_save
2023-11-12 00:29:36,342 [INFO] CodeEngine:279 - Generated code: D:\STM\LIUSHUI\Core\Src\stm32f1xx_it.c
2023-11-12 00:29:36,368 [INFO] CodeEngine:255 - oldGeneratedFile, D:\STM\LIUSHUI\Core\Inc\stm32f1xx_it.h_save
2023-11-12 00:29:36,497 [INFO] CodeEngine:279 - Generated code: D:\STM\LIUSHUI\Core\Inc\stm32f1xx_it.h
2023-11-12 00:29:36,517 [INFO] CodeEngine:255 - oldGeneratedFile, D:\STM\LIUSHUI\Core\Src\stm32f1xx_hal_msp.c_save
2023-11-12 00:29:36,658 [INFO] CodeEngine:279 - Generated code: D:\STM\LIUSHUI\Core\Src\stm32f1xx_hal_msp.c
2023-11-12 00:29:36,660 [INFO] CodeEngine:255 - oldGeneratedFile, D:\STM\LIUSHUI\MXTmpFiles\system.tmp_save
2023-11-12 00:29:36,716 [INFO] CodeEngine:279 - Generated code: D:\STM\LIUSHUI\MXTmpFiles\system.tmp
2023-11-12 00:29:36,766 [INFO] CodeEngine:311 - oldGeneratedFile, D:\STM\LIUSHUI\Core\Inc\stm32f1xx_hal_conf.h_save
2023-11-12 00:29:36,902 [INFO] CodeEngine:335 - Generated code: D:\STM\LIUSHUI\Core\Inc\stm32f1xx_hal_conf.h
2023-11-12 00:29:36,952 [INFO] CodeEngine:255 - oldGeneratedFile, D:\STM\LIUSHUI\Core\Inc\main.h_save
2023-11-12 00:29:37,090 [INFO] CodeEngine:279 - Generated code: D:\STM\LIUSHUI\Core\Inc\main.h
2023-11-12 00:29:37,111 [INFO] CodeEngine:255 - oldGeneratedFile, D:\STM\LIUSHUI\Core\Src\main.c_save
2023-11-12 00:29:37,251 [INFO] CodeEngine:279 - Generated code: D:\STM\LIUSHUI\Core\Src\main.c
2023-11-12 00:29:37,483 [ERROR] ProjectBuilder:6439 - Problem during Copy of File LICENSE.txt
2023-11-12 00:29:37,485 [ERROR] ProjectBuilder:6439 - Problem during Copy of File LICENSE.txt
2023-11-12 00:29:37,486 [ERROR] ProjectBuilder:6439 - Problem during Copy of File LICENSE.txt
2023-11-12 00:29:37,487 [ERROR] ProjectBuilder:6439 - Problem during Copy of File LICENSE.txt
2023-11-12 00:29:37,487 [ERROR] ProjectBuilder:6439 - Problem during Copy of File LICENSE.txt
2023-11-12 00:29:37,488 [ERROR] ProjectBuilder:6439 - Problem during Copy of File LICENSE.txt
2023-11-12 00:29:37,488 [ERROR] ProjectBuilder:6439 - Problem during Copy of File LICENSE.txt
2023-11-12 00:29:37,489 [ERROR] ProjectBuilder:6439 - Problem during Copy of File LICENSE.txt
2023-11-12 00:29:37,507 [ERROR] ProjectBuilder:6439 - Problem during Copy of File LICENSE.txt
2023-11-12 00:29:37,509 [ERROR] ProjectBuilder:6439 - Problem during Copy of File LICENSE.txt
2023-11-12 00:29:37,510 [ERROR] ProjectBuilder:6439 - Problem during Copy of File LICENSE.txt
2023-11-12 00:29:37,510 [ERROR] ProjectBuilder:6439 - Problem during Copy of File LICENSE.txt
2023-11-12 00:29:37,510 [ERROR] ProjectBuilder:6439 - Problem during Copy of File LICENSE.txt
2023-11-12 00:29:37,511 [ERROR] ProjectBuilder:6439 - Problem during Copy of File LICENSE.txt
2023-11-12 00:29:37,511 [ERROR] ProjectBuilder:6439 - Problem during Copy of File LICENSE.txt
2023-11-12 00:29:37,512 [ERROR] ProjectBuilder:6439 - Problem during Copy of File LICENSE.txt
2023-11-12 00:29:37,567 [INFO] ProjectBuilder:3064 - Time for Copy HAL[1] : 84mS.
2023-11-12 00:29:37,568 [INFO] ProjectBuilder:4404 - Project Generator version: 4.1.0
2023-11-12 00:29:37,697 [INFO] ConfigFileManager:1457 - The Die is : DIE410
2023-11-12 00:29:37,699 [INFO] ApiDbMcu:507 - Load IP Config File for FATFS
2023-11-12 00:29:37,701 [INFO] ApiDbMcu:507 - Load IP Config File for FREERTOS
2023-11-12 00:29:37,704 [INFO] ApiDbMcu:507 - Load IP Config File for USB_DEVICE
2023-11-12 00:29:38,909 [INFO] ProjectBuilder:4626 - Time for Generating toolchain IDE Files: 1341mS.
2023-11-12 00:29:38,910 [INFO] ProjectBuilder:2935 - Time for Copy CMSIS : 0mS.
2023-11-12 00:29:38,911 [INFO] ProjectBuilder:2935 - Time for Copy CMSIS : 0mS.
2023-11-12 00:32:11,136 [INFO] Gpio:273 - dependency for GPIO [RCC, SYS]
