2023-11-18 11:20:55,884 [INFO] UtilMem:75 - End SaveConfig() Used Memory: 329894264 Bytes (734003200)
2023-11-18 11:20:55,953 [INFO] UtilMem:75 - End SaveConfig() Used Memory: 344574328 Bytes (734003200)
2023-11-18 11:20:56,071 [INFO] UtilMem:75 - End SaveConfig() Used Memory: 387565944 Bytes (734003200)
2023-11-18 11:20:56,181 [INFO] BlockDiagram:2759 - set Specific Code input for plugin: NVIC
2023-11-18 11:20:56,182 [INFO] BlockDiagram:2759 - set Specific Code input for plugin: GPIO
2023-11-18 11:20:56,182 [INFO] BlockDiagram:2759 - set Specific Code input for plugin: RCC
2023-11-18 11:20:56,182 [INFO] CodeGenerator:799 - code generatio: config db path: D:\ST\STM32CubeIDE_1.13.2\STM32CubeIDE\plugins\com.st.stm32cube.common.mx_6.9.2.202309101412\\db\
2023-11-18 11:20:56,252 [INFO] CodeEngine:255 - oldGeneratedFile, D:\STM\Encoder\MXTmpFiles\license.tmp_save
2023-11-18 11:20:56,303 [INFO] CodeEngine:279 - Generated code: D:\STM\Encoder\MXTmpFiles\license.tmp
2023-11-18 11:20:56,318 [INFO] CodeEngine:255 - oldGeneratedFile, D:\STM\Encoder\Core\Src\gpio.c_save
2023-11-18 11:20:56,361 [INFO] CodeEngine:279 - Generated code: D:\STM\Encoder\Core\Src\gpio.c
2023-11-18 11:20:56,364 [INFO] CodeEngine:255 - oldGeneratedFile, D:\STM\Encoder\Core\Inc\gpio.h_save
2023-11-18 11:20:56,402 [INFO] CodeEngine:279 - Generated code: D:\STM\Encoder\Core\Inc\gpio.h
2023-11-18 11:20:56,408 [INFO] CodeEngine:255 - oldGeneratedFile, D:\STM\Encoder\Core\Src\stm32f1xx_it.c_save
2023-11-18 11:20:56,547 [INFO] CodeEngine:279 - Generated code: D:\STM\Encoder\Core\Src\stm32f1xx_it.c
2023-11-18 11:20:56,552 [INFO] CodeEngine:255 - oldGeneratedFile, D:\STM\Encoder\Core\Inc\stm32f1xx_it.h_save
2023-11-18 11:20:56,609 [INFO] CodeEngine:279 - Generated code: D:\STM\Encoder\Core\Inc\stm32f1xx_it.h
2023-11-18 11:20:56,619 [INFO] CodeEngine:255 - oldGeneratedFile, D:\STM\Encoder\Core\Src\stm32f1xx_hal_msp.c_save
2023-11-18 11:20:56,673 [INFO] CodeEngine:279 - Generated code: D:\STM\Encoder\Core\Src\stm32f1xx_hal_msp.c
2023-11-18 11:20:56,676 [INFO] CodeEngine:255 - oldGeneratedFile, D:\STM\Encoder\MXTmpFiles\system.tmp_save
2023-11-18 11:20:56,713 [INFO] CodeEngine:279 - Generated code: D:\STM\Encoder\MXTmpFiles\system.tmp
2023-11-18 11:20:56,718 [INFO] CodeEngine:311 - oldGeneratedFile, D:\STM\Encoder\Core\Inc\stm32f1xx_hal_conf.h_save
2023-11-18 11:20:56,761 [INFO] CodeEngine:335 - Generated code: D:\STM\Encoder\Core\Inc\stm32f1xx_hal_conf.h
2023-11-18 11:20:56,773 [INFO] CodeEngine:255 - oldGeneratedFile, D:\STM\Encoder\Core\Inc\main.h_save
2023-11-18 11:20:56,822 [INFO] CodeEngine:279 - Generated code: D:\STM\Encoder\Core\Inc\main.h
2023-11-18 11:20:56,825 [INFO] CodeEngine:255 - oldGeneratedFile, D:\STM\Encoder\Core\Src\main.c_save
2023-11-18 11:20:56,883 [INFO] CodeEngine:279 - Generated code: D:\STM\Encoder\Core\Src\main.c
2023-11-18 11:20:57,110 [ERROR] ProjectBuilder:6439 - Problem during Copy of File LICENSE.txt
2023-11-18 11:20:57,111 [ERROR] ProjectBuilder:6439 - Problem during Copy of File LICENSE.txt
2023-11-18 11:20:57,111 [ERROR] ProjectBuilder:6439 - Problem during Copy of File LICENSE.txt
2023-11-18 11:20:57,112 [ERROR] ProjectBuilder:6439 - Problem during Copy of File LICENSE.txt
2023-11-18 11:20:57,113 [ERROR] ProjectBuilder:6439 - Problem during Copy of File LICENSE.txt
2023-11-18 11:20:57,113 [ERROR] ProjectBuilder:6439 - Problem during Copy of File LICENSE.txt
2023-11-18 11:20:57,113 [ERROR] ProjectBuilder:6439 - Problem during Copy of File LICENSE.txt
2023-11-18 11:20:57,113 [ERROR] ProjectBuilder:6439 - Problem during Copy of File LICENSE.txt
2023-11-18 11:20:57,124 [ERROR] ProjectBuilder:6439 - Problem during Copy of File LICENSE.txt
2023-11-18 11:20:57,125 [ERROR] ProjectBuilder:6439 - Problem during Copy of File LICENSE.txt
2023-11-18 11:20:57,126 [ERROR] ProjectBuilder:6439 - Problem during Copy of File LICENSE.txt
2023-11-18 11:20:57,127 [ERROR] ProjectBuilder:6439 - Problem during Copy of File LICENSE.txt
2023-11-18 11:20:57,127 [ERROR] ProjectBuilder:6439 - Problem during Copy of File LICENSE.txt
2023-11-18 11:20:57,128 [ERROR] ProjectBuilder:6439 - Problem during Copy of File LICENSE.txt
2023-11-18 11:20:57,128 [ERROR] ProjectBuilder:6439 - Problem during Copy of File LICENSE.txt
2023-11-18 11:20:57,129 [ERROR] ProjectBuilder:6439 - Problem during Copy of File LICENSE.txt
2023-11-18 11:20:57,172 [INFO] ProjectBuilder:3064 - Time for Copy HAL[1] : 64mS.
2023-11-18 11:20:57,173 [INFO] ProjectBuilder:4404 - Project Generator version: 4.1.0
2023-11-18 11:20:57,285 [INFO] ConfigFileManager:1457 - The Die is : DIE410
2023-11-18 11:20:58,056 [INFO] ProjectBuilder:4626 - Time for Generating toolchain IDE Files: 883mS.
2023-11-18 11:20:58,056 [INFO] ProjectBuilder:2935 - Time for Copy CMSIS : 0mS.
2023-11-18 11:20:58,057 [INFO] ProjectBuilder:2935 - Time for Copy CMSIS : 0mS.
2023-11-18 11:25:47,871 [INFO] Gpio:273 - dependency for GPIO [RCC]
2023-11-18 11:26:08,957 [INFO] Gpio:273 - dependency for GPIO [RCC]
2023-11-18 11:28:32,672 [INFO] UtilMem:75 - End SaveConfig() Used Memory: 459857608 Bytes (783286272)
2023-11-18 11:28:32,753 [INFO] UtilMem:75 - End SaveConfig() Used Memory: 472593680 Bytes (783286272)
2023-11-18 11:28:32,906 [INFO] UtilMem:75 - End SaveConfig() Used Memory: 490549520 Bytes (783286272)
2023-11-18 11:28:33,013 [INFO] BlockDiagram:2759 - set Specific Code input for plugin: NVIC
2023-11-18 11:28:33,013 [INFO] BlockDiagram:2759 - set Specific Code input for plugin: GPIO
2023-11-18 11:28:33,013 [INFO] BlockDiagram:2759 - set Specific Code input for plugin: RCC
2023-11-18 11:28:33,014 [INFO] CodeGenerator:799 - code generatio: config db path: D:\ST\STM32CubeIDE_1.13.2\STM32CubeIDE\plugins\com.st.stm32cube.common.mx_6.9.2.202309101412\\db\
2023-11-18 11:28:33,079 [INFO] CodeEngine:255 - oldGeneratedFile, D:\STM\Encoder\MXTmpFiles\license.tmp_save
2023-11-18 11:28:33,116 [INFO] CodeEngine:279 - Generated code: D:\STM\Encoder\MXTmpFiles\license.tmp
2023-11-18 11:28:33,126 [INFO] CodeEngine:255 - oldGeneratedFile, D:\STM\Encoder\Core\Src\gpio.c_save
2023-11-18 11:28:33,169 [INFO] CodeEngine:279 - Generated code: D:\STM\Encoder\Core\Src\gpio.c
2023-11-18 11:28:33,173 [INFO] CodeEngine:255 - oldGeneratedFile, D:\STM\Encoder\Core\Inc\gpio.h_save
2023-11-18 11:28:33,211 [INFO] CodeEngine:279 - Generated code: D:\STM\Encoder\Core\Inc\gpio.h
2023-11-18 11:28:33,217 [INFO] CodeEngine:255 - oldGeneratedFile, D:\STM\Encoder\Core\Src\stm32f1xx_it.c_save
2023-11-18 11:28:33,268 [INFO] CodeEngine:279 - Generated code: D:\STM\Encoder\Core\Src\stm32f1xx_it.c
2023-11-18 11:28:33,271 [INFO] CodeEngine:255 - oldGeneratedFile, D:\STM\Encoder\Core\Inc\stm32f1xx_it.h_save
2023-11-18 11:28:33,310 [INFO] CodeEngine:279 - Generated code: D:\STM\Encoder\Core\Inc\stm32f1xx_it.h
2023-11-18 11:28:33,319 [INFO] CodeEngine:255 - oldGeneratedFile, D:\STM\Encoder\Core\Src\stm32f1xx_hal_msp.c_save
2023-11-18 11:28:33,368 [INFO] CodeEngine:279 - Generated code: D:\STM\Encoder\Core\Src\stm32f1xx_hal_msp.c
2023-11-18 11:28:33,371 [INFO] CodeEngine:255 - oldGeneratedFile, D:\STM\Encoder\MXTmpFiles\system.tmp_save
2023-11-18 11:28:33,407 [INFO] CodeEngine:279 - Generated code: D:\STM\Encoder\MXTmpFiles\system.tmp
2023-11-18 11:28:33,412 [INFO] CodeEngine:311 - oldGeneratedFile, D:\STM\Encoder\Core\Inc\stm32f1xx_hal_conf.h_save
2023-11-18 11:28:33,453 [INFO] CodeEngine:335 - Generated code: D:\STM\Encoder\Core\Inc\stm32f1xx_hal_conf.h
2023-11-18 11:28:33,465 [INFO] CodeEngine:255 - oldGeneratedFile, D:\STM\Encoder\Core\Inc\main.h_save
2023-11-18 11:28:33,541 [INFO] CodeEngine:279 - Generated code: D:\STM\Encoder\Core\Inc\main.h
2023-11-18 11:28:33,543 [INFO] CodeEngine:255 - oldGeneratedFile, D:\STM\Encoder\Core\Src\main.c_save
2023-11-18 11:28:33,604 [INFO] CodeEngine:279 - Generated code: D:\STM\Encoder\Core\Src\main.c
2023-11-18 11:28:33,827 [ERROR] ProjectBuilder:6439 - Problem during Copy of File LICENSE.txt
2023-11-18 11:28:33,828 [ERROR] ProjectBuilder:6439 - Problem during Copy of File LICENSE.txt
2023-11-18 11:28:33,829 [ERROR] ProjectBuilder:6439 - Problem during Copy of File LICENSE.txt
2023-11-18 11:28:33,829 [ERROR] ProjectBuilder:6439 - Problem during Copy of File LICENSE.txt
2023-11-18 11:28:33,829 [ERROR] ProjectBuilder:6439 - Problem during Copy of File LICENSE.txt
2023-11-18 11:28:33,830 [ERROR] ProjectBuilder:6439 - Problem during Copy of File LICENSE.txt
2023-11-18 11:28:33,830 [ERROR] ProjectBuilder:6439 - Problem during Copy of File LICENSE.txt
2023-11-18 11:28:33,831 [ERROR] ProjectBuilder:6439 - Problem during Copy of File LICENSE.txt
2023-11-18 11:28:33,841 [ERROR] ProjectBuilder:6439 - Problem during Copy of File LICENSE.txt
2023-11-18 11:28:33,843 [ERROR] ProjectBuilder:6439 - Problem during Copy of File LICENSE.txt
2023-11-18 11:28:33,843 [ERROR] ProjectBuilder:6439 - Problem during Copy of File LICENSE.txt
2023-11-18 11:28:33,844 [ERROR] ProjectBuilder:6439 - Problem during Copy of File LICENSE.txt
2023-11-18 11:28:33,844 [ERROR] ProjectBuilder:6439 - Problem during Copy of File LICENSE.txt
2023-11-18 11:28:33,845 [ERROR] ProjectBuilder:6439 - Problem during Copy of File LICENSE.txt
2023-11-18 11:28:33,845 [ERROR] ProjectBuilder:6439 - Problem during Copy of File LICENSE.txt
2023-11-18 11:28:33,845 [ERROR] ProjectBuilder:6439 - Problem during Copy of File LICENSE.txt
2023-11-18 11:28:33,875 [INFO] ProjectBuilder:3064 - Time for Copy HAL[1] : 50mS.
2023-11-18 11:28:33,876 [INFO] ProjectBuilder:4404 - Project Generator version: 4.1.0
2023-11-18 11:28:34,000 [INFO] ConfigFileManager:1457 - The Die is : DIE410
2023-11-18 11:28:34,791 [INFO] ProjectBuilder:4626 - Time for Generating toolchain IDE Files: 915mS.
2023-11-18 11:28:34,792 [INFO] ProjectBuilder:2935 - Time for Copy CMSIS : 1mS.
2023-11-18 11:28:34,792 [INFO] ProjectBuilder:2935 - Time for Copy CMSIS : 0mS.
2023-11-18 11:47:31,375 [INFO] MainUpdater:2868 - connection check result : 10
2023-11-18 11:47:31,476 [INFO] McuFinderGlobals:76 - Set McuFinderConnectedMode to true
2023-11-18 11:47:31,479 [INFO] MultiScanPanel:200 - Auto-refresh data requested => check proxy status ongoing
2023-11-18 11:47:31,479 [INFO] FinderPluginLoader:95 - Searching for filters in installed packs
2023-11-18 11:47:31,973 [INFO] LoadUrlFilesThread:185 - End of LoadServerUrlFiles without Thread
2023-11-18 11:47:31,973 [INFO] DetailPanel:341 - Set advertising image to D:\STM\Repository\en.prom-stm32h5-mcu-finder.jpg
2023-11-18 11:47:54,719 [INFO] McuResultTable:1395 - Mark MCU STM32F103C8T6 as favorite
2023-11-18 11:48:04,431 [INFO] MainUpdater:2868 - connection check result : 10
2023-11-18 11:48:04,431 [INFO] MainUpdater:2868 - connection check result : 10
2023-11-18 11:48:04,490 [INFO] MicroXplorer:468 - Change Database Path : 
2023-11-18 11:48:04,490 [INFO] MicroXplorer:498 - Change Database Version : DB.6.0.92
2023-11-18 11:48:04,504 [WARN] ThirdParty:871 - waiting for thirdparty lock release [close project]
2023-11-18 11:48:04,504 [INFO] ThirdParty:873 - entering critical section [close project]
2023-11-18 11:48:04,504 [INFO] ThirdParty:883 - exiting critical section [close project]
2023-11-18 11:48:04,506 [INFO] PinOutPanel:1499 - setPackage(No Configuration,No Configuration)
2023-11-18 11:48:04,511 [INFO] UtilMem:75 - Begin LoadConfig() Used Memory: 553185504 Bytes (899678208)
2023-11-18 11:48:04,512 [INFO] MicroXplorer:468 - Change Database Path : 
2023-11-18 11:48:04,513 [INFO] MicroXplorer:498 - Change Database Version : DB.6.0.92
2023-11-18 11:48:04,513 [INFO] OpenFileManager:308 - Change cursor
2023-11-18 11:48:04,524 [INFO] RulesReader:64 - Compatibility file has been processed (293 Rules)
2023-11-18 11:48:04,527 [INFO] Mcu:1946 - Initializing MCU STM32F103C8Tx STM32F103C8Tx STM32F103C8T6
2023-11-18 11:48:04,868 [INFO] Context:659 - Trying to add GPIOservice into a context  which must be forbidden
2023-11-18 11:48:04,926 [INFO] ImportTextPane:194 - (OptionalMessage_ERROR) Unable to find key (Mcu.ThirdPartyNb) in loaded IOC file
2023-11-18 11:48:04,926 [INFO] ImportTextPane:194 - (OptionalMessage_ERROR) Unable to find key (Mcu.PinsNb) in loaded IOC file
2023-11-18 11:48:04,926 [INFO] ImportTextPane:194 - (OptionalMessage_ERROR) Unable to find key (Mcu.IPNb) in loaded IOC file
2023-11-18 11:48:04,978 [INFO] RtosManager:555 - Registered RTOS mode: class=CMSIS, group=RTOS, mode=CMSIS_V1, owner=FREERTOS
2023-11-18 11:48:04,978 [INFO] RtosManager:555 - Registered RTOS mode: class=CMSIS, group=RTOS2, mode=CMSIS_V2, owner=FREERTOS
2023-11-18 11:48:04,978 [INFO] RtosManager:555 - Registered RTOS mode: class=RTOS, group=Core, mode=CMSIS_V1, owner=FREERTOS
2023-11-18 11:48:04,978 [INFO] RtosManager:555 - Registered RTOS mode: class=RTOS, group=Core, mode=CMSIS_V2, owner=FREERTOS
2023-11-18 11:48:04,978 [WARN] ModelIntegratedComponent:184 - Missing modes for component STMicroelectronics:FreeRTOS:0.0.1:STMicroelectronics:RTOS:FreeRTOS:Core:::10.2.0:
2023-11-18 11:48:04,984 [WARN] ModelIntegratedComponent:63 - No mode defined for component null
2023-11-18 11:48:04,984 [WARN] ModelIntegratedComponent:63 - No mode defined for component null
2023-11-18 11:48:04,984 [WARN] ModelIntegratedComponent:63 - No mode defined for component null
2023-11-18 11:48:04,984 [WARN] ModelIntegratedComponent:63 - No mode defined for component null
2023-11-18 11:48:04,984 [WARN] ModelIntegratedComponent:63 - No mode defined for component null
2023-11-18 11:48:04,984 [WARN] ModelIntegratedComponent:63 - No mode defined for component null
2023-11-18 11:48:04,984 [WARN] ModelIntegratedComponent:63 - No mode defined for component null
2023-11-18 11:48:04,985 [WARN] ModelIntegratedComponent:63 - No mode defined for component null
2023-11-18 11:48:04,985 [WARN] ModelIntegratedComponent:63 - No mode defined for component null
2023-11-18 11:48:04,985 [WARN] ModelIntegratedComponent:63 - No mode defined for component null
2023-11-18 11:48:04,985 [WARN] ModelIntegratedComponent:63 - No mode defined for component null
2023-11-18 11:48:04,985 [WARN] ModelIntegratedComponent:63 - No mode defined for component null
2023-11-18 11:48:04,985 [WARN] ModelIntegratedComponent:63 - No mode defined for component null
2023-11-18 11:48:04,985 [WARN] ModelIntegratedComponent:63 - No mode defined for component null
2023-11-18 11:48:04,985 [WARN] ModelIntegratedComponent:63 - No mode defined for component null
2023-11-18 11:48:04,985 [WARN] ModelIntegratedComponent:63 - No mode defined for component null
2023-11-18 11:48:04,985 [WARN] ModelIntegratedComponent:63 - No mode defined for component null
2023-11-18 11:48:04,985 [WARN] ModelIntegratedComponent:63 - No mode defined for component null
2023-11-18 11:48:04,985 [WARN] ModelIntegratedComponent:63 - No mode defined for component null
2023-11-18 11:48:04,985 [WARN] ModelIntegratedComponent:63 - No mode defined for component null
2023-11-18 11:48:04,985 [WARN] ModelIntegratedComponent:63 - No mode defined for component null
2023-11-18 11:48:04,985 [WARN] ModelIntegratedComponent:63 - No mode defined for component null
2023-11-18 11:48:04,985 [WARN] ModelIntegratedComponent:63 - No mode defined for component null
2023-11-18 11:48:04,985 [WARN] ModelIntegratedComponent:63 - No mode defined for component null
2023-11-18 11:48:04,985 [WARN] ModelIntegratedComponent:63 - No mode defined for component null
2023-11-18 11:48:04,985 [WARN] ModelIntegratedComponent:63 - No mode defined for component null
2023-11-18 11:48:04,985 [WARN] ModelIntegratedComponent:63 - No mode defined for component null
2023-11-18 11:48:04,985 [WARN] ModelIntegratedComponent:63 - No mode defined for component null
2023-11-18 11:48:04,985 [WARN] ModelIntegratedComponent:63 - No mode defined for component null
2023-11-18 11:48:04,985 [WARN] ModelIntegratedComponent:63 - No mode defined for component null
2023-11-18 11:48:04,985 [WARN] ModelIntegratedComponent:63 - No mode defined for component null
2023-11-18 11:48:04,985 [WARN] ModelIntegratedComponent:63 - No mode defined for component null
2023-11-18 11:48:04,985 [WARN] ModelIntegratedComponent:63 - No mode defined for component null
2023-11-18 11:48:05,032 [INFO] ThirdPartyModel:298 - Start build external matchings
2023-11-18 11:48:05,399 [INFO] ThirdPartyModel:316 - End build external matchings
2023-11-18 11:48:05,531 [INFO] UtilMem:75 - End LoadConfig() Used Memory: 425206016 Bytes (899678208)
2023-11-18 11:48:05,559 [WARN] ThirdParty:833 - waiting for thirdparty lock release [change project]
2023-11-18 11:48:05,559 [INFO] ThirdParty:835 - entering critical section [change project]
2023-11-18 11:48:05,559 [INFO] ThirdParty:1030 - CMSIS Pack Vendor :STMicroelectronics X-CUBE-ISPU 1.1.0
2023-11-18 11:48:05,559 [INFO] ThirdParty:1030 - CMSIS Pack Vendor :STMicroelectronics USBPD 4.1
2023-11-18 11:48:05,559 [INFO] ThirdParty:1030 - CMSIS Pack Vendor :STMicroelectronics X-CUBE-GNSS1 6.0.0
2023-11-18 11:48:05,561 [INFO] ThirdParty:1030 - CMSIS Pack Vendor :STMicroelectronics USB_HOST 2.0.0
2023-11-18 11:48:05,561 [INFO] ThirdParty:1030 - CMSIS Pack Vendor :STMicroelectronics X-CUBE-AZRTOS-F4 1.1.0
2023-11-18 11:48:05,561 [INFO] ThirdParty:1030 - CMSIS Pack Vendor :STMicroelectronics LIBJPEG 8.0.0
2023-11-18 11:48:05,561 [INFO] ThirdParty:1030 - CMSIS Pack Vendor :wolfSSL I-CUBE-wolfSSL 5.6.3
2023-11-18 11:48:05,561 [INFO] ThirdParty:1030 - CMSIS Pack Vendor :STMicroelectronics X-CUBE-SMBUS 2.1.0
2023-11-18 11:48:05,561 [INFO] ThirdParty:1030 - CMSIS Pack Vendor :STMicroelectronics USB_DEVICE 3.0.0
2023-11-18 11:48:05,561 [INFO] ThirdParty:1030 - CMSIS Pack Vendor :STMicroelectronics X-CUBE-AZRTOS-WB 2.0.0
2023-11-18 11:48:05,561 [INFO] ThirdParty:1030 - CMSIS Pack Vendor :STMicroelectronics X-CUBE-AZRTOS-F7 1.1.0
2023-11-18 11:48:05,561 [INFO] ThirdParty:1030 - CMSIS Pack Vendor :STMicroelectronics X-CUBE-AZRTOS-L5 2.0.0
2023-11-18 11:48:05,561 [INFO] ThirdParty:1030 - CMSIS Pack Vendor :STMicroelectronics USB_DEVICE 2.0.0
2023-11-18 11:48:05,561 [INFO] ThirdParty:1030 - CMSIS Pack Vendor :STMicroelectronics X-CUBE-MEMS1 9.6.0
2023-11-18 11:48:05,561 [INFO] ThirdParty:1030 - CMSIS Pack Vendor :STMicroelectronics X-CUBE-EEPRMA1 4.2.0
2023-11-18 11:48:05,561 [INFO] ThirdParty:1030 - CMSIS Pack Vendor :ITTIA_DB I-CUBE-ITTIADB 8.8.0
2023-11-18 11:48:05,561 [INFO] ThirdParty:1030 - CMSIS Pack Vendor :STMicroelectronics FP-SNS-MOTENV1 4.3.2
2023-11-18 11:48:05,561 [INFO] ThirdParty:1030 - CMSIS Pack Vendor :STMicroelectronics X-CUBE-ALGOBUILD 1.3.0
2023-11-18 11:48:05,561 [INFO] ThirdParty:1030 - CMSIS Pack Vendor :STMicroelectronics FreeRTOS 0.0.1
2023-11-18 11:48:05,561 [INFO] ThirdParty:1030 - CMSIS Pack Vendor :STMicroelectronics X-CUBE-AZRTOS-G0 1.1.0
2023-11-18 11:48:05,561 [INFO] ThirdParty:1030 - CMSIS Pack Vendor :STMicroelectronics X-CUBE-BLEMGR 2.0.0
2023-11-18 11:48:05,561 [INFO] ThirdParty:1030 - CMSIS Pack Vendor :STMicroelectronics X-CUBE-NFC4 3.0.0
2023-11-18 11:48:05,561 [INFO] ThirdParty:1030 - CMSIS Pack Vendor :STMicroelectronics X-CUBE-SUBG2 5.0.0
2023-11-18 11:48:05,561 [INFO] ThirdParty:1030 - CMSIS Pack Vendor :STMicroelectronics STM32_WPAN 1.0.0
2023-11-18 11:48:05,561 [INFO] ThirdParty:1030 - CMSIS Pack Vendor :STMicroelectronics lwIP 2.0.3
2023-11-18 11:48:05,561 [INFO] ThirdParty:1030 - CMSIS Pack Vendor :STMicroelectronics FP-SNS-FLIGHT1 5.0.2
2023-11-18 11:48:05,561 [INFO] ThirdParty:1030 - CMSIS Pack Vendor :STMicroelectronics USB_HOST 1.0.0
2023-11-18 11:48:05,561 [INFO] ThirdParty:1030 - CMSIS Pack Vendor :STMicroelectronics X-CUBE-TOF1 3.3.1
2023-11-18 11:48:05,561 [INFO] ThirdParty:1030 - CMSIS Pack Vendor :STMicroelectronics X-CUBE-AZRTOS-G4 2.0.0
2023-11-18 11:48:05,561 [INFO] ThirdParty:1030 - CMSIS Pack Vendor :STMicroelectronics PDM2PCM 3.1.0
2023-11-18 11:48:05,561 [INFO] ThirdParty:1030 - CMSIS Pack Vendor :STMicroelectronics X-CUBE-AZRTOS-H7 3.1.0
2023-11-18 11:48:05,561 [INFO] ThirdParty:1030 - CMSIS Pack Vendor :Infineon AIROC-Wi-Fi-Bluetooth-STM32 1.5.1
2023-11-18 11:48:05,561 [INFO] ThirdParty:1030 - CMSIS Pack Vendor :STMicroelectronics X-CUBE-BLEMGR 3.0.0
2023-11-18 11:48:05,561 [INFO] ThirdParty:1030 - CMSIS Pack Vendor :STMicroelectronics PDM2PCM 3.3.0
2023-11-18 11:48:05,561 [INFO] ThirdParty:1030 - CMSIS Pack Vendor :STMicroelectronics X-CUBE-DISPLAY 3.0.0
2023-11-18 11:48:05,561 [INFO] ThirdParty:1030 - CMSIS Pack Vendor :STMicroelectronics FP-SNS-MOTENVWB1 1.3.0
2023-11-18 11:48:05,562 [INFO] ThirdParty:1030 - CMSIS Pack Vendor :STMicroelectronics X-CUBE-BLE1 7.0.0
2023-11-18 11:48:05,562 [INFO] ThirdParty:1030 - CMSIS Pack Vendor :STMicroelectronics FP-ATR-SIGFOX1 3.2.0
2023-11-18 11:48:05,562 [INFO] ThirdParty:1030 - CMSIS Pack Vendor :STMicroelectronics HAL Drivers 0.0.0
2023-11-18 11:48:05,562 [INFO] ThirdParty:1030 - CMSIS Pack Vendor :STMicroelectronics MBEDTLS 2.16.2
2023-11-18 11:48:05,562 [INFO] ThirdParty:1030 - CMSIS Pack Vendor :emotas I-CUBE-CANOPEN 1.3.0
2023-11-18 11:48:05,562 [INFO] ThirdParty:1030 - CMSIS Pack Vendor :STMicroelectronics X-CUBE-MEMS1 10.0.0
2023-11-18 11:48:05,562 [INFO] ThirdParty:1030 - CMSIS Pack Vendor :STMicroelectronics X-CUBE-FREERTOS 1.1.0
2023-11-18 11:48:05,562 [INFO] ThirdParty:1030 - CMSIS Pack Vendor :STMicroelectronics X-CUBE-NFC7 1.0.1
2023-11-18 11:48:05,562 [INFO] ThirdParty:1030 - CMSIS Pack Vendor :STMicroelectronics MBEDTLS 2.14.1
2023-11-18 11:48:05,562 [INFO] ThirdParty:1030 - CMSIS Pack Vendor :STMicroelectronics X-CUBE-TOUCHGFX 4.22.1
2023-11-18 11:48:05,562 [INFO] ThirdParty:1030 - CMSIS Pack Vendor :STMicroelectronics X-CUBE-NFC6 3.0.0
2023-11-18 11:48:05,562 [INFO] ThirdParty:1030 - CMSIS Pack Vendor :STMicroelectronics X-CUBE-EEPRMA1 4.1.0
2023-11-18 11:48:05,562 [INFO] ThirdParty:1030 - CMSIS Pack Vendor :portGmbH I-Cube-SoM-uGOAL 1.1.0
2023-11-18 11:48:05,562 [INFO] ThirdParty:1030 - CMSIS Pack Vendor :STMicroelectronics X-CUBE-ALS 1.0.1
2023-11-18 11:48:05,562 [INFO] ThirdParty:1030 - CMSIS Pack Vendor :STMicroelectronics ThreadX 1.0.0
2023-11-18 11:48:05,562 [INFO] ThirdParty:1030 - CMSIS Pack Vendor :STMicroelectronics FP-SNS-SMARTAG2 1.2.0
2023-11-18 11:48:05,562 [INFO] ThirdParty:1030 - CMSIS Pack Vendor :STMicroelectronics X-CUBE-AZRTOS-WL 2.0.0
2023-11-18 11:48:05,562 [INFO] ThirdParty:1030 - CMSIS Pack Vendor :SEGGER I-CUBE-embOS 1.3.1
2023-11-18 11:48:05,562 [INFO] ThirdParty:1030 - CMSIS Pack Vendor :STMicroelectronics USB_DEVICE 1.0.0
2023-11-18 11:48:05,562 [INFO] ThirdParty:1030 - CMSIS Pack Vendor :STMicroelectronics X-CUBE-AI 8.1.0
2023-11-18 11:48:05,562 [INFO] ThirdParty:1030 - CMSIS Pack Vendor :STMicroelectronics X-CUBE-AZRTOS-L4 2.0.0
2023-11-18 11:48:05,562 [INFO] ThirdParty:1030 - CMSIS Pack Vendor :STMicroelectronics ThreadX 0.0.2
2023-11-18 11:48:05,562 [INFO] ThirdParty:1030 - CMSIS Pack Vendor :WES I-CUBE-Cesium 1.3.0
2023-11-18 11:48:05,562 [INFO] ThirdParty:1030 - CMSIS Pack Vendor :STMicroelectronics FP-ATR-ASTRA1 2.0.0
2023-11-18 11:48:05,562 [INFO] ThirdParty:1030 - CMSIS Pack Vendor :STMicroelectronics lwIP 2.1.2
2023-11-18 11:48:05,562 [INFO] ThirdParty:1030 - CMSIS Pack Vendor :STMicroelectronics X-CUBE-SFXS2LP1 4.0.0
2023-11-18 11:48:05,562 [INFO] ThirdParty:1030 - CMSIS Pack Vendor :STMicroelectronics X-CUBE-BLE2 3.3.0
2023-11-18 11:48:05,562 [INFO] ThirdParty:1030 - CMSIS Pack Vendor :STMicroelectronics PDM2PCM 3.2.0
2023-11-18 11:48:05,563 [INFO] ThirdParty:841 - exiting critical section [change project]
2023-11-18 11:48:05,708 [INFO] PinOutPanel:1499 - setPackage(No Configuration,No Configuration)
2023-11-18 11:48:05,709 [INFO] PinOutPanel:1499 - setPackage(STM32F103C8Tx,LQFP48)
2023-11-18 11:48:05,813 [INFO] UtilMem:75 - Before build in PCC Used Memory: 336231024 Bytes (899678208)
2023-11-18 11:48:05,939 [INFO] UtilMem:75 - After build in PCC Used Memory: 377371200 Bytes (899678208)
2023-11-18 11:48:05,948 [INFO] IPUIPlugin:80 - create IPUIPlugin
2023-11-18 11:48:05,948 [INFO] IPUIPlugin:80 - create IPUIPlugin
2023-11-18 11:48:05,948 [INFO] IPUIPlugin:80 - create IPUIPlugin
2023-11-18 11:48:05,948 [INFO] IPUIPlugin:80 - create IPUIPlugin
2023-11-18 11:48:05,949 [INFO] IPUIPlugin:80 - create IPUIPlugin
2023-11-18 11:48:05,949 [INFO] IPUIPlugin:80 - create IPUIPlugin
2023-11-18 11:48:05,949 [INFO] IPUIPlugin:80 - create IPUIPlugin
2023-11-18 11:48:05,949 [INFO] IPUIPlugin:80 - create IPUIPlugin
2023-11-18 11:48:05,949 [INFO] IPUIPlugin:80 - create IPUIPlugin
2023-11-18 11:48:05,949 [INFO] IPUIPlugin:80 - create IPUIPlugin
2023-11-18 11:48:05,949 [INFO] IPUIPlugin:80 - create IPUIPlugin
2023-11-18 11:48:05,949 [INFO] IPUIPlugin:80 - create IPUIPlugin
2023-11-18 11:48:05,949 [INFO] IPUIPlugin:80 - create IPUIPlugin
2023-11-18 11:48:05,949 [INFO] IPUIPlugin:80 - create IPUIPlugin
2023-11-18 11:48:05,949 [INFO] IPUIPlugin:80 - create IPUIPlugin
2023-11-18 11:48:05,949 [INFO] IPUIPlugin:80 - create IPUIPlugin
2023-11-18 11:48:05,949 [INFO] IPUIPlugin:80 - create IPUIPlugin
2023-11-18 11:48:05,949 [INFO] IPUIPlugin:80 - create IPUIPlugin
2023-11-18 11:48:05,950 [INFO] IPUIPlugin:80 - create IPUIPlugin
2023-11-18 11:48:05,950 [INFO] IPUIPlugin:80 - create IPUIPlugin
2023-11-18 11:48:05,950 [INFO] IPUIPlugin:80 - create IPUIPlugin
2023-11-18 11:48:05,950 [INFO] IPUIPlugin:80 - create IPUIPlugin
2023-11-18 11:48:05,950 [INFO] IPUIPlugin:80 - create IPUIPlugin
2023-11-18 11:48:05,950 [INFO] IPUIPlugin:80 - create IPUIPlugin
2023-11-18 11:48:05,950 [INFO] IPUIPlugin:80 - create IPUIPlugin
2023-11-18 11:48:05,950 [INFO] IPUIPlugin:80 - create IPUIPlugin
2023-11-18 11:48:05,950 [INFO] IPUIPlugin:80 - create IPUIPlugin
2023-11-18 11:48:05,960 [INFO] CADModel:165 - CPN selected for project levelSTM32F103C8T6
2023-11-18 11:48:05,960 [INFO] CADModel:114 - Register for checkConnection events
2023-11-18 11:48:06,016 [INFO] OpenFileManager:328 - Restore cursor
2023-11-18 11:48:06,230 [INFO] UtilMem:75 - End SaveConfig() Used Memory: 431651440 Bytes (899678208)
2023-11-18 11:48:06,276 [INFO] UtilMem:75 - End SaveConfig() Used Memory: 444236400 Bytes (899678208)
2023-11-18 11:48:06,373 [INFO] BlockDiagram:2759 - set Specific Code input for plugin: NVIC
2023-11-18 11:48:06,373 [INFO] BlockDiagram:2759 - set Specific Code input for plugin: RCC
2023-11-18 11:48:06,374 [INFO] CodeGenerator:799 - code generatio: config db path: D:\ST\STM32CubeIDE_1.13.2\STM32CubeIDE\plugins\com.st.stm32cube.common.mx_6.9.2.202309101412\\db\
2023-11-18 11:48:06,442 [INFO] CodeEngine:255 - oldGeneratedFile, D:\STM\Encoder\MXTmpFiles\license.tmp_save
2023-11-18 11:48:06,495 [INFO] CodeEngine:279 - Generated code: D:\STM\Encoder\MXTmpFiles\license.tmp
2023-11-18 11:48:06,502 [INFO] CodeEngine:255 - oldGeneratedFile, D:\STM\Encoder\Core\Src\stm32f1xx_it.c_save
2023-11-18 11:48:06,619 [INFO] CodeEngine:279 - Generated code: D:\STM\Encoder\Core\Src\stm32f1xx_it.c
2023-11-18 11:48:06,621 [INFO] CodeEngine:255 - oldGeneratedFile, D:\STM\Encoder\Core\Inc\stm32f1xx_it.h_save
2023-11-18 11:48:06,660 [INFO] CodeEngine:279 - Generated code: D:\STM\Encoder\Core\Inc\stm32f1xx_it.h
2023-11-18 11:48:06,677 [INFO] CodeEngine:255 - oldGeneratedFile, D:\STM\Encoder\Core\Src\stm32f1xx_hal_msp.c_save
2023-11-18 11:48:06,746 [INFO] CodeEngine:279 - Generated code: D:\STM\Encoder\Core\Src\stm32f1xx_hal_msp.c
2023-11-18 11:48:06,749 [INFO] CodeEngine:255 - oldGeneratedFile, D:\STM\Encoder\MXTmpFiles\system.tmp_save
2023-11-18 11:48:06,833 [INFO] CodeEngine:279 - Generated code: D:\STM\Encoder\MXTmpFiles\system.tmp
2023-11-18 11:48:06,843 [INFO] CodeEngine:311 - oldGeneratedFile, D:\STM\Encoder\Core\Inc\stm32f1xx_hal_conf.h_save
2023-11-18 11:48:06,899 [INFO] CodeEngine:335 - Generated code: D:\STM\Encoder\Core\Inc\stm32f1xx_hal_conf.h
2023-11-18 11:48:06,947 [INFO] CodeEngine:255 - oldGeneratedFile, D:\STM\Encoder\Core\Inc\main.h_save
2023-11-18 11:48:07,000 [INFO] CodeEngine:279 - Generated code: D:\STM\Encoder\Core\Inc\main.h
2023-11-18 11:48:07,002 [INFO] CodeEngine:255 - oldGeneratedFile, D:\STM\Encoder\Core\Src\main.c_save
2023-11-18 11:48:07,058 [INFO] CodeEngine:279 - Generated code: D:\STM\Encoder\Core\Src\main.c
2023-11-18 11:48:07,367 [ERROR] ProjectBuilder:6439 - Problem during Copy of File LICENSE.txt
2023-11-18 11:48:07,368 [ERROR] ProjectBuilder:6439 - Problem during Copy of File LICENSE.txt
2023-11-18 11:48:07,371 [ERROR] ProjectBuilder:6439 - Problem during Copy of File LICENSE.txt
2023-11-18 11:48:07,371 [ERROR] ProjectBuilder:6439 - Problem during Copy of File LICENSE.txt
2023-11-18 11:48:07,372 [ERROR] ProjectBuilder:6439 - Problem during Copy of File LICENSE.txt
2023-11-18 11:48:07,373 [ERROR] ProjectBuilder:6439 - Problem during Copy of File LICENSE.txt
2023-11-18 11:48:07,374 [ERROR] ProjectBuilder:6439 - Problem during Copy of File LICENSE.txt
2023-11-18 11:48:07,375 [ERROR] ProjectBuilder:6439 - Problem during Copy of File LICENSE.txt
2023-11-18 11:48:07,375 [ERROR] ProjectBuilder:6439 - Problem during Copy of File LICENSE.txt
2023-11-18 11:48:07,376 [ERROR] ProjectBuilder:6439 - Problem during Copy of File LICENSE.txt
2023-11-18 11:48:07,376 [ERROR] ProjectBuilder:6439 - Problem during Copy of File LICENSE.txt
2023-11-18 11:48:07,376 [ERROR] ProjectBuilder:6439 - Problem during Copy of File LICENSE.txt
2023-11-18 11:48:07,377 [ERROR] ProjectBuilder:6439 - Problem during Copy of File LICENSE.txt
2023-11-18 11:48:07,410 [INFO] ProjectBuilder:3064 - Time for Copy HAL[1] : 47mS.
2023-11-18 11:48:07,411 [INFO] ProjectBuilder:4404 - Project Generator version: 4.1.0
2023-11-18 11:48:07,526 [INFO] ConfigFileManager:1457 - The Die is : DIE410
2023-11-18 11:48:07,530 [INFO] ApiDbMcu:507 - Load IP Config File for FATFS
2023-11-18 11:48:07,533 [INFO] ApiDbMcu:507 - Load IP Config File for FREERTOS
2023-11-18 11:48:07,536 [INFO] ApiDbMcu:507 - Load IP Config File for USB_DEVICE
2023-11-18 11:48:08,937 [INFO] ProjectBuilder:4626 - Time for Generating toolchain IDE Files: 1526mS.
2023-11-18 11:48:08,938 [INFO] ProjectBuilder:2935 - Time for Copy CMSIS : 1mS.
2023-11-18 11:48:08,938 [INFO] ProjectBuilder:2935 - Time for Copy CMSIS : 0mS.
2023-11-18 11:48:10,093 [INFO] McuFinderGlobals:76 - Set McuFinderConnectedMode to true
2023-11-18 11:48:10,094 [INFO] ApiDb:448 - Save user favorites file C:\Users\lenovo/.stm32cubeide/favorites.mcus.txt: 1 item(s)
2023-11-18 11:48:10,094 [INFO] ApiDb:452 - User favorites MCUs=[STM32F103C8T6]
2023-11-18 11:48:26,799 [INFO] Gpio:273 - dependency for GPIO [RCC, SYS]
2023-11-18 11:48:55,466 [INFO] Gpio:273 - dependency for GPIO [RCC, SYS]
2023-11-18 11:48:55,480 [INFO] NvicIntPanel:101 - NVIC parent = com.st.microxplorer.plugins.ip.nvic.MultiNvicIntPanel[,0,0,0x0,invalid,layout=javax.swing.BoxLayout,alignmentX=0.0,alignmentY=0.0,border=,flags=9,maximumSize=,minimumSize=,preferredSize=]
2023-11-18 11:48:56,889 [INFO] Gpio:273 - dependency for GPIO [RCC, SYS]
2023-11-18 11:48:56,927 [INFO] NvicIntPanel:101 - NVIC parent = com.st.microxplorer.plugins.ip.nvic.MultiNvicIntPanel[,0,0,0x0,invalid,layout=javax.swing.BoxLayout,alignmentX=0.0,alignmentY=0.0,border=,flags=9,maximumSize=,minimumSize=,preferredSize=]
2023-11-18 11:49:49,084 [INFO] Gpio:273 - dependency for GPIO [RCC, SYS]
2023-11-18 11:49:57,705 [INFO] Gpio:273 - dependency for GPIO [RCC, SYS]
2023-11-18 11:52:52,669 [INFO] Gpio:273 - dependency for GPIO [RCC, SYS]
2023-11-18 11:52:52,703 [INFO] NvicIntPanel:101 - NVIC parent = com.st.microxplorer.plugins.ip.nvic.MultiNvicIntPanel[,0,0,0x0,invalid,layout=javax.swing.BoxLayout,alignmentX=0.0,alignmentY=0.0,border=,flags=9,maximumSize=,minimumSize=,preferredSize=]
2023-11-18 11:53:00,415 [INFO] Gpio:273 - dependency for GPIO [RCC, SYS]
2023-11-18 11:54:06,932 [INFO] Gpio:273 - dependency for GPIO [RCC, SYS]
2023-11-18 11:55:37,454 [INFO] UtilMem:75 - End SaveConfig() Used Memory: 271999504 Bytes (730857472)
2023-11-18 11:55:37,516 [INFO] UtilMem:75 - End SaveConfig() Used Memory: 284886104 Bytes (730857472)
2023-11-18 11:55:37,627 [INFO] UtilMem:75 - End SaveConfig() Used Memory: 302322712 Bytes (730857472)
2023-11-18 11:55:37,747 [INFO] BlockDiagram:2759 - set Specific Code input for plugin: NVIC
2023-11-18 11:55:37,747 [INFO] BlockDiagram:2759 - set Specific Code input for plugin: SYS
2023-11-18 11:55:37,747 [INFO] BlockDiagram:2759 - set Specific Code input for plugin: GPIO
2023-11-18 11:55:37,747 [INFO] BlockDiagram:2759 - set Specific Code input for plugin: RCC
2023-11-18 11:55:37,747 [INFO] CodeGenerator:799 - code generatio: config db path: D:\ST\STM32CubeIDE_1.13.2\STM32CubeIDE\plugins\com.st.stm32cube.common.mx_6.9.2.202309101412\\db\
2023-11-18 11:55:37,839 [INFO] CodeEngine:255 - oldGeneratedFile, D:\STM\Encoder\MXTmpFiles\license.tmp_save
2023-11-18 11:55:37,878 [INFO] CodeEngine:279 - Generated code: D:\STM\Encoder\MXTmpFiles\license.tmp
2023-11-18 11:55:37,890 [INFO] CodeEngine:255 - oldGeneratedFile, D:\STM\Encoder\MXTmpFiles\gpio.tmp_save
2023-11-18 11:55:37,930 [INFO] CodeEngine:279 - Generated code: D:\STM\Encoder\MXTmpFiles\gpio.tmp
2023-11-18 11:55:37,938 [INFO] CodeEngine:255 - oldGeneratedFile, D:\STM\Encoder\Core\Src\stm32f1xx_it.c_save
2023-11-18 11:55:37,981 [INFO] CodeEngine:279 - Generated code: D:\STM\Encoder\Core\Src\stm32f1xx_it.c
2023-11-18 11:55:37,984 [INFO] CodeEngine:255 - oldGeneratedFile, D:\STM\Encoder\Core\Inc\stm32f1xx_it.h_save
2023-11-18 11:55:38,023 [INFO] CodeEngine:279 - Generated code: D:\STM\Encoder\Core\Inc\stm32f1xx_it.h
2023-11-18 11:55:38,030 [INFO] CodeEngine:255 - oldGeneratedFile, D:\STM\Encoder\Core\Src\stm32f1xx_hal_msp.c_save
2023-11-18 11:55:38,101 [INFO] CodeEngine:279 - Generated code: D:\STM\Encoder\Core\Src\stm32f1xx_hal_msp.c
2023-11-18 11:55:38,105 [INFO] CodeEngine:255 - oldGeneratedFile, D:\STM\Encoder\MXTmpFiles\system.tmp_save
2023-11-18 11:55:38,174 [INFO] CodeEngine:279 - Generated code: D:\STM\Encoder\MXTmpFiles\system.tmp
2023-11-18 11:55:38,187 [INFO] CodeEngine:311 - oldGeneratedFile, D:\STM\Encoder\Core\Inc\stm32f1xx_hal_conf.h_save
2023-11-18 11:55:38,244 [INFO] CodeEngine:335 - Generated code: D:\STM\Encoder\Core\Inc\stm32f1xx_hal_conf.h
2023-11-18 11:55:38,260 [INFO] CodeEngine:255 - oldGeneratedFile, D:\STM\Encoder\Core\Inc\main.h_save
2023-11-18 11:55:38,311 [INFO] CodeEngine:279 - Generated code: D:\STM\Encoder\Core\Inc\main.h
2023-11-18 11:55:38,315 [INFO] CodeEngine:255 - oldGeneratedFile, D:\STM\Encoder\Core\Src\main.c_save
2023-11-18 11:55:38,373 [INFO] CodeEngine:279 - Generated code: D:\STM\Encoder\Core\Src\main.c
2023-11-18 11:55:38,617 [ERROR] ProjectBuilder:6439 - Problem during Copy of File LICENSE.txt
2023-11-18 11:55:38,619 [ERROR] ProjectBuilder:6439 - Problem during Copy of File LICENSE.txt
2023-11-18 11:55:38,620 [ERROR] ProjectBuilder:6439 - Problem during Copy of File LICENSE.txt
2023-11-18 11:55:38,622 [ERROR] ProjectBuilder:6439 - Problem during Copy of File LICENSE.txt
2023-11-18 11:55:38,622 [ERROR] ProjectBuilder:6439 - Problem during Copy of File LICENSE.txt
2023-11-18 11:55:38,623 [ERROR] ProjectBuilder:6439 - Problem during Copy of File LICENSE.txt
2023-11-18 11:55:38,623 [ERROR] ProjectBuilder:6439 - Problem during Copy of File LICENSE.txt
2023-11-18 11:55:38,624 [ERROR] ProjectBuilder:6439 - Problem during Copy of File LICENSE.txt
2023-11-18 11:55:38,642 [ERROR] ProjectBuilder:6439 - Problem during Copy of File LICENSE.txt
2023-11-18 11:55:38,645 [ERROR] ProjectBuilder:6439 - Problem during Copy of File LICENSE.txt
2023-11-18 11:55:38,647 [ERROR] ProjectBuilder:6439 - Problem during Copy of File LICENSE.txt
2023-11-18 11:55:38,648 [ERROR] ProjectBuilder:6439 - Problem during Copy of File LICENSE.txt
2023-11-18 11:55:38,649 [ERROR] ProjectBuilder:6439 - Problem during Copy of File LICENSE.txt
2023-11-18 11:55:38,650 [ERROR] ProjectBuilder:6439 - Problem during Copy of File LICENSE.txt
2023-11-18 11:55:38,651 [ERROR] ProjectBuilder:6439 - Problem during Copy of File LICENSE.txt
2023-11-18 11:55:38,653 [ERROR] ProjectBuilder:6439 - Problem during Copy of File LICENSE.txt
2023-11-18 11:55:38,726 [INFO] ProjectBuilder:3064 - Time for Copy HAL[1] : 111mS.
2023-11-18 11:55:38,728 [INFO] ProjectBuilder:4404 - Project Generator version: 4.1.0
2023-11-18 11:55:38,990 [INFO] ConfigFileManager:1457 - The Die is : DIE410
2023-11-18 11:55:39,793 [INFO] ProjectBuilder:4626 - Time for Generating toolchain IDE Files: 1066mS.
2023-11-18 11:55:39,794 [INFO] ProjectBuilder:2935 - Time for Copy CMSIS : 0mS.
2023-11-18 11:55:39,795 [INFO] ProjectBuilder:2935 - Time for Copy CMSIS : 0mS.
2023-11-18 11:55:47,400 [INFO] UtilMem:75 - End SaveConfig() Used Memory: 293523576 Bytes (935329792)
2023-11-18 11:55:47,462 [INFO] UtilMem:75 - End SaveConfig() Used Memory: 305580152 Bytes (935329792)
2023-11-18 11:55:47,568 [INFO] UtilMem:75 - End SaveConfig() Used Memory: 323166104 Bytes (935329792)
2023-11-18 11:55:47,692 [INFO] BlockDiagram:2759 - set Specific Code input for plugin: NVIC
2023-11-18 11:55:47,692 [INFO] BlockDiagram:2759 - set Specific Code input for plugin: SYS
2023-11-18 11:55:47,693 [INFO] BlockDiagram:2759 - set Specific Code input for plugin: GPIO
2023-11-18 11:55:47,693 [INFO] BlockDiagram:2759 - set Specific Code input for plugin: RCC
2023-11-18 11:55:47,693 [INFO] CodeGenerator:799 - code generatio: config db path: D:\ST\STM32CubeIDE_1.13.2\STM32CubeIDE\plugins\com.st.stm32cube.common.mx_6.9.2.202309101412\\db\
2023-11-18 11:55:47,800 [INFO] CodeEngine:255 - oldGeneratedFile, D:\STM\Encoder\MXTmpFiles\license.tmp_save
2023-11-18 11:55:47,837 [INFO] CodeEngine:279 - Generated code: D:\STM\Encoder\MXTmpFiles\license.tmp
2023-11-18 11:55:47,848 [INFO] CodeEngine:255 - oldGeneratedFile, D:\STM\Encoder\Core\Src\gpio.c_save
2023-11-18 11:55:47,893 [INFO] CodeEngine:279 - Generated code: D:\STM\Encoder\Core\Src\gpio.c
2023-11-18 11:55:47,895 [INFO] CodeEngine:255 - oldGeneratedFile, D:\STM\Encoder\Core\Inc\gpio.h_save
2023-11-18 11:55:47,938 [INFO] CodeEngine:279 - Generated code: D:\STM\Encoder\Core\Inc\gpio.h
2023-11-18 11:55:47,947 [INFO] CodeEngine:255 - oldGeneratedFile, D:\STM\Encoder\Core\Src\stm32f1xx_it.c_save
2023-11-18 11:55:47,989 [INFO] CodeEngine:279 - Generated code: D:\STM\Encoder\Core\Src\stm32f1xx_it.c
2023-11-18 11:55:47,993 [INFO] CodeEngine:255 - oldGeneratedFile, D:\STM\Encoder\Core\Inc\stm32f1xx_it.h_save
2023-11-18 11:55:48,033 [INFO] CodeEngine:279 - Generated code: D:\STM\Encoder\Core\Inc\stm32f1xx_it.h
2023-11-18 11:55:48,039 [INFO] CodeEngine:255 - oldGeneratedFile, D:\STM\Encoder\Core\Src\stm32f1xx_hal_msp.c_save
2023-11-18 11:55:48,094 [INFO] CodeEngine:279 - Generated code: D:\STM\Encoder\Core\Src\stm32f1xx_hal_msp.c
2023-11-18 11:55:48,096 [INFO] CodeEngine:255 - oldGeneratedFile, D:\STM\Encoder\MXTmpFiles\system.tmp_save
2023-11-18 11:55:48,133 [INFO] CodeEngine:279 - Generated code: D:\STM\Encoder\MXTmpFiles\system.tmp
2023-11-18 11:55:48,138 [INFO] CodeEngine:311 - oldGeneratedFile, D:\STM\Encoder\Core\Inc\stm32f1xx_hal_conf.h_save
2023-11-18 11:55:48,181 [INFO] CodeEngine:335 - Generated code: D:\STM\Encoder\Core\Inc\stm32f1xx_hal_conf.h
2023-11-18 11:55:48,193 [INFO] CodeEngine:255 - oldGeneratedFile, D:\STM\Encoder\Core\Inc\main.h_save
2023-11-18 11:55:48,249 [INFO] CodeEngine:279 - Generated code: D:\STM\Encoder\Core\Inc\main.h
2023-11-18 11:55:48,255 [INFO] CodeEngine:255 - oldGeneratedFile, D:\STM\Encoder\Core\Src\main.c_save
2023-11-18 11:55:48,332 [INFO] CodeEngine:279 - Generated code: D:\STM\Encoder\Core\Src\main.c
2023-11-18 11:55:48,628 [ERROR] ProjectBuilder:6439 - Problem during Copy of File LICENSE.txt
2023-11-18 11:55:48,629 [ERROR] ProjectBuilder:6439 - Problem during Copy of File LICENSE.txt
2023-11-18 11:55:48,630 [ERROR] ProjectBuilder:6439 - Problem during Copy of File LICENSE.txt
2023-11-18 11:55:48,630 [ERROR] ProjectBuilder:6439 - Problem during Copy of File LICENSE.txt
2023-11-18 11:55:48,631 [ERROR] ProjectBuilder:6439 - Problem during Copy of File LICENSE.txt
2023-11-18 11:55:48,632 [ERROR] ProjectBuilder:6439 - Problem during Copy of File LICENSE.txt
2023-11-18 11:55:48,633 [ERROR] ProjectBuilder:6439 - Problem during Copy of File LICENSE.txt
2023-11-18 11:55:48,633 [ERROR] ProjectBuilder:6439 - Problem during Copy of File LICENSE.txt
2023-11-18 11:55:48,656 [ERROR] ProjectBuilder:6439 - Problem during Copy of File LICENSE.txt
2023-11-18 11:55:48,675 [ERROR] ProjectBuilder:6439 - Problem during Copy of File LICENSE.txt
2023-11-18 11:55:48,676 [ERROR] ProjectBuilder:6439 - Problem during Copy of File LICENSE.txt
2023-11-18 11:55:48,677 [ERROR] ProjectBuilder:6439 - Problem during Copy of File LICENSE.txt
2023-11-18 11:55:48,677 [ERROR] ProjectBuilder:6439 - Problem during Copy of File LICENSE.txt
2023-11-18 11:55:48,678 [ERROR] ProjectBuilder:6439 - Problem during Copy of File LICENSE.txt
2023-11-18 11:55:48,678 [ERROR] ProjectBuilder:6439 - Problem during Copy of File LICENSE.txt
2023-11-18 11:55:48,679 [ERROR] ProjectBuilder:6439 - Problem during Copy of File LICENSE.txt
2023-11-18 11:55:48,715 [INFO] ProjectBuilder:3064 - Time for Copy HAL[1] : 88mS.
2023-11-18 11:55:48,716 [INFO] ProjectBuilder:4404 - Project Generator version: 4.1.0
2023-11-18 11:55:48,827 [INFO] ConfigFileManager:1457 - The Die is : DIE410
2023-11-18 11:55:49,616 [INFO] ProjectBuilder:4626 - Time for Generating toolchain IDE Files: 900mS.
2023-11-18 11:55:49,617 [INFO] ProjectBuilder:2935 - Time for Copy CMSIS : 1mS.
2023-11-18 11:55:49,619 [INFO] ProjectBuilder:2935 - Time for Copy CMSIS : 1mS.
2023-11-18 11:58:32,318 [INFO] UtilMem:75 - End SaveConfig() Used Memory: 382618032 Bytes (947912704)
2023-11-18 11:58:32,381 [INFO] UtilMem:75 - End SaveConfig() Used Memory: 398805968 Bytes (947912704)
2023-11-18 11:58:32,504 [INFO] UtilMem:75 - End SaveConfig() Used Memory: 417967616 Bytes (947912704)
2023-11-18 11:58:32,628 [INFO] BlockDiagram:2759 - set Specific Code input for plugin: NVIC
2023-11-18 11:58:32,628 [INFO] BlockDiagram:2759 - set Specific Code input for plugin: SYS
2023-11-18 11:58:32,628 [INFO] BlockDiagram:2759 - set Specific Code input for plugin: GPIO
2023-11-18 11:58:32,628 [INFO] BlockDiagram:2759 - set Specific Code input for plugin: RCC
2023-11-18 11:58:32,628 [INFO] CodeGenerator:799 - code generatio: config db path: D:\ST\STM32CubeIDE_1.13.2\STM32CubeIDE\plugins\com.st.stm32cube.common.mx_6.9.2.202309101412\\db\
2023-11-18 11:58:32,726 [INFO] CodeEngine:255 - oldGeneratedFile, D:\STM\Encoder\MXTmpFiles\license.tmp_save
2023-11-18 11:58:32,764 [INFO] CodeEngine:279 - Generated code: D:\STM\Encoder\MXTmpFiles\license.tmp
2023-11-18 11:58:32,772 [INFO] CodeEngine:255 - oldGeneratedFile, D:\STM\Encoder\Core\Src\gpio.c_save
2023-11-18 11:58:32,826 [INFO] CodeEngine:279 - Generated code: D:\STM\Encoder\Core\Src\gpio.c
2023-11-18 11:58:32,832 [INFO] CodeEngine:255 - oldGeneratedFile, D:\STM\Encoder\Core\Inc\gpio.h_save
2023-11-18 11:58:32,906 [INFO] CodeEngine:279 - Generated code: D:\STM\Encoder\Core\Inc\gpio.h
2023-11-18 11:58:32,923 [INFO] CodeEngine:255 - oldGeneratedFile, D:\STM\Encoder\Core\Src\stm32f1xx_it.c_save
2023-11-18 11:58:32,974 [INFO] CodeEngine:279 - Generated code: D:\STM\Encoder\Core\Src\stm32f1xx_it.c
2023-11-18 11:58:32,977 [INFO] CodeEngine:255 - oldGeneratedFile, D:\STM\Encoder\Core\Inc\stm32f1xx_it.h_save
2023-11-18 11:58:33,036 [INFO] CodeEngine:279 - Generated code: D:\STM\Encoder\Core\Inc\stm32f1xx_it.h
2023-11-18 11:58:33,044 [INFO] CodeEngine:255 - oldGeneratedFile, D:\STM\Encoder\Core\Src\stm32f1xx_hal_msp.c_save
2023-11-18 11:58:33,129 [INFO] CodeEngine:279 - Generated code: D:\STM\Encoder\Core\Src\stm32f1xx_hal_msp.c
2023-11-18 11:58:33,134 [INFO] CodeEngine:255 - oldGeneratedFile, D:\STM\Encoder\MXTmpFiles\system.tmp_save
2023-11-18 11:58:33,185 [INFO] CodeEngine:279 - Generated code: D:\STM\Encoder\MXTmpFiles\system.tmp
2023-11-18 11:58:33,191 [INFO] CodeEngine:311 - oldGeneratedFile, D:\STM\Encoder\Core\Inc\stm32f1xx_hal_conf.h_save
2023-11-18 11:58:33,240 [INFO] CodeEngine:335 - Generated code: D:\STM\Encoder\Core\Inc\stm32f1xx_hal_conf.h
2023-11-18 11:58:33,260 [INFO] CodeEngine:255 - oldGeneratedFile, D:\STM\Encoder\Core\Inc\main.h_save
2023-11-18 11:58:33,339 [INFO] CodeEngine:279 - Generated code: D:\STM\Encoder\Core\Inc\main.h
2023-11-18 11:58:33,346 [INFO] CodeEngine:255 - oldGeneratedFile, D:\STM\Encoder\Core\Src\main.c_save
2023-11-18 11:58:33,417 [INFO] CodeEngine:279 - Generated code: D:\STM\Encoder\Core\Src\main.c
2023-11-18 11:58:33,661 [ERROR] ProjectBuilder:6439 - Problem during Copy of File LICENSE.txt
2023-11-18 11:58:33,663 [ERROR] ProjectBuilder:6439 - Problem during Copy of File LICENSE.txt
2023-11-18 11:58:33,664 [ERROR] ProjectBuilder:6439 - Problem during Copy of File LICENSE.txt
2023-11-18 11:58:33,664 [ERROR] ProjectBuilder:6439 - Problem during Copy of File LICENSE.txt
2023-11-18 11:58:33,665 [ERROR] ProjectBuilder:6439 - Problem during Copy of File LICENSE.txt
2023-11-18 11:58:33,665 [ERROR] ProjectBuilder:6439 - Problem during Copy of File LICENSE.txt
2023-11-18 11:58:33,666 [ERROR] ProjectBuilder:6439 - Problem during Copy of File LICENSE.txt
2023-11-18 11:58:33,666 [ERROR] ProjectBuilder:6439 - Problem during Copy of File LICENSE.txt
2023-11-18 11:58:33,677 [ERROR] ProjectBuilder:6439 - Problem during Copy of File LICENSE.txt
2023-11-18 11:58:33,678 [ERROR] ProjectBuilder:6439 - Problem during Copy of File LICENSE.txt
2023-11-18 11:58:33,679 [ERROR] ProjectBuilder:6439 - Problem during Copy of File LICENSE.txt
2023-11-18 11:58:33,680 [ERROR] ProjectBuilder:6439 - Problem during Copy of File LICENSE.txt
2023-11-18 11:58:33,680 [ERROR] ProjectBuilder:6439 - Problem during Copy of File LICENSE.txt
2023-11-18 11:58:33,680 [ERROR] ProjectBuilder:6439 - Problem during Copy of File LICENSE.txt
2023-11-18 11:58:33,681 [ERROR] ProjectBuilder:6439 - Problem during Copy of File LICENSE.txt
2023-11-18 11:58:33,681 [ERROR] ProjectBuilder:6439 - Problem during Copy of File LICENSE.txt
2023-11-18 11:58:33,713 [INFO] ProjectBuilder:3064 - Time for Copy HAL[1] : 52mS.
2023-11-18 11:58:33,715 [INFO] ProjectBuilder:4404 - Project Generator version: 4.1.0
2023-11-18 11:58:33,836 [INFO] ConfigFileManager:1457 - The Die is : DIE410
2023-11-18 11:58:34,631 [INFO] ProjectBuilder:4626 - Time for Generating toolchain IDE Files: 916mS.
2023-11-18 11:58:34,631 [INFO] ProjectBuilder:2935 - Time for Copy CMSIS : 0mS.
2023-11-18 11:58:34,632 [INFO] ProjectBuilder:2935 - Time for Copy CMSIS : 0mS.
2023-11-18 11:58:47,168 [INFO] Gpio:273 - dependency for GPIO [RCC, SYS]
2023-11-18 11:58:58,870 [INFO] UtilMem:75 - End SaveConfig() Used Memory: 579257576 Bytes (1060110336)
2023-11-18 11:58:58,929 [INFO] UtilMem:75 - End SaveConfig() Used Memory: 591786896 Bytes (1060110336)
2023-11-18 11:58:59,060 [INFO] UtilMem:75 - End SaveConfig() Used Memory: 611497240 Bytes (1060110336)
2023-11-18 11:58:59,180 [INFO] BlockDiagram:2759 - set Specific Code input for plugin: NVIC
2023-11-18 11:58:59,180 [INFO] BlockDiagram:2759 - set Specific Code input for plugin: SYS
2023-11-18 11:58:59,180 [INFO] BlockDiagram:2759 - set Specific Code input for plugin: GPIO
2023-11-18 11:58:59,180 [INFO] BlockDiagram:2759 - set Specific Code input for plugin: RCC
2023-11-18 11:58:59,181 [INFO] CodeGenerator:799 - code generatio: config db path: D:\ST\STM32CubeIDE_1.13.2\STM32CubeIDE\plugins\com.st.stm32cube.common.mx_6.9.2.202309101412\\db\
2023-11-18 11:58:59,279 [INFO] CodeEngine:255 - oldGeneratedFile, D:\STM\Encoder\MXTmpFiles\license.tmp_save
2023-11-18 11:58:59,350 [INFO] CodeEngine:279 - Generated code: D:\STM\Encoder\MXTmpFiles\license.tmp
2023-11-18 11:58:59,357 [INFO] CodeEngine:255 - oldGeneratedFile, D:\STM\Encoder\Core\Src\gpio.c_save
2023-11-18 11:58:59,400 [INFO] CodeEngine:279 - Generated code: D:\STM\Encoder\Core\Src\gpio.c
2023-11-18 11:58:59,404 [INFO] CodeEngine:255 - oldGeneratedFile, D:\STM\Encoder\Core\Inc\gpio.h_save
2023-11-18 11:58:59,442 [INFO] CodeEngine:279 - Generated code: D:\STM\Encoder\Core\Inc\gpio.h
2023-11-18 11:58:59,451 [INFO] CodeEngine:255 - oldGeneratedFile, D:\STM\Encoder\Core\Src\stm32f1xx_it.c_save
2023-11-18 11:58:59,499 [INFO] CodeEngine:279 - Generated code: D:\STM\Encoder\Core\Src\stm32f1xx_it.c
2023-11-18 11:58:59,502 [INFO] CodeEngine:255 - oldGeneratedFile, D:\STM\Encoder\Core\Inc\stm32f1xx_it.h_save
2023-11-18 11:58:59,556 [INFO] CodeEngine:279 - Generated code: D:\STM\Encoder\Core\Inc\stm32f1xx_it.h
2023-11-18 11:58:59,563 [INFO] CodeEngine:255 - oldGeneratedFile, D:\STM\Encoder\Core\Src\stm32f1xx_hal_msp.c_save
2023-11-18 11:58:59,618 [INFO] CodeEngine:279 - Generated code: D:\STM\Encoder\Core\Src\stm32f1xx_hal_msp.c
2023-11-18 11:58:59,621 [INFO] CodeEngine:255 - oldGeneratedFile, D:\STM\Encoder\MXTmpFiles\system.tmp_save
2023-11-18 11:58:59,660 [INFO] CodeEngine:279 - Generated code: D:\STM\Encoder\MXTmpFiles\system.tmp
2023-11-18 11:58:59,669 [INFO] CodeEngine:311 - oldGeneratedFile, D:\STM\Encoder\Core\Inc\stm32f1xx_hal_conf.h_save
2023-11-18 11:58:59,745 [INFO] CodeEngine:335 - Generated code: D:\STM\Encoder\Core\Inc\stm32f1xx_hal_conf.h
2023-11-18 11:58:59,759 [INFO] CodeEngine:255 - oldGeneratedFile, D:\STM\Encoder\Core\Inc\main.h_save
2023-11-18 11:58:59,822 [INFO] CodeEngine:279 - Generated code: D:\STM\Encoder\Core\Inc\main.h
2023-11-18 11:58:59,825 [INFO] CodeEngine:255 - oldGeneratedFile, D:\STM\Encoder\Core\Src\main.c_save
2023-11-18 11:58:59,897 [INFO] CodeEngine:279 - Generated code: D:\STM\Encoder\Core\Src\main.c
2023-11-18 11:59:00,140 [ERROR] ProjectBuilder:6439 - Problem during Copy of File LICENSE.txt
2023-11-18 11:59:00,142 [ERROR] ProjectBuilder:6439 - Problem during Copy of File LICENSE.txt
2023-11-18 11:59:00,142 [ERROR] ProjectBuilder:6439 - Problem during Copy of File LICENSE.txt
2023-11-18 11:59:00,144 [ERROR] ProjectBuilder:6439 - Problem during Copy of File LICENSE.txt
2023-11-18 11:59:00,144 [ERROR] ProjectBuilder:6439 - Problem during Copy of File LICENSE.txt
2023-11-18 11:59:00,145 [ERROR] ProjectBuilder:6439 - Problem during Copy of File LICENSE.txt
2023-11-18 11:59:00,145 [ERROR] ProjectBuilder:6439 - Problem during Copy of File LICENSE.txt
2023-11-18 11:59:00,146 [ERROR] ProjectBuilder:6439 - Problem during Copy of File LICENSE.txt
2023-11-18 11:59:00,159 [ERROR] ProjectBuilder:6439 - Problem during Copy of File LICENSE.txt
2023-11-18 11:59:00,160 [ERROR] ProjectBuilder:6439 - Problem during Copy of File LICENSE.txt
2023-11-18 11:59:00,161 [ERROR] ProjectBuilder:6439 - Problem during Copy of File LICENSE.txt
2023-11-18 11:59:00,162 [ERROR] ProjectBuilder:6439 - Problem during Copy of File LICENSE.txt
2023-11-18 11:59:00,162 [ERROR] ProjectBuilder:6439 - Problem during Copy of File LICENSE.txt
2023-11-18 11:59:00,163 [ERROR] ProjectBuilder:6439 - Problem during Copy of File LICENSE.txt
2023-11-18 11:59:00,163 [ERROR] ProjectBuilder:6439 - Problem during Copy of File LICENSE.txt
2023-11-18 11:59:00,164 [ERROR] ProjectBuilder:6439 - Problem during Copy of File LICENSE.txt
2023-11-18 11:59:00,218 [INFO] ProjectBuilder:3064 - Time for Copy HAL[1] : 79mS.
2023-11-18 11:59:00,221 [INFO] ProjectBuilder:4404 - Project Generator version: 4.1.0
2023-11-18 11:59:00,473 [INFO] ConfigFileManager:1457 - The Die is : DIE410
2023-11-18 11:59:01,155 [INFO] ProjectBuilder:4626 - Time for Generating toolchain IDE Files: 935mS.
2023-11-18 11:59:01,155 [INFO] ProjectBuilder:2935 - Time for Copy CMSIS : 0mS.
2023-11-18 11:59:01,156 [INFO] ProjectBuilder:2935 - Time for Copy CMSIS : 0mS.
2023-11-18 11:59:47,454 [INFO] UtilMem:75 - End SaveConfig() Used Memory: 767611208 Bytes (898629632)
2023-11-18 11:59:47,519 [INFO] UtilMem:75 - End SaveConfig() Used Memory: 253385488 Bytes (898629632)
2023-11-18 11:59:47,649 [INFO] UtilMem:75 - End SaveConfig() Used Memory: 276976400 Bytes (898629632)
2023-11-18 11:59:47,771 [INFO] BlockDiagram:2759 - set Specific Code input for plugin: NVIC
2023-11-18 11:59:47,772 [INFO] BlockDiagram:2759 - set Specific Code input for plugin: SYS
2023-11-18 11:59:47,772 [INFO] BlockDiagram:2759 - set Specific Code input for plugin: GPIO
2023-11-18 11:59:47,772 [INFO] BlockDiagram:2759 - set Specific Code input for plugin: RCC
2023-11-18 11:59:47,772 [INFO] CodeGenerator:799 - code generatio: config db path: D:\ST\STM32CubeIDE_1.13.2\STM32CubeIDE\plugins\com.st.stm32cube.common.mx_6.9.2.202309101412\\db\
2023-11-18 11:59:47,869 [INFO] CodeEngine:255 - oldGeneratedFile, D:\STM\Encoder\MXTmpFiles\license.tmp_save
2023-11-18 11:59:47,909 [INFO] CodeEngine:279 - Generated code: D:\STM\Encoder\MXTmpFiles\license.tmp
2023-11-18 11:59:47,918 [INFO] CodeEngine:255 - oldGeneratedFile, D:\STM\Encoder\Core\Src\gpio.c_save
2023-11-18 11:59:47,972 [INFO] CodeEngine:279 - Generated code: D:\STM\Encoder\Core\Src\gpio.c
2023-11-18 11:59:47,977 [INFO] CodeEngine:255 - oldGeneratedFile, D:\STM\Encoder\Core\Inc\gpio.h_save
2023-11-18 11:59:48,048 [INFO] CodeEngine:279 - Generated code: D:\STM\Encoder\Core\Inc\gpio.h
2023-11-18 11:59:48,062 [INFO] CodeEngine:255 - oldGeneratedFile, D:\STM\Encoder\Core\Src\stm32f1xx_it.c_save
2023-11-18 11:59:48,143 [INFO] CodeEngine:279 - Generated code: D:\STM\Encoder\Core\Src\stm32f1xx_it.c
2023-11-18 11:59:48,149 [INFO] CodeEngine:255 - oldGeneratedFile, D:\STM\Encoder\Core\Inc\stm32f1xx_it.h_save
2023-11-18 11:59:48,220 [INFO] CodeEngine:279 - Generated code: D:\STM\Encoder\Core\Inc\stm32f1xx_it.h
2023-11-18 11:59:48,226 [INFO] CodeEngine:255 - oldGeneratedFile, D:\STM\Encoder\Core\Src\stm32f1xx_hal_msp.c_save
2023-11-18 11:59:48,290 [INFO] CodeEngine:279 - Generated code: D:\STM\Encoder\Core\Src\stm32f1xx_hal_msp.c
2023-11-18 11:59:48,295 [INFO] CodeEngine:255 - oldGeneratedFile, D:\STM\Encoder\MXTmpFiles\system.tmp_save
2023-11-18 11:59:48,361 [INFO] CodeEngine:279 - Generated code: D:\STM\Encoder\MXTmpFiles\system.tmp
2023-11-18 11:59:48,368 [INFO] CodeEngine:311 - oldGeneratedFile, D:\STM\Encoder\Core\Inc\stm32f1xx_hal_conf.h_save
2023-11-18 11:59:48,441 [INFO] CodeEngine:335 - Generated code: D:\STM\Encoder\Core\Inc\stm32f1xx_hal_conf.h
2023-11-18 11:59:48,459 [INFO] CodeEngine:255 - oldGeneratedFile, D:\STM\Encoder\Core\Inc\main.h_save
2023-11-18 11:59:48,500 [INFO] CodeEngine:279 - Generated code: D:\STM\Encoder\Core\Inc\main.h
2023-11-18 11:59:48,503 [INFO] CodeEngine:255 - oldGeneratedFile, D:\STM\Encoder\Core\Src\main.c_save
2023-11-18 11:59:48,582 [INFO] CodeEngine:279 - Generated code: D:\STM\Encoder\Core\Src\main.c
2023-11-18 11:59:48,829 [ERROR] ProjectBuilder:6439 - Problem during Copy of File LICENSE.txt
2023-11-18 11:59:48,831 [ERROR] ProjectBuilder:6439 - Problem during Copy of File LICENSE.txt
2023-11-18 11:59:48,833 [ERROR] ProjectBuilder:6439 - Problem during Copy of File LICENSE.txt
2023-11-18 11:59:48,833 [ERROR] ProjectBuilder:6439 - Problem during Copy of File LICENSE.txt
2023-11-18 11:59:48,834 [ERROR] ProjectBuilder:6439 - Problem during Copy of File LICENSE.txt
2023-11-18 11:59:48,834 [ERROR] ProjectBuilder:6439 - Problem during Copy of File LICENSE.txt
2023-11-18 11:59:48,835 [ERROR] ProjectBuilder:6439 - Problem during Copy of File LICENSE.txt
2023-11-18 11:59:48,835 [ERROR] ProjectBuilder:6439 - Problem during Copy of File LICENSE.txt
2023-11-18 11:59:48,849 [ERROR] ProjectBuilder:6439 - Problem during Copy of File LICENSE.txt
2023-11-18 11:59:48,851 [ERROR] ProjectBuilder:6439 - Problem during Copy of File LICENSE.txt
2023-11-18 11:59:48,851 [ERROR] ProjectBuilder:6439 - Problem during Copy of File LICENSE.txt
2023-11-18 11:59:48,851 [ERROR] ProjectBuilder:6439 - Problem during Copy of File LICENSE.txt
2023-11-18 11:59:48,853 [ERROR] ProjectBuilder:6439 - Problem during Copy of File LICENSE.txt
2023-11-18 11:59:48,854 [ERROR] ProjectBuilder:6439 - Problem during Copy of File LICENSE.txt
2023-11-18 11:59:48,854 [ERROR] ProjectBuilder:6439 - Problem during Copy of File LICENSE.txt
2023-11-18 11:59:48,854 [ERROR] ProjectBuilder:6439 - Problem during Copy of File LICENSE.txt
2023-11-18 11:59:48,887 [INFO] ProjectBuilder:3064 - Time for Copy HAL[1] : 60mS.
2023-11-18 11:59:48,888 [INFO] ProjectBuilder:4404 - Project Generator version: 4.1.0
2023-11-18 11:59:49,135 [INFO] ConfigFileManager:1457 - The Die is : DIE410
2023-11-18 11:59:49,772 [INFO] ProjectBuilder:4626 - Time for Generating toolchain IDE Files: 884mS.
2023-11-18 11:59:49,772 [INFO] ProjectBuilder:2935 - Time for Copy CMSIS : 0mS.
2023-11-18 11:59:49,773 [INFO] ProjectBuilder:2935 - Time for Copy CMSIS : 0mS.
2023-11-18 12:00:03,995 [INFO] UtilMem:75 - End SaveConfig() Used Memory: 635513272 Bytes (909115392)
2023-11-18 12:00:04,053 [INFO] UtilMem:75 - End SaveConfig() Used Memory: 648512424 Bytes (909115392)
2023-11-18 12:00:04,185 [INFO] UtilMem:75 - End SaveConfig() Used Memory: 673440712 Bytes (909115392)
2023-11-18 12:00:04,290 [INFO] BlockDiagram:2759 - set Specific Code input for plugin: NVIC
2023-11-18 12:00:04,290 [INFO] BlockDiagram:2759 - set Specific Code input for plugin: SYS
2023-11-18 12:00:04,290 [INFO] BlockDiagram:2759 - set Specific Code input for plugin: GPIO
2023-11-18 12:00:04,290 [INFO] BlockDiagram:2759 - set Specific Code input for plugin: RCC
2023-11-18 12:00:04,290 [INFO] CodeGenerator:799 - code generatio: config db path: D:\ST\STM32CubeIDE_1.13.2\STM32CubeIDE\plugins\com.st.stm32cube.common.mx_6.9.2.202309101412\\db\
2023-11-18 12:00:04,356 [INFO] CodeEngine:255 - oldGeneratedFile, D:\STM\Encoder\MXTmpFiles\license.tmp_save
2023-11-18 12:00:04,418 [INFO] CodeEngine:279 - Generated code: D:\STM\Encoder\MXTmpFiles\license.tmp
2023-11-18 12:00:04,450 [INFO] CodeEngine:255 - oldGeneratedFile, D:\STM\Encoder\Core\Src\gpio.c_save
2023-11-18 12:00:04,491 [INFO] CodeEngine:279 - Generated code: D:\STM\Encoder\Core\Src\gpio.c
2023-11-18 12:00:04,494 [INFO] CodeEngine:255 - oldGeneratedFile, D:\STM\Encoder\Core\Inc\gpio.h_save
2023-11-18 12:00:04,531 [INFO] CodeEngine:279 - Generated code: D:\STM\Encoder\Core\Inc\gpio.h
2023-11-18 12:00:04,539 [INFO] CodeEngine:255 - oldGeneratedFile, D:\STM\Encoder\Core\Src\stm32f1xx_it.c_save
2023-11-18 12:00:04,588 [INFO] CodeEngine:279 - Generated code: D:\STM\Encoder\Core\Src\stm32f1xx_it.c
2023-11-18 12:00:04,591 [INFO] CodeEngine:255 - oldGeneratedFile, D:\STM\Encoder\Core\Inc\stm32f1xx_it.h_save
2023-11-18 12:00:04,638 [INFO] CodeEngine:279 - Generated code: D:\STM\Encoder\Core\Inc\stm32f1xx_it.h
2023-11-18 12:00:04,647 [INFO] CodeEngine:255 - oldGeneratedFile, D:\STM\Encoder\Core\Src\stm32f1xx_hal_msp.c_save
2023-11-18 12:00:04,707 [INFO] CodeEngine:279 - Generated code: D:\STM\Encoder\Core\Src\stm32f1xx_hal_msp.c
2023-11-18 12:00:04,709 [INFO] CodeEngine:255 - oldGeneratedFile, D:\STM\Encoder\MXTmpFiles\system.tmp_save
2023-11-18 12:00:04,758 [INFO] CodeEngine:279 - Generated code: D:\STM\Encoder\MXTmpFiles\system.tmp
2023-11-18 12:00:04,767 [INFO] CodeEngine:311 - oldGeneratedFile, D:\STM\Encoder\Core\Inc\stm32f1xx_hal_conf.h_save
2023-11-18 12:00:04,850 [INFO] CodeEngine:335 - Generated code: D:\STM\Encoder\Core\Inc\stm32f1xx_hal_conf.h
2023-11-18 12:00:04,870 [INFO] CodeEngine:255 - oldGeneratedFile, D:\STM\Encoder\Core\Inc\main.h_save
2023-11-18 12:00:04,913 [INFO] CodeEngine:279 - Generated code: D:\STM\Encoder\Core\Inc\main.h
2023-11-18 12:00:04,916 [INFO] CodeEngine:255 - oldGeneratedFile, D:\STM\Encoder\Core\Src\main.c_save
2023-11-18 12:00:04,966 [INFO] CodeEngine:279 - Generated code: D:\STM\Encoder\Core\Src\main.c
2023-11-18 12:00:05,196 [ERROR] ProjectBuilder:6439 - Problem during Copy of File LICENSE.txt
2023-11-18 12:00:05,197 [ERROR] ProjectBuilder:6439 - Problem during Copy of File LICENSE.txt
2023-11-18 12:00:05,198 [ERROR] ProjectBuilder:6439 - Problem during Copy of File LICENSE.txt
2023-11-18 12:00:05,198 [ERROR] ProjectBuilder:6439 - Problem during Copy of File LICENSE.txt
2023-11-18 12:00:05,199 [ERROR] ProjectBuilder:6439 - Problem during Copy of File LICENSE.txt
2023-11-18 12:00:05,199 [ERROR] ProjectBuilder:6439 - Problem during Copy of File LICENSE.txt
2023-11-18 12:00:05,200 [ERROR] ProjectBuilder:6439 - Problem during Copy of File LICENSE.txt
2023-11-18 12:00:05,200 [ERROR] ProjectBuilder:6439 - Problem during Copy of File LICENSE.txt
2023-11-18 12:00:05,211 [ERROR] ProjectBuilder:6439 - Problem during Copy of File LICENSE.txt
2023-11-18 12:00:05,212 [ERROR] ProjectBuilder:6439 - Problem during Copy of File LICENSE.txt
2023-11-18 12:00:05,213 [ERROR] ProjectBuilder:6439 - Problem during Copy of File LICENSE.txt
2023-11-18 12:00:05,213 [ERROR] ProjectBuilder:6439 - Problem during Copy of File LICENSE.txt
2023-11-18 12:00:05,214 [ERROR] ProjectBuilder:6439 - Problem during Copy of File LICENSE.txt
2023-11-18 12:00:05,214 [ERROR] ProjectBuilder:6439 - Problem during Copy of File LICENSE.txt
2023-11-18 12:00:05,214 [ERROR] ProjectBuilder:6439 - Problem during Copy of File LICENSE.txt
2023-11-18 12:00:05,215 [ERROR] ProjectBuilder:6439 - Problem during Copy of File LICENSE.txt
2023-11-18 12:00:05,248 [INFO] ProjectBuilder:3064 - Time for Copy HAL[1] : 53mS.
2023-11-18 12:00:05,249 [INFO] ProjectBuilder:4404 - Project Generator version: 4.1.0
2023-11-18 12:00:05,399 [INFO] ConfigFileManager:1457 - The Die is : DIE410
2023-11-18 12:00:06,085 [INFO] ProjectBuilder:4626 - Time for Generating toolchain IDE Files: 836mS.
2023-11-18 12:00:06,086 [INFO] ProjectBuilder:2935 - Time for Copy CMSIS : 0mS.
2023-11-18 12:00:06,087 [INFO] ProjectBuilder:2935 - Time for Copy CMSIS : 0mS.
2023-11-18 12:00:06,957 [INFO] Gpio:273 - dependency for GPIO [RCC, SYS]
2023-11-18 12:00:13,144 [INFO] UtilMem:75 - End SaveConfig() Used Memory: 311729768 Bytes (972029952)
2023-11-18 12:00:13,203 [INFO] UtilMem:75 - End SaveConfig() Used Memory: 324235168 Bytes (972029952)
2023-11-18 12:00:13,324 [INFO] UtilMem:75 - End SaveConfig() Used Memory: 346858464 Bytes (972029952)
2023-11-18 12:00:13,427 [INFO] BlockDiagram:2759 - set Specific Code input for plugin: NVIC
2023-11-18 12:00:13,427 [INFO] BlockDiagram:2759 - set Specific Code input for plugin: SYS
2023-11-18 12:00:13,427 [INFO] BlockDiagram:2759 - set Specific Code input for plugin: GPIO
2023-11-18 12:00:13,427 [INFO] BlockDiagram:2759 - set Specific Code input for plugin: RCC
2023-11-18 12:00:13,428 [INFO] CodeGenerator:799 - code generatio: config db path: D:\ST\STM32CubeIDE_1.13.2\STM32CubeIDE\plugins\com.st.stm32cube.common.mx_6.9.2.202309101412\\db\
2023-11-18 12:00:13,498 [INFO] CodeEngine:255 - oldGeneratedFile, D:\STM\Encoder\MXTmpFiles\license.tmp_save
2023-11-18 12:00:13,547 [INFO] CodeEngine:279 - Generated code: D:\STM\Encoder\MXTmpFiles\license.tmp
2023-11-18 12:00:13,554 [INFO] CodeEngine:255 - oldGeneratedFile, D:\STM\Encoder\Core\Src\gpio.c_save
2023-11-18 12:00:13,604 [INFO] CodeEngine:279 - Generated code: D:\STM\Encoder\Core\Src\gpio.c
2023-11-18 12:00:13,609 [INFO] CodeEngine:255 - oldGeneratedFile, D:\STM\Encoder\Core\Inc\gpio.h_save
2023-11-18 12:00:13,648 [INFO] CodeEngine:279 - Generated code: D:\STM\Encoder\Core\Inc\gpio.h
2023-11-18 12:00:13,662 [INFO] CodeEngine:255 - oldGeneratedFile, D:\STM\Encoder\Core\Src\stm32f1xx_it.c_save
2023-11-18 12:00:13,733 [INFO] CodeEngine:279 - Generated code: D:\STM\Encoder\Core\Src\stm32f1xx_it.c
2023-11-18 12:00:13,738 [INFO] CodeEngine:255 - oldGeneratedFile, D:\STM\Encoder\Core\Inc\stm32f1xx_it.h_save
2023-11-18 12:00:13,789 [INFO] CodeEngine:279 - Generated code: D:\STM\Encoder\Core\Inc\stm32f1xx_it.h
2023-11-18 12:00:13,796 [INFO] CodeEngine:255 - oldGeneratedFile, D:\STM\Encoder\Core\Src\stm32f1xx_hal_msp.c_save
2023-11-18 12:00:13,866 [INFO] CodeEngine:279 - Generated code: D:\STM\Encoder\Core\Src\stm32f1xx_hal_msp.c
2023-11-18 12:00:13,868 [INFO] CodeEngine:255 - oldGeneratedFile, D:\STM\Encoder\MXTmpFiles\system.tmp_save
2023-11-18 12:00:13,906 [INFO] CodeEngine:279 - Generated code: D:\STM\Encoder\MXTmpFiles\system.tmp
2023-11-18 12:00:13,911 [INFO] CodeEngine:311 - oldGeneratedFile, D:\STM\Encoder\Core\Inc\stm32f1xx_hal_conf.h_save
2023-11-18 12:00:13,966 [INFO] CodeEngine:335 - Generated code: D:\STM\Encoder\Core\Inc\stm32f1xx_hal_conf.h
2023-11-18 12:00:13,983 [INFO] CodeEngine:255 - oldGeneratedFile, D:\STM\Encoder\Core\Inc\main.h_save
2023-11-18 12:00:14,038 [INFO] CodeEngine:279 - Generated code: D:\STM\Encoder\Core\Inc\main.h
2023-11-18 12:00:14,042 [INFO] CodeEngine:255 - oldGeneratedFile, D:\STM\Encoder\Core\Src\main.c_save
2023-11-18 12:00:14,100 [INFO] CodeEngine:279 - Generated code: D:\STM\Encoder\Core\Src\main.c
2023-11-18 12:00:14,444 [ERROR] ProjectBuilder:6439 - Problem during Copy of File LICENSE.txt
2023-11-18 12:00:14,445 [ERROR] ProjectBuilder:6439 - Problem during Copy of File LICENSE.txt
2023-11-18 12:00:14,446 [ERROR] ProjectBuilder:6439 - Problem during Copy of File LICENSE.txt
2023-11-18 12:00:14,446 [ERROR] ProjectBuilder:6439 - Problem during Copy of File LICENSE.txt
2023-11-18 12:00:14,446 [ERROR] ProjectBuilder:6439 - Problem during Copy of File LICENSE.txt
2023-11-18 12:00:14,447 [ERROR] ProjectBuilder:6439 - Problem during Copy of File LICENSE.txt
2023-11-18 12:00:14,447 [ERROR] ProjectBuilder:6439 - Problem during Copy of File LICENSE.txt
2023-11-18 12:00:14,448 [ERROR] ProjectBuilder:6439 - Problem during Copy of File LICENSE.txt
2023-11-18 12:00:14,459 [ERROR] ProjectBuilder:6439 - Problem during Copy of File LICENSE.txt
2023-11-18 12:00:14,460 [ERROR] ProjectBuilder:6439 - Problem during Copy of File LICENSE.txt
2023-11-18 12:00:14,461 [ERROR] ProjectBuilder:6439 - Problem during Copy of File LICENSE.txt
2023-11-18 12:00:14,461 [ERROR] ProjectBuilder:6439 - Problem during Copy of File LICENSE.txt
2023-11-18 12:00:14,461 [ERROR] ProjectBuilder:6439 - Problem during Copy of File LICENSE.txt
2023-11-18 12:00:14,462 [ERROR] ProjectBuilder:6439 - Problem during Copy of File LICENSE.txt
2023-11-18 12:00:14,462 [ERROR] ProjectBuilder:6439 - Problem during Copy of File LICENSE.txt
2023-11-18 12:00:14,463 [ERROR] ProjectBuilder:6439 - Problem during Copy of File LICENSE.txt
2023-11-18 12:00:14,496 [INFO] ProjectBuilder:3064 - Time for Copy HAL[1] : 54mS.
2023-11-18 12:00:14,497 [INFO] ProjectBuilder:4404 - Project Generator version: 4.1.0
2023-11-18 12:00:14,611 [INFO] ConfigFileManager:1457 - The Die is : DIE410
2023-11-18 12:00:15,334 [INFO] ProjectBuilder:4626 - Time for Generating toolchain IDE Files: 837mS.
2023-11-18 12:00:15,334 [INFO] ProjectBuilder:2935 - Time for Copy CMSIS : 0mS.
2023-11-18 12:00:15,335 [INFO] ProjectBuilder:2935 - Time for Copy CMSIS : 0mS.
2023-11-18 12:01:43,743 [INFO] Gpio:273 - dependency for GPIO [RCC, SYS]
2023-11-18 12:04:19,359 [INFO] UtilMem:75 - End SaveConfig() Used Memory: 375654632 Bytes (930086912)
2023-11-18 12:04:19,451 [INFO] UtilMem:75 - End SaveConfig() Used Memory: 388463336 Bytes (930086912)
2023-11-18 12:04:19,637 [INFO] UtilMem:75 - End SaveConfig() Used Memory: 434322184 Bytes (930086912)
2023-11-18 12:04:19,749 [INFO] BlockDiagram:2759 - set Specific Code input for plugin: NVIC
2023-11-18 12:04:19,750 [INFO] BlockDiagram:2759 - set Specific Code input for plugin: SYS
2023-11-18 12:04:19,750 [INFO] BlockDiagram:2759 - set Specific Code input for plugin: GPIO
2023-11-18 12:04:19,750 [INFO] BlockDiagram:2759 - set Specific Code input for plugin: RCC
2023-11-18 12:04:19,750 [INFO] CodeGenerator:799 - code generatio: config db path: D:\ST\STM32CubeIDE_1.13.2\STM32CubeIDE\plugins\com.st.stm32cube.common.mx_6.9.2.202309101412\\db\
2023-11-18 12:04:19,824 [INFO] CodeEngine:255 - oldGeneratedFile, D:\STM\Encoder\MXTmpFiles\license.tmp_save
2023-11-18 12:04:19,863 [INFO] CodeEngine:279 - Generated code: D:\STM\Encoder\MXTmpFiles\license.tmp
2023-11-18 12:04:19,871 [INFO] CodeEngine:255 - oldGeneratedFile, D:\STM\Encoder\Core\Src\gpio.c_save
2023-11-18 12:04:19,915 [INFO] CodeEngine:279 - Generated code: D:\STM\Encoder\Core\Src\gpio.c
2023-11-18 12:04:19,919 [INFO] CodeEngine:255 - oldGeneratedFile, D:\STM\Encoder\Core\Inc\gpio.h_save
2023-11-18 12:04:19,957 [INFO] CodeEngine:279 - Generated code: D:\STM\Encoder\Core\Inc\gpio.h
2023-11-18 12:04:19,965 [INFO] CodeEngine:255 - oldGeneratedFile, D:\STM\Encoder\Core\Src\stm32f1xx_it.c_save
2023-11-18 12:04:20,016 [INFO] CodeEngine:279 - Generated code: D:\STM\Encoder\Core\Src\stm32f1xx_it.c
2023-11-18 12:04:20,019 [INFO] CodeEngine:255 - oldGeneratedFile, D:\STM\Encoder\Core\Inc\stm32f1xx_it.h_save
2023-11-18 12:04:20,059 [INFO] CodeEngine:279 - Generated code: D:\STM\Encoder\Core\Inc\stm32f1xx_it.h
2023-11-18 12:04:20,066 [INFO] CodeEngine:255 - oldGeneratedFile, D:\STM\Encoder\Core\Src\stm32f1xx_hal_msp.c_save
2023-11-18 12:04:20,120 [INFO] CodeEngine:279 - Generated code: D:\STM\Encoder\Core\Src\stm32f1xx_hal_msp.c
2023-11-18 12:04:20,122 [INFO] CodeEngine:255 - oldGeneratedFile, D:\STM\Encoder\MXTmpFiles\system.tmp_save
2023-11-18 12:04:20,159 [INFO] CodeEngine:279 - Generated code: D:\STM\Encoder\MXTmpFiles\system.tmp
2023-11-18 12:04:20,164 [INFO] CodeEngine:311 - oldGeneratedFile, D:\STM\Encoder\Core\Inc\stm32f1xx_hal_conf.h_save
2023-11-18 12:04:20,206 [INFO] CodeEngine:335 - Generated code: D:\STM\Encoder\Core\Inc\stm32f1xx_hal_conf.h
2023-11-18 12:04:20,219 [INFO] CodeEngine:255 - oldGeneratedFile, D:\STM\Encoder\Core\Inc\main.h_save
2023-11-18 12:04:20,261 [INFO] CodeEngine:279 - Generated code: D:\STM\Encoder\Core\Inc\main.h
2023-11-18 12:04:20,264 [INFO] CodeEngine:255 - oldGeneratedFile, D:\STM\Encoder\Core\Src\main.c_save
2023-11-18 12:04:20,330 [INFO] CodeEngine:279 - Generated code: D:\STM\Encoder\Core\Src\main.c
2023-11-18 12:04:20,613 [ERROR] ProjectBuilder:6439 - Problem during Copy of File LICENSE.txt
2023-11-18 12:04:20,614 [ERROR] ProjectBuilder:6439 - Problem during Copy of File LICENSE.txt
2023-11-18 12:04:20,615 [ERROR] ProjectBuilder:6439 - Problem during Copy of File LICENSE.txt
2023-11-18 12:04:20,615 [ERROR] ProjectBuilder:6439 - Problem during Copy of File LICENSE.txt
2023-11-18 12:04:20,616 [ERROR] ProjectBuilder:6439 - Problem during Copy of File LICENSE.txt
2023-11-18 12:04:20,616 [ERROR] ProjectBuilder:6439 - Problem during Copy of File LICENSE.txt
2023-11-18 12:04:20,617 [ERROR] ProjectBuilder:6439 - Problem during Copy of File LICENSE.txt
2023-11-18 12:04:20,617 [ERROR] ProjectBuilder:6439 - Problem during Copy of File LICENSE.txt
2023-11-18 12:04:20,629 [ERROR] ProjectBuilder:6439 - Problem during Copy of File LICENSE.txt
2023-11-18 12:04:20,630 [ERROR] ProjectBuilder:6439 - Problem during Copy of File LICENSE.txt
2023-11-18 12:04:20,631 [ERROR] ProjectBuilder:6439 - Problem during Copy of File LICENSE.txt
2023-11-18 12:04:20,631 [ERROR] ProjectBuilder:6439 - Problem during Copy of File LICENSE.txt
2023-11-18 12:04:20,632 [ERROR] ProjectBuilder:6439 - Problem during Copy of File LICENSE.txt
2023-11-18 12:04:20,632 [ERROR] ProjectBuilder:6439 - Problem during Copy of File LICENSE.txt
2023-11-18 12:04:20,633 [ERROR] ProjectBuilder:6439 - Problem during Copy of File LICENSE.txt
2023-11-18 12:04:20,633 [ERROR] ProjectBuilder:6439 - Problem during Copy of File LICENSE.txt
2023-11-18 12:04:20,670 [INFO] ProjectBuilder:3064 - Time for Copy HAL[1] : 59mS.
2023-11-18 12:04:20,671 [INFO] ProjectBuilder:4404 - Project Generator version: 4.1.0
2023-11-18 12:04:20,784 [INFO] ConfigFileManager:1457 - The Die is : DIE410
2023-11-18 12:04:21,541 [INFO] ProjectBuilder:4626 - Time for Generating toolchain IDE Files: 870mS.
2023-11-18 12:04:21,542 [INFO] ProjectBuilder:2935 - Time for Copy CMSIS : 0mS.
2023-11-18 12:04:21,542 [INFO] ProjectBuilder:2935 - Time for Copy CMSIS : 0mS.
2023-11-18 13:10:11,891 [INFO] MainUpdater:2868 - connection check result : 10
2023-11-18 13:10:12,006 [INFO] McuFinderGlobals:76 - Set McuFinderConnectedMode to true
2023-11-18 13:10:12,009 [INFO] MultiScanPanel:200 - Auto-refresh data requested => check proxy status ongoing
2023-11-18 13:10:12,010 [INFO] FinderPluginLoader:95 - Searching for filters in installed packs
2023-11-18 13:10:12,543 [INFO] LoadUrlFilesThread:185 - End of LoadServerUrlFiles without Thread
2023-11-18 13:10:12,543 [INFO] DetailPanel:341 - Set advertising image to D:\STM\Repository\en.prom-stm32h5-mcu-finder.jpg
2023-11-18 13:10:24,798 [INFO] MainUpdater:2868 - connection check result : 10
2023-11-18 13:10:24,798 [INFO] MainUpdater:2868 - connection check result : 10
2023-11-18 13:10:24,844 [INFO] MicroXplorer:468 - Change Database Path : 
2023-11-18 13:10:24,844 [INFO] MicroXplorer:498 - Change Database Version : DB.6.0.92
2023-11-18 13:10:24,856 [WARN] ThirdParty:871 - waiting for thirdparty lock release [close project]
2023-11-18 13:10:24,856 [INFO] ThirdParty:873 - entering critical section [close project]
2023-11-18 13:10:24,856 [INFO] ThirdParty:883 - exiting critical section [close project]
2023-11-18 13:10:24,857 [INFO] PinOutPanel:1499 - setPackage(No Configuration,No Configuration)
2023-11-18 13:10:24,860 [INFO] UtilMem:75 - Begin LoadConfig() Used Memory: 691748160 Bytes (912261120)
2023-11-18 13:10:24,860 [INFO] MicroXplorer:468 - Change Database Path : 
2023-11-18 13:10:24,860 [INFO] MicroXplorer:498 - Change Database Version : DB.6.0.92
2023-11-18 13:10:24,860 [INFO] OpenFileManager:308 - Change cursor
2023-11-18 13:10:24,869 [INFO] RulesReader:64 - Compatibility file has been processed (293 Rules)
2023-11-18 13:10:24,871 [INFO] Mcu:1946 - Initializing MCU STM32F103C8Tx STM32F103C8Tx STM32F103C8T6
2023-11-18 13:10:25,135 [INFO] Context:659 - Trying to add GPIOservice into a context  which must be forbidden
2023-11-18 13:10:25,184 [INFO] ImportTextPane:194 - (OptionalMessage_ERROR) Unable to find key (Mcu.ThirdPartyNb) in loaded IOC file
2023-11-18 13:10:25,184 [INFO] ImportTextPane:194 - (OptionalMessage_ERROR) Unable to find key (Mcu.PinsNb) in loaded IOC file
2023-11-18 13:10:25,185 [INFO] ImportTextPane:194 - (OptionalMessage_ERROR) Unable to find key (Mcu.IPNb) in loaded IOC file
2023-11-18 13:10:25,238 [INFO] RtosManager:555 - Registered RTOS mode: class=CMSIS, group=RTOS, mode=CMSIS_V1, owner=FREERTOS
2023-11-18 13:10:25,238 [INFO] RtosManager:555 - Registered RTOS mode: class=CMSIS, group=RTOS2, mode=CMSIS_V2, owner=FREERTOS
2023-11-18 13:10:25,238 [INFO] RtosManager:555 - Registered RTOS mode: class=RTOS, group=Core, mode=CMSIS_V1, owner=FREERTOS
2023-11-18 13:10:25,238 [INFO] RtosManager:555 - Registered RTOS mode: class=RTOS, group=Core, mode=CMSIS_V2, owner=FREERTOS
2023-11-18 13:10:25,238 [WARN] ModelIntegratedComponent:184 - Missing modes for component STMicroelectronics:FreeRTOS:0.0.1:STMicroelectronics:RTOS:FreeRTOS:Core:::10.2.0:
2023-11-18 13:10:25,243 [WARN] ModelIntegratedComponent:63 - No mode defined for component null
2023-11-18 13:10:25,243 [WARN] ModelIntegratedComponent:63 - No mode defined for component null
2023-11-18 13:10:25,243 [WARN] ModelIntegratedComponent:63 - No mode defined for component null
2023-11-18 13:10:25,243 [WARN] ModelIntegratedComponent:63 - No mode defined for component null
2023-11-18 13:10:25,243 [WARN] ModelIntegratedComponent:63 - No mode defined for component null
2023-11-18 13:10:25,243 [WARN] ModelIntegratedComponent:63 - No mode defined for component null
2023-11-18 13:10:25,243 [WARN] ModelIntegratedComponent:63 - No mode defined for component null
2023-11-18 13:10:25,243 [WARN] ModelIntegratedComponent:63 - No mode defined for component null
2023-11-18 13:10:25,243 [WARN] ModelIntegratedComponent:63 - No mode defined for component null
2023-11-18 13:10:25,243 [WARN] ModelIntegratedComponent:63 - No mode defined for component null
2023-11-18 13:10:25,243 [WARN] ModelIntegratedComponent:63 - No mode defined for component null
2023-11-18 13:10:25,243 [WARN] ModelIntegratedComponent:63 - No mode defined for component null
2023-11-18 13:10:25,243 [WARN] ModelIntegratedComponent:63 - No mode defined for component null
2023-11-18 13:10:25,243 [WARN] ModelIntegratedComponent:63 - No mode defined for component null
2023-11-18 13:10:25,243 [WARN] ModelIntegratedComponent:63 - No mode defined for component null
2023-11-18 13:10:25,243 [WARN] ModelIntegratedComponent:63 - No mode defined for component null
2023-11-18 13:10:25,243 [WARN] ModelIntegratedComponent:63 - No mode defined for component null
2023-11-18 13:10:25,243 [WARN] ModelIntegratedComponent:63 - No mode defined for component null
2023-11-18 13:10:25,243 [WARN] ModelIntegratedComponent:63 - No mode defined for component null
2023-11-18 13:10:25,243 [WARN] ModelIntegratedComponent:63 - No mode defined for component null
2023-11-18 13:10:25,243 [WARN] ModelIntegratedComponent:63 - No mode defined for component null
2023-11-18 13:10:25,243 [WARN] ModelIntegratedComponent:63 - No mode defined for component null
2023-11-18 13:10:25,243 [WARN] ModelIntegratedComponent:63 - No mode defined for component null
2023-11-18 13:10:25,243 [WARN] ModelIntegratedComponent:63 - No mode defined for component null
2023-11-18 13:10:25,243 [WARN] ModelIntegratedComponent:63 - No mode defined for component null
2023-11-18 13:10:25,243 [WARN] ModelIntegratedComponent:63 - No mode defined for component null
2023-11-18 13:10:25,243 [WARN] ModelIntegratedComponent:63 - No mode defined for component null
2023-11-18 13:10:25,243 [WARN] ModelIntegratedComponent:63 - No mode defined for component null
2023-11-18 13:10:25,243 [WARN] ModelIntegratedComponent:63 - No mode defined for component null
2023-11-18 13:10:25,243 [WARN] ModelIntegratedComponent:63 - No mode defined for component null
2023-11-18 13:10:25,243 [WARN] ModelIntegratedComponent:63 - No mode defined for component null
2023-11-18 13:10:25,243 [WARN] ModelIntegratedComponent:63 - No mode defined for component null
2023-11-18 13:10:25,243 [WARN] ModelIntegratedComponent:63 - No mode defined for component null
2023-11-18 13:10:25,291 [INFO] ThirdPartyModel:298 - Start build external matchings
2023-11-18 13:10:25,651 [INFO] ThirdPartyModel:316 - End build external matchings
2023-11-18 13:10:25,794 [INFO] UtilMem:75 - End LoadConfig() Used Memory: 277953056 Bytes (912261120)
2023-11-18 13:10:25,861 [WARN] ThirdParty:833 - waiting for thirdparty lock release [change project]
2023-11-18 13:10:25,861 [INFO] ThirdParty:835 - entering critical section [change project]
2023-11-18 13:10:25,861 [INFO] ThirdParty:1030 - CMSIS Pack Vendor :STMicroelectronics X-CUBE-ISPU 1.1.0
2023-11-18 13:10:25,861 [INFO] ThirdParty:1030 - CMSIS Pack Vendor :STMicroelectronics USBPD 4.1
2023-11-18 13:10:25,861 [INFO] ThirdParty:1030 - CMSIS Pack Vendor :STMicroelectronics X-CUBE-GNSS1 6.0.0
2023-11-18 13:10:25,861 [INFO] ThirdParty:1030 - CMSIS Pack Vendor :STMicroelectronics USB_HOST 2.0.0
2023-11-18 13:10:25,861 [INFO] ThirdParty:1030 - CMSIS Pack Vendor :STMicroelectronics X-CUBE-AZRTOS-F4 1.1.0
2023-11-18 13:10:25,861 [INFO] ThirdParty:1030 - CMSIS Pack Vendor :STMicroelectronics LIBJPEG 8.0.0
2023-11-18 13:10:25,861 [INFO] ThirdParty:1030 - CMSIS Pack Vendor :wolfSSL I-CUBE-wolfSSL 5.6.3
2023-11-18 13:10:25,861 [INFO] ThirdParty:1030 - CMSIS Pack Vendor :STMicroelectronics X-CUBE-SMBUS 2.1.0
2023-11-18 13:10:25,861 [INFO] ThirdParty:1030 - CMSIS Pack Vendor :STMicroelectronics USB_DEVICE 3.0.0
2023-11-18 13:10:25,861 [INFO] ThirdParty:1030 - CMSIS Pack Vendor :STMicroelectronics X-CUBE-AZRTOS-WB 2.0.0
2023-11-18 13:10:25,861 [INFO] ThirdParty:1030 - CMSIS Pack Vendor :STMicroelectronics X-CUBE-AZRTOS-F7 1.1.0
2023-11-18 13:10:25,861 [INFO] ThirdParty:1030 - CMSIS Pack Vendor :STMicroelectronics X-CUBE-AZRTOS-L5 2.0.0
2023-11-18 13:10:25,862 [INFO] ThirdParty:1030 - CMSIS Pack Vendor :STMicroelectronics USB_DEVICE 2.0.0
2023-11-18 13:10:25,862 [INFO] ThirdParty:1030 - CMSIS Pack Vendor :STMicroelectronics X-CUBE-MEMS1 9.6.0
2023-11-18 13:10:25,862 [INFO] ThirdParty:1030 - CMSIS Pack Vendor :STMicroelectronics X-CUBE-EEPRMA1 4.2.0
2023-11-18 13:10:25,862 [INFO] ThirdParty:1030 - CMSIS Pack Vendor :ITTIA_DB I-CUBE-ITTIADB 8.8.0
2023-11-18 13:10:25,862 [INFO] ThirdParty:1030 - CMSIS Pack Vendor :STMicroelectronics FP-SNS-MOTENV1 4.3.2
2023-11-18 13:10:25,862 [INFO] ThirdParty:1030 - CMSIS Pack Vendor :STMicroelectronics X-CUBE-ALGOBUILD 1.3.0
2023-11-18 13:10:25,862 [INFO] ThirdParty:1030 - CMSIS Pack Vendor :STMicroelectronics FreeRTOS 0.0.1
2023-11-18 13:10:25,862 [INFO] ThirdParty:1030 - CMSIS Pack Vendor :STMicroelectronics X-CUBE-AZRTOS-G0 1.1.0
2023-11-18 13:10:25,862 [INFO] ThirdParty:1030 - CMSIS Pack Vendor :STMicroelectronics X-CUBE-BLEMGR 2.0.0
2023-11-18 13:10:25,862 [INFO] ThirdParty:1030 - CMSIS Pack Vendor :STMicroelectronics X-CUBE-NFC4 3.0.0
2023-11-18 13:10:25,862 [INFO] ThirdParty:1030 - CMSIS Pack Vendor :STMicroelectronics X-CUBE-SUBG2 5.0.0
2023-11-18 13:10:25,862 [INFO] ThirdParty:1030 - CMSIS Pack Vendor :STMicroelectronics STM32_WPAN 1.0.0
2023-11-18 13:10:25,862 [INFO] ThirdParty:1030 - CMSIS Pack Vendor :STMicroelectronics lwIP 2.0.3
2023-11-18 13:10:25,862 [INFO] ThirdParty:1030 - CMSIS Pack Vendor :STMicroelectronics FP-SNS-FLIGHT1 5.0.2
2023-11-18 13:10:25,862 [INFO] ThirdParty:1030 - CMSIS Pack Vendor :STMicroelectronics USB_HOST 1.0.0
2023-11-18 13:10:25,862 [INFO] ThirdParty:1030 - CMSIS Pack Vendor :STMicroelectronics X-CUBE-TOF1 3.3.1
2023-11-18 13:10:25,862 [INFO] ThirdParty:1030 - CMSIS Pack Vendor :STMicroelectronics X-CUBE-AZRTOS-G4 2.0.0
2023-11-18 13:10:25,862 [INFO] ThirdParty:1030 - CMSIS Pack Vendor :STMicroelectronics PDM2PCM 3.1.0
2023-11-18 13:10:25,862 [INFO] ThirdParty:1030 - CMSIS Pack Vendor :STMicroelectronics X-CUBE-AZRTOS-H7 3.1.0
2023-11-18 13:10:25,862 [INFO] ThirdParty:1030 - CMSIS Pack Vendor :Infineon AIROC-Wi-Fi-Bluetooth-STM32 1.5.1
2023-11-18 13:10:25,862 [INFO] ThirdParty:1030 - CMSIS Pack Vendor :STMicroelectronics X-CUBE-BLEMGR 3.0.0
2023-11-18 13:10:25,862 [INFO] ThirdParty:1030 - CMSIS Pack Vendor :STMicroelectronics PDM2PCM 3.3.0
2023-11-18 13:10:25,862 [INFO] ThirdParty:1030 - CMSIS Pack Vendor :STMicroelectronics X-CUBE-DISPLAY 3.0.0
2023-11-18 13:10:25,862 [INFO] ThirdParty:1030 - CMSIS Pack Vendor :STMicroelectronics FP-SNS-MOTENVWB1 1.3.0
2023-11-18 13:10:25,862 [INFO] ThirdParty:1030 - CMSIS Pack Vendor :STMicroelectronics X-CUBE-BLE1 7.0.0
2023-11-18 13:10:25,862 [INFO] ThirdParty:1030 - CMSIS Pack Vendor :STMicroelectronics FP-ATR-SIGFOX1 3.2.0
2023-11-18 13:10:25,862 [INFO] ThirdParty:1030 - CMSIS Pack Vendor :STMicroelectronics HAL Drivers 0.0.0
2023-11-18 13:10:25,862 [INFO] ThirdParty:1030 - CMSIS Pack Vendor :STMicroelectronics MBEDTLS 2.16.2
2023-11-18 13:10:25,862 [INFO] ThirdParty:1030 - CMSIS Pack Vendor :emotas I-CUBE-CANOPEN 1.3.0
2023-11-18 13:10:25,862 [INFO] ThirdParty:1030 - CMSIS Pack Vendor :STMicroelectronics X-CUBE-MEMS1 10.0.0
2023-11-18 13:10:25,862 [INFO] ThirdParty:1030 - CMSIS Pack Vendor :STMicroelectronics X-CUBE-FREERTOS 1.1.0
2023-11-18 13:10:25,862 [INFO] ThirdParty:1030 - CMSIS Pack Vendor :STMicroelectronics X-CUBE-NFC7 1.0.1
2023-11-18 13:10:25,862 [INFO] ThirdParty:1030 - CMSIS Pack Vendor :STMicroelectronics MBEDTLS 2.14.1
2023-11-18 13:10:25,862 [INFO] ThirdParty:1030 - CMSIS Pack Vendor :STMicroelectronics X-CUBE-TOUCHGFX 4.22.1
2023-11-18 13:10:25,862 [INFO] ThirdParty:1030 - CMSIS Pack Vendor :STMicroelectronics X-CUBE-NFC6 3.0.0
2023-11-18 13:10:25,862 [INFO] ThirdParty:1030 - CMSIS Pack Vendor :STMicroelectronics X-CUBE-EEPRMA1 4.1.0
2023-11-18 13:10:25,862 [INFO] ThirdParty:1030 - CMSIS Pack Vendor :portGmbH I-Cube-SoM-uGOAL 1.1.0
2023-11-18 13:10:25,862 [INFO] ThirdParty:1030 - CMSIS Pack Vendor :STMicroelectronics X-CUBE-ALS 1.0.1
2023-11-18 13:10:25,862 [INFO] ThirdParty:1030 - CMSIS Pack Vendor :STMicroelectronics ThreadX 1.0.0
2023-11-18 13:10:25,862 [INFO] ThirdParty:1030 - CMSIS Pack Vendor :STMicroelectronics FP-SNS-SMARTAG2 1.2.0
2023-11-18 13:10:25,862 [INFO] ThirdParty:1030 - CMSIS Pack Vendor :STMicroelectronics X-CUBE-AZRTOS-WL 2.0.0
2023-11-18 13:10:25,862 [INFO] ThirdParty:1030 - CMSIS Pack Vendor :SEGGER I-CUBE-embOS 1.3.1
2023-11-18 13:10:25,862 [INFO] ThirdParty:1030 - CMSIS Pack Vendor :STMicroelectronics USB_DEVICE 1.0.0
2023-11-18 13:10:25,862 [INFO] ThirdParty:1030 - CMSIS Pack Vendor :STMicroelectronics X-CUBE-AI 8.1.0
2023-11-18 13:10:25,862 [INFO] ThirdParty:1030 - CMSIS Pack Vendor :STMicroelectronics X-CUBE-AZRTOS-L4 2.0.0
2023-11-18 13:10:25,862 [INFO] ThirdParty:1030 - CMSIS Pack Vendor :STMicroelectronics ThreadX 0.0.2
2023-11-18 13:10:25,862 [INFO] ThirdParty:1030 - CMSIS Pack Vendor :WES I-CUBE-Cesium 1.3.0
2023-11-18 13:10:25,862 [INFO] ThirdParty:1030 - CMSIS Pack Vendor :STMicroelectronics FP-ATR-ASTRA1 2.0.0
2023-11-18 13:10:25,862 [INFO] ThirdParty:1030 - CMSIS Pack Vendor :STMicroelectronics lwIP 2.1.2
2023-11-18 13:10:25,862 [INFO] ThirdParty:1030 - CMSIS Pack Vendor :STMicroelectronics X-CUBE-SFXS2LP1 4.0.0
2023-11-18 13:10:25,862 [INFO] ThirdParty:1030 - CMSIS Pack Vendor :STMicroelectronics X-CUBE-BLE2 3.3.0
2023-11-18 13:10:25,862 [INFO] ThirdParty:1030 - CMSIS Pack Vendor :STMicroelectronics PDM2PCM 3.2.0
2023-11-18 13:10:25,863 [INFO] ThirdParty:841 - exiting critical section [change project]
2023-11-18 13:10:25,931 [INFO] PinOutPanel:1499 - setPackage(No Configuration,No Configuration)
2023-11-18 13:10:25,931 [INFO] PinOutPanel:1499 - setPackage(STM32F103C8Tx,LQFP48)
2023-11-18 13:10:26,066 [INFO] UtilMem:75 - Before build in PCC Used Memory: 271044072 Bytes (895483904)
2023-11-18 13:10:26,165 [INFO] UtilMem:75 - After build in PCC Used Memory: 311938536 Bytes (895483904)
2023-11-18 13:10:26,173 [INFO] IPUIPlugin:80 - create IPUIPlugin
2023-11-18 13:10:26,173 [INFO] IPUIPlugin:80 - create IPUIPlugin
2023-11-18 13:10:26,173 [INFO] IPUIPlugin:80 - create IPUIPlugin
2023-11-18 13:10:26,173 [INFO] IPUIPlugin:80 - create IPUIPlugin
2023-11-18 13:10:26,173 [INFO] IPUIPlugin:80 - create IPUIPlugin
2023-11-18 13:10:26,173 [INFO] IPUIPlugin:80 - create IPUIPlugin
2023-11-18 13:10:26,174 [INFO] IPUIPlugin:80 - create IPUIPlugin
2023-11-18 13:10:26,174 [INFO] IPUIPlugin:80 - create IPUIPlugin
2023-11-18 13:10:26,174 [INFO] IPUIPlugin:80 - create IPUIPlugin
2023-11-18 13:10:26,174 [INFO] IPUIPlugin:80 - create IPUIPlugin
2023-11-18 13:10:26,174 [INFO] IPUIPlugin:80 - create IPUIPlugin
2023-11-18 13:10:26,174 [INFO] IPUIPlugin:80 - create IPUIPlugin
2023-11-18 13:10:26,174 [INFO] IPUIPlugin:80 - create IPUIPlugin
2023-11-18 13:10:26,174 [INFO] IPUIPlugin:80 - create IPUIPlugin
2023-11-18 13:10:26,174 [INFO] IPUIPlugin:80 - create IPUIPlugin
2023-11-18 13:10:26,174 [INFO] IPUIPlugin:80 - create IPUIPlugin
2023-11-18 13:10:26,174 [INFO] IPUIPlugin:80 - create IPUIPlugin
2023-11-18 13:10:26,174 [INFO] IPUIPlugin:80 - create IPUIPlugin
2023-11-18 13:10:26,174 [INFO] IPUIPlugin:80 - create IPUIPlugin
2023-11-18 13:10:26,174 [INFO] IPUIPlugin:80 - create IPUIPlugin
2023-11-18 13:10:26,174 [INFO] IPUIPlugin:80 - create IPUIPlugin
2023-11-18 13:10:26,175 [INFO] IPUIPlugin:80 - create IPUIPlugin
2023-11-18 13:10:26,175 [INFO] IPUIPlugin:80 - create IPUIPlugin
2023-11-18 13:10:26,175 [INFO] IPUIPlugin:80 - create IPUIPlugin
2023-11-18 13:10:26,175 [INFO] IPUIPlugin:80 - create IPUIPlugin
2023-11-18 13:10:26,175 [INFO] IPUIPlugin:80 - create IPUIPlugin
2023-11-18 13:10:26,175 [INFO] IPUIPlugin:80 - create IPUIPlugin
2023-11-18 13:10:26,186 [INFO] CADModel:165 - CPN selected for project levelSTM32F103C8T6
2023-11-18 13:10:26,186 [INFO] CADModel:114 - Register for checkConnection events
2023-11-18 13:10:26,240 [INFO] OpenFileManager:328 - Restore cursor
2023-11-18 13:10:26,509 [INFO] UtilMem:75 - End SaveConfig() Used Memory: 367513064 Bytes (895483904)
2023-11-18 13:10:26,553 [INFO] UtilMem:75 - End SaveConfig() Used Memory: 382719464 Bytes (895483904)
2023-11-18 13:10:26,648 [INFO] BlockDiagram:2759 - set Specific Code input for plugin: NVIC
2023-11-18 13:10:26,649 [INFO] BlockDiagram:2759 - set Specific Code input for plugin: RCC
2023-11-18 13:10:26,649 [INFO] CodeGenerator:799 - code generatio: config db path: D:\ST\STM32CubeIDE_1.13.2\STM32CubeIDE\plugins\com.st.stm32cube.common.mx_6.9.2.202309101412\\db\
2023-11-18 13:10:26,715 [INFO] CodeEngine:255 - oldGeneratedFile, D:\STM\encoder\MXTmpFiles\license.tmp_save
2023-11-18 13:10:26,763 [INFO] CodeEngine:279 - Generated code: D:\STM\encoder\MXTmpFiles\license.tmp
2023-11-18 13:10:26,768 [INFO] CodeEngine:255 - oldGeneratedFile, D:\STM\encoder\Core\Src\stm32f1xx_it.c_save
2023-11-18 13:10:26,852 [INFO] CodeEngine:279 - Generated code: D:\STM\encoder\Core\Src\stm32f1xx_it.c
2023-11-18 13:10:26,854 [INFO] CodeEngine:255 - oldGeneratedFile, D:\STM\encoder\Core\Inc\stm32f1xx_it.h_save
2023-11-18 13:10:26,893 [INFO] CodeEngine:279 - Generated code: D:\STM\encoder\Core\Inc\stm32f1xx_it.h
2023-11-18 13:10:26,905 [INFO] CodeEngine:255 - oldGeneratedFile, D:\STM\encoder\Core\Src\stm32f1xx_hal_msp.c_save
2023-11-18 13:10:26,963 [INFO] CodeEngine:279 - Generated code: D:\STM\encoder\Core\Src\stm32f1xx_hal_msp.c
2023-11-18 13:10:26,965 [INFO] CodeEngine:255 - oldGeneratedFile, D:\STM\encoder\MXTmpFiles\system.tmp_save
2023-11-18 13:10:27,003 [INFO] CodeEngine:279 - Generated code: D:\STM\encoder\MXTmpFiles\system.tmp
2023-11-18 13:10:27,007 [INFO] CodeEngine:311 - oldGeneratedFile, D:\STM\encoder\Core\Inc\stm32f1xx_hal_conf.h_save
2023-11-18 13:10:27,052 [INFO] CodeEngine:335 - Generated code: D:\STM\encoder\Core\Inc\stm32f1xx_hal_conf.h
2023-11-18 13:10:27,063 [INFO] CodeEngine:255 - oldGeneratedFile, D:\STM\encoder\Core\Inc\main.h_save
2023-11-18 13:10:27,111 [INFO] CodeEngine:279 - Generated code: D:\STM\encoder\Core\Inc\main.h
2023-11-18 13:10:27,113 [INFO] CodeEngine:255 - oldGeneratedFile, D:\STM\encoder\Core\Src\main.c_save
2023-11-18 13:10:27,169 [INFO] CodeEngine:279 - Generated code: D:\STM\encoder\Core\Src\main.c
2023-11-18 13:10:27,461 [ERROR] ProjectBuilder:6439 - Problem during Copy of File LICENSE.txt
2023-11-18 13:10:27,462 [ERROR] ProjectBuilder:6439 - Problem during Copy of File LICENSE.txt
2023-11-18 13:10:27,465 [ERROR] ProjectBuilder:6439 - Problem during Copy of File LICENSE.txt
2023-11-18 13:10:27,465 [ERROR] ProjectBuilder:6439 - Problem during Copy of File LICENSE.txt
2023-11-18 13:10:27,466 [ERROR] ProjectBuilder:6439 - Problem during Copy of File LICENSE.txt
2023-11-18 13:10:27,467 [ERROR] ProjectBuilder:6439 - Problem during Copy of File LICENSE.txt
2023-11-18 13:10:27,468 [ERROR] ProjectBuilder:6439 - Problem during Copy of File LICENSE.txt
2023-11-18 13:10:27,468 [ERROR] ProjectBuilder:6439 - Problem during Copy of File LICENSE.txt
2023-11-18 13:10:27,469 [ERROR] ProjectBuilder:6439 - Problem during Copy of File LICENSE.txt
2023-11-18 13:10:27,469 [ERROR] ProjectBuilder:6439 - Problem during Copy of File LICENSE.txt
2023-11-18 13:10:27,470 [ERROR] ProjectBuilder:6439 - Problem during Copy of File LICENSE.txt
2023-11-18 13:10:27,470 [ERROR] ProjectBuilder:6439 - Problem during Copy of File LICENSE.txt
2023-11-18 13:10:27,470 [ERROR] ProjectBuilder:6439 - Problem during Copy of File LICENSE.txt
2023-11-18 13:10:27,538 [INFO] ProjectBuilder:3064 - Time for Copy HAL[1] : 83mS.
2023-11-18 13:10:27,539 [INFO] ProjectBuilder:4404 - Project Generator version: 4.1.0
2023-11-18 13:10:27,654 [INFO] ConfigFileManager:1457 - The Die is : DIE410
2023-11-18 13:10:27,655 [INFO] ApiDbMcu:507 - Load IP Config File for FATFS
2023-11-18 13:10:27,658 [INFO] ApiDbMcu:507 - Load IP Config File for FREERTOS
2023-11-18 13:10:27,660 [INFO] ApiDbMcu:507 - Load IP Config File for USB_DEVICE
2023-11-18 13:10:29,315 [INFO] ProjectBuilder:4626 - Time for Generating toolchain IDE Files: 1776mS.
2023-11-18 13:10:29,315 [INFO] ProjectBuilder:2935 - Time for Copy CMSIS : 0mS.
2023-11-18 13:10:29,318 [INFO] ProjectBuilder:2935 - Time for Copy CMSIS : 0mS.
2023-11-18 13:10:31,500 [INFO] McuFinderGlobals:76 - Set McuFinderConnectedMode to true
2023-11-18 13:10:31,504 [INFO] ApiDb:448 - Save user favorites file C:\Users\lenovo/.stm32cubeide/favorites.mcus.txt: 1 item(s)
2023-11-18 13:10:31,504 [INFO] ApiDb:452 - User favorites MCUs=[STM32F103C8T6]
2023-11-18 13:11:02,877 [INFO] Gpio:273 - dependency for GPIO [RCC, SYS]
2023-11-18 13:12:52,315 [INFO] Gpio:273 - dependency for GPIO [RCC, SYS]
2023-11-18 13:12:52,332 [INFO] NvicIntPanel:101 - NVIC parent = com.st.microxplorer.plugins.ip.nvic.MultiNvicIntPanel[,0,0,0x0,invalid,layout=javax.swing.BoxLayout,alignmentX=0.0,alignmentY=0.0,border=,flags=9,maximumSize=,minimumSize=,preferredSize=]
2023-11-18 13:12:54,526 [INFO] Gpio:273 - dependency for GPIO [RCC, SYS]
2023-11-18 13:13:09,396 [INFO] Gpio:273 - dependency for GPIO [RCC, SYS]
2023-11-18 13:15:23,568 [INFO] NvicIntPanel:101 - NVIC parent = com.st.microxplorer.plugins.ip.nvic.MultiNvicIntPanel[,0,0,0x0,invalid,layout=javax.swing.BoxLayout,alignmentX=0.0,alignmentY=0.0,border=,flags=9,maximumSize=,minimumSize=,preferredSize=]
