04:30:07 **** Incremental Build of configuration Debug for project LED2 ****
make -j20 all 
arm-none-eabi-gcc -o "LED2.elf" @"objects.list"   -mcpu=cortex-m3 -T"D:\STM\LED2\STM32F103C8TX_FLASH.ld" --specs=nosys.specs -Wl,-Map="LED2.map" -Wl,--gc-sections -static --specs=nano.specs -mfloat-abi=soft -mthumb -Wl,--start-group -lc -lm -Wl,--end-group
D:/ST/STM32CubeIDE_1.13.2/STM32CubeIDE/plugins/com.st.stm32cube.ide.mcu.externaltools.gnu-tools-for-stm32.11.3.rel1.win32_1.1.1.202309131626/tools/bin/../lib/gcc/arm-none-eabi/11.3.1/../../../../arm-none-eabi/bin/ld.exe: ./Drivers/CMSIS/system_stm32f1xx.o:D:/STM/LED2/Core/Src/system_stm32f1xx.c:123: multiple definition of `SystemCoreClock'; ./Core/Src/system_stm32f1xx.o:D:/STM/LED2/Debug/../Core/Src/system_stm32f1xx.c:123: first defined here
D:/ST/STM32CubeIDE_1.13.2/STM32CubeIDE/plugins/com.st.stm32cube.ide.mcu.externaltools.gnu-tools-for-stm32.11.3.rel1.win32_1.1.1.202309131626/tools/bin/../lib/gcc/arm-none-eabi/11.3.1/../../../../arm-none-eabi/bin/ld.exe: ./Drivers/CMSIS/system_stm32f1xx.o:D:/STM/LED2/Core/Src/system_stm32f1xx.c:124: multiple definition of `AHBPrescTable'; ./Core/Src/system_stm32f1xx.o:D:/STM/LED2/Debug/../Core/Src/system_stm32f1xx.c:124: first defined here
D:/ST/STM32CubeIDE_1.13.2/STM32CubeIDE/plugins/com.st.stm32cube.ide.mcu.externaltools.gnu-tools-for-stm32.11.3.rel1.win32_1.1.1.202309131626/tools/bin/../lib/gcc/arm-none-eabi/11.3.1/../../../../arm-none-eabi/bin/ld.exe: ./Drivers/CMSIS/system_stm32f1xx.o:D:/STM/LED2/Core/Src/system_stm32f1xx.c:125: multiple definition of `APBPrescTable'; ./Core/Src/system_stm32f1xx.o:D:/STM/LED2/Debug/../Core/Src/system_stm32f1xx.c:125: first defined here
D:/ST/STM32CubeIDE_1.13.2/STM32CubeIDE/plugins/com.st.stm32cube.ide.mcu.externaltools.gnu-tools-for-stm32.11.3.rel1.win32_1.1.1.202309131626/tools/bin/../lib/gcc/arm-none-eabi/11.3.1/../../../../arm-none-eabi/bin/ld.exe: ./Drivers/CMSIS/system_stm32f1xx.o: in function `SystemInit':
D:/STM/LED2/Core/Src/system_stm32f1xx.c:158: multiple definition of `SystemInit'; ./Core/Src/system_stm32f1xx.o:D:/STM/LED2/Debug/../Core/Src/system_stm32f1xx.c:158: first defined here
D:/ST/STM32CubeIDE_1.13.2/STM32CubeIDE/plugins/com.st.stm32cube.ide.mcu.externaltools.gnu-tools-for-stm32.11.3.rel1.win32_1.1.1.202309131626/tools/bin/../lib/gcc/arm-none-eabi/11.3.1/../../../../arm-none-eabi/bin/ld.exe: ./Drivers/CMSIS/system_stm32f1xx.o: in function `SystemCoreClockUpdate':
D:/STM/LED2/Core/Src/system_stm32f1xx.c:248: multiple definition of `SystemCoreClockUpdate'; ./Core/Src/system_stm32f1xx.o:D:/STM/LED2/Debug/../Core/Src/system_stm32f1xx.c:248: first defined here
D:/ST/STM32CubeIDE_1.13.2/STM32CubeIDE/plugins/com.st.stm32cube.ide.mcu.externaltools.gnu-tools-for-stm32.11.3.rel1.win32_1.1.1.202309131626/tools/bin/../lib/gcc/arm-none-eabi/11.3.1/../../../../arm-none-eabi/bin/ld.exe: ./Drivers/STM32F1xx_HAL_Driver/stm32f1xx_hal.o:D:/STM/LED2/Drivers/STM32F1xx_HAL_Driver/Src/stm32f1xx_hal.c:79: multiple definition of `uwTick'; ./Drivers/STM32F1xx_HAL_Driver/Src/stm32f1xx_hal.o:D:/STM/LED2/Debug/../Drivers/STM32F1xx_HAL_Driver/Src/stm32f1xx_hal.c:79: first defined here
D:/ST/STM32CubeIDE_1.13.2/STM32CubeIDE/plugins/com.st.stm32cube.ide.mcu.externaltools.gnu-tools-for-stm32.11.3.rel1.win32_1.1.1.202309131626/tools/bin/../lib/gcc/arm-none-eabi/11.3.1/../../../../arm-none-eabi/bin/ld.exe: ./Drivers/STM32F1xx_HAL_Driver/stm32f1xx_hal.o:D:/STM/LED2/Drivers/STM32F1xx_HAL_Driver/Src/stm32f1xx_hal.c:80: multiple definition of `uwTickPrio'; ./Drivers/STM32F1xx_HAL_Driver/Src/stm32f1xx_hal.o:D:/STM/LED2/Debug/../Drivers/STM32F1xx_HAL_Driver/Src/stm32f1xx_hal.c:80: first defined here
D:/ST/STM32CubeIDE_1.13.2/STM32CubeIDE/plugins/com.st.stm32cube.ide.mcu.externaltools.gnu-tools-for-stm32.11.3.rel1.win32_1.1.1.202309131626/tools/bin/../lib/gcc/arm-none-eabi/11.3.1/../../../../arm-none-eabi/bin/ld.exe: ./Drivers/STM32F1xx_HAL_Driver/stm32f1xx_hal.o:D:/STM/LED2/Drivers/STM32F1xx_HAL_Driver/Src/stm32f1xx_hal.c:81: multiple definition of `uwTickFreq'; ./Drivers/STM32F1xx_HAL_Driver/Src/stm32f1xx_hal.o:D:/STM/LED2/Debug/../Drivers/STM32F1xx_HAL_Driver/Src/stm32f1xx_hal.c:81: first defined here
D:/ST/STM32CubeIDE_1.13.2/STM32CubeIDE/plugins/com.st.stm32cube.ide.mcu.externaltools.gnu-tools-for-stm32.11.3.rel1.win32_1.1.1.202309131626/tools/bin/../lib/gcc/arm-none-eabi/11.3.1/../../../../arm-none-eabi/bin/ld.exe: ./Drivers/STM32F1xx_HAL_Driver/stm32f1xx_hal.o: in function `HAL_Init':
D:/STM/LED2/Drivers/STM32F1xx_HAL_Driver/Src/stm32f1xx_hal.c:143: multiple definition of `HAL_Init'; ./Drivers/STM32F1xx_HAL_Driver/Src/stm32f1xx_hal.o:D:/STM/LED2/Debug/../Drivers/STM32F1xx_HAL_Driver/Src/stm32f1xx_hal.c:143: first defined here
D:/ST/STM32CubeIDE_1.13.2/STM32CubeIDE/plugins/com.st.stm32cube.ide.mcu.externaltools.gnu-tools-for-stm32.11.3.rel1.win32_1.1.1.202309131626/tools/bin/../lib/gcc/arm-none-eabi/11.3.1/../../../../arm-none-eabi/bin/ld.exe: ./Drivers/STM32F1xx_HAL_Driver/stm32f1xx_hal.o: in function `HAL_DeInit':
D:/STM/LED2/Drivers/STM32F1xx_HAL_Driver/Src/stm32f1xx_hal.c:176: multiple definition of `HAL_DeInit'; ./Drivers/STM32F1xx_HAL_Driver/Src/stm32f1xx_hal.o:D:/STM/LED2/Debug/../Drivers/STM32F1xx_HAL_Driver/Src/stm32f1xx_hal.c:176: first defined here
D:/ST/STM32CubeIDE_1.13.2/STM32CubeIDE/plugins/com.st.stm32cube.ide.mcu.externaltools.gnu-tools-for-stm32.11.3.rel1.win32_1.1.1.202309131626/tools/bin/../lib/gcc/arm-none-eabi/11.3.1/../../../../arm-none-eabi/bin/ld.exe: ./Drivers/STM32F1xx_HAL_Driver/stm32f1xx_hal.o: in function `HAL_GetTickPrio':
D:/STM/LED2/Drivers/STM32F1xx_HAL_Driver/Src/stm32f1xx_hal.c:314: multiple definition of `HAL_GetTickPrio'; ./Drivers/STM32F1xx_HAL_Driver/Src/stm32f1xx_hal.o:D:/STM/LED2/Debug/../Drivers/STM32F1xx_HAL_Driver/Src/stm32f1xx_hal.c:314: first defined here
D:/ST/STM32CubeIDE_1.13.2/STM32CubeIDE/plugins/com.st.stm32cube.ide.mcu.externaltools.gnu-tools-for-stm32.11.3.rel1.win32_1.1.1.202309131626/tools/bin/../lib/gcc/arm-none-eabi/11.3.1/../../../../arm-none-eabi/bin/ld.exe: ./Drivers/STM32F1xx_HAL_Driver/stm32f1xx_hal.o: in function `HAL_SetTickFreq':
D:/STM/LED2/Drivers/STM32F1xx_HAL_Driver/Src/stm32f1xx_hal.c:323: multiple definition of `HAL_SetTickFreq'; ./Drivers/STM32F1xx_HAL_Driver/Src/stm32f1xx_hal.o:D:/STM/LED2/Debug/../Drivers/STM32F1xx_HAL_Driver/Src/stm32f1xx_hal.c:323: first defined here
D:/ST/STM32CubeIDE_1.13.2/STM32CubeIDE/plugins/com.st.stm32cube.ide.mcu.externaltools.gnu-tools-for-stm32.11.3.rel1.win32_1.1.1.202309131626/tools/bin/../lib/gcc/arm-none-eabi/11.3.1/../../../../arm-none-eabi/bin/ld.exe: ./Drivers/STM32F1xx_HAL_Driver/stm32f1xx_hal.o: in function `HAL_GetTickFreq':
D:/STM/LED2/Drivers/STM32F1xx_HAL_Driver/Src/stm32f1xx_hal.c:356: multiple definition of `HAL_GetTickFreq'; ./Drivers/STM32F1xx_HAL_Driver/Src/stm32f1xx_hal.o:D:/STM/LED2/Debug/../Drivers/STM32F1xx_HAL_Driver/Src/stm32f1xx_hal.c:356: first defined here
D:/ST/STM32CubeIDE_1.13.2/STM32CubeIDE/plugins/com.st.stm32cube.ide.mcu.externaltools.gnu-tools-for-stm32.11.3.rel1.win32_1.1.1.202309131626/tools/bin/../lib/gcc/arm-none-eabi/11.3.1/../../../../arm-none-eabi/bin/ld.exe: ./Drivers/STM32F1xx_HAL_Driver/stm32f1xx_hal.o: in function `HAL_GetHalVersion':
D:/STM/LED2/Drivers/STM32F1xx_HAL_Driver/Src/stm32f1xx_hal.c:424: multiple definition of `HAL_GetHalVersion'; ./Drivers/STM32F1xx_HAL_Driver/Src/stm32f1xx_hal.o:D:/STM/LED2/Debug/../Drivers/STM32F1xx_HAL_Driver/Src/stm32f1xx_hal.c:424: first defined here
D:/ST/STM32CubeIDE_1.13.2/STM32CubeIDE/plugins/com.st.stm32cube.ide.mcu.externaltools.gnu-tools-for-stm32.11.3.rel1.win32_1.1.1.202309131626/tools/bin/../lib/gcc/arm-none-eabi/11.3.1/../../../../arm-none-eabi/bin/ld.exe: ./Drivers/STM32F1xx_HAL_Driver/stm32f1xx_hal.o: in function `HAL_GetREVID':
D:/STM/LED2/Drivers/STM32F1xx_HAL_Driver/Src/stm32f1xx_hal.c:440: multiple definition of `HAL_GetREVID'; ./Drivers/STM32F1xx_HAL_Driver/Src/stm32f1xx_hal.o:D:/STM/LED2/Debug/../Drivers/STM32F1xx_HAL_Driver/Src/stm32f1xx_hal.c:440: first defined here
D:/ST/STM32CubeIDE_1.13.2/STM32CubeIDE/plugins/com.st.stm32cube.ide.mcu.externaltools.gnu-tools-for-stm32.11.3.rel1.win32_1.1.1.202309131626/tools/bin/../lib/gcc/arm-none-eabi/11.3.1/../../../../arm-none-eabi/bin/ld.exe: ./Drivers/STM32F1xx_HAL_Driver/stm32f1xx_hal.o: in function `HAL_GetDEVID':
D:/STM/LED2/Drivers/STM32F1xx_HAL_Driver/Src/stm32f1xx_hal.c:456: multiple definition of `HAL_GetDEVID'; ./Drivers/STM32F1xx_HAL_Driver/Src/stm32f1xx_hal.o:D:/STM/LED2/Debug/../Drivers/STM32F1xx_HAL_Driver/Src/stm32f1xx_hal.c:456: first defined here
D:/ST/STM32CubeIDE_1.13.2/STM32CubeIDE/plugins/com.st.stm32cube.ide.mcu.externaltools.gnu-tools-for-stm32.11.3.rel1.win32_1.1.1.202309131626/tools/bin/../lib/gcc/arm-none-eabi/11.3.1/../../../../arm-none-eabi/bin/ld.exe: ./Drivers/STM32F1xx_HAL_Driver/stm32f1xx_hal.o: in function `HAL_GetUIDw0':
D:/STM/LED2/Drivers/STM32F1xx_HAL_Driver/Src/stm32f1xx_hal.c:465: multiple definition of `HAL_GetUIDw0'; ./Drivers/STM32F1xx_HAL_Driver/Src/stm32f1xx_hal.o:D:/STM/LED2/Debug/../Drivers/STM32F1xx_HAL_Driver/Src/stm32f1xx_hal.c:465: first defined here
D:/ST/STM32CubeIDE_1.13.2/STM32CubeIDE/plugins/com.st.stm32cube.ide.mcu.externaltools.gnu-tools-for-stm32.11.3.rel1.win32_1.1.1.202309131626/tools/bin/../lib/gcc/arm-none-eabi/11.3.1/../../../../arm-none-eabi/bin/ld.exe: ./Drivers/STM32F1xx_HAL_Driver/stm32f1xx_hal.o: in function `HAL_GetUIDw1':
D:/STM/LED2/Drivers/STM32F1xx_HAL_Driver/Src/stm32f1xx_hal.c:474: multiple definition of `HAL_GetUIDw1'; ./Drivers/STM32F1xx_HAL_Driver/Src/stm32f1xx_hal.o:D:/STM/LED2/Debug/../Drivers/STM32F1xx_HAL_Driver/Src/stm32f1xx_hal.c:474: first defined here
D:/ST/STM32CubeIDE_1.13.2/STM32CubeIDE/plugins/com.st.stm32cube.ide.mcu.externaltools.gnu-tools-for-stm32.11.3.rel1.win32_1.1.1.202309131626/tools/bin/../lib/gcc/arm-none-eabi/11.3.1/../../../../arm-none-eabi/bin/ld.exe: ./Drivers/STM32F1xx_HAL_Driver/stm32f1xx_hal.o: in function `HAL_GetUIDw2':
D:/STM/LED2/Drivers/STM32F1xx_HAL_Driver/Src/stm32f1xx_hal.c:483: multiple definition of `HAL_GetUIDw2'; ./Drivers/STM32F1xx_HAL_Driver/Src/stm32f1xx_hal.o:D:/STM/LED2/Debug/../Drivers/STM32F1xx_HAL_Driver/Src/stm32f1xx_hal.c:483: first defined here
D:/ST/STM32CubeIDE_1.13.2/STM32CubeIDE/plugins/com.st.stm32cube.ide.mcu.externaltools.gnu-tools-for-stm32.11.3.rel1.win32_1.1.1.202309131626/tools/bin/../lib/gcc/arm-none-eabi/11.3.1/../../../../arm-none-eabi/bin/ld.exe: ./Drivers/STM32F1xx_HAL_Driver/stm32f1xx_hal.o: in function `HAL_DBGMCU_EnableDBGSleepMode':
D:/STM/LED2/Drivers/STM32F1xx_HAL_Driver/Src/stm32f1xx_hal.c:492: multiple definition of `HAL_DBGMCU_EnableDBGSleepMode'; ./Drivers/STM32F1xx_HAL_Driver/Src/stm32f1xx_hal.o:D:/STM/LED2/Debug/../Drivers/STM32F1xx_HAL_Driver/Src/stm32f1xx_hal.c:492: first defined here
D:/ST/STM32CubeIDE_1.13.2/STM32CubeIDE/plugins/com.st.stm32cube.ide.mcu.externaltools.gnu-tools-for-stm32.11.3.rel1.win32_1.1.1.202309131626/tools/bin/../lib/gcc/arm-none-eabi/11.3.1/../../../../arm-none-eabi/bin/ld.exe: ./Drivers/STM32F1xx_HAL_Driver/stm32f1xx_hal.o: in function `HAL_DBGMCU_DisableDBGSleepMode':
D:/STM/LED2/Drivers/STM32F1xx_HAL_Driver/Src/stm32f1xx_hal.c:508: multiple definition of `HAL_DBGMCU_DisableDBGSleepMode'; ./Drivers/STM32F1xx_HAL_Driver/Src/stm32f1xx_hal.o:D:/STM/LED2/Debug/../Drivers/STM32F1xx_HAL_Driver/Src/stm32f1xx_hal.c:508: first defined here
D:/ST/STM32CubeIDE_1.13.2/STM32CubeIDE/plugins/com.st.stm32cube.ide.mcu.externaltools.gnu-tools-for-stm32.11.3.rel1.win32_1.1.1.202309131626/tools/bin/../lib/gcc/arm-none-eabi/11.3.1/../../../../arm-none-eabi/bin/ld.exe: ./Drivers/STM32F1xx_HAL_Driver/stm32f1xx_hal.o: in function `HAL_DBGMCU_EnableDBGStopMode':
D:/STM/LED2/Drivers/STM32F1xx_HAL_Driver/Src/stm32f1xx_hal.c:538: multiple definition of `HAL_DBGMCU_EnableDBGStopMode'; ./Drivers/STM32F1xx_HAL_Driver/Src/stm32f1xx_hal.o:D:/STM/LED2/Debug/../Drivers/STM32F1xx_HAL_Driver/Src/stm32f1xx_hal.c:538: first defined here
D:/ST/STM32CubeIDE_1.13.2/STM32CubeIDE/plugins/com.st.stm32cube.ide.mcu.externaltools.gnu-tools-for-stm32.11.3.rel1.win32_1.1.1.202309131626/tools/bin/../lib/gcc/arm-none-eabi/11.3.1/../../../../arm-none-eabi/bin/ld.exe: ./Drivers/STM32F1xx_HAL_Driver/stm32f1xx_hal.o: in function `HAL_DBGMCU_DisableDBGStopMode':
D:/STM/LED2/Drivers/STM32F1xx_HAL_Driver/Src/stm32f1xx_hal.c:554: multiple definition of `HAL_DBGMCU_DisableDBGStopMode'; ./Drivers/STM32F1xx_HAL_Driver/Src/stm32f1xx_hal.o:D:/STM/LED2/Debug/../Drivers/STM32F1xx_HAL_Driver/Src/stm32f1xx_hal.c:554: first defined here
D:/ST/STM32CubeIDE_1.13.2/STM32CubeIDE/plugins/com.st.stm32cube.ide.mcu.externaltools.gnu-tools-for-stm32.11.3.rel1.win32_1.1.1.202309131626/tools/bin/../lib/gcc/arm-none-eabi/11.3.1/../../../../arm-none-eabi/bin/ld.exe: ./Drivers/STM32F1xx_HAL_Driver/stm32f1xx_hal.o: in function `HAL_DBGMCU_EnableDBGStandbyMode':
D:/STM/LED2/Drivers/STM32F1xx_HAL_Driver/Src/stm32f1xx_hal.c:570: multiple definition of `HAL_DBGMCU_EnableDBGStandbyMode'; ./Drivers/STM32F1xx_HAL_Driver/Src/stm32f1xx_hal.o:D:/STM/LED2/Debug/../Drivers/STM32F1xx_HAL_Driver/Src/stm32f1xx_hal.c:570: first defined here
D:/ST/STM32CubeIDE_1.13.2/STM32CubeIDE/plugins/com.st.stm32cube.ide.mcu.externaltools.gnu-tools-for-stm32.11.3.rel1.win32_1.1.1.202309131626/tools/bin/../lib/gcc/arm-none-eabi/11.3.1/../../../../arm-none-eabi/bin/ld.exe: ./Drivers/STM32F1xx_HAL_Driver/stm32f1xx_hal.o: in function `HAL_DBGMCU_DisableDBGStandbyMode':
D:/STM/LED2/Drivers/STM32F1xx_HAL_Driver/Src/stm32f1xx_hal.c:586: multiple definition of `HAL_DBGMCU_DisableDBGStandbyMode'; ./Drivers/STM32F1xx_HAL_Driver/Src/stm32f1xx_hal.o:D:/STM/LED2/Debug/../Drivers/STM32F1xx_HAL_Driver/Src/stm32f1xx_hal.c:586: first defined here
D:/ST/STM32CubeIDE_1.13.2/STM32CubeIDE/plugins/com.st.stm32cube.ide.mcu.externaltools.gnu-tools-for-stm32.11.3.rel1.win32_1.1.1.202309131626/tools/bin/../lib/gcc/arm-none-eabi/11.3.1/../../../../arm-none-eabi/bin/ld.exe: ./Drivers/STM32F1xx_HAL_Driver/stm32f1xx_hal_cortex.o: in function `HAL_NVIC_SetPriorityGrouping':
D:/STM/LED2/Drivers/STM32F1xx_HAL_Driver/Src/stm32f1xx_hal_cortex.c:143: multiple definition of `HAL_NVIC_SetPriorityGrouping'; ./Drivers/STM32F1xx_HAL_Driver/Src/stm32f1xx_hal_cortex.o:D:/STM/LED2/Debug/../Drivers/STM32F1xx_HAL_Driver/Src/stm32f1xx_hal_cortex.c:143: first defined here
D:/ST/STM32CubeIDE_1.13.2/STM32CubeIDE/plugins/com.st.stm32cube.ide.mcu.externaltools.gnu-tools-for-stm32.11.3.rel1.win32_1.1.1.202309131626/tools/bin/../lib/gcc/arm-none-eabi/11.3.1/../../../../arm-none-eabi/bin/ld.exe: ./Drivers/STM32F1xx_HAL_Driver/stm32f1xx_hal_cortex.o: in function `HAL_NVIC_SetPriority':
D:/STM/LED2/Drivers/STM32F1xx_HAL_Driver/Src/stm32f1xx_hal_cortex.c:165: multiple definition of `HAL_NVIC_SetPriority'; ./Drivers/STM32F1xx_HAL_Driver/Src/stm32f1xx_hal_cortex.o:D:/STM/LED2/Debug/../Drivers/STM32F1xx_HAL_Driver/Src/stm32f1xx_hal_cortex.c:165: first defined here
D:/ST/STM32CubeIDE_1.13.2/STM32CubeIDE/plugins/com.st.stm32cube.ide.mcu.externaltools.gnu-tools-for-stm32.11.3.rel1.win32_1.1.1.202309131626/tools/bin/../lib/gcc/arm-none-eabi/11.3.1/../../../../arm-none-eabi/bin/ld.exe: ./Drivers/STM32F1xx_HAL_Driver/stm32f1xx_hal_cortex.o: in function `HAL_NVIC_EnableIRQ':
D:/STM/LED2/Drivers/STM32F1xx_HAL_Driver/Src/stm32f1xx_hal_cortex.c:187: multiple definition of `HAL_NVIC_EnableIRQ'; ./Drivers/STM32F1xx_HAL_Driver/Src/stm32f1xx_hal_cortex.o:D:/STM/LED2/Debug/../Drivers/STM32F1xx_HAL_Driver/Src/stm32f1xx_hal_cortex.c:187: first defined here
D:/ST/STM32CubeIDE_1.13.2/STM32CubeIDE/plugins/com.st.stm32cube.ide.mcu.externaltools.gnu-tools-for-stm32.11.3.rel1.win32_1.1.1.202309131626/tools/bin/../lib/gcc/arm-none-eabi/11.3.1/../../../../arm-none-eabi/bin/ld.exe: ./Drivers/STM32F1xx_HAL_Driver/stm32f1xx_hal_cortex.o: in function `HAL_NVIC_DisableIRQ':
D:/STM/LED2/Drivers/STM32F1xx_HAL_Driver/Src/stm32f1xx_hal_cortex.c:203: multiple definition of `HAL_NVIC_DisableIRQ'; ./Drivers/STM32F1xx_HAL_Driver/Src/stm32f1xx_hal_cortex.o:D:/STM/LED2/Debug/../Drivers/STM32F1xx_HAL_Driver/Src/stm32f1xx_hal_cortex.c:203: first defined here
D:/ST/STM32CubeIDE_1.13.2/STM32CubeIDE/plugins/com.st.stm32cube.ide.mcu.externaltools.gnu-tools-for-stm32.11.3.rel1.win32_1.1.1.202309131626/tools/bin/../lib/gcc/arm-none-eabi/11.3.1/../../../../arm-none-eabi/bin/ld.exe: ./Drivers/STM32F1xx_HAL_Driver/stm32f1xx_hal_cortex.o: in function `HAL_NVIC_SystemReset':
D:/STM/LED2/Drivers/STM32F1xx_HAL_Driver/Src/stm32f1xx_hal_cortex.c:216: multiple definition of `HAL_NVIC_SystemReset'; ./Drivers/STM32F1xx_HAL_Driver/Src/stm32f1xx_hal_cortex.o:D:/STM/LED2/Debug/../Drivers/STM32F1xx_HAL_Driver/Src/stm32f1xx_hal_cortex.c:216: first defined here
D:/ST/STM32CubeIDE_1.13.2/STM32CubeIDE/plugins/com.st.stm32cube.ide.mcu.externaltools.gnu-tools-for-stm32.11.3.rel1.win32_1.1.1.202309131626/tools/bin/../lib/gcc/arm-none-eabi/11.3.1/../../../../arm-none-eabi/bin/ld.exe: ./Drivers/STM32F1xx_HAL_Driver/stm32f1xx_hal_cortex.o: in function `HAL_SYSTICK_Config':
D:/STM/LED2/Drivers/STM32F1xx_HAL_Driver/Src/stm32f1xx_hal_cortex.c:229: multiple definition of `HAL_SYSTICK_Config'; ./Drivers/STM32F1xx_HAL_Driver/Src/stm32f1xx_hal_cortex.o:D:/STM/LED2/Debug/../Drivers/STM32F1xx_HAL_Driver/Src/stm32f1xx_hal_cortex.c:229: first defined here
D:/ST/STM32CubeIDE_1.13.2/STM32CubeIDE/plugins/com.st.stm32cube.ide.mcu.externaltools.gnu-tools-for-stm32.11.3.rel1.win32_1.1.1.202309131626/tools/bin/../lib/gcc/arm-none-eabi/11.3.1/../../../../arm-none-eabi/bin/ld.exe: ./Drivers/STM32F1xx_HAL_Driver/stm32f1xx_hal_cortex.o: in function `HAL_NVIC_GetPriorityGrouping':
D:/STM/LED2/Drivers/STM32F1xx_HAL_Driver/Src/stm32f1xx_hal_cortex.c:344: multiple definition of `HAL_NVIC_GetPriorityGrouping'; ./Drivers/STM32F1xx_HAL_Driver/Src/stm32f1xx_hal_cortex.o:D:/STM/LED2/Debug/../Drivers/STM32F1xx_HAL_Driver/Src/stm32f1xx_hal_cortex.c:344: first defined here
D:/ST/STM32CubeIDE_1.13.2/STM32CubeIDE/plugins/com.st.stm32cube.ide.mcu.externaltools.gnu-tools-for-stm32.11.3.rel1.win32_1.1.1.202309131626/tools/bin/../lib/gcc/arm-none-eabi/11.3.1/../../../../arm-none-eabi/bin/ld.exe: ./Drivers/STM32F1xx_HAL_Driver/stm32f1xx_hal_cortex.o: in function `HAL_NVIC_GetPriority':
D:/STM/LED2/Drivers/STM32F1xx_HAL_Driver/Src/stm32f1xx_hal_cortex.c:371: multiple definition of `HAL_NVIC_GetPriority'; ./Drivers/STM32F1xx_HAL_Driver/Src/stm32f1xx_hal_cortex.o:D:/STM/LED2/Debug/../Drivers/STM32F1xx_HAL_Driver/Src/stm32f1xx_hal_cortex.c:371: first defined here
D:/ST/STM32CubeIDE_1.13.2/STM32CubeIDE/plugins/com.st.stm32cube.ide.mcu.externaltools.gnu-tools-for-stm32.11.3.rel1.win32_1.1.1.202309131626/tools/bin/../lib/gcc/arm-none-eabi/11.3.1/../../../../arm-none-eabi/bin/ld.exe: ./Drivers/STM32F1xx_HAL_Driver/stm32f1xx_hal_cortex.o: in function `HAL_NVIC_SetPendingIRQ':
D:/STM/LED2/Drivers/STM32F1xx_HAL_Driver/Src/stm32f1xx_hal_cortex.c:386: multiple definition of `HAL_NVIC_SetPendingIRQ'; ./Drivers/STM32F1xx_HAL_Driver/Src/stm32f1xx_hal_cortex.o:D:/STM/LED2/Debug/../Drivers/STM32F1xx_HAL_Driver/Src/stm32f1xx_hal_cortex.c:386: first defined here
D:/ST/STM32CubeIDE_1.13.2/STM32CubeIDE/plugins/com.st.stm32cube.ide.mcu.externaltools.gnu-tools-for-stm32.11.3.rel1.win32_1.1.1.202309131626/tools/bin/../lib/gcc/arm-none-eabi/11.3.1/../../../../arm-none-eabi/bin/ld.exe: ./Drivers/STM32F1xx_HAL_Driver/stm32f1xx_hal_cortex.o: in function `HAL_NVIC_GetPendingIRQ':
D:/STM/LED2/Drivers/STM32F1xx_HAL_Driver/Src/stm32f1xx_hal_cortex.c:404: multiple definition of `HAL_NVIC_GetPendingIRQ'; ./Drivers/STM32F1xx_HAL_Driver/Src/stm32f1xx_hal_cortex.o:D:/STM/LED2/Debug/../Drivers/STM32F1xx_HAL_Driver/Src/stm32f1xx_hal_cortex.c:404: first defined here
D:/ST/STM32CubeIDE_1.13.2/STM32CubeIDE/plugins/com.st.stm32cube.ide.mcu.externaltools.gnu-tools-for-stm32.11.3.rel1.win32_1.1.1.202309131626/tools/bin/../lib/gcc/arm-none-eabi/11.3.1/../../../../arm-none-eabi/bin/ld.exe: ./Drivers/STM32F1xx_HAL_Driver/stm32f1xx_hal_cortex.o: in function `HAL_NVIC_ClearPendingIRQ':
D:/STM/LED2/Drivers/STM32F1xx_HAL_Driver/Src/stm32f1xx_hal_cortex.c:420: multiple definition of `HAL_NVIC_ClearPendingIRQ'; ./Drivers/STM32F1xx_HAL_Driver/Src/stm32f1xx_hal_cortex.o:D:/STM/LED2/Debug/../Drivers/STM32F1xx_HAL_Driver/Src/stm32f1xx_hal_cortex.c:420: first defined here
D:/ST/STM32CubeIDE_1.13.2/STM32CubeIDE/plugins/com.st.stm32cube.ide.mcu.externaltools.gnu-tools-for-stm32.11.3.rel1.win32_1.1.1.202309131626/tools/bin/../lib/gcc/arm-none-eabi/11.3.1/../../../../arm-none-eabi/bin/ld.exe: ./Drivers/STM32F1xx_HAL_Driver/stm32f1xx_hal_cortex.o: in function `HAL_NVIC_GetActive':
D:/STM/LED2/Drivers/STM32F1xx_HAL_Driver/Src/stm32f1xx_hal_cortex.c:437: multiple definition of `HAL_NVIC_GetActive'; ./Drivers/STM32F1xx_HAL_Driver/Src/stm32f1xx_hal_cortex.o:D:/STM/LED2/Debug/../Drivers/STM32F1xx_HAL_Driver/Src/stm32f1xx_hal_cortex.c:437: first defined here
D:/ST/STM32CubeIDE_1.13.2/STM32CubeIDE/plugins/com.st.stm32cube.ide.mcu.externaltools.gnu-tools-for-stm32.11.3.rel1.win32_1.1.1.202309131626/tools/bin/../lib/gcc/arm-none-eabi/11.3.1/../../../../arm-none-eabi/bin/ld.exe: ./Drivers/STM32F1xx_HAL_Driver/stm32f1xx_hal_cortex.o: in function `HAL_SYSTICK_CLKSourceConfig':
D:/STM/LED2/Drivers/STM32F1xx_HAL_Driver/Src/stm32f1xx_hal_cortex.c:454: multiple definition of `HAL_SYSTICK_CLKSourceConfig'; ./Drivers/STM32F1xx_HAL_Driver/Src/stm32f1xx_hal_cortex.o:D:/STM/LED2/Debug/../Drivers/STM32F1xx_HAL_Driver/Src/stm32f1xx_hal_cortex.c:454: first defined here
D:/ST/STM32CubeIDE_1.13.2/STM32CubeIDE/plugins/com.st.stm32cube.ide.mcu.externaltools.gnu-tools-for-stm32.11.3.rel1.win32_1.1.1.202309131626/tools/bin/../lib/gcc/arm-none-eabi/11.3.1/../../../../arm-none-eabi/bin/ld.exe: ./Drivers/STM32F1xx_HAL_Driver/stm32f1xx_hal_cortex.o: in function `HAL_SYSTICK_IRQHandler':
D:/STM/LED2/Drivers/STM32F1xx_HAL_Driver/Src/stm32f1xx_hal_cortex.c:472: multiple definition of `HAL_SYSTICK_IRQHandler'; ./Drivers/STM32F1xx_HAL_Driver/Src/stm32f1xx_hal_cortex.o:D:/STM/LED2/Debug/../Drivers/STM32F1xx_HAL_Driver/Src/stm32f1xx_hal_cortex.c:472: first defined here
D:/ST/STM32CubeIDE_1.13.2/STM32CubeIDE/plugins/com.st.stm32cube.ide.mcu.externaltools.gnu-tools-for-stm32.11.3.rel1.win32_1.1.1.202309131626/tools/bin/../lib/gcc/arm-none-eabi/11.3.1/../../../../arm-none-eabi/bin/ld.exe: ./Drivers/STM32F1xx_HAL_Driver/stm32f1xx_hal_dma.o: in function `HAL_DMA_Init':
D:/STM/LED2/Drivers/STM32F1xx_HAL_Driver/Src/stm32f1xx_hal_dma.c:143: multiple definition of `HAL_DMA_Init'; ./Drivers/STM32F1xx_HAL_Driver/Src/stm32f1xx_hal_dma.o:D:/STM/LED2/Debug/../Drivers/STM32F1xx_HAL_Driver/Src/stm32f1xx_hal_dma.c:143: first defined here
D:/ST/STM32CubeIDE_1.13.2/STM32CubeIDE/plugins/com.st.stm32cube.ide.mcu.externaltools.gnu-tools-for-stm32.11.3.rel1.win32_1.1.1.202309131626/tools/bin/../lib/gcc/arm-none-eabi/11.3.1/../../../../arm-none-eabi/bin/ld.exe: ./Drivers/STM32F1xx_HAL_Driver/stm32f1xx_hal_dma.o: in function `HAL_DMA_DeInit':
D:/STM/LED2/Drivers/STM32F1xx_HAL_Driver/Src/stm32f1xx_hal_dma.c:220: multiple definition of `HAL_DMA_DeInit'; ./Drivers/STM32F1xx_HAL_Driver/Src/stm32f1xx_hal_dma.o:D:/STM/LED2/Debug/../Drivers/STM32F1xx_HAL_Driver/Src/stm32f1xx_hal_dma.c:220: first defined here
D:/ST/STM32CubeIDE_1.13.2/STM32CubeIDE/plugins/com.st.stm32cube.ide.mcu.externaltools.gnu-tools-for-stm32.11.3.rel1.win32_1.1.1.202309131626/tools/bin/../lib/gcc/arm-none-eabi/11.3.1/../../../../arm-none-eabi/bin/ld.exe: ./Drivers/STM32F1xx_HAL_Driver/stm32f1xx_hal_dma.o: in function `HAL_DMA_Start':
D:/STM/LED2/Drivers/STM32F1xx_HAL_Driver/Src/stm32f1xx_hal_dma.c:319: multiple definition of `HAL_DMA_Start'; ./Drivers/STM32F1xx_HAL_Driver/Src/stm32f1xx_hal_dma.o:D:/STM/LED2/Debug/../Drivers/STM32F1xx_HAL_Driver/Src/stm32f1xx_hal_dma.c:319: first defined here
D:/ST/STM32CubeIDE_1.13.2/STM32CubeIDE/plugins/com.st.stm32cube.ide.mcu.externaltools.gnu-tools-for-stm32.11.3.rel1.win32_1.1.1.202309131626/tools/bin/../lib/gcc/arm-none-eabi/11.3.1/../../../../arm-none-eabi/bin/ld.exe: ./Drivers/STM32F1xx_HAL_Driver/stm32f1xx_hal_dma.o: in function `HAL_DMA_Start_IT':
D:/STM/LED2/Drivers/STM32F1xx_HAL_Driver/Src/stm32f1xx_hal_dma.c:362: multiple definition of `HAL_DMA_Start_IT'; ./Drivers/STM32F1xx_HAL_Driver/Src/stm32f1xx_hal_dma.o:D:/STM/LED2/Debug/../Drivers/STM32F1xx_HAL_Driver/Src/stm32f1xx_hal_dma.c:362: first defined here
D:/ST/STM32CubeIDE_1.13.2/STM32CubeIDE/plugins/com.st.stm32cube.ide.mcu.externaltools.gnu-tools-for-stm32.11.3.rel1.win32_1.1.1.202309131626/tools/bin/../lib/gcc/arm-none-eabi/11.3.1/../../../../arm-none-eabi/bin/ld.exe: ./Drivers/STM32F1xx_HAL_Driver/stm32f1xx_hal_dma.o: in function `HAL_DMA_Abort':
D:/STM/LED2/Drivers/STM32F1xx_HAL_Driver/Src/stm32f1xx_hal_dma.c:416: multiple definition of `HAL_DMA_Abort'; ./Drivers/STM32F1xx_HAL_Driver/Src/stm32f1xx_hal_dma.o:D:/STM/LED2/Debug/../Drivers/STM32F1xx_HAL_Driver/Src/stm32f1xx_hal_dma.c:416: first defined here
D:/ST/STM32CubeIDE_1.13.2/STM32CubeIDE/plugins/com.st.stm32cube.ide.mcu.externaltools.gnu-tools-for-stm32.11.3.rel1.win32_1.1.1.202309131626/tools/bin/../lib/gcc/arm-none-eabi/11.3.1/../../../../arm-none-eabi/bin/ld.exe: ./Drivers/STM32F1xx_HAL_Driver/stm32f1xx_hal_dma.o: in function `HAL_DMA_Abort_IT':
D:/STM/LED2/Drivers/STM32F1xx_HAL_Driver/Src/stm32f1xx_hal_dma.c:457: multiple definition of `HAL_DMA_Abort_IT'; ./Drivers/STM32F1xx_HAL_Driver/Src/stm32f1xx_hal_dma.o:D:/STM/LED2/Debug/../Drivers/STM32F1xx_HAL_Driver/Src/stm32f1xx_hal_dma.c:457: first defined here
D:/ST/STM32CubeIDE_1.13.2/STM32CubeIDE/plugins/com.st.stm32cube.ide.mcu.externaltools.gnu-tools-for-stm32.11.3.rel1.win32_1.1.1.202309131626/tools/bin/../lib/gcc/arm-none-eabi/11.3.1/../../../../arm-none-eabi/bin/ld.exe: ./Drivers/STM32F1xx_HAL_Driver/stm32f1xx_hal_dma.o: in function `HAL_DMA_PollForTransfer':
D:/STM/LED2/Drivers/STM32F1xx_HAL_Driver/Src/stm32f1xx_hal_dma.c:502: multiple definition of `HAL_DMA_PollForTransfer'; ./Drivers/STM32F1xx_HAL_Driver/Src/stm32f1xx_hal_dma.o:D:/STM/LED2/Debug/../Drivers/STM32F1xx_HAL_Driver/Src/stm32f1xx_hal_dma.c:502: first defined here
D:/ST/STM32CubeIDE_1.13.2/STM32CubeIDE/plugins/com.st.stm32cube.ide.mcu.externaltools.gnu-tools-for-stm32.11.3.rel1.win32_1.1.1.202309131626/tools/bin/../lib/gcc/arm-none-eabi/11.3.1/../../../../arm-none-eabi/bin/ld.exe: ./Drivers/STM32F1xx_HAL_Driver/stm32f1xx_hal_dma.o: in function `HAL_DMA_IRQHandler':
D:/STM/LED2/Drivers/STM32F1xx_HAL_Driver/Src/stm32f1xx_hal_dma.c:603: multiple definition of `HAL_DMA_IRQHandler'; ./Drivers/STM32F1xx_HAL_Driver/Src/stm32f1xx_hal_dma.o:D:/STM/LED2/Debug/../Drivers/STM32F1xx_HAL_Driver/Src/stm32f1xx_hal_dma.c:603: first defined here
D:/ST/STM32CubeIDE_1.13.2/STM32CubeIDE/plugins/com.st.stm32cube.ide.mcu.externaltools.gnu-tools-for-stm32.11.3.rel1.win32_1.1.1.202309131626/tools/bin/../lib/gcc/arm-none-eabi/11.3.1/../../../../arm-none-eabi/bin/ld.exe: ./Drivers/STM32F1xx_HAL_Driver/stm32f1xx_hal_dma.o: in function `HAL_DMA_RegisterCallback':
D:/STM/LED2/Drivers/STM32F1xx_HAL_Driver/Src/stm32f1xx_hal_dma.c:693: multiple definition of `HAL_DMA_RegisterCallback'; ./Drivers/STM32F1xx_HAL_Driver/Src/stm32f1xx_hal_dma.o:D:/STM/LED2/Debug/../Drivers/STM32F1xx_HAL_Driver/Src/stm32f1xx_hal_dma.c:693: first defined here
D:/ST/STM32CubeIDE_1.13.2/STM32CubeIDE/plugins/com.st.stm32cube.ide.mcu.externaltools.gnu-tools-for-stm32.11.3.rel1.win32_1.1.1.202309131626/tools/bin/../lib/gcc/arm-none-eabi/11.3.1/../../../../arm-none-eabi/bin/ld.exe: ./Drivers/STM32F1xx_HAL_Driver/stm32f1xx_hal_dma.o: in function `HAL_DMA_UnRegisterCallback':
D:/STM/LED2/Drivers/STM32F1xx_HAL_Driver/Src/stm32f1xx_hal_dma.c:744: multiple definition of `HAL_DMA_UnRegisterCallback'; ./Drivers/STM32F1xx_HAL_Driver/Src/stm32f1xx_hal_dma.o:D:/STM/LED2/Debug/../Drivers/STM32F1xx_HAL_Driver/Src/stm32f1xx_hal_dma.c:744: first defined here
D:/ST/STM32CubeIDE_1.13.2/STM32CubeIDE/plugins/com.st.stm32cube.ide.mcu.externaltools.gnu-tools-for-stm32.11.3.rel1.win32_1.1.1.202309131626/tools/bin/../lib/gcc/arm-none-eabi/11.3.1/../../../../arm-none-eabi/bin/ld.exe: ./Drivers/STM32F1xx_HAL_Driver/stm32f1xx_hal_dma.o: in function `HAL_DMA_GetState':
D:/STM/LED2/Drivers/STM32F1xx_HAL_Driver/Src/stm32f1xx_hal_dma.c:820: multiple definition of `HAL_DMA_GetState'; ./Drivers/STM32F1xx_HAL_Driver/Src/stm32f1xx_hal_dma.o:D:/STM/LED2/Debug/../Drivers/STM32F1xx_HAL_Driver/Src/stm32f1xx_hal_dma.c:820: first defined here
D:/ST/STM32CubeIDE_1.13.2/STM32CubeIDE/plugins/com.st.stm32cube.ide.mcu.externaltools.gnu-tools-for-stm32.11.3.rel1.win32_1.1.1.202309131626/tools/bin/../lib/gcc/arm-none-eabi/11.3.1/../../../../arm-none-eabi/bin/ld.exe: ./Drivers/STM32F1xx_HAL_Driver/stm32f1xx_hal_dma.o: in function `HAL_DMA_GetError':
D:/STM/LED2/Drivers/STM32F1xx_HAL_Driver/Src/stm32f1xx_hal_dma.c:832: multiple definition of `HAL_DMA_GetError'; ./Drivers/STM32F1xx_HAL_Driver/Src/stm32f1xx_hal_dma.o:D:/STM/LED2/Debug/../Drivers/STM32F1xx_HAL_Driver/Src/stm32f1xx_hal_dma.c:832: first defined here
D:/ST/STM32CubeIDE_1.13.2/STM32CubeIDE/plugins/com.st.stm32cube.ide.mcu.externaltools.gnu-tools-for-stm32.11.3.rel1.win32_1.1.1.202309131626/tools/bin/../lib/gcc/arm-none-eabi/11.3.1/../../../../arm-none-eabi/bin/ld.exe: ./Drivers/STM32F1xx_HAL_Driver/stm32f1xx_hal_exti.o: in function `HAL_EXTI_SetConfigLine':
D:/STM/LED2/Drivers/STM32F1xx_HAL_Driver/Src/stm32f1xx_hal_exti.c:143: multiple definition of `HAL_EXTI_SetConfigLine'; ./Drivers/STM32F1xx_HAL_Driver/Src/stm32f1xx_hal_exti.o:D:/STM/LED2/Debug/../Drivers/STM32F1xx_HAL_Driver/Src/stm32f1xx_hal_exti.c:143: first defined here
D:/ST/STM32CubeIDE_1.13.2/STM32CubeIDE/plugins/com.st.stm32cube.ide.mcu.externaltools.gnu-tools-for-stm32.11.3.rel1.win32_1.1.1.202309131626/tools/bin/../lib/gcc/arm-none-eabi/11.3.1/../../../../arm-none-eabi/bin/ld.exe: ./Drivers/STM32F1xx_HAL_Driver/stm32f1xx_hal_exti.o: in function `HAL_EXTI_GetConfigLine':
D:/STM/LED2/Drivers/STM32F1xx_HAL_Driver/Src/stm32f1xx_hal_exti.c:238: multiple definition of `HAL_EXTI_GetConfigLine'; ./Drivers/STM32F1xx_HAL_Driver/Src/stm32f1xx_hal_exti.o:D:/STM/LED2/Debug/../Drivers/STM32F1xx_HAL_Driver/Src/stm32f1xx_hal_exti.c:238: first defined here
D:/ST/STM32CubeIDE_1.13.2/STM32CubeIDE/plugins/com.st.stm32cube.ide.mcu.externaltools.gnu-tools-for-stm32.11.3.rel1.win32_1.1.1.202309131626/tools/bin/../lib/gcc/arm-none-eabi/11.3.1/../../../../arm-none-eabi/bin/ld.exe: ./Drivers/STM32F1xx_HAL_Driver/stm32f1xx_hal_exti.o: in function `HAL_EXTI_ClearConfigLine':
D:/STM/LED2/Drivers/STM32F1xx_HAL_Driver/Src/stm32f1xx_hal_exti.c:317: multiple definition of `HAL_EXTI_ClearConfigLine'; ./Drivers/STM32F1xx_HAL_Driver/Src/stm32f1xx_hal_exti.o:D:/STM/LED2/Debug/../Drivers/STM32F1xx_HAL_Driver/Src/stm32f1xx_hal_exti.c:317: first defined here
D:/ST/STM32CubeIDE_1.13.2/STM32CubeIDE/plugins/com.st.stm32cube.ide.mcu.externaltools.gnu-tools-for-stm32.11.3.rel1.win32_1.1.1.202309131626/tools/bin/../lib/gcc/arm-none-eabi/11.3.1/../../../../arm-none-eabi/bin/ld.exe: ./Drivers/STM32F1xx_HAL_Driver/stm32f1xx_hal_exti.o: in function `HAL_EXTI_RegisterCallback':
D:/STM/LED2/Drivers/STM32F1xx_HAL_Driver/Src/stm32f1xx_hal_exti.c:370: multiple definition of `HAL_EXTI_RegisterCallback'; ./Drivers/STM32F1xx_HAL_Driver/Src/stm32f1xx_hal_exti.o:D:/STM/LED2/Debug/../Drivers/STM32F1xx_HAL_Driver/Src/stm32f1xx_hal_exti.c:370: first defined here
D:/ST/STM32CubeIDE_1.13.2/STM32CubeIDE/plugins/com.st.stm32cube.ide.mcu.externaltools.gnu-tools-for-stm32.11.3.rel1.win32_1.1.1.202309131626/tools/bin/../lib/gcc/arm-none-eabi/11.3.1/../../../../arm-none-eabi/bin/ld.exe: ./Drivers/STM32F1xx_HAL_Driver/stm32f1xx_hal_exti.o: in function `HAL_EXTI_GetHandle':
D:/STM/LED2/Drivers/STM32F1xx_HAL_Driver/Src/stm32f1xx_hal_exti.c:395: multiple definition of `HAL_EXTI_GetHandle'; ./Drivers/STM32F1xx_HAL_Driver/Src/stm32f1xx_hal_exti.o:D:/STM/LED2/Debug/../Drivers/STM32F1xx_HAL_Driver/Src/stm32f1xx_hal_exti.c:395: first defined here
D:/ST/STM32CubeIDE_1.13.2/STM32CubeIDE/plugins/com.st.stm32cube.ide.mcu.externaltools.gnu-tools-for-stm32.11.3.rel1.win32_1.1.1.202309131626/tools/bin/../lib/gcc/arm-none-eabi/11.3.1/../../../../arm-none-eabi/bin/ld.exe: ./Drivers/STM32F1xx_HAL_Driver/stm32f1xx_hal_exti.o: in function `HAL_EXTI_IRQHandler':
D:/STM/LED2/Drivers/STM32F1xx_HAL_Driver/Src/stm32f1xx_hal_exti.c:435: multiple definition of `HAL_EXTI_IRQHandler'; ./Drivers/STM32F1xx_HAL_Driver/Src/stm32f1xx_hal_exti.o:D:/STM/LED2/Debug/../Drivers/STM32F1xx_HAL_Driver/Src/stm32f1xx_hal_exti.c:435: first defined here
D:/ST/STM32CubeIDE_1.13.2/STM32CubeIDE/plugins/com.st.stm32cube.ide.mcu.externaltools.gnu-tools-for-stm32.11.3.rel1.win32_1.1.1.202309131626/tools/bin/../lib/gcc/arm-none-eabi/11.3.1/../../../../arm-none-eabi/bin/ld.exe: ./Drivers/STM32F1xx_HAL_Driver/stm32f1xx_hal_exti.o: in function `HAL_EXTI_GetPending':
D:/STM/LED2/Drivers/STM32F1xx_HAL_Driver/Src/stm32f1xx_hal_exti.c:467: multiple definition of `HAL_EXTI_GetPending'; ./Drivers/STM32F1xx_HAL_Driver/Src/stm32f1xx_hal_exti.o:D:/STM/LED2/Debug/../Drivers/STM32F1xx_HAL_Driver/Src/stm32f1xx_hal_exti.c:467: first defined here
D:/ST/STM32CubeIDE_1.13.2/STM32CubeIDE/plugins/com.st.stm32cube.ide.mcu.externaltools.gnu-tools-for-stm32.11.3.rel1.win32_1.1.1.202309131626/tools/bin/../lib/gcc/arm-none-eabi/11.3.1/../../../../arm-none-eabi/bin/ld.exe: ./Drivers/STM32F1xx_HAL_Driver/stm32f1xx_hal_exti.o: in function `HAL_EXTI_ClearPending':
D:/STM/LED2/Drivers/STM32F1xx_HAL_Driver/Src/stm32f1xx_hal_exti.c:499: multiple definition of `HAL_EXTI_ClearPending'; ./Drivers/STM32F1xx_HAL_Driver/Src/stm32f1xx_hal_exti.o:D:/STM/LED2/Debug/../Drivers/STM32F1xx_HAL_Driver/Src/stm32f1xx_hal_exti.c:499: first defined here
D:/ST/STM32CubeIDE_1.13.2/STM32CubeIDE/plugins/com.st.stm32cube.ide.mcu.externaltools.gnu-tools-for-stm32.11.3.rel1.win32_1.1.1.202309131626/tools/bin/../lib/gcc/arm-none-eabi/11.3.1/../../../../arm-none-eabi/bin/ld.exe: ./Drivers/STM32F1xx_HAL_Driver/stm32f1xx_hal_exti.o: in function `HAL_EXTI_GenerateSWI':
D:/STM/LED2/Drivers/STM32F1xx_HAL_Driver/Src/stm32f1xx_hal_exti.c:523: multiple definition of `HAL_EXTI_GenerateSWI'; ./Drivers/STM32F1xx_HAL_Driver/Src/stm32f1xx_hal_exti.o:D:/STM/LED2/Debug/../Drivers/STM32F1xx_HAL_Driver/Src/stm32f1xx_hal_exti.c:523: first defined here
D:/ST/STM32CubeIDE_1.13.2/STM32CubeIDE/plugins/com.st.stm32cube.ide.mcu.externaltools.gnu-tools-for-stm32.11.3.rel1.win32_1.1.1.202309131626/tools/bin/../lib/gcc/arm-none-eabi/11.3.1/../../../../arm-none-eabi/bin/ld.exe: ./Drivers/STM32F1xx_HAL_Driver/stm32f1xx_hal_flash.o:D:/STM/LED2/Drivers/STM32F1xx_HAL_Driver/Src/stm32f1xx_hal_flash.c:119: multiple definition of `pFlash'; ./Drivers/STM32F1xx_HAL_Driver/Src/stm32f1xx_hal_flash.o:D:/STM/LED2/Debug/../Drivers/STM32F1xx_HAL_Driver/Src/stm32f1xx_hal_flash.c:119: first defined here
D:/ST/STM32CubeIDE_1.13.2/STM32CubeIDE/plugins/com.st.stm32cube.ide.mcu.externaltools.gnu-tools-for-stm32.11.3.rel1.win32_1.1.1.202309131626/tools/bin/../lib/gcc/arm-none-eabi/11.3.1/../../../../arm-none-eabi/bin/ld.exe: ./Drivers/STM32F1xx_HAL_Driver/stm32f1xx_hal_flash.o: in function `HAL_FLASH_Program':
D:/STM/LED2/Drivers/STM32F1xx_HAL_Driver/Src/stm32f1xx_hal_flash.c:167: multiple definition of `HAL_FLASH_Program'; ./Drivers/STM32F1xx_HAL_Driver/Src/stm32f1xx_hal_flash.o:D:/STM/LED2/Debug/../Drivers/STM32F1xx_HAL_Driver/Src/stm32f1xx_hal_flash.c:167: first defined here
D:/ST/STM32CubeIDE_1.13.2/STM32CubeIDE/plugins/com.st.stm32cube.ide.mcu.externaltools.gnu-tools-for-stm32.11.3.rel1.win32_1.1.1.202309131626/tools/bin/../lib/gcc/arm-none-eabi/11.3.1/../../../../arm-none-eabi/bin/ld.exe: ./Drivers/STM32F1xx_HAL_Driver/stm32f1xx_hal_flash.o: in function `FLASH_WaitForLastOperation':
D:/STM/LED2/Drivers/STM32F1xx_HAL_Driver/Src/stm32f1xx_hal_flash.c:825: multiple definition of `FLASH_WaitForLastOperation'; ./Drivers/STM32F1xx_HAL_Driver/Src/stm32f1xx_hal_flash.o:D:/STM/LED2/Debug/../Drivers/STM32F1xx_HAL_Driver/Src/stm32f1xx_hal_flash.c:825: first defined here
D:/ST/STM32CubeIDE_1.13.2/STM32CubeIDE/plugins/com.st.stm32cube.ide.mcu.externaltools.gnu-tools-for-stm32.11.3.rel1.win32_1.1.1.202309131626/tools/bin/../lib/gcc/arm-none-eabi/11.3.1/../../../../arm-none-eabi/bin/ld.exe: ./Drivers/STM32F1xx_HAL_Driver/stm32f1xx_hal_flash.o: in function `HAL_FLASH_Program_IT':
D:/STM/LED2/Drivers/STM32F1xx_HAL_Driver/Src/stm32f1xx_hal_flash.c:266: multiple definition of `HAL_FLASH_Program_IT'; ./Drivers/STM32F1xx_HAL_Driver/Src/stm32f1xx_hal_flash.o:D:/STM/LED2/Debug/../Drivers/STM32F1xx_HAL_Driver/Src/stm32f1xx_hal_flash.c:266: first defined here
D:/ST/STM32CubeIDE_1.13.2/STM32CubeIDE/plugins/com.st.stm32cube.ide.mcu.externaltools.gnu-tools-for-stm32.11.3.rel1.win32_1.1.1.202309131626/tools/bin/../lib/gcc/arm-none-eabi/11.3.1/../../../../arm-none-eabi/bin/ld.exe: ./Drivers/STM32F1xx_HAL_Driver/stm32f1xx_hal_flash.o: in function `HAL_FLASH_IRQHandler':
D:/STM/LED2/Drivers/STM32F1xx_HAL_Driver/Src/stm32f1xx_hal_flash.c:331: multiple definition of `HAL_FLASH_IRQHandler'; ./Drivers/STM32F1xx_HAL_Driver/Src/stm32f1xx_hal_flash.o:D:/STM/LED2/Debug/../Drivers/STM32F1xx_HAL_Driver/Src/stm32f1xx_hal_flash.c:331: first defined here
D:/ST/STM32CubeIDE_1.13.2/STM32CubeIDE/plugins/com.st.stm32cube.ide.mcu.externaltools.gnu-tools-for-stm32.11.3.rel1.win32_1.1.1.202309131626/tools/bin/../lib/gcc/arm-none-eabi/11.3.1/../../../../arm-none-eabi/bin/ld.exe: ./Drivers/STM32F1xx_HAL_Driver/stm32f1xx_hal_flash.o: in function `HAL_FLASH_Unlock':
D:/STM/LED2/Drivers/STM32F1xx_HAL_Driver/Src/stm32f1xx_hal_flash.c:656: multiple definition of `HAL_FLASH_Unlock'; ./Drivers/STM32F1xx_HAL_Driver/Src/stm32f1xx_hal_flash.o:D:/STM/LED2/Debug/../Drivers/STM32F1xx_HAL_Driver/Src/stm32f1xx_hal_flash.c:656: first defined here
D:/ST/STM32CubeIDE_1.13.2/STM32CubeIDE/plugins/com.st.stm32cube.ide.mcu.externaltools.gnu-tools-for-stm32.11.3.rel1.win32_1.1.1.202309131626/tools/bin/../lib/gcc/arm-none-eabi/11.3.1/../../../../arm-none-eabi/bin/ld.exe: ./Drivers/STM32F1xx_HAL_Driver/stm32f1xx_hal_flash.o: in function `HAL_FLASH_Lock':
D:/STM/LED2/Drivers/STM32F1xx_HAL_Driver/Src/stm32f1xx_hal_flash.c:694: multiple definition of `HAL_FLASH_Lock'; ./Drivers/STM32F1xx_HAL_Driver/Src/stm32f1xx_hal_flash.o:D:/STM/LED2/Debug/../Drivers/STM32F1xx_HAL_Driver/Src/stm32f1xx_hal_flash.c:694: first defined here
D:/ST/STM32CubeIDE_1.13.2/STM32CubeIDE/plugins/com.st.stm32cube.ide.mcu.externaltools.gnu-tools-for-stm32.11.3.rel1.win32_1.1.1.202309131626/tools/bin/../lib/gcc/arm-none-eabi/11.3.1/../../../../arm-none-eabi/bin/ld.exe: ./Drivers/STM32F1xx_HAL_Driver/stm32f1xx_hal_flash.o: in function `HAL_FLASH_OB_Unlock':
D:/STM/LED2/Drivers/STM32F1xx_HAL_Driver/Src/stm32f1xx_hal_flash.c:711: multiple definition of `HAL_FLASH_OB_Unlock'; ./Drivers/STM32F1xx_HAL_Driver/Src/stm32f1xx_hal_flash.o:D:/STM/LED2/Debug/../Drivers/STM32F1xx_HAL_Driver/Src/stm32f1xx_hal_flash.c:711: first defined here
D:/ST/STM32CubeIDE_1.13.2/STM32CubeIDE/plugins/com.st.stm32cube.ide.mcu.externaltools.gnu-tools-for-stm32.11.3.rel1.win32_1.1.1.202309131626/tools/bin/../lib/gcc/arm-none-eabi/11.3.1/../../../../arm-none-eabi/bin/ld.exe: ./Drivers/STM32F1xx_HAL_Driver/stm32f1xx_hal_flash.o: in function `HAL_FLASH_OB_Lock':
D:/STM/LED2/Drivers/STM32F1xx_HAL_Driver/Src/stm32f1xx_hal_flash.c:731: multiple definition of `HAL_FLASH_OB_Lock'; ./Drivers/STM32F1xx_HAL_Driver/Src/stm32f1xx_hal_flash.o:D:/STM/LED2/Debug/../Drivers/STM32F1xx_HAL_Driver/Src/stm32f1xx_hal_flash.c:731: first defined here
D:/ST/STM32CubeIDE_1.13.2/STM32CubeIDE/plugins/com.st.stm32cube.ide.mcu.externaltools.gnu-tools-for-stm32.11.3.rel1.win32_1.1.1.202309131626/tools/bin/../lib/gcc/arm-none-eabi/11.3.1/../../../../arm-none-eabi/bin/ld.exe: ./Drivers/STM32F1xx_HAL_Driver/stm32f1xx_hal_flash.o: in function `HAL_FLASH_OB_Launch':
D:/STM/LED2/Drivers/STM32F1xx_HAL_Driver/Src/stm32f1xx_hal_flash.c:744: multiple definition of `HAL_FLASH_OB_Launch'; ./Drivers/STM32F1xx_HAL_Driver/Src/stm32f1xx_hal_flash.o:D:/STM/LED2/Debug/../Drivers/STM32F1xx_HAL_Driver/Src/stm32f1xx_hal_flash.c:744: first defined here
D:/ST/STM32CubeIDE_1.13.2/STM32CubeIDE/plugins/com.st.stm32cube.ide.mcu.externaltools.gnu-tools-for-stm32.11.3.rel1.win32_1.1.1.202309131626/tools/bin/../lib/gcc/arm-none-eabi/11.3.1/../../../../arm-none-eabi/bin/ld.exe: ./Drivers/STM32F1xx_HAL_Driver/stm32f1xx_hal_flash.o: in function `HAL_FLASH_GetError':
D:/STM/LED2/Drivers/STM32F1xx_HAL_Driver/Src/stm32f1xx_hal_flash.c:773: multiple definition of `HAL_FLASH_GetError'; ./Drivers/STM32F1xx_HAL_Driver/Src/stm32f1xx_hal_flash.o:D:/STM/LED2/Debug/../Drivers/STM32F1xx_HAL_Driver/Src/stm32f1xx_hal_flash.c:773: first defined here
D:/ST/STM32CubeIDE_1.13.2/STM32CubeIDE/plugins/com.st.stm32cube.ide.mcu.externaltools.gnu-tools-for-stm32.11.3.rel1.win32_1.1.1.202309131626/tools/bin/../lib/gcc/arm-none-eabi/11.3.1/../../../../arm-none-eabi/bin/ld.exe: ./Drivers/STM32F1xx_HAL_Driver/stm32f1xx_hal_flash_ex.o: in function `HAL_FLASHEx_Erase':
D:/STM/LED2/Drivers/STM32F1xx_HAL_Driver/Src/stm32f1xx_hal_flash_ex.c:158: multiple definition of `HAL_FLASHEx_Erase'; ./Drivers/STM32F1xx_HAL_Driver/Src/stm32f1xx_hal_flash_ex.o:D:/STM/LED2/Debug/../Drivers/STM32F1xx_HAL_Driver/Src/stm32f1xx_hal_flash_ex.c:158: first defined here
D:/ST/STM32CubeIDE_1.13.2/STM32CubeIDE/plugins/com.st.stm32cube.ide.mcu.externaltools.gnu-tools-for-stm32.11.3.rel1.win32_1.1.1.202309131626/tools/bin/../lib/gcc/arm-none-eabi/11.3.1/../../../../arm-none-eabi/bin/ld.exe: ./Drivers/STM32F1xx_HAL_Driver/stm32f1xx_hal_flash_ex.o: in function `FLASH_PageErase':
D:/STM/LED2/Drivers/STM32F1xx_HAL_Driver/Src/stm32f1xx_hal_flash_ex.c:1088: multiple definition of `FLASH_PageErase'; ./Drivers/STM32F1xx_HAL_Driver/Src/stm32f1xx_hal_flash_ex.o:D:/STM/LED2/Debug/../Drivers/STM32F1xx_HAL_Driver/Src/stm32f1xx_hal_flash_ex.c:1088: first defined here
D:/ST/STM32CubeIDE_1.13.2/STM32CubeIDE/plugins/com.st.stm32cube.ide.mcu.externaltools.gnu-tools-for-stm32.11.3.rel1.win32_1.1.1.202309131626/tools/bin/../lib/gcc/arm-none-eabi/11.3.1/../../../../arm-none-eabi/bin/ld.exe: ./Drivers/STM32F1xx_HAL_Driver/stm32f1xx_hal_flash_ex.o: in function `HAL_FLASHEx_Erase_IT':
D:/STM/LED2/Drivers/STM32F1xx_HAL_Driver/Src/stm32f1xx_hal_flash_ex.c:318: multiple definition of `HAL_FLASHEx_Erase_IT'; ./Drivers/STM32F1xx_HAL_Driver/Src/stm32f1xx_hal_flash_ex.o:D:/STM/LED2/Debug/../Drivers/STM32F1xx_HAL_Driver/Src/stm32f1xx_hal_flash_ex.c:318: first defined here
D:/ST/STM32CubeIDE_1.13.2/STM32CubeIDE/plugins/com.st.stm32cube.ide.mcu.externaltools.gnu-tools-for-stm32.11.3.rel1.win32_1.1.1.202309131626/tools/bin/../lib/gcc/arm-none-eabi/11.3.1/../../../../arm-none-eabi/bin/ld.exe: ./Drivers/STM32F1xx_HAL_Driver/stm32f1xx_hal_flash_ex.o: in function `HAL_FLASHEx_OBErase':
D:/STM/LED2/Drivers/STM32F1xx_HAL_Driver/Src/stm32f1xx_hal_flash_ex.c:396: multiple definition of `HAL_FLASHEx_OBErase'; ./Drivers/STM32F1xx_HAL_Driver/Src/stm32f1xx_hal_flash_ex.o:D:/STM/LED2/Debug/../Drivers/STM32F1xx_HAL_Driver/Src/stm32f1xx_hal_flash_ex.c:396: first defined here
D:/ST/STM32CubeIDE_1.13.2/STM32CubeIDE/plugins/com.st.stm32cube.ide.mcu.externaltools.gnu-tools-for-stm32.11.3.rel1.win32_1.1.1.202309131626/tools/bin/../lib/gcc/arm-none-eabi/11.3.1/../../../../arm-none-eabi/bin/ld.exe: ./Drivers/STM32F1xx_HAL_Driver/stm32f1xx_hal_flash_ex.o: in function `HAL_FLASHEx_OBProgram':
D:/STM/LED2/Drivers/STM32F1xx_HAL_Driver/Src/stm32f1xx_hal_flash_ex.c:445: multiple definition of `HAL_FLASHEx_OBProgram'; ./Drivers/STM32F1xx_HAL_Driver/Src/stm32f1xx_hal_flash_ex.o:D:/STM/LED2/Debug/../Drivers/STM32F1xx_HAL_Driver/Src/stm32f1xx_hal_flash_ex.c:445: first defined here
D:/ST/STM32CubeIDE_1.13.2/STM32CubeIDE/plugins/com.st.stm32cube.ide.mcu.externaltools.gnu-tools-for-stm32.11.3.rel1.win32_1.1.1.202309131626/tools/bin/../lib/gcc/arm-none-eabi/11.3.1/../../../../arm-none-eabi/bin/ld.exe: ./Drivers/STM32F1xx_HAL_Driver/stm32f1xx_hal_flash_ex.o: in function `HAL_FLASHEx_OBGetConfig':
D:/STM/LED2/Drivers/STM32F1xx_HAL_Driver/Src/stm32f1xx_hal_flash_ex.c:526: multiple definition of `HAL_FLASHEx_OBGetConfig'; ./Drivers/STM32F1xx_HAL_Driver/Src/stm32f1xx_hal_flash_ex.o:D:/STM/LED2/Debug/../Drivers/STM32F1xx_HAL_Driver/Src/stm32f1xx_hal_flash_ex.c:526: first defined here
D:/ST/STM32CubeIDE_1.13.2/STM32CubeIDE/plugins/com.st.stm32cube.ide.mcu.externaltools.gnu-tools-for-stm32.11.3.rel1.win32_1.1.1.202309131626/tools/bin/../lib/gcc/arm-none-eabi/11.3.1/../../../../arm-none-eabi/bin/ld.exe: ./Drivers/STM32F1xx_HAL_Driver/stm32f1xx_hal_flash_ex.o: in function `HAL_FLASHEx_OBGetUserData':
D:/STM/LED2/Drivers/STM32F1xx_HAL_Driver/Src/stm32f1xx_hal_flash_ex.c:548: multiple definition of `HAL_FLASHEx_OBGetUserData'; ./Drivers/STM32F1xx_HAL_Driver/Src/stm32f1xx_hal_flash_ex.o:D:/STM/LED2/Debug/../Drivers/STM32F1xx_HAL_Driver/Src/stm32f1xx_hal_flash_ex.c:548: first defined here
D:/ST/STM32CubeIDE_1.13.2/STM32CubeIDE/plugins/com.st.stm32cube.ide.mcu.externaltools.gnu-tools-for-stm32.11.3.rel1.win32_1.1.1.202309131626/tools/bin/../lib/gcc/arm-none-eabi/11.3.1/../../../../arm-none-eabi/bin/ld.exe: ./Drivers/STM32F1xx_HAL_Driver/stm32f1xx_hal_gpio.o: in function `HAL_GPIO_Init':
D:/STM/LED2/Drivers/STM32F1xx_HAL_Driver/Src/stm32f1xx_hal_gpio.c:179: multiple definition of `HAL_GPIO_Init'; ./Drivers/STM32F1xx_HAL_Driver/Src/stm32f1xx_hal_gpio.o:D:/STM/LED2/Debug/../Drivers/STM32F1xx_HAL_Driver/Src/stm32f1xx_hal_gpio.c:179: first defined here
D:/ST/STM32CubeIDE_1.13.2/STM32CubeIDE/plugins/com.st.stm32cube.ide.mcu.externaltools.gnu-tools-for-stm32.11.3.rel1.win32_1.1.1.202309131626/tools/bin/../lib/gcc/arm-none-eabi/11.3.1/../../../../arm-none-eabi/bin/ld.exe: ./Drivers/STM32F1xx_HAL_Driver/stm32f1xx_hal_gpio.o: in function `HAL_GPIO_DeInit':
D:/STM/LED2/Drivers/STM32F1xx_HAL_Driver/Src/stm32f1xx_hal_gpio.c:352: multiple definition of `HAL_GPIO_DeInit'; ./Drivers/STM32F1xx_HAL_Driver/Src/stm32f1xx_hal_gpio.o:D:/STM/LED2/Debug/../Drivers/STM32F1xx_HAL_Driver/Src/stm32f1xx_hal_gpio.c:352: first defined here
D:/ST/STM32CubeIDE_1.13.2/STM32CubeIDE/plugins/com.st.stm32cube.ide.mcu.externaltools.gnu-tools-for-stm32.11.3.rel1.win32_1.1.1.202309131626/tools/bin/../lib/gcc/arm-none-eabi/11.3.1/../../../../arm-none-eabi/bin/ld.exe: ./Drivers/STM32F1xx_HAL_Driver/stm32f1xx_hal_gpio.o: in function `HAL_GPIO_ReadPin':
D:/STM/LED2/Drivers/STM32F1xx_HAL_Driver/Src/stm32f1xx_hal_gpio.c:432: multiple definition of `HAL_GPIO_ReadPin'; ./Drivers/STM32F1xx_HAL_Driver/Src/stm32f1xx_hal_gpio.o:D:/STM/LED2/Debug/../Drivers/STM32F1xx_HAL_Driver/Src/stm32f1xx_hal_gpio.c:432: first defined here
D:/ST/STM32CubeIDE_1.13.2/STM32CubeIDE/plugins/com.st.stm32cube.ide.mcu.externaltools.gnu-tools-for-stm32.11.3.rel1.win32_1.1.1.202309131626/tools/bin/../lib/gcc/arm-none-eabi/11.3.1/../../../../arm-none-eabi/bin/ld.exe: ./Drivers/STM32F1xx_HAL_Driver/stm32f1xx_hal_gpio.o: in function `HAL_GPIO_WritePin':
D:/STM/LED2/Drivers/STM32F1xx_HAL_Driver/Src/stm32f1xx_hal_gpio.c:466: multiple definition of `HAL_GPIO_WritePin'; ./Drivers/STM32F1xx_HAL_Driver/Src/stm32f1xx_hal_gpio.o:D:/STM/LED2/Debug/../Drivers/STM32F1xx_HAL_Driver/Src/stm32f1xx_hal_gpio.c:466: first defined here
D:/ST/STM32CubeIDE_1.13.2/STM32CubeIDE/plugins/com.st.stm32cube.ide.mcu.externaltools.gnu-tools-for-stm32.11.3.rel1.win32_1.1.1.202309131626/tools/bin/../lib/gcc/arm-none-eabi/11.3.1/../../../../arm-none-eabi/bin/ld.exe: ./Drivers/STM32F1xx_HAL_Driver/stm32f1xx_hal_gpio.o: in function `HAL_GPIO_TogglePin':
D:/STM/LED2/Drivers/STM32F1xx_HAL_Driver/Src/stm32f1xx_hal_gpio.c:488: multiple definition of `HAL_GPIO_TogglePin'; ./Drivers/STM32F1xx_HAL_Driver/Src/stm32f1xx_hal_gpio.o:D:/STM/LED2/Debug/../Drivers/STM32F1xx_HAL_Driver/Src/stm32f1xx_hal_gpio.c:488: first defined here
D:/ST/STM32CubeIDE_1.13.2/STM32CubeIDE/plugins/com.st.stm32cube.ide.mcu.externaltools.gnu-tools-for-stm32.11.3.rel1.win32_1.1.1.202309131626/tools/bin/../lib/gcc/arm-none-eabi/11.3.1/../../../../arm-none-eabi/bin/ld.exe: ./Drivers/STM32F1xx_HAL_Driver/stm32f1xx_hal_gpio.o: in function `HAL_GPIO_LockPin':
D:/STM/LED2/Drivers/STM32F1xx_HAL_Driver/Src/stm32f1xx_hal_gpio.c:512: multiple definition of `HAL_GPIO_LockPin'; ./Drivers/STM32F1xx_HAL_Driver/Src/stm32f1xx_hal_gpio.o:D:/STM/LED2/Debug/../Drivers/STM32F1xx_HAL_Driver/Src/stm32f1xx_hal_gpio.c:512: first defined here
D:/ST/STM32CubeIDE_1.13.2/STM32CubeIDE/plugins/com.st.stm32cube.ide.mcu.externaltools.gnu-tools-for-stm32.11.3.rel1.win32_1.1.1.202309131626/tools/bin/../lib/gcc/arm-none-eabi/11.3.1/../../../../arm-none-eabi/bin/ld.exe: ./Drivers/STM32F1xx_HAL_Driver/stm32f1xx_hal_gpio.o: in function `HAL_GPIO_EXTI_IRQHandler':
D:/STM/LED2/Drivers/STM32F1xx_HAL_Driver/Src/stm32f1xx_hal_gpio.c:547: multiple definition of `HAL_GPIO_EXTI_IRQHandler'; ./Drivers/STM32F1xx_HAL_Driver/Src/stm32f1xx_hal_gpio.o:D:/STM/LED2/Debug/../Drivers/STM32F1xx_HAL_Driver/Src/stm32f1xx_hal_gpio.c:547: first defined here
D:/ST/STM32CubeIDE_1.13.2/STM32CubeIDE/plugins/com.st.stm32cube.ide.mcu.externaltools.gnu-tools-for-stm32.11.3.rel1.win32_1.1.1.202309131626/tools/bin/../lib/gcc/arm-none-eabi/11.3.1/../../../../arm-none-eabi/bin/ld.exe: ./Drivers/STM32F1xx_HAL_Driver/stm32f1xx_hal_gpio_ex.o: in function `HAL_GPIOEx_ConfigEventout':
D:/STM/LED2/Drivers/STM32F1xx_HAL_Driver/Src/stm32f1xx_hal_gpio_ex.c:82: multiple definition of `HAL_GPIOEx_ConfigEventout'; ./Drivers/STM32F1xx_HAL_Driver/Src/stm32f1xx_hal_gpio_ex.o:D:/STM/LED2/Debug/../Drivers/STM32F1xx_HAL_Driver/Src/stm32f1xx_hal_gpio_ex.c:82: first defined here
D:/ST/STM32CubeIDE_1.13.2/STM32CubeIDE/plugins/com.st.stm32cube.ide.mcu.externaltools.gnu-tools-for-stm32.11.3.rel1.win32_1.1.1.202309131626/tools/bin/../lib/gcc/arm-none-eabi/11.3.1/../../../../arm-none-eabi/bin/ld.exe: ./Drivers/STM32F1xx_HAL_Driver/stm32f1xx_hal_gpio_ex.o: in function `HAL_GPIOEx_EnableEventout':
D:/STM/LED2/Drivers/STM32F1xx_HAL_Driver/Src/stm32f1xx_hal_gpio_ex.c:96: multiple definition of `HAL_GPIOEx_EnableEventout'; ./Drivers/STM32F1xx_HAL_Driver/Src/stm32f1xx_hal_gpio_ex.o:D:/STM/LED2/Debug/../Drivers/STM32F1xx_HAL_Driver/Src/stm32f1xx_hal_gpio_ex.c:96: first defined here
D:/ST/STM32CubeIDE_1.13.2/STM32CubeIDE/plugins/com.st.stm32cube.ide.mcu.externaltools.gnu-tools-for-stm32.11.3.rel1.win32_1.1.1.202309131626/tools/bin/../lib/gcc/arm-none-eabi/11.3.1/../../../../arm-none-eabi/bin/ld.exe: ./Drivers/STM32F1xx_HAL_Driver/stm32f1xx_hal_gpio_ex.o: in function `HAL_GPIOEx_DisableEventout':
D:/STM/LED2/Drivers/STM32F1xx_HAL_Driver/Src/stm32f1xx_hal_gpio_ex.c:105: multiple definition of `HAL_GPIOEx_DisableEventout'; ./Drivers/STM32F1xx_HAL_Driver/Src/stm32f1xx_hal_gpio_ex.o:D:/STM/LED2/Debug/../Drivers/STM32F1xx_HAL_Driver/Src/stm32f1xx_hal_gpio_ex.c:105: first defined here
D:/ST/STM32CubeIDE_1.13.2/STM32CubeIDE/plugins/com.st.stm32cube.ide.mcu.externaltools.gnu-tools-for-stm32.11.3.rel1.win32_1.1.1.202309131626/tools/bin/../lib/gcc/arm-none-eabi/11.3.1/../../../../arm-none-eabi/bin/ld.exe: ./Drivers/STM32F1xx_HAL_Driver/stm32f1xx_hal_pwr.o: in function `HAL_PWR_DeInit':
D:/STM/LED2/Drivers/STM32F1xx_HAL_Driver/Src/stm32f1xx_hal_pwr.c:156: multiple definition of `HAL_PWR_DeInit'; ./Drivers/STM32F1xx_HAL_Driver/Src/stm32f1xx_hal_pwr.o:D:/STM/LED2/Debug/../Drivers/STM32F1xx_HAL_Driver/Src/stm32f1xx_hal_pwr.c:156: first defined here
D:/ST/STM32CubeIDE_1.13.2/STM32CubeIDE/plugins/com.st.stm32cube.ide.mcu.externaltools.gnu-tools-for-stm32.11.3.rel1.win32_1.1.1.202309131626/tools/bin/../lib/gcc/arm-none-eabi/11.3.1/../../../../arm-none-eabi/bin/ld.exe: ./Drivers/STM32F1xx_HAL_Driver/stm32f1xx_hal_pwr.o: in function `HAL_PWR_EnableBkUpAccess':
D:/STM/LED2/Drivers/STM32F1xx_HAL_Driver/Src/stm32f1xx_hal_pwr.c:169: multiple definition of `HAL_PWR_EnableBkUpAccess'; ./Drivers/STM32F1xx_HAL_Driver/Src/stm32f1xx_hal_pwr.o:D:/STM/LED2/Debug/../Drivers/STM32F1xx_HAL_Driver/Src/stm32f1xx_hal_pwr.c:169: first defined here
D:/ST/STM32CubeIDE_1.13.2/STM32CubeIDE/plugins/com.st.stm32cube.ide.mcu.externaltools.gnu-tools-for-stm32.11.3.rel1.win32_1.1.1.202309131626/tools/bin/../lib/gcc/arm-none-eabi/11.3.1/../../../../arm-none-eabi/bin/ld.exe: ./Drivers/STM32F1xx_HAL_Driver/stm32f1xx_hal_pwr.o: in function `HAL_PWR_DisableBkUpAccess':
D:/STM/LED2/Drivers/STM32F1xx_HAL_Driver/Src/stm32f1xx_hal_pwr.c:182: multiple definition of `HAL_PWR_DisableBkUpAccess'; ./Drivers/STM32F1xx_HAL_Driver/Src/stm32f1xx_hal_pwr.o:D:/STM/LED2/Debug/../Drivers/STM32F1xx_HAL_Driver/Src/stm32f1xx_hal_pwr.c:182: first defined here
D:/ST/STM32CubeIDE_1.13.2/STM32CubeIDE/plugins/com.st.stm32cube.ide.mcu.externaltools.gnu-tools-for-stm32.11.3.rel1.win32_1.1.1.202309131626/tools/bin/../lib/gcc/arm-none-eabi/11.3.1/../../../../arm-none-eabi/bin/ld.exe: ./Drivers/STM32F1xx_HAL_Driver/stm32f1xx_hal_pwr.o: in function `HAL_PWR_ConfigPVD':
D:/STM/LED2/Drivers/STM32F1xx_HAL_Driver/Src/stm32f1xx_hal_pwr.c:316: multiple definition of `HAL_PWR_ConfigPVD'; ./Drivers/STM32F1xx_HAL_Driver/Src/stm32f1xx_hal_pwr.o:D:/STM/LED2/Debug/../Drivers/STM32F1xx_HAL_Driver/Src/stm32f1xx_hal_pwr.c:316: first defined here
D:/ST/STM32CubeIDE_1.13.2/STM32CubeIDE/plugins/com.st.stm32cube.ide.mcu.externaltools.gnu-tools-for-stm32.11.3.rel1.win32_1.1.1.202309131626/tools/bin/../lib/gcc/arm-none-eabi/11.3.1/../../../../arm-none-eabi/bin/ld.exe: ./Drivers/STM32F1xx_HAL_Driver/stm32f1xx_hal_pwr.o: in function `HAL_PWR_EnablePVD':
D:/STM/LED2/Drivers/STM32F1xx_HAL_Driver/Src/stm32f1xx_hal_pwr.c:359: multiple definition of `HAL_PWR_EnablePVD'; ./Drivers/STM32F1xx_HAL_Driver/Src/stm32f1xx_hal_pwr.o:D:/STM/LED2/Debug/../Drivers/STM32F1xx_HAL_Driver/Src/stm32f1xx_hal_pwr.c:359: first defined here
D:/ST/STM32CubeIDE_1.13.2/STM32CubeIDE/plugins/com.st.stm32cube.ide.mcu.externaltools.gnu-tools-for-stm32.11.3.rel1.win32_1.1.1.202309131626/tools/bin/../lib/gcc/arm-none-eabi/11.3.1/../../../../arm-none-eabi/bin/ld.exe: ./Drivers/STM32F1xx_HAL_Driver/stm32f1xx_hal_pwr.o: in function `HAL_PWR_DisablePVD':
D:/STM/LED2/Drivers/STM32F1xx_HAL_Driver/Src/stm32f1xx_hal_pwr.c:369: multiple definition of `HAL_PWR_DisablePVD'; ./Drivers/STM32F1xx_HAL_Driver/Src/stm32f1xx_hal_pwr.o:D:/STM/LED2/Debug/../Drivers/STM32F1xx_HAL_Driver/Src/stm32f1xx_hal_pwr.c:369: first defined here
D:/ST/STM32CubeIDE_1.13.2/STM32CubeIDE/plugins/com.st.stm32cube.ide.mcu.externaltools.gnu-tools-for-stm32.11.3.rel1.win32_1.1.1.202309131626/tools/bin/../lib/gcc/arm-none-eabi/11.3.1/../../../../arm-none-eabi/bin/ld.exe: ./Drivers/STM32F1xx_HAL_Driver/stm32f1xx_hal_pwr.o: in function `HAL_PWR_EnableWakeUpPin':
D:/STM/LED2/Drivers/STM32F1xx_HAL_Driver/Src/stm32f1xx_hal_pwr.c:382: multiple definition of `HAL_PWR_EnableWakeUpPin'; ./Drivers/STM32F1xx_HAL_Driver/Src/stm32f1xx_hal_pwr.o:D:/STM/LED2/Debug/../Drivers/STM32F1xx_HAL_Driver/Src/stm32f1xx_hal_pwr.c:382: first defined here
D:/ST/STM32CubeIDE_1.13.2/STM32CubeIDE/plugins/com.st.stm32cube.ide.mcu.externaltools.gnu-tools-for-stm32.11.3.rel1.win32_1.1.1.202309131626/tools/bin/../lib/gcc/arm-none-eabi/11.3.1/../../../../arm-none-eabi/bin/ld.exe: ./Drivers/STM32F1xx_HAL_Driver/stm32f1xx_hal_pwr.o: in function `HAL_PWR_DisableWakeUpPin':
D:/STM/LED2/Drivers/STM32F1xx_HAL_Driver/Src/stm32f1xx_hal_pwr.c:397: multiple definition of `HAL_PWR_DisableWakeUpPin'; ./Drivers/STM32F1xx_HAL_Driver/Src/stm32f1xx_hal_pwr.o:D:/STM/LED2/Debug/../Drivers/STM32F1xx_HAL_Driver/Src/stm32f1xx_hal_pwr.c:397: first defined here
D:/ST/STM32CubeIDE_1.13.2/STM32CubeIDE/plugins/com.st.stm32cube.ide.mcu.externaltools.gnu-tools-for-stm32.11.3.rel1.win32_1.1.1.202309131626/tools/bin/../lib/gcc/arm-none-eabi/11.3.1/../../../../arm-none-eabi/bin/ld.exe: ./Drivers/STM32F1xx_HAL_Driver/stm32f1xx_hal_pwr.o: in function `HAL_PWR_EnterSLEEPMode':
D:/STM/LED2/Drivers/STM32F1xx_HAL_Driver/Src/stm32f1xx_hal_pwr.c:417: multiple definition of `HAL_PWR_EnterSLEEPMode'; ./Drivers/STM32F1xx_HAL_Driver/Src/stm32f1xx_hal_pwr.o:D:/STM/LED2/Debug/../Drivers/STM32F1xx_HAL_Driver/Src/stm32f1xx_hal_pwr.c:417: first defined here
D:/ST/STM32CubeIDE_1.13.2/STM32CubeIDE/plugins/com.st.stm32cube.ide.mcu.externaltools.gnu-tools-for-stm32.11.3.rel1.win32_1.1.1.202309131626/tools/bin/../lib/gcc/arm-none-eabi/11.3.1/../../../../arm-none-eabi/bin/ld.exe: ./Drivers/STM32F1xx_HAL_Driver/stm32f1xx_hal_pwr.o: in function `HAL_PWR_EnterSTOPMode':
D:/STM/LED2/Drivers/STM32F1xx_HAL_Driver/Src/stm32f1xx_hal_pwr.c:463: multiple definition of `HAL_PWR_EnterSTOPMode'; ./Drivers/STM32F1xx_HAL_Driver/Src/stm32f1xx_hal_pwr.o:D:/STM/LED2/Debug/../Drivers/STM32F1xx_HAL_Driver/Src/stm32f1xx_hal_pwr.c:463: first defined here
D:/ST/STM32CubeIDE_1.13.2/STM32CubeIDE/plugins/com.st.stm32cube.ide.mcu.externaltools.gnu-tools-for-stm32.11.3.rel1.win32_1.1.1.202309131626/tools/bin/../lib/gcc/arm-none-eabi/11.3.1/../../../../arm-none-eabi/bin/ld.exe: ./Drivers/STM32F1xx_HAL_Driver/stm32f1xx_hal_pwr.o: in function `HAL_PWR_EnterSTANDBYMode':
D:/STM/LED2/Drivers/STM32F1xx_HAL_Driver/Src/stm32f1xx_hal_pwr.c:503: multiple definition of `HAL_PWR_EnterSTANDBYMode'; ./Drivers/STM32F1xx_HAL_Driver/Src/stm32f1xx_hal_pwr.o:D:/STM/LED2/Debug/../Drivers/STM32F1xx_HAL_Driver/Src/stm32f1xx_hal_pwr.c:503: first defined here
D:/ST/STM32CubeIDE_1.13.2/STM32CubeIDE/plugins/com.st.stm32cube.ide.mcu.externaltools.gnu-tools-for-stm32.11.3.rel1.win32_1.1.1.202309131626/tools/bin/../lib/gcc/arm-none-eabi/11.3.1/../../../../arm-none-eabi/bin/ld.exe: ./Drivers/STM32F1xx_HAL_Driver/stm32f1xx_hal_pwr.o: in function `HAL_PWR_EnableSleepOnExit':
D:/STM/LED2/Drivers/STM32F1xx_HAL_Driver/Src/stm32f1xx_hal_pwr.c:528: multiple definition of `HAL_PWR_EnableSleepOnExit'; ./Drivers/STM32F1xx_HAL_Driver/Src/stm32f1xx_hal_pwr.o:D:/STM/LED2/Debug/../Drivers/STM32F1xx_HAL_Driver/Src/stm32f1xx_hal_pwr.c:528: first defined here
D:/ST/STM32CubeIDE_1.13.2/STM32CubeIDE/plugins/com.st.stm32cube.ide.mcu.externaltools.gnu-tools-for-stm32.11.3.rel1.win32_1.1.1.202309131626/tools/bin/../lib/gcc/arm-none-eabi/11.3.1/../../../../arm-none-eabi/bin/ld.exe: ./Drivers/STM32F1xx_HAL_Driver/stm32f1xx_hal_pwr.o: in function `HAL_PWR_DisableSleepOnExit':
D:/STM/LED2/Drivers/STM32F1xx_HAL_Driver/Src/stm32f1xx_hal_pwr.c:541: multiple definition of `HAL_PWR_DisableSleepOnExit'; ./Drivers/STM32F1xx_HAL_Driver/Src/stm32f1xx_hal_pwr.o:D:/STM/LED2/Debug/../Drivers/STM32F1xx_HAL_Driver/Src/stm32f1xx_hal_pwr.c:541: first defined here
D:/ST/STM32CubeIDE_1.13.2/STM32CubeIDE/plugins/com.st.stm32cube.ide.mcu.externaltools.gnu-tools-for-stm32.11.3.rel1.win32_1.1.1.202309131626/tools/bin/../lib/gcc/arm-none-eabi/11.3.1/../../../../arm-none-eabi/bin/ld.exe: ./Drivers/STM32F1xx_HAL_Driver/stm32f1xx_hal_pwr.o: in function `HAL_PWR_EnableSEVOnPend':
D:/STM/LED2/Drivers/STM32F1xx_HAL_Driver/Src/stm32f1xx_hal_pwr.c:554: multiple definition of `HAL_PWR_EnableSEVOnPend'; ./Drivers/STM32F1xx_HAL_Driver/Src/stm32f1xx_hal_pwr.o:D:/STM/LED2/Debug/../Drivers/STM32F1xx_HAL_Driver/Src/stm32f1xx_hal_pwr.c:554: first defined here
D:/ST/STM32CubeIDE_1.13.2/STM32CubeIDE/plugins/com.st.stm32cube.ide.mcu.externaltools.gnu-tools-for-stm32.11.3.rel1.win32_1.1.1.202309131626/tools/bin/../lib/gcc/arm-none-eabi/11.3.1/../../../../arm-none-eabi/bin/ld.exe: ./Drivers/STM32F1xx_HAL_Driver/stm32f1xx_hal_pwr.o: in function `HAL_PWR_DisableSEVOnPend':
D:/STM/LED2/Drivers/STM32F1xx_HAL_Driver/Src/stm32f1xx_hal_pwr.c:567: multiple definition of `HAL_PWR_DisableSEVOnPend'; ./Drivers/STM32F1xx_HAL_Driver/Src/stm32f1xx_hal_pwr.o:D:/STM/LED2/Debug/../Drivers/STM32F1xx_HAL_Driver/Src/stm32f1xx_hal_pwr.c:567: first defined here
D:/ST/STM32CubeIDE_1.13.2/STM32CubeIDE/plugins/com.st.stm32cube.ide.mcu.externaltools.gnu-tools-for-stm32.11.3.rel1.win32_1.1.1.202309131626/tools/bin/../lib/gcc/arm-none-eabi/11.3.1/../../../../arm-none-eabi/bin/ld.exe: ./Drivers/STM32F1xx_HAL_Driver/stm32f1xx_hal_pwr.o: in function `HAL_PWR_PVD_IRQHandler':
D:/STM/LED2/Drivers/STM32F1xx_HAL_Driver/Src/stm32f1xx_hal_pwr.c:580: multiple definition of `HAL_PWR_PVD_IRQHandler'; ./Drivers/STM32F1xx_HAL_Driver/Src/stm32f1xx_hal_pwr.o:D:/STM/LED2/Debug/../Drivers/STM32F1xx_HAL_Driver/Src/stm32f1xx_hal_pwr.c:580: first defined here
D:/ST/STM32CubeIDE_1.13.2/STM32CubeIDE/plugins/com.st.stm32cube.ide.mcu.externaltools.gnu-tools-for-stm32.11.3.rel1.win32_1.1.1.202309131626/tools/bin/../lib/gcc/arm-none-eabi/11.3.1/../../../../arm-none-eabi/bin/ld.exe: ./Drivers/STM32F1xx_HAL_Driver/stm32f1xx_hal_rcc.o: in function `HAL_RCC_DeInit':
D:/STM/LED2/Drivers/STM32F1xx_HAL_Driver/Src/stm32f1xx_hal_rcc.c:201: multiple definition of `HAL_RCC_DeInit'; ./Drivers/STM32F1xx_HAL_Driver/Src/stm32f1xx_hal_rcc.o:D:/STM/LED2/Debug/../Drivers/STM32F1xx_HAL_Driver/Src/stm32f1xx_hal_rcc.c:201: first defined here
D:/ST/STM32CubeIDE_1.13.2/STM32CubeIDE/plugins/com.st.stm32cube.ide.mcu.externaltools.gnu-tools-for-stm32.11.3.rel1.win32_1.1.1.202309131626/tools/bin/../lib/gcc/arm-none-eabi/11.3.1/../../../../arm-none-eabi/bin/ld.exe: ./Drivers/STM32F1xx_HAL_Driver/stm32f1xx_hal_rcc.o: in function `HAL_RCC_OscConfig':
D:/STM/LED2/Drivers/STM32F1xx_HAL_Driver/Src/stm32f1xx_hal_rcc.c:346: multiple definition of `HAL_RCC_OscConfig'; ./Drivers/STM32F1xx_HAL_Driver/Src/stm32f1xx_hal_rcc.o:D:/STM/LED2/Debug/../Drivers/STM32F1xx_HAL_Driver/Src/stm32f1xx_hal_rcc.c:346: first defined here
D:/ST/STM32CubeIDE_1.13.2/STM32CubeIDE/plugins/com.st.stm32cube.ide.mcu.externaltools.gnu-tools-for-stm32.11.3.rel1.win32_1.1.1.202309131626/tools/bin/../lib/gcc/arm-none-eabi/11.3.1/../../../../arm-none-eabi/bin/ld.exe: ./Drivers/STM32F1xx_HAL_Driver/stm32f1xx_hal_rcc.o: in function `HAL_RCC_ClockConfig':
D:/STM/LED2/Drivers/STM32F1xx_HAL_Driver/Src/stm32f1xx_hal_rcc.c:812: multiple definition of `HAL_RCC_ClockConfig'; ./Drivers/STM32F1xx_HAL_Driver/Src/stm32f1xx_hal_rcc.o:D:/STM/LED2/Debug/../Drivers/STM32F1xx_HAL_Driver/Src/stm32f1xx_hal_rcc.c:812: first defined here
D:/ST/STM32CubeIDE_1.13.2/STM32CubeIDE/plugins/com.st.stm32cube.ide.mcu.externaltools.gnu-tools-for-stm32.11.3.rel1.win32_1.1.1.202309131626/tools/bin/../lib/gcc/arm-none-eabi/11.3.1/../../../../arm-none-eabi/bin/ld.exe: ./Drivers/STM32F1xx_HAL_Driver/stm32f1xx_hal_rcc.o: in function `HAL_RCC_GetSysClockFreq':
D:/STM/LED2/Drivers/STM32F1xx_HAL_Driver/Src/stm32f1xx_hal_rcc.c:1081: multiple definition of `HAL_RCC_GetSysClockFreq'; ./Drivers/STM32F1xx_HAL_Driver/Src/stm32f1xx_hal_rcc.o:D:/STM/LED2/Debug/../Drivers/STM32F1xx_HAL_Driver/Src/stm32f1xx_hal_rcc.c:1081: first defined here
D:/ST/STM32CubeIDE_1.13.2/STM32CubeIDE/plugins/com.st.stm32cube.ide.mcu.externaltools.gnu-tools-for-stm32.11.3.rel1.win32_1.1.1.202309131626/tools/bin/../lib/gcc/arm-none-eabi/11.3.1/../../../../arm-none-eabi/bin/ld.exe: ./Drivers/STM32F1xx_HAL_Driver/stm32f1xx_hal_rcc.o: in function `HAL_RCC_MCOConfig':
D:/STM/LED2/Drivers/STM32F1xx_HAL_Driver/Src/stm32f1xx_hal_rcc.c:1001: multiple definition of `HAL_RCC_MCOConfig'; ./Drivers/STM32F1xx_HAL_Driver/Src/stm32f1xx_hal_rcc.o:D:/STM/LED2/Debug/../Drivers/STM32F1xx_HAL_Driver/Src/stm32f1xx_hal_rcc.c:1001: first defined here
D:/ST/STM32CubeIDE_1.13.2/STM32CubeIDE/plugins/com.st.stm32cube.ide.mcu.externaltools.gnu-tools-for-stm32.11.3.rel1.win32_1.1.1.202309131626/tools/bin/../lib/gcc/arm-none-eabi/11.3.1/../../../../arm-none-eabi/bin/ld.exe: ./Drivers/STM32F1xx_HAL_Driver/stm32f1xx_hal_rcc.o: in function `HAL_RCC_EnableCSS':
D:/STM/LED2/Drivers/STM32F1xx_HAL_Driver/Src/stm32f1xx_hal_rcc.c:1038: multiple definition of `HAL_RCC_EnableCSS'; ./Drivers/STM32F1xx_HAL_Driver/Src/stm32f1xx_hal_rcc.o:D:/STM/LED2/Debug/../Drivers/STM32F1xx_HAL_Driver/Src/stm32f1xx_hal_rcc.c:1038: first defined here
D:/ST/STM32CubeIDE_1.13.2/STM32CubeIDE/plugins/com.st.stm32cube.ide.mcu.externaltools.gnu-tools-for-stm32.11.3.rel1.win32_1.1.1.202309131626/tools/bin/../lib/gcc/arm-none-eabi/11.3.1/../../../../arm-none-eabi/bin/ld.exe: ./Drivers/STM32F1xx_HAL_Driver/stm32f1xx_hal_rcc.o: in function `HAL_RCC_DisableCSS':
D:/STM/LED2/Drivers/STM32F1xx_HAL_Driver/Src/stm32f1xx_hal_rcc.c:1047: multiple definition of `HAL_RCC_DisableCSS'; ./Drivers/STM32F1xx_HAL_Driver/Src/stm32f1xx_hal_rcc.o:D:/STM/LED2/Debug/../Drivers/STM32F1xx_HAL_Driver/Src/stm32f1xx_hal_rcc.c:1047: first defined here
D:/ST/STM32CubeIDE_1.13.2/STM32CubeIDE/plugins/com.st.stm32cube.ide.mcu.externaltools.gnu-tools-for-stm32.11.3.rel1.win32_1.1.1.202309131626/tools/bin/../lib/gcc/arm-none-eabi/11.3.1/../../../../arm-none-eabi/bin/ld.exe: ./Drivers/STM32F1xx_HAL_Driver/stm32f1xx_hal_rcc.o: in function `HAL_RCC_GetHCLKFreq':
D:/STM/LED2/Drivers/STM32F1xx_HAL_Driver/Src/stm32f1xx_hal_rcc.c:1175: multiple definition of `HAL_RCC_GetHCLKFreq'; ./Drivers/STM32F1xx_HAL_Driver/Src/stm32f1xx_hal_rcc.o:D:/STM/LED2/Debug/../Drivers/STM32F1xx_HAL_Driver/Src/stm32f1xx_hal_rcc.c:1175: first defined here
D:/ST/STM32CubeIDE_1.13.2/STM32CubeIDE/plugins/com.st.stm32cube.ide.mcu.externaltools.gnu-tools-for-stm32.11.3.rel1.win32_1.1.1.202309131626/tools/bin/../lib/gcc/arm-none-eabi/11.3.1/../../../../arm-none-eabi/bin/ld.exe: ./Drivers/STM32F1xx_HAL_Driver/stm32f1xx_hal_rcc.o: in function `HAL_RCC_GetPCLK1Freq':
D:/STM/LED2/Drivers/STM32F1xx_HAL_Driver/Src/stm32f1xx_hal_rcc.c:1186: multiple definition of `HAL_RCC_GetPCLK1Freq'; ./Drivers/STM32F1xx_HAL_Driver/Src/stm32f1xx_hal_rcc.o:D:/STM/LED2/Debug/../Drivers/STM32F1xx_HAL_Driver/Src/stm32f1xx_hal_rcc.c:1186: first defined here
D:/ST/STM32CubeIDE_1.13.2/STM32CubeIDE/plugins/com.st.stm32cube.ide.mcu.externaltools.gnu-tools-for-stm32.11.3.rel1.win32_1.1.1.202309131626/tools/bin/../lib/gcc/arm-none-eabi/11.3.1/../../../../arm-none-eabi/bin/ld.exe: ./Drivers/STM32F1xx_HAL_Driver/stm32f1xx_hal_rcc.o: in function `HAL_RCC_GetPCLK2Freq':
D:/STM/LED2/Drivers/STM32F1xx_HAL_Driver/Src/stm32f1xx_hal_rcc.c:1198: multiple definition of `HAL_RCC_GetPCLK2Freq'; ./Drivers/STM32F1xx_HAL_Driver/Src/stm32f1xx_hal_rcc.o:D:/STM/LED2/Debug/../Drivers/STM32F1xx_HAL_Driver/Src/stm32f1xx_hal_rcc.c:1198: first defined here
D:/ST/STM32CubeIDE_1.13.2/STM32CubeIDE/plugins/com.st.stm32cube.ide.mcu.externaltools.gnu-tools-for-stm32.11.3.rel1.win32_1.1.1.202309131626/tools/bin/../lib/gcc/arm-none-eabi/11.3.1/../../../../arm-none-eabi/bin/ld.exe: ./Drivers/STM32F1xx_HAL_Driver/stm32f1xx_hal_rcc.o: in function `HAL_RCC_GetOscConfig':
D:/STM/LED2/Drivers/STM32F1xx_HAL_Driver/Src/stm32f1xx_hal_rcc.c:1211: multiple definition of `HAL_RCC_GetOscConfig'; ./Drivers/STM32F1xx_HAL_Driver/Src/stm32f1xx_hal_rcc.o:D:/STM/LED2/Debug/../Drivers/STM32F1xx_HAL_Driver/Src/stm32f1xx_hal_rcc.c:1211: first defined here
D:/ST/STM32CubeIDE_1.13.2/STM32CubeIDE/plugins/com.st.stm32cube.ide.mcu.externaltools.gnu-tools-for-stm32.11.3.rel1.win32_1.1.1.202309131626/tools/bin/../lib/gcc/arm-none-eabi/11.3.1/../../../../arm-none-eabi/bin/ld.exe: ./Drivers/STM32F1xx_HAL_Driver/stm32f1xx_hal_rcc.o: in function `HAL_RCC_GetClockConfig':
D:/STM/LED2/Drivers/STM32F1xx_HAL_Driver/Src/stm32f1xx_hal_rcc.c:1311: multiple definition of `HAL_RCC_GetClockConfig'; ./Drivers/STM32F1xx_HAL_Driver/Src/stm32f1xx_hal_rcc.o:D:/STM/LED2/Debug/../Drivers/STM32F1xx_HAL_Driver/Src/stm32f1xx_hal_rcc.c:1311: first defined here
D:/ST/STM32CubeIDE_1.13.2/STM32CubeIDE/plugins/com.st.stm32cube.ide.mcu.externaltools.gnu-tools-for-stm32.11.3.rel1.win32_1.1.1.202309131626/tools/bin/../lib/gcc/arm-none-eabi/11.3.1/../../../../arm-none-eabi/bin/ld.exe: ./Drivers/STM32F1xx_HAL_Driver/stm32f1xx_hal_rcc.o: in function `HAL_RCC_NMI_IRQHandler':
D:/STM/LED2/Drivers/STM32F1xx_HAL_Driver/Src/stm32f1xx_hal_rcc.c:1346: multiple definition of `HAL_RCC_NMI_IRQHandler'; ./Drivers/STM32F1xx_HAL_Driver/Src/stm32f1xx_hal_rcc.o:D:/STM/LED2/Debug/../Drivers/STM32F1xx_HAL_Driver/Src/stm32f1xx_hal_rcc.c:1346: first defined here
D:/ST/STM32CubeIDE_1.13.2/STM32CubeIDE/plugins/com.st.stm32cube.ide.mcu.externaltools.gnu-tools-for-stm32.11.3.rel1.win32_1.1.1.202309131626/tools/bin/../lib/gcc/arm-none-eabi/11.3.1/../../../../arm-none-eabi/bin/ld.exe: ./Drivers/STM32F1xx_HAL_Driver/stm32f1xx_hal_rcc_ex.o: in function `HAL_RCCEx_PeriphCLKConfig':
D:/STM/LED2/Drivers/STM32F1xx_HAL_Driver/Src/stm32f1xx_hal_rcc_ex.c:99: multiple definition of `HAL_RCCEx_PeriphCLKConfig'; ./Drivers/STM32F1xx_HAL_Driver/Src/stm32f1xx_hal_rcc_ex.o:D:/STM/LED2/Debug/../Drivers/STM32F1xx_HAL_Driver/Src/stm32f1xx_hal_rcc_ex.c:99: first defined here
D:/ST/STM32CubeIDE_1.13.2/STM32CubeIDE/plugins/com.st.stm32cube.ide.mcu.externaltools.gnu-tools-for-stm32.11.3.rel1.win32_1.1.1.202309131626/tools/bin/../lib/gcc/arm-none-eabi/11.3.1/../../../../arm-none-eabi/bin/ld.exe: ./Drivers/STM32F1xx_HAL_Driver/stm32f1xx_hal_rcc_ex.o: in function `HAL_RCCEx_GetPeriphCLKConfig':
D:/STM/LED2/Drivers/STM32F1xx_HAL_Driver/Src/stm32f1xx_hal_rcc_ex.c:293: multiple definition of `HAL_RCCEx_GetPeriphCLKConfig'; ./Drivers/STM32F1xx_HAL_Driver/Src/stm32f1xx_hal_rcc_ex.o:D:/STM/LED2/Debug/../Drivers/STM32F1xx_HAL_Driver/Src/stm32f1xx_hal_rcc_ex.c:293: first defined here
D:/ST/STM32CubeIDE_1.13.2/STM32CubeIDE/plugins/com.st.stm32cube.ide.mcu.externaltools.gnu-tools-for-stm32.11.3.rel1.win32_1.1.1.202309131626/tools/bin/../lib/gcc/arm-none-eabi/11.3.1/../../../../arm-none-eabi/bin/ld.exe: ./Drivers/STM32F1xx_HAL_Driver/stm32f1xx_hal_rcc_ex.o: in function `HAL_RCCEx_GetPeriphCLKFreq':
D:/STM/LED2/Drivers/STM32F1xx_HAL_Driver/Src/stm32f1xx_hal_rcc_ex.c:386: multiple definition of `HAL_RCCEx_GetPeriphCLKFreq'; ./Drivers/STM32F1xx_HAL_Driver/Src/stm32f1xx_hal_rcc_ex.o:D:/STM/LED2/Debug/../Drivers/STM32F1xx_HAL_Driver/Src/stm32f1xx_hal_rcc_ex.c:386: first defined here
collect2.exe: error: ld returned 1 exit status
make: *** [makefile:66: LED2.elf] Error 1
"make -j20 all" terminated with exit code 2. Build might be incomplete.

04:30:08 Build Failed. 234 errors, 0 warnings. (took 613ms)

